/Users/alice/opt/anaconda3/lib/python3.8/site-packages/torchvision/io/image.py:13: UserWarning: Failed to load image Python extension: 'dlopen(/Users/alice/opt/anaconda3/lib/python3.8/site-packages/torchvision/image.so, 6): Library not loaded: @rpath/libpng16.16.dylib
  Referenced from: /Users/alice/opt/anaconda3/lib/python3.8/site-packages/torchvision/image.so
  Reason: Incompatible library version: image.so requires version 56.0.0 or later, but libpng16.16.dylib provides version 54.0.0'If you don't plan on using image functionality from `torchvision.io`, you can ignore this warning. Otherwise, there might be something wrong with your environment. Did you have `libjpeg` or `libpng` installed before building `torchvision` from source?
  warn(
/Users/alice/Desktop/python/PFL/system /Users/alice/Desktop/python/PFL
/Users/alice/Desktop/python/PFL/system /Users/alice/Desktop/python/PFL

cuda is not avaiable.

==================================================
Algorithm: FedALA
Local batch size: 10
Local steps: 1
Local learing rate: 0.005
Local learing rate decay: False
Total number of clients: 20
Clients join in each round: 0.5
Clients randomly join: False
Client drop rate: 0.0
Client select regarding time: False
Running times: 1
Dataset: Cifar10
Number of classes: 10
Backbone: cnn
Using device: cpu
Using DP: False
Auto break: False
Global rounds: 100
DLG attack: False
Total number of new clients: 0
Fine tuning epoches on new clients: 0
==================================================

============= Running time: 0th =============
Creating server and clients ...
FedAvgCNN(
  (conv1): Sequential(
    (0): Conv2d(3, 32, kernel_size=(5, 5), stride=(1, 1))
    (1): ReLU(inplace=True)
    (2): MaxPool2d(kernel_size=(2, 2), stride=(2, 2), padding=0, dilation=1, ceil_mode=False)
  )
  (conv2): Sequential(
    (0): Conv2d(32, 64, kernel_size=(5, 5), stride=(1, 1))
    (1): ReLU(inplace=True)
    (2): MaxPool2d(kernel_size=(2, 2), stride=(2, 2), padding=0, dilation=1, ceil_mode=False)
  )
  (fc1): Sequential(
    (0): Linear(in_features=1600, out_features=512, bias=True)
    (1): ReLU(inplace=True)
  )
  (fc): Linear(in_features=512, out_features=10, bias=True)
)
INFO:------------------------args.algorithm is:FedALA-----------------------
**************************1.INfo,set_clients ,init data********************

Join ratio / total clients: 0.5 / 20
Finished creating server and clients.
-------------------------------------------------------------------------write exe canshu,txt path is /Users/alice/Desktop/python/PFL//res/FedALA/Cifar10_canshu.csv
 ALA at the 1st communication iteration
 ALA at the 1st communication iteration
 ALA at the 1st communication iteration
 ALA at the 1st communication iteration
 ALA at the 1st communication iteration
 ALA at the 1st communication iteration
 ALA at the 1st communication iteration
 ALA at the 1st communication iteration
 ALA at the 1st communication iteration
 ALA at the 1st communication iteration
 ALA at the 1st communication iteration
 ALA at the 1st communication iteration
 ALA at the 1st communication iteration
 ALA at the 1st communication iteration
 ALA at the 1st communication iteration
 ALA at the 1st communication iteration
 ALA at the 1st communication iteration
 ALA at the 1st communication iteration
 ALA at the 1st communication iteration
 ALA at the 1st communication iteration

-------------Round number: 0-------------

Evaluate global model
Averaged Train Loss: 2.3039
Averaged Test Accurancy: 0.0937
Averaged Test AUC: 0.4940
Std Test Accurancy: 0.1815
Std Test AUC: 0.2182
------------------------- time cost ------------------------- 153.39514088630676
Client: 0 	Std: 0.009375065359850995 	ALA epochs: 17
Client: 1 	Std: 0.009778396852107787 	ALA epochs: 21
Client: 2 	Std: 0.009822901254742925 	ALA epochs: 22
Client: 3 	Std: 0.009501630149409673 	ALA epochs: 23
Client: 4 	Std: 0.009528010006354044 	ALA epochs: 15
Client: 5 	Std: 0.0085182818805457 	ALA epochs: 19
Client: 6 	Std: 0.009812735511078276 	ALA epochs: 26
Client: 7 	Std: 0.009982037713720911 	ALA epochs: 19
Client: 8 	Std: 0.008941683370317621 	ALA epochs: 21
Client: 9 	Std: 0.009944672216424276 	ALA epochs: 17
Client: 10 	Std: 0.00977399520720053 	ALA epochs: 27
Client: 11 	Std: 0.009209610240438051 	ALA epochs: 18
Client: 12 	Std: 0.008703735073944277 	ALA epochs: 17
Client: 13 	Std: 0.009672075516370417 	ALA epochs: 25
Client: 14 	Std: 0.009616164777962738 	ALA epochs: 20
Client: 15 	Std: 0.009139221514063413 	ALA epochs: 22
Client: 16 	Std: 0.00860187363142127 	ALA epochs: 17
Client: 17 	Std: 0.00973223296628994 	ALA epochs: 19
Client: 18 	Std: 0.00880480531005427 	ALA epochs: 17
Client: 19 	Std: 0.008188521009676005 	ALA epochs: 13

-------------Round number: 1-------------

Evaluate global model
Averaged Train Loss: 1.7252
Averaged Test Accurancy: 0.4157
Averaged Test AUC: 0.7059
Std Test Accurancy: 0.3738
Std Test AUC: 0.2576
------------------------- time cost ------------------------- 1092.7898540496826

-------------Round number: 2-------------

Evaluate global model
Averaged Train Loss: 1.0563
Averaged Test Accurancy: 0.6680
Averaged Test AUC: 0.9052
Std Test Accurancy: 0.3084
Std Test AUC: 0.1416
------------------------- time cost ------------------------- 202.3406298160553

-------------Round number: 3-------------

Evaluate global model
Averaged Train Loss: 0.8252
Averaged Test Accurancy: 0.7590
Averaged Test AUC: 0.9502
Std Test Accurancy: 0.2018
Std Test AUC: 0.0487
------------------------- time cost ------------------------- 202.06710028648376

-------------Round number: 4-------------

Evaluate global model
Averaged Train Loss: 0.7028
Averaged Test Accurancy: 0.7750
Averaged Test AUC: 0.9532
Std Test Accurancy: 0.1973
Std Test AUC: 0.0583
------------------------- time cost ------------------------- 212.68996286392212

-------------Round number: 5-------------

Evaluate global model
Averaged Train Loss: 0.5698
Averaged Test Accurancy: 0.8193
Averaged Test AUC: 0.9683
Std Test Accurancy: 0.1590
Std Test AUC: 0.0416
------------------------- time cost ------------------------- 211.3919222354889

-------------Round number: 6-------------

Evaluate global model
Averaged Train Loss: 0.5441
Averaged Test Accurancy: 0.8211
Averaged Test AUC: 0.9681
Std Test Accurancy: 0.1651
Std Test AUC: 0.0396
------------------------- time cost ------------------------- 216.69652605056763

-------------Round number: 7-------------

Evaluate global model
Averaged Train Loss: 0.5220
Averaged Test Accurancy: 0.8230
Averaged Test AUC: 0.9714
Std Test Accurancy: 0.1691
Std Test AUC: 0.0329
------------------------- time cost ------------------------- 250.04425597190857

-------------Round number: 8-------------

Evaluate global model
Averaged Train Loss: 0.5325
Averaged Test Accurancy: 0.8237
Averaged Test AUC: 0.9687
Std Test Accurancy: 0.1651
Std Test AUC: 0.0345
------------------------- time cost ------------------------- 254.83742809295654

-------------Round number: 9-------------

Evaluate global model
Averaged Train Loss: 0.4960
Averaged Test Accurancy: 0.8311
Averaged Test AUC: 0.9713
Std Test Accurancy: 0.1477
Std Test AUC: 0.0328
------------------------- time cost ------------------------- 225.25179314613342

-------------Round number: 10-------------

Evaluate global model
Averaged Train Loss: 0.4936
Averaged Test Accurancy: 0.8287
Averaged Test AUC: 0.9715
Std Test Accurancy: 0.1618
Std Test AUC: 0.0313
------------------------- time cost ------------------------- 256.89008378982544

-------------Round number: 11-------------

Evaluate global model
Averaged Train Loss: 0.4719
Averaged Test Accurancy: 0.8384
Averaged Test AUC: 0.9725
Std Test Accurancy: 0.1447
Std Test AUC: 0.0317
------------------------- time cost ------------------------- 251.02733492851257

-------------Round number: 12-------------

Evaluate global model
Averaged Train Loss: 0.4643
Averaged Test Accurancy: 0.8401
Averaged Test AUC: 0.9725
Std Test Accurancy: 0.1425
Std Test AUC: 0.0320
------------------------- time cost ------------------------- 242.41400504112244

-------------Round number: 13-------------

Evaluate global model
Averaged Train Loss: 0.4506
Averaged Test Accurancy: 0.8419
Averaged Test AUC: 0.9737
Std Test Accurancy: 0.1435
Std Test AUC: 0.0317
------------------------- time cost ------------------------- 245.33073210716248

-------------Round number: 14-------------

Evaluate global model
Averaged Train Loss: 0.4479
Averaged Test Accurancy: 0.8411
Averaged Test AUC: 0.9733
Std Test Accurancy: 0.1473
Std Test AUC: 0.0311
------------------------- time cost ------------------------- 236.01962614059448

-------------Round number: 15-------------

Evaluate global model
Averaged Train Loss: 0.4304
Averaged Test Accurancy: 0.8485
Averaged Test AUC: 0.9752
Std Test Accurancy: 0.1382
Std Test AUC: 0.0299
------------------------- time cost ------------------------- 252.93914794921875

-------------Round number: 16-------------

Evaluate global model
Averaged Train Loss: 0.4204
Averaged Test Accurancy: 0.8521
Averaged Test AUC: 0.9761
Std Test Accurancy: 0.1345
Std Test AUC: 0.0291
------------------------- time cost ------------------------- 246.7880220413208

-------------Round number: 17-------------

Evaluate global model
Averaged Train Loss: 0.4210
Averaged Test Accurancy: 0.8540
Averaged Test AUC: 0.9760
Std Test Accurancy: 0.1376
Std Test AUC: 0.0284
------------------------- time cost ------------------------- 237.43900990486145

-------------Round number: 18-------------

Evaluate global model
Averaged Train Loss: 0.4127
Averaged Test Accurancy: 0.8566
Averaged Test AUC: 0.9761
Std Test Accurancy: 0.1287
Std Test AUC: 0.0284
------------------------- time cost ------------------------- 249.95201206207275

-------------Round number: 19-------------

Evaluate global model
Averaged Train Loss: 0.4061
Averaged Test Accurancy: 0.8582
Averaged Test AUC: 0.9762
Std Test Accurancy: 0.1294
Std Test AUC: 0.0281
------------------------- time cost ------------------------- 239.77646899223328

-------------Round number: 20-------------

Evaluate global model
Averaged Train Loss: 0.4048
Averaged Test Accurancy: 0.8576
Averaged Test AUC: 0.9760
Std Test Accurancy: 0.1296
Std Test AUC: 0.0279
------------------------- time cost ------------------------- 255.46622896194458

-------------Round number: 21-------------

Evaluate global model
Averaged Train Loss: 0.4042
Averaged Test Accurancy: 0.8595
Averaged Test AUC: 0.9756
Std Test Accurancy: 0.1274
Std Test AUC: 0.0284
------------------------- time cost ------------------------- 238.61567616462708

-------------Round number: 22-------------

Evaluate global model
Averaged Train Loss: 0.4022
Averaged Test Accurancy: 0.8621
Averaged Test AUC: 0.9757
Std Test Accurancy: 0.1266
Std Test AUC: 0.0272
------------------------- time cost ------------------------- 263.84911489486694

-------------Round number: 23-------------

Evaluate global model
Averaged Train Loss: 0.3942
Averaged Test Accurancy: 0.8642
Averaged Test AUC: 0.9760
Std Test Accurancy: 0.1244
Std Test AUC: 0.0271
------------------------- time cost ------------------------- 259.62825536727905

-------------Round number: 24-------------

Evaluate global model
Averaged Train Loss: 0.3931
Averaged Test Accurancy: 0.8633
Averaged Test AUC: 0.9758
Std Test Accurancy: 0.1282
Std Test AUC: 0.0270
------------------------- time cost ------------------------- 239.51332092285156

-------------Round number: 25-------------

Evaluate global model
Averaged Train Loss: 0.3861
Averaged Test Accurancy: 0.8634
Averaged Test AUC: 0.9765
Std Test Accurancy: 0.1273
Std Test AUC: 0.0277
------------------------- time cost ------------------------- 257.00349020957947

-------------Round number: 26-------------

Evaluate global model
Averaged Train Loss: 0.3793
Averaged Test Accurancy: 0.8651
Averaged Test AUC: 0.9770
Std Test Accurancy: 0.1269
Std Test AUC: 0.0269
------------------------- time cost ------------------------- 250.55814504623413

-------------Round number: 27-------------

Evaluate global model
Averaged Train Loss: 0.3743
Averaged Test Accurancy: 0.8663
Averaged Test AUC: 0.9774
Std Test Accurancy: 0.1258
Std Test AUC: 0.0269
------------------------- time cost ------------------------- 235.5280282497406

-------------Round number: 28-------------

Evaluate global model
Averaged Train Loss: 0.3706
Averaged Test Accurancy: 0.8682
Averaged Test AUC: 0.9774
Std Test Accurancy: 0.1233
Std Test AUC: 0.0272
------------------------- time cost ------------------------- 218.83417868614197

-------------Round number: 29-------------

Evaluate global model
Averaged Train Loss: 0.3746
Averaged Test Accurancy: 0.8671
Averaged Test AUC: 0.9770
Std Test Accurancy: 0.1231
Std Test AUC: 0.0277
------------------------- time cost ------------------------- 243.10450315475464

-------------Round number: 30-------------

Evaluate global model
Averaged Train Loss: 0.3645
Averaged Test Accurancy: 0.8694
Averaged Test AUC: 0.9780
Std Test Accurancy: 0.1221
Std Test AUC: 0.0267
------------------------- time cost ------------------------- 225.92692470550537

-------------Round number: 31-------------

Evaluate global model
Averaged Train Loss: 0.3673
Averaged Test Accurancy: 0.8691
Averaged Test AUC: 0.9773
Std Test Accurancy: 0.1219
Std Test AUC: 0.0269
------------------------- time cost ------------------------- 232.9734010696411

-------------Round number: 32-------------

Evaluate global model
Averaged Train Loss: 0.3697
Averaged Test Accurancy: 0.8698
Averaged Test AUC: 0.9770
Std Test Accurancy: 0.1207
Std Test AUC: 0.0263
------------------------- time cost ------------------------- 229.11096024513245

-------------Round number: 33-------------

Evaluate global model
Averaged Train Loss: 0.3604
Averaged Test Accurancy: 0.8714
Averaged Test AUC: 0.9781
Std Test Accurancy: 0.1184
Std Test AUC: 0.0268
------------------------- time cost ------------------------- 246.02087497711182

-------------Round number: 34-------------

Evaluate global model
Averaged Train Loss: 0.3601
Averaged Test Accurancy: 0.8703
Averaged Test AUC: 0.9777
Std Test Accurancy: 0.1198
Std Test AUC: 0.0269
------------------------- time cost ------------------------- 257.1410050392151

-------------Round number: 35-------------

Evaluate global model
Averaged Train Loss: 0.3605
Averaged Test Accurancy: 0.8707
Averaged Test AUC: 0.9775
Std Test Accurancy: 0.1207
Std Test AUC: 0.0270
------------------------- time cost ------------------------- 241.27776980400085

-------------Round number: 36-------------

Evaluate global model
Averaged Train Loss: 0.3569
Averaged Test Accurancy: 0.8710
Averaged Test AUC: 0.9780
Std Test Accurancy: 0.1201
Std Test AUC: 0.0272
------------------------- time cost ------------------------- 239.94751596450806

-------------Round number: 37-------------

Evaluate global model
Averaged Train Loss: 0.3580
Averaged Test Accurancy: 0.8708
Averaged Test AUC: 0.9779
Std Test Accurancy: 0.1224
Std Test AUC: 0.0263
------------------------- time cost ------------------------- 242.59624981880188

-------------Round number: 38-------------

Evaluate global model
Averaged Train Loss: 0.3528
Averaged Test Accurancy: 0.8721
Averaged Test AUC: 0.9783
Std Test Accurancy: 0.1198
Std Test AUC: 0.0268
------------------------- time cost ------------------------- 241.95704913139343

-------------Round number: 39-------------

Evaluate global model
Averaged Train Loss: 0.3544
Averaged Test Accurancy: 0.8722
Averaged Test AUC: 0.9782
Std Test Accurancy: 0.1204
Std Test AUC: 0.0261
------------------------- time cost ------------------------- 238.10879707336426

-------------Round number: 40-------------

Evaluate global model
Averaged Train Loss: 0.3499
Averaged Test Accurancy: 0.8726
Averaged Test AUC: 0.9788
Std Test Accurancy: 0.1194
Std Test AUC: 0.0263
------------------------- time cost ------------------------- 235.99673008918762

-------------Round number: 41-------------

Evaluate global model
Averaged Train Loss: 0.3497
Averaged Test Accurancy: 0.8736
Averaged Test AUC: 0.9785
Std Test Accurancy: 0.1170
Std Test AUC: 0.0262
------------------------- time cost ------------------------- 239.72172594070435

-------------Round number: 42-------------

Evaluate global model
Averaged Train Loss: 0.3499
Averaged Test Accurancy: 0.8728
Averaged Test AUC: 0.9783
Std Test Accurancy: 0.1201
Std Test AUC: 0.0262
------------------------- time cost ------------------------- 244.65590572357178

-------------Round number: 43-------------

Evaluate global model
Averaged Train Loss: 0.3518
Averaged Test Accurancy: 0.8744
Averaged Test AUC: 0.9782
Std Test Accurancy: 0.1172
Std Test AUC: 0.0265
------------------------- time cost ------------------------- 216.53410696983337

-------------Round number: 44-------------

Evaluate global model
Averaged Train Loss: 0.3513
Averaged Test Accurancy: 0.8740
Averaged Test AUC: 0.9785
Std Test Accurancy: 0.1170
Std Test AUC: 0.0265
------------------------- time cost ------------------------- 245.0549099445343

-------------Round number: 45-------------

Evaluate global model
Averaged Train Loss: 0.3430
Averaged Test Accurancy: 0.8760
Averaged Test AUC: 0.9791
Std Test Accurancy: 0.1153
Std Test AUC: 0.0261
------------------------- time cost ------------------------- 252.48325729370117

-------------Round number: 46-------------

Evaluate global model
Averaged Train Loss: 0.3406
Averaged Test Accurancy: 0.8759
Averaged Test AUC: 0.9790
Std Test Accurancy: 0.1161
Std Test AUC: 0.0256
------------------------- time cost ------------------------- 244.2885880470276

-------------Round number: 47-------------

Evaluate global model
Averaged Train Loss: 0.3403
Averaged Test Accurancy: 0.8768
Averaged Test AUC: 0.9788
Std Test Accurancy: 0.1129
Std Test AUC: 0.0255
------------------------- time cost ------------------------- 251.33408617973328

-------------Round number: 48-------------

Evaluate global model
Averaged Train Loss: 0.3385
Averaged Test Accurancy: 0.8764
Averaged Test AUC: 0.9792
Std Test Accurancy: 0.1148
Std Test AUC: 0.0253
------------------------- time cost ------------------------- 240.52302527427673

-------------Round number: 49-------------

Evaluate global model
Averaged Train Loss: 0.3399
Averaged Test Accurancy: 0.8752
Averaged Test AUC: 0.9787
Std Test Accurancy: 0.1159
Std Test AUC: 0.0255
------------------------- time cost ------------------------- 259.16577315330505

-------------Round number: 50-------------

Evaluate global model
Averaged Train Loss: 0.3342
Averaged Test Accurancy: 0.8777
Averaged Test AUC: 0.9795
Std Test Accurancy: 0.1141
Std Test AUC: 0.0256
------------------------- time cost ------------------------- 235.7785530090332

-------------Round number: 51-------------

Evaluate global model
Averaged Train Loss: 0.3346
Averaged Test Accurancy: 0.8793
Averaged Test AUC: 0.9796
Std Test Accurancy: 0.1121
Std Test AUC: 0.0255
------------------------- time cost ------------------------- 237.90724778175354

-------------Round number: 52-------------

Evaluate global model
Averaged Train Loss: 0.3341
Averaged Test Accurancy: 0.8770
Averaged Test AUC: 0.9793
Std Test Accurancy: 0.1153
Std Test AUC: 0.0255
------------------------- time cost ------------------------- 239.59541416168213

-------------Round number: 53-------------

Evaluate global model
Averaged Train Loss: 0.3289
Averaged Test Accurancy: 0.8796
Averaged Test AUC: 0.9796
Std Test Accurancy: 0.1096
Std Test AUC: 0.0252
------------------------- time cost ------------------------- 240.4785578250885

-------------Round number: 54-------------

Evaluate global model
Averaged Train Loss: 0.3292
Averaged Test Accurancy: 0.8799
Averaged Test AUC: 0.9797
Std Test Accurancy: 0.1115
Std Test AUC: 0.0253
------------------------- time cost ------------------------- 226.8172788619995

-------------Round number: 55-------------

Evaluate global model
Averaged Train Loss: 0.3308
Averaged Test Accurancy: 0.8787
Averaged Test AUC: 0.9797
Std Test Accurancy: 0.1132
Std Test AUC: 0.0252
------------------------- time cost ------------------------- 243.63031601905823

-------------Round number: 56-------------

Evaluate global model
Averaged Train Loss: 0.3309
Averaged Test Accurancy: 0.8791
Averaged Test AUC: 0.9797
Std Test Accurancy: 0.1137
Std Test AUC: 0.0249
------------------------- time cost ------------------------- 233.68055200576782

-------------Round number: 57-------------

Evaluate global model
Averaged Train Loss: 0.3292
Averaged Test Accurancy: 0.8790
Averaged Test AUC: 0.9795
Std Test Accurancy: 0.1121
Std Test AUC: 0.0257
------------------------- time cost ------------------------- 230.02427291870117

-------------Round number: 58-------------

Evaluate global model
Averaged Train Loss: 0.3265
Averaged Test Accurancy: 0.8815
Averaged Test AUC: 0.9798
Std Test Accurancy: 0.1107
Std Test AUC: 0.0248
------------------------- time cost ------------------------- 232.94553184509277

-------------Round number: 59-------------

Evaluate global model
Averaged Train Loss: 0.3252
Averaged Test Accurancy: 0.8812
Averaged Test AUC: 0.9798
Std Test Accurancy: 0.1103
Std Test AUC: 0.0250
------------------------- time cost ------------------------- 238.7382071018219

-------------Round number: 60-------------

Evaluate global model
Averaged Train Loss: 0.3211
Averaged Test Accurancy: 0.8805
Averaged Test AUC: 0.9801
Std Test Accurancy: 0.1106
Std Test AUC: 0.0247
------------------------- time cost ------------------------- 247.19531798362732

-------------Round number: 61-------------

Evaluate global model
Averaged Train Loss: 0.3223
Averaged Test Accurancy: 0.8818
Averaged Test AUC: 0.9799
Std Test Accurancy: 0.1092
Std Test AUC: 0.0245
------------------------- time cost ------------------------- 245.22915196418762

-------------Round number: 62-------------

Evaluate global model
Averaged Train Loss: 0.3191
Averaged Test Accurancy: 0.8812
Averaged Test AUC: 0.9802
Std Test Accurancy: 0.1126
Std Test AUC: 0.0245
------------------------- time cost ------------------------- 243.61894917488098

-------------Round number: 63-------------

Evaluate global model
Averaged Train Loss: 0.3177
Averaged Test Accurancy: 0.8818
Averaged Test AUC: 0.9804
Std Test Accurancy: 0.1104
Std Test AUC: 0.0247
------------------------- time cost ------------------------- 230.37659525871277

-------------Round number: 64-------------

Evaluate global model
Averaged Train Loss: 0.3179
Averaged Test Accurancy: 0.8826
Averaged Test AUC: 0.9804
Std Test Accurancy: 0.1100
Std Test AUC: 0.0245
------------------------- time cost ------------------------- 254.89044213294983

-------------Round number: 65-------------

Evaluate global model
Averaged Train Loss: 0.3158
Averaged Test Accurancy: 0.8820
Averaged Test AUC: 0.9804
Std Test Accurancy: 0.1096
Std Test AUC: 0.0244
------------------------- time cost ------------------------- 258.07041001319885

-------------Round number: 66-------------

Evaluate global model
Averaged Train Loss: 0.3133
Averaged Test Accurancy: 0.8842
Averaged Test AUC: 0.9806
Std Test Accurancy: 0.1080
Std Test AUC: 0.0244
------------------------- time cost ------------------------- 238.14237523078918

-------------Round number: 67-------------

Evaluate global model
Averaged Train Loss: 0.3117
Averaged Test Accurancy: 0.8841
Averaged Test AUC: 0.9807
Std Test Accurancy: 0.1086
Std Test AUC: 0.0241
------------------------- time cost ------------------------- 240.601744890213

-------------Round number: 68-------------

Evaluate global model
Averaged Train Loss: 0.3104
Averaged Test Accurancy: 0.8844
Averaged Test AUC: 0.9806
Std Test Accurancy: 0.1071
Std Test AUC: 0.0244
------------------------- time cost ------------------------- 246.1130759716034

-------------Round number: 69-------------

Evaluate global model
Averaged Train Loss: 0.3089
Averaged Test Accurancy: 0.8845
Averaged Test AUC: 0.9809
Std Test Accurancy: 0.1087
Std Test AUC: 0.0244
------------------------- time cost ------------------------- 182.5931179523468

-------------Round number: 70-------------

Evaluate global model
Averaged Train Loss: 0.3083
Averaged Test Accurancy: 0.8842
Averaged Test AUC: 0.9807
Std Test Accurancy: 0.1085
Std Test AUC: 0.0238
------------------------- time cost ------------------------- 168.1916787624359

-------------Round number: 71-------------

Evaluate global model
Averaged Train Loss: 0.3109
Averaged Test Accurancy: 0.8839
Averaged Test AUC: 0.9807
Std Test Accurancy: 0.1090
Std Test AUC: 0.0235
------------------------- time cost ------------------------- 165.76714491844177

-------------Round number: 72-------------

Evaluate global model
Averaged Train Loss: 0.3113
Averaged Test Accurancy: 0.8853
Averaged Test AUC: 0.9805
Std Test Accurancy: 0.1076
Std Test AUC: 0.0234
------------------------- time cost ------------------------- 142.50953197479248

-------------Round number: 73-------------

Evaluate global model
Averaged Train Loss: 0.3074
Averaged Test Accurancy: 0.8842
Averaged Test AUC: 0.9809
Std Test Accurancy: 0.1062
Std Test AUC: 0.0238
------------------------- time cost ------------------------- 157.4079430103302

-------------Round number: 74-------------

Evaluate global model
Averaged Train Loss: 0.3047
Averaged Test Accurancy: 0.8865
Averaged Test AUC: 0.9809
Std Test Accurancy: 0.1060
Std Test AUC: 0.0236
------------------------- time cost ------------------------- 143.7938690185547

-------------Round number: 75-------------

Evaluate global model
Averaged Train Loss: 0.3016
Averaged Test Accurancy: 0.8863
Averaged Test AUC: 0.9811
Std Test Accurancy: 0.1053
Std Test AUC: 0.0238
------------------------- time cost ------------------------- 153.0001039505005

-------------Round number: 76-------------

Evaluate global model
Averaged Train Loss: 0.3000
Averaged Test Accurancy: 0.8867
Averaged Test AUC: 0.9812
Std Test Accurancy: 0.1052
Std Test AUC: 0.0237
------------------------- time cost ------------------------- 146.06709623336792

-------------Round number: 77-------------

Evaluate global model
Averaged Train Loss: 0.3006
Averaged Test Accurancy: 0.8864
Averaged Test AUC: 0.9813
Std Test Accurancy: 0.1078
Std Test AUC: 0.0231
------------------------- time cost ------------------------- 153.00770568847656

-------------Round number: 78-------------

Evaluate global model
Averaged Train Loss: 0.2987
Averaged Test Accurancy: 0.8876
Averaged Test AUC: 0.9814
Std Test Accurancy: 0.1051
Std Test AUC: 0.0236
------------------------- time cost ------------------------- 148.7428698539734

-------------Round number: 79-------------

Evaluate global model
Averaged Train Loss: 0.2971
Averaged Test Accurancy: 0.8870
Averaged Test AUC: 0.9816
Std Test Accurancy: 0.1048
Std Test AUC: 0.0233
------------------------- time cost ------------------------- 132.44303679466248

-------------Round number: 80-------------

Evaluate global model
Averaged Train Loss: 0.2957
Averaged Test Accurancy: 0.8876
Averaged Test AUC: 0.9816
Std Test Accurancy: 0.1040
Std Test AUC: 0.0236
------------------------- time cost ------------------------- 127.77565789222717

-------------Round number: 81-------------

Evaluate global model
Averaged Train Loss: 0.2967
Averaged Test Accurancy: 0.8880
Averaged Test AUC: 0.9814
Std Test Accurancy: 0.1052
Std Test AUC: 0.0238
------------------------- time cost ------------------------- 118.55140590667725

-------------Round number: 82-------------

Evaluate global model
Averaged Train Loss: 0.2938
Averaged Test Accurancy: 0.8886
Averaged Test AUC: 0.9818
Std Test Accurancy: 0.1042
Std Test AUC: 0.0234
------------------------- time cost ------------------------- 102.85496282577515

-------------Round number: 83-------------

Evaluate global model
Averaged Train Loss: 0.2934
Averaged Test Accurancy: 0.8878
Averaged Test AUC: 0.9817
Std Test Accurancy: 0.1055
Std Test AUC: 0.0232
------------------------- time cost ------------------------- 92.31318092346191

-------------Round number: 84-------------

Evaluate global model
Averaged Train Loss: 0.2939
Averaged Test Accurancy: 0.8888
Averaged Test AUC: 0.9817
Std Test Accurancy: 0.1040
Std Test AUC: 0.0231
------------------------- time cost ------------------------- 95.07416820526123

-------------Round number: 85-------------

Evaluate global model
Averaged Train Loss: 0.2928
Averaged Test Accurancy: 0.8880
Averaged Test AUC: 0.9816
Std Test Accurancy: 0.1046
Std Test AUC: 0.0232
------------------------- time cost ------------------------- 96.63811016082764

-------------Round number: 86-------------

Evaluate global model
Averaged Train Loss: 0.2898
Averaged Test Accurancy: 0.8900
Averaged Test AUC: 0.9820
Std Test Accurancy: 0.1034
Std Test AUC: 0.0235
------------------------- time cost ------------------------- 108.90222096443176

-------------Round number: 87-------------

Evaluate global model
Averaged Train Loss: 0.2879
Averaged Test Accurancy: 0.8902
Averaged Test AUC: 0.9822
Std Test Accurancy: 0.1040
Std Test AUC: 0.0232
------------------------- time cost ------------------------- 97.10776495933533

-------------Round number: 88-------------

Evaluate global model
Averaged Train Loss: 0.2880
Averaged Test Accurancy: 0.8898
Averaged Test AUC: 0.9822
Std Test Accurancy: 0.1019
Std Test AUC: 0.0230
------------------------- time cost ------------------------- 98.53105306625366

-------------Round number: 89-------------

Evaluate global model
Averaged Train Loss: 0.2841
Averaged Test Accurancy: 0.8910
Averaged Test AUC: 0.9824
Std Test Accurancy: 0.1028
Std Test AUC: 0.0228
------------------------- time cost ------------------------- 103.78671169281006

-------------Round number: 90-------------

Evaluate global model
Averaged Train Loss: 0.2842
Averaged Test Accurancy: 0.8905
Averaged Test AUC: 0.9823
Std Test Accurancy: 0.1027
Std Test AUC: 0.0228
------------------------- time cost ------------------------- 95.08375024795532

-------------Round number: 91-------------

Evaluate global model
Averaged Train Loss: 0.2828
Averaged Test Accurancy: 0.8908
Averaged Test AUC: 0.9822
Std Test Accurancy: 0.1033
Std Test AUC: 0.0229
------------------------- time cost ------------------------- 101.61965107917786

-------------Round number: 92-------------

Evaluate global model
Averaged Train Loss: 0.2799
Averaged Test Accurancy: 0.8922
Averaged Test AUC: 0.9823
Std Test Accurancy: 0.1006
Std Test AUC: 0.0231
------------------------- time cost ------------------------- 100.27330780029297

-------------Round number: 93-------------

Evaluate global model
Averaged Train Loss: 0.2800
Averaged Test Accurancy: 0.8909
Averaged Test AUC: 0.9824
Std Test Accurancy: 0.1034
Std Test AUC: 0.0226
------------------------- time cost ------------------------- 90.01996803283691

-------------Round number: 94-------------

Evaluate global model
Averaged Train Loss: 0.2805
Averaged Test Accurancy: 0.8917
Averaged Test AUC: 0.9823
Std Test Accurancy: 0.1015
Std Test AUC: 0.0223
------------------------- time cost ------------------------- 103.86611890792847

-------------Round number: 95-------------

Evaluate global model
Averaged Train Loss: 0.2800
Averaged Test Accurancy: 0.8911
Averaged Test AUC: 0.9821
Std Test Accurancy: 0.1027
Std Test AUC: 0.0221
------------------------- time cost ------------------------- 98.3159499168396

-------------Round number: 96-------------

Evaluate global model
Averaged Train Loss: 0.2763
Averaged Test Accurancy: 0.8918
Averaged Test AUC: 0.9825
Std Test Accurancy: 0.1035
Std Test AUC: 0.0228
------------------------- time cost ------------------------- 85.38471603393555

-------------Round number: 97-------------

Evaluate global model
Averaged Train Loss: 0.2748
Averaged Test Accurancy: 0.8938
Averaged Test AUC: 0.9827
Std Test Accurancy: 0.0996
Std Test AUC: 0.0224
------------------------- time cost ------------------------- 71.08634996414185

-------------Round number: 98-------------

Evaluate global model
Averaged Train Loss: 0.2747
Averaged Test Accurancy: 0.8926
Averaged Test AUC: 0.9827
Std Test Accurancy: 0.1003
Std Test AUC: 0.0220
------------------------- time cost ------------------------- 67.40102505683899

-------------Round number: 99-------------

Evaluate global model
Averaged Train Loss: 0.2749
Averaged Test Accurancy: 0.8924
Averaged Test AUC: 0.9827
Std Test Accurancy: 0.1012
Std Test AUC: 0.0222
------------------------- time cost ------------------------- 77.4821879863739

-------------Round number: 100-------------

Evaluate global model
Averaged Train Loss: 0.2713
Averaged Test Accurancy: 0.8928
Averaged Test AUC: 0.9828
Std Test Accurancy: 0.1010
Std Test AUC: 0.0223
------------------------- time cost ------------------------- 75.01489782333374

Best accuracy.
0.8937687437520826

Average time cost per round.
208.78046765327454
write select id list  /Users/alice/Desktop/python/PFL//res/selectids/Cifar10_select_client_ids20_0.5.csv
success training write acc txt /Users/alice/Desktop/python/PFL//res/FedALA/Cifar10_acc.csv
[['mnist', 'FedALA', 0, 2.3039326570634455, 0.09370209930023325, 0.4940292791749328, 0.18145544267502495, 0.21821810742021094], ['mnist', 'FedALA', 1, 1.725196394336911, 0.4157280906364545, 0.7059485050173127, 0.37383668769586015, 0.257648284804978], ['mnist', 'FedALA', 2, 1.0562747416391958, 0.6679773408863712, 0.9052101888275834, 0.30837582955891085, 0.1415747914926034], ['mnist', 'FedALA', 3, 0.8251595111088705, 0.7590136621126291, 0.9502133628410887, 0.20182953238665666, 0.048715372105241496], ['mnist', 'FedALA', 4, 0.7027597018354038, 0.7750083305564812, 0.953188702162261, 0.19727228520750978, 0.05832313718794324], ['mnist', 'FedALA', 5, 0.569811073921052, 0.8193268910363213, 0.968282880090283, 0.15899594239733975, 0.04158789749165087], ['mnist', 'FedALA', 6, 0.544076864493472, 0.8210596467844052, 0.9680843905342411, 0.1650814592832177, 0.0395875474751588], ['mnist', 'FedALA', 7, 0.5220478844327159, 0.8229923358880373, 0.9714442883004364, 0.16908099048090583, 0.03292300562806632], ['mnist', 'FedALA', 8, 0.5325419140975475, 0.8236587804065312, 0.9686699241633194, 0.1650680833740338, 0.034539931128785596], ['mnist', 'FedALA', 9, 0.49596865538046186, 0.8310563145618127, 0.9712920452266834, 0.14765051181362854, 0.03275206511459878], ['mnist', 'FedALA', 10, 0.4936465846925316, 0.8286571142952349, 0.9715476370748025, 0.16179350799280795, 0.03131755535461452], ['mnist', 'FedALA', 11, 0.4719397534105604, 0.8383872042652449, 0.9725263716436601, 0.14474427084050337, 0.031731943507021396], ['mnist', 'FedALA', 12, 0.46425584510075657, 0.8400533155614796, 0.9725293300432424, 0.14250022372301185, 0.031973673588589366], ['mnist', 'FedALA', 13, 0.45057397119607484, 0.8418527157614129, 0.9736658765587709, 0.14349293213321973, 0.03167970569783447], ['mnist', 'FedALA', 14, 0.4479409353931994, 0.8410529823392202, 0.9733360267925703, 0.14730463460976545, 0.031060068020762763], ['mnist', 'FedALA', 15, 0.43039200915514075, 0.8484505164945019, 0.975248290389323, 0.13824260487282802, 0.029893766175444977], ['mnist', 'FedALA', 16, 0.4203927179570073, 0.8521159613462179, 0.9760991209085603, 0.13450622896336537, 0.029077331890005515], ['mnist', 'FedALA', 17, 0.420988945859212, 0.8539820059980007, 0.9759966241675815, 0.13756641181337864, 0.02838201294528912], ['mnist', 'FedALA', 18, 0.4127327542867847, 0.8566477840719761, 0.9761375006689058, 0.1287418657337056, 0.028392701822173457], ['mnist', 'FedALA', 19, 0.4061032416023643, 0.8582472509163612, 0.9762165590105705, 0.12944266297737309, 0.02813478103641353], ['mnist', 'FedALA', 20, 0.4048127857505246, 0.8575808063978674, 0.9760238892139749, 0.12963109287040886, 0.02789296652096485], ['mnist', 'FedALA', 21, 0.4041924571425423, 0.8595134955014995, 0.9755908706966149, 0.12744101920222511, 0.02840878774639298], ['mnist', 'FedALA', 22, 0.4021887097815434, 0.8621126291236254, 0.9757019629418844, 0.1265921986188543, 0.02717695548591464], ['mnist', 'FedALA', 23, 0.3942310751142676, 0.8642452515828057, 0.9760214074868354, 0.12440392380892454, 0.027086703596335377], ['mnist', 'FedALA', 24, 0.3930613632034456, 0.8633122292569143, 0.9757635254108704, 0.1281716337564364, 0.026961500751694], ['mnist', 'FedALA', 25, 0.3860620203914732, 0.8633788737087638, 0.9765244058444398, 0.12733360039708919, 0.027727993393167734], ['mnist', 'FedALA', 26, 0.37932407974564436, 0.8651116294568477, 0.9770104280421511, 0.1268957523591491, 0.026896431321318012], ['mnist', 'FedALA', 27, 0.3742596673421869, 0.8663112295901366, 0.9773611064702121, 0.12576520762677093, 0.0268885223807616], ['mnist', 'FedALA', 28, 0.370604844151311, 0.8682439186937687, 0.9773817392745031, 0.12326142069742418, 0.02724115534255468], ['mnist', 'FedALA', 29, 0.3746282025670698, 0.8671109630123293, 0.9770337322599127, 0.12312595851222218, 0.027745431430645683], ['mnist', 'FedALA', 30, 0.36447474605024044, 0.8694435188270576, 0.9780479554574875, 0.12207944501731866, 0.026738741602267045], ['mnist', 'FedALA', 31, 0.36730716652547685, 0.8691102965678107, 0.9772984442802211, 0.1219144580740862, 0.026932855936716214], ['mnist', 'FedALA', 32, 0.36974556136300385, 0.8697767410863045, 0.9770460982801704, 0.12072645204810696, 0.026251848458265805], ['mnist', 'FedALA', 33, 0.3604213749677592, 0.8713762079306898, 0.9780843494837304, 0.11836606117000009, 0.026834214802773412], ['mnist', 'FedALA', 34, 0.3600949816839541, 0.8703098967010996, 0.9777263649717485, 0.11978806565919159, 0.026891327651545744], ['mnist', 'FedALA', 35, 0.36052123839125905, 0.870709763412196, 0.9774904574816276, 0.12070858016464309, 0.02697403553080809], ['mnist', 'FedALA', 36, 0.3568893199844006, 0.8710429856714429, 0.9780306938144164, 0.12014201400005949, 0.027215082257433413], ['mnist', 'FedALA', 37, 0.3579971220868796, 0.8707764078640453, 0.9778597728524719, 0.12238163369570029, 0.026271359848755737], ['mnist', 'FedALA', 38, 0.35282586452478387, 0.872109296901033, 0.9783192047030314, 0.11980324331434158, 0.02676289501470049], ['mnist', 'FedALA', 39, 0.3544075368735801, 0.8722425858047318, 0.9782200112071874, 0.12043851043098465, 0.026106314143552946], ['mnist', 'FedALA', 40, 0.34986372286880646, 0.8726424525158281, 0.9787643270812977, 0.11937629997740683, 0.026322078057463852], ['mnist', 'FedALA', 41, 0.3497102682290996, 0.8736421192935688, 0.9784705317321855, 0.11695781716800716, 0.02616422046304163], ['mnist', 'FedALA', 42, 0.3498574842636523, 0.8727757414195269, 0.9782860704621628, 0.12009382274407303, 0.026165146350520925], ['mnist', 'FedALA', 43, 0.3518145823614946, 0.874375208263912, 0.9781705526407234, 0.11715323127616606, 0.026516322578368827], ['mnist', 'FedALA', 44, 0.35134591331103354, 0.8739753415528158, 0.9785215354267313, 0.11704023023177901, 0.02645764229290969], ['mnist', 'FedALA', 45, 0.3429712870148139, 0.8759746751082972, 0.9791359133094121, 0.1153456506032012, 0.026117541388147543], ['mnist', 'FedALA', 46, 0.3406156053668458, 0.8759080306564478, 0.9790457150231676, 0.11605460398178345, 0.025615358493899846], ['mnist', 'FedALA', 47, 0.34032589685226194, 0.8768410529823393, 0.9788217113548042, 0.11292498254956218, 0.025503543571658238], ['mnist', 'FedALA', 48, 0.33851503721691334, 0.8763745418193936, 0.9791693564935939, 0.11483943241731698, 0.02533137639312106], ['mnist', 'FedALA', 49, 0.33988737635049393, 0.875241586137954, 0.9787462462022459, 0.11591169130465123, 0.025498183226604316], ['mnist', 'FedALA', 50, 0.33418663523020437, 0.8777074308563813, 0.979540034095665, 0.11414584309125679, 0.025556457709000547], ['mnist', 'FedALA', 51, 0.334567455177185, 0.8793068977007664, 0.9795520647908871, 0.11213698708260592, 0.025511199400494237], ['mnist', 'FedALA', 52, 0.3341160947626655, 0.8770409863378874, 0.9792571305878996, 0.11530671599162681, 0.025543418338590567], ['mnist', 'FedALA', 53, 0.32891329877125797, 0.8796401199600133, 0.979580216993179, 0.10958642972900963, 0.025227606838474307], ['mnist', 'FedALA', 54, 0.32915735015920733, 0.8799066977674108, 0.9797138368710567, 0.11147946690593423, 0.02527274405077193], ['mnist', 'FedALA', 55, 0.33082726255898975, 0.8787070976341219, 0.97972274925792, 0.11323945080287058, 0.02517824030146737], ['mnist', 'FedALA', 56, 0.3308839097392711, 0.8791069643452183, 0.9796803237074014, 0.11370221604047229, 0.0249363242831898], ['mnist', 'FedALA', 57, 0.32921670967927, 0.8789736754415195, 0.979528943781121, 0.1120566027978225, 0.02572780431609185], ['mnist', 'FedALA', 58, 0.3265093379661057, 0.8815061646117961, 0.9798453930898452, 0.11066229151313212, 0.02484999555753481], ['mnist', 'FedALA', 59, 0.3251723263219751, 0.8811729423525492, 0.979833122539174, 0.11033339674981438, 0.024979409144298328], ['mnist', 'FedALA', 60, 0.32105796613006027, 0.8805064978340553, 0.9800940607490273, 0.11057596201818504, 0.024687731820773707], ['mnist', 'FedALA', 61, 0.3223279582110273, 0.881839386871043, 0.9799187171855416, 0.10923929149408361, 0.024515884235662345], ['mnist', 'FedALA', 62, 0.3190941188904129, 0.8811729423525492, 0.9801959818625935, 0.11261692493930923, 0.024497351947925263], ['mnist', 'FedALA', 63, 0.31771755823910086, 0.881839386871043, 0.9803695071417896, 0.1104131375798411, 0.02472782344244184], ['mnist', 'FedALA', 64, 0.3179348596690229, 0.8825724758413862, 0.9803616104835956, 0.10998231709928913, 0.024534735593046714], ['mnist', 'FedALA', 65, 0.31576903296184133, 0.8819726757747417, 0.9804333079599156, 0.10959670026635208, 0.024352014963823342], ['mnist', 'FedALA', 66, 0.31326829296348013, 0.8842385871376208, 0.9806097917592264, 0.10804049544769537, 0.024407894897655585], ['mnist', 'FedALA', 67, 0.3116801399714907, 0.884105298233922, 0.9807130413913374, 0.1086222077083381, 0.02411873803900757], ['mnist', 'FedALA', 68, 0.3104086017868068, 0.8843718760413196, 0.9805735604563184, 0.10713072521359758, 0.024355340727180267], ['mnist', 'FedALA', 69, 0.30891192480282764, 0.8845051649450183, 0.9808641163239423, 0.10870061110911199, 0.02435981165787142], ['mnist', 'FedALA', 70, 0.30827805282575327, 0.8841719426857714, 0.9807205008131464, 0.1084669154796543, 0.023819767056375434], ['mnist', 'FedALA', 71, 0.31085692042941343, 0.8839053648783739, 0.9806959191501495, 0.10904252186567484, 0.02351360146163061], ['mnist', 'FedALA', 72, 0.311308592557063, 0.8853048983672109, 0.9804914754200148, 0.1075712114478196, 0.02341561529570674], ['mnist', 'FedALA', 73, 0.30739806861015206, 0.8842385871376208, 0.980868593064922, 0.10623752344478617, 0.023764763568570244], ['mnist', 'FedALA', 74, 0.30470245711140953, 0.8865044985004998, 0.9809201384880583, 0.10600304505172836, 0.02357008572718415], ['mnist', 'FedALA', 75, 0.3015698874398543, 0.8863045651449517, 0.9811074090488889, 0.10533245489339997, 0.02384028227117668], ['mnist', 'FedALA', 76, 0.3000439496136462, 0.886704431856048, 0.981153365498521, 0.10523169264182741, 0.02374469489585353], ['mnist', 'FedALA', 77, 0.30064680386927156, 0.886371209596801, 0.9813472951174999, 0.10775744719672073, 0.023144946637808556], ['mnist', 'FedALA', 78, 0.29868283650437927, 0.88757080973009, 0.9813771769951468, 0.10508120800165237, 0.023578079604900094], ['mnist', 'FedALA', 79, 0.29707405168768275, 0.8870376541152949, 0.9815536804254074, 0.10477223442842186, 0.023345985381222414], ['mnist', 'FedALA', 80, 0.2957064493681828, 0.8876374541819394, 0.9816051306995713, 0.10399857530248738, 0.023618511050513123], ['mnist', 'FedALA', 81, 0.29671458490271235, 0.8879706764411863, 0.981365317076741, 0.10515329011006799, 0.023808343493421383], ['mnist', 'FedALA', 82, 0.2937905146237645, 0.8885704765078307, 0.9818443140585791, 0.10417601819031201, 0.023353761968814318], ['mnist', 'FedALA', 83, 0.29335967207560154, 0.8877707430856381, 0.9816884935373908, 0.10545119749858672, 0.023151441726383712], ['mnist', 'FedALA', 84, 0.2938711095144469, 0.8887704098633789, 0.981714457047526, 0.10402965656942488, 0.02309314798886084], ['mnist', 'FedALA', 85, 0.2927546354495265, 0.8879706764411863, 0.9815994658635828, 0.10460712343468048, 0.023233500505061427], ['mnist', 'FedALA', 86, 0.2898487649800594, 0.8899700099966678, 0.9820265355602957, 0.1033903422818105, 0.023541732576623127], ['mnist', 'FedALA', 87, 0.28788805635039655, 0.8902365878040653, 0.9821554603396239, 0.10400204145786406, 0.023160166545304433], ['mnist', 'FedALA', 88, 0.2879881024152792, 0.8897700766411196, 0.9821890457316003, 0.10185537623860297, 0.023030715045358495], ['mnist', 'FedALA', 89, 0.2841442275322091, 0.8910363212262579, 0.982398120947454, 0.10281123526356087, 0.02277888213476467], ['mnist', 'FedALA', 90, 0.28423783740348424, 0.8905031656114628, 0.982272973403146, 0.10274017751550175, 0.02278514544906539], ['mnist', 'FedALA', 91, 0.2827991464079488, 0.8908363878707097, 0.9822471767411356, 0.10332324886886893, 0.02289695670357771], ['mnist', 'FedALA', 92, 0.2798610190593714, 0.8921692769076974, 0.9823415508698393, 0.10058072153196734, 0.02309952350339917], ['mnist', 'FedALA', 93, 0.2799504840727615, 0.8909030323225592, 0.9824304913453457, 0.10342694233156617, 0.022618222181838243], ['mnist', 'FedALA', 94, 0.28046797086554515, 0.8917027657447517, 0.9823479472987128, 0.10149710482370566, 0.022280464830773263], ['mnist', 'FedALA', 95, 0.279964419399301, 0.8911029656781073, 0.9821172551056689, 0.10274828734303093, 0.022104177506845533], ['mnist', 'FedALA', 96, 0.2762503799636803, 0.8918360546484505, 0.982525857730567, 0.10353275957759724, 0.022801550060514177], ['mnist', 'FedALA', 97, 0.2748266465181308, 0.8937687437520826, 0.9827497348551144, 0.09961955631120274, 0.02238351038474045], ['mnist', 'FedALA', 98, 0.274728638253633, 0.8926357880706431, 0.9827164111628427, 0.10028100667912943, 0.021953046252291688], ['mnist', 'FedALA', 99, 0.2749082037475831, 0.8923692102632456, 0.9826758439661226, 0.10120553894960212, 0.02222292601388706], ['mnist', 'FedALA', 100, 0.27130589886833273, 0.8928357214261913, 0.982778217808751, 0.10099798497015895, 0.022277922020294834]]
File path: ../results/Cifar10_FedALA_test_0.h5

Average time cost: 21044.65s.
Length:  101
std for best accurancy: 0.0
mean for best accurancy: 0.8937687437520826
All done!

Storage on cpu
-------------------------------------------------------------------------------
Total Tensors: 699871226 	Used Memory: 1.34G
-------------------------------------------------------------------------------
