/Users/alice/opt/anaconda3/lib/python3.8/site-packages/torchvision/io/image.py:13: UserWarning: Failed to load image Python extension: 'dlopen(/Users/alice/opt/anaconda3/lib/python3.8/site-packages/torchvision/image.so, 6): Library not loaded: @rpath/libpng16.16.dylib
  Referenced from: /Users/alice/opt/anaconda3/lib/python3.8/site-packages/torchvision/image.so
  Reason: Incompatible library version: image.so requires version 56.0.0 or later, but libpng16.16.dylib provides version 54.0.0'If you don't plan on using image functionality from `torchvision.io`, you can ignore this warning. Otherwise, there might be something wrong with your environment. Did you have `libjpeg` or `libpng` installed before building `torchvision` from source?
  warn(
/Users/alice/Desktop/python/PFL/system /Users/alice/Desktop/python/PFL
/Users/alice/Desktop/python/PFL/system /Users/alice/Desktop/python/PFL

cuda is not avaiable.

==================================================
Algorithm: FedAvg
Local batch size: 10
Local steps: 1
Local learing rate: 0.005
Local learing rate decay: False
Total number of clients: 20
Clients join in each round: 0.5
Clients randomly join: False
Client drop rate: 0.0
Client select regarding time: False
Running times: 1
Dataset: Cifar10
Number of classes: 10
Backbone: cnn
Using device: cpu
Using DP: False
Auto break: False
Global rounds: 100
DLG attack: False
Total number of new clients: 0
Fine tuning epoches on new clients: 0
==================================================

============= Running time: 0th =============
Creating server and clients ...
FedAvgCNN(
  (conv1): Sequential(
    (0): Conv2d(3, 32, kernel_size=(5, 5), stride=(1, 1))
    (1): ReLU(inplace=True)
    (2): MaxPool2d(kernel_size=(2, 2), stride=(2, 2), padding=0, dilation=1, ceil_mode=False)
  )
  (conv2): Sequential(
    (0): Conv2d(32, 64, kernel_size=(5, 5), stride=(1, 1))
    (1): ReLU(inplace=True)
    (2): MaxPool2d(kernel_size=(2, 2), stride=(2, 2), padding=0, dilation=1, ceil_mode=False)
  )
  (fc1): Sequential(
    (0): Linear(in_features=1600, out_features=512, bias=True)
    (1): ReLU(inplace=True)
  )
  (fc): Linear(in_features=512, out_features=10, bias=True)
)
INFO:------------------------args.algorithm is:FedAvg-----------------------
**************************1.INfo,set_clients ,init data********************

Join ratio / total clients: 0.5 / 20
Finished creating server and clients.
-------------------------------------------------------------------------write exe canshu,txt path is /Users/alice/Desktop/python/PFL//res/FedAvg/Cifar10_canshu.csv

-------------Round number: 0---Evaluate global model----------
Averaged Train Loss: 2.3039
Averaged Test Accurancy: 0.0937
Averaged Test AUC: 0.4940
Std Test Accurancy: 0.1815
Std Test AUC: 0.2182
------------------------- time cost ------------------------- 82.44294118881226

-------------Round number: 1---Evaluate global model----------
Averaged Train Loss: 2.4403
Averaged Test Accurancy: 0.1026
Averaged Test AUC: 0.5302
Std Test Accurancy: 0.2129
Std Test AUC: 0.2499
------------------------- time cost ------------------------- 82.48604393005371

-------------Round number: 2---Evaluate global model----------
Averaged Train Loss: 2.5602
Averaged Test Accurancy: 0.1407
Averaged Test AUC: 0.5402
Std Test Accurancy: 0.2233
Std Test AUC: 0.2549
------------------------- time cost ------------------------- 133.92127990722656

-------------Round number: 3---Evaluate global model----------
Averaged Train Loss: 2.4535
Averaged Test Accurancy: 0.1583
Averaged Test AUC: 0.5831
Std Test Accurancy: 0.2410
Std Test AUC: 0.2545
------------------------- time cost ------------------------- 161.95503783226013

-------------Round number: 4---Evaluate global model----------
Averaged Train Loss: 2.4213
Averaged Test Accurancy: 0.1679
Averaged Test AUC: 0.5877
Std Test Accurancy: 0.2369
Std Test AUC: 0.2790
------------------------- time cost ------------------------- 193.2461051940918

-------------Round number: 5---Evaluate global model----------
Averaged Train Loss: 2.1295
Averaged Test Accurancy: 0.2445
Averaged Test AUC: 0.6832
Std Test Accurancy: 0.1967
Std Test AUC: 0.2007
------------------------- time cost ------------------------- 164.3418629169464

-------------Round number: 6---Evaluate global model----------
Averaged Train Loss: 2.4290
Averaged Test Accurancy: 0.1543
Averaged Test AUC: 0.6435
Std Test Accurancy: 0.2372
Std Test AUC: 0.1926
------------------------- time cost ------------------------- 148.4500207901001

-------------Round number: 7---Evaluate global model----------
Averaged Train Loss: 2.2091
Averaged Test Accurancy: 0.2040
Averaged Test AUC: 0.6528
Std Test Accurancy: 0.2164
Std Test AUC: 0.1879
------------------------- time cost ------------------------- 173.34637212753296

-------------Round number: 8---Evaluate global model----------
Averaged Train Loss: 2.4388
Averaged Test Accurancy: 0.1582
Averaged Test AUC: 0.6509
Std Test Accurancy: 0.2345
Std Test AUC: 0.2077
------------------------- time cost ------------------------- 173.23075699806213

-------------Round number: 9---Evaluate global model----------
Averaged Train Loss: 2.1585
Averaged Test Accurancy: 0.2050
Averaged Test AUC: 0.6768
Std Test Accurancy: 0.2015
Std Test AUC: 0.1830
------------------------- time cost ------------------------- 153.66527581214905

-------------Round number: 10---Evaluate global model----------
Averaged Train Loss: 2.0647
Averaged Test Accurancy: 0.2485
Averaged Test AUC: 0.7185
Std Test Accurancy: 0.1903
Std Test AUC: 0.1346
------------------------- time cost ------------------------- 148.8557629585266

-------------Round number: 11---Evaluate global model----------
Averaged Train Loss: 2.6001
Averaged Test Accurancy: 0.1913
Averaged Test AUC: 0.6596
Std Test Accurancy: 0.2365
Std Test AUC: 0.1961
------------------------- time cost ------------------------- 158.5296618938446

-------------Round number: 12---Evaluate global model----------
Averaged Train Loss: 2.0983
Averaged Test Accurancy: 0.1849
Averaged Test AUC: 0.7285
Std Test Accurancy: 0.2349
Std Test AUC: 0.0979
------------------------- time cost ------------------------- 156.95677018165588

-------------Round number: 13---Evaluate global model----------
Averaged Train Loss: 2.2933
Averaged Test Accurancy: 0.2245
Averaged Test AUC: 0.6734
Std Test Accurancy: 0.2293
Std Test AUC: 0.1983
------------------------- time cost ------------------------- 144.36633110046387

-------------Round number: 14---Evaluate global model----------
Averaged Train Loss: 2.4040
Averaged Test Accurancy: 0.1987
Averaged Test AUC: 0.6681
Std Test Accurancy: 0.2514
Std Test AUC: 0.1924
------------------------- time cost ------------------------- 162.34851098060608

-------------Round number: 15---Evaluate global model----------
Averaged Train Loss: 2.2261
Averaged Test Accurancy: 0.2292
Averaged Test AUC: 0.6982
Std Test Accurancy: 0.2199
Std Test AUC: 0.1875
------------------------- time cost ------------------------- 159.1073842048645

-------------Round number: 16---Evaluate global model----------
Averaged Train Loss: 2.0917
Averaged Test Accurancy: 0.2345
Averaged Test AUC: 0.7242
Std Test Accurancy: 0.2426
Std Test AUC: 0.1489
------------------------- time cost ------------------------- 181.72892308235168

-------------Round number: 17---Evaluate global model----------
Averaged Train Loss: 2.5016
Averaged Test Accurancy: 0.2121
Averaged Test AUC: 0.7082
Std Test Accurancy: 0.2171
Std Test AUC: 0.1642
------------------------- time cost ------------------------- 202.73205137252808

-------------Round number: 18---Evaluate global model----------
Averaged Train Loss: 2.2134
Averaged Test Accurancy: 0.2111
Averaged Test AUC: 0.7150
Std Test Accurancy: 0.2445
Std Test AUC: 0.1770
------------------------- time cost ------------------------- 180.92999911308289

-------------Round number: 19---Evaluate global model----------
Averaged Train Loss: 2.0860
Averaged Test Accurancy: 0.3073
Averaged Test AUC: 0.7133
Std Test Accurancy: 0.2197
Std Test AUC: 0.1904
------------------------- time cost ------------------------- 187.281152009964

-------------Round number: 20---Evaluate global model----------
Averaged Train Loss: 1.8801
Averaged Test Accurancy: 0.2829
Averaged Test AUC: 0.7666
Std Test Accurancy: 0.1989
Std Test AUC: 0.1230
------------------------- time cost ------------------------- 201.15105032920837

-------------Round number: 21---Evaluate global model----------
Averaged Train Loss: 2.0640
Averaged Test Accurancy: 0.2216
Averaged Test AUC: 0.7554
Std Test Accurancy: 0.2498
Std Test AUC: 0.1192
------------------------- time cost ------------------------- 196.44878697395325

-------------Round number: 22---Evaluate global model----------
Averaged Train Loss: 1.9102
Averaged Test Accurancy: 0.2667
Averaged Test AUC: 0.7704
Std Test Accurancy: 0.2250
Std Test AUC: 0.1007
------------------------- time cost ------------------------- 201.38507509231567

-------------Round number: 23---Evaluate global model----------
Averaged Train Loss: 2.1810
Averaged Test Accurancy: 0.2269
Averaged Test AUC: 0.7413
Std Test Accurancy: 0.2686
Std Test AUC: 0.1658
------------------------- time cost ------------------------- 187.13984298706055

-------------Round number: 24---Evaluate global model----------
Averaged Train Loss: 1.9244
Averaged Test Accurancy: 0.2842
Averaged Test AUC: 0.7651
Std Test Accurancy: 0.1811
Std Test AUC: 0.1423
------------------------- time cost ------------------------- 194.12038707733154

-------------Round number: 25---Evaluate global model----------
Averaged Train Loss: 1.9535
Averaged Test Accurancy: 0.2966
Averaged Test AUC: 0.7669
Std Test Accurancy: 0.2402
Std Test AUC: 0.1133
------------------------- time cost ------------------------- 170.37605500221252

-------------Round number: 26---Evaluate global model----------
Averaged Train Loss: 2.0509
Averaged Test Accurancy: 0.2827
Averaged Test AUC: 0.7726
Std Test Accurancy: 0.2379
Std Test AUC: 0.1099
------------------------- time cost ------------------------- 177.33344292640686

-------------Round number: 27---Evaluate global model----------
Averaged Train Loss: 2.1918
Averaged Test Accurancy: 0.2507
Averaged Test AUC: 0.7420
Std Test Accurancy: 0.2624
Std Test AUC: 0.1445
------------------------- time cost ------------------------- 204.41922521591187

-------------Round number: 28---Evaluate global model----------
Averaged Train Loss: 1.9528
Averaged Test Accurancy: 0.3050
Averaged Test AUC: 0.7747
Std Test Accurancy: 0.2525
Std Test AUC: 0.1340
------------------------- time cost ------------------------- 186.9565989971161

-------------Round number: 29---Evaluate global model----------
Averaged Train Loss: 1.8889
Averaged Test Accurancy: 0.3259
Averaged Test AUC: 0.7824
Std Test Accurancy: 0.2356
Std Test AUC: 0.1134
------------------------- time cost ------------------------- 192.275940656662

-------------Round number: 30---Evaluate global model----------
Averaged Train Loss: 1.8417
Averaged Test Accurancy: 0.2998
Averaged Test AUC: 0.7976
Std Test Accurancy: 0.2240
Std Test AUC: 0.0902
------------------------- time cost ------------------------- 199.30219078063965

-------------Round number: 31---Evaluate global model----------
Averaged Train Loss: 1.9605
Averaged Test Accurancy: 0.2514
Averaged Test AUC: 0.7758
Std Test Accurancy: 0.2679
Std Test AUC: 0.1152
------------------------- time cost ------------------------- 179.4911069869995

-------------Round number: 32---Evaluate global model----------
Averaged Train Loss: 1.8112
Averaged Test Accurancy: 0.3248
Averaged Test AUC: 0.8025
Std Test Accurancy: 0.2192
Std Test AUC: 0.0894
------------------------- time cost ------------------------- 177.2921919822693

-------------Round number: 33---Evaluate global model----------
Averaged Train Loss: 2.1349
Averaged Test Accurancy: 0.3141
Averaged Test AUC: 0.7609
Std Test Accurancy: 0.2542
Std Test AUC: 0.1460
------------------------- time cost ------------------------- 194.5367202758789

-------------Round number: 34---Evaluate global model----------
Averaged Train Loss: 1.9217
Averaged Test Accurancy: 0.3046
Averaged Test AUC: 0.7839
Std Test Accurancy: 0.2464
Std Test AUC: 0.1266
------------------------- time cost ------------------------- 170.60913801193237

-------------Round number: 35---Evaluate global model----------
Averaged Train Loss: 2.3215
Averaged Test Accurancy: 0.2716
Averaged Test AUC: 0.7536
Std Test Accurancy: 0.2508
Std Test AUC: 0.1416
------------------------- time cost ------------------------- 193.11192989349365

-------------Round number: 36---Evaluate global model----------
Averaged Train Loss: 1.8326
Averaged Test Accurancy: 0.3201
Averaged Test AUC: 0.8007
Std Test Accurancy: 0.2432
Std Test AUC: 0.0970
------------------------- time cost ------------------------- 175.66338992118835

-------------Round number: 37---Evaluate global model----------
Averaged Train Loss: 2.0714
Averaged Test Accurancy: 0.2617
Averaged Test AUC: 0.7637
Std Test Accurancy: 0.2477
Std Test AUC: 0.1241
------------------------- time cost ------------------------- 168.29525089263916

-------------Round number: 38---Evaluate global model----------
Averaged Train Loss: 2.0412
Averaged Test Accurancy: 0.3040
Averaged Test AUC: 0.7734
Std Test Accurancy: 0.2313
Std Test AUC: 0.1226
------------------------- time cost ------------------------- 166.02883195877075

-------------Round number: 39---Evaluate global model----------
Averaged Train Loss: 2.0560
Averaged Test Accurancy: 0.3231
Averaged Test AUC: 0.7650
Std Test Accurancy: 0.2395
Std Test AUC: 0.1418
------------------------- time cost ------------------------- 183.59046387672424

-------------Round number: 40---Evaluate global model----------
Averaged Train Loss: 2.0766
Averaged Test Accurancy: 0.2612
Averaged Test AUC: 0.7784
Std Test Accurancy: 0.2512
Std Test AUC: 0.1083
------------------------- time cost ------------------------- 194.647629737854

-------------Round number: 41---Evaluate global model----------
Averaged Train Loss: 1.9394
Averaged Test Accurancy: 0.3174
Averaged Test AUC: 0.7875
Std Test Accurancy: 0.2217
Std Test AUC: 0.1056
------------------------- time cost ------------------------- 178.52025294303894

-------------Round number: 42---Evaluate global model----------
Averaged Train Loss: 1.9266
Averaged Test Accurancy: 0.3360
Averaged Test AUC: 0.7851
Std Test Accurancy: 0.2562
Std Test AUC: 0.1246
------------------------- time cost ------------------------- 177.540540933609

-------------Round number: 43---Evaluate global model----------
Averaged Train Loss: 2.0771
Averaged Test Accurancy: 0.3214
Averaged Test AUC: 0.7649
Std Test Accurancy: 0.2753
Std Test AUC: 0.1490
------------------------- time cost ------------------------- 186.53560090065002

-------------Round number: 44---Evaluate global model----------
Averaged Train Loss: 2.0474
Averaged Test Accurancy: 0.2746
Averaged Test AUC: 0.7808
Std Test Accurancy: 0.2541
Std Test AUC: 0.1101
------------------------- time cost ------------------------- 177.05164527893066

-------------Round number: 45---Evaluate global model----------
Averaged Train Loss: 1.8093
Averaged Test Accurancy: 0.3623
Averaged Test AUC: 0.8051
Std Test Accurancy: 0.2443
Std Test AUC: 0.1127
------------------------- time cost ------------------------- 180.5676589012146

-------------Round number: 46---Evaluate global model----------
Averaged Train Loss: 1.8176
Averaged Test Accurancy: 0.3296
Averaged Test AUC: 0.8090
Std Test Accurancy: 0.2484
Std Test AUC: 0.0875
------------------------- time cost ------------------------- 167.52770805358887

-------------Round number: 47---Evaluate global model----------
Averaged Train Loss: 1.7375
Averaged Test Accurancy: 0.3557
Averaged Test AUC: 0.8149
Std Test Accurancy: 0.1907
Std Test AUC: 0.0761
------------------------- time cost ------------------------- 184.8672308921814

-------------Round number: 48---Evaluate global model----------
Averaged Train Loss: 1.9661
Averaged Test Accurancy: 0.3054
Averaged Test AUC: 0.7882
Std Test Accurancy: 0.2054
Std Test AUC: 0.0926
------------------------- time cost ------------------------- 188.01461911201477

-------------Round number: 49---Evaluate global model----------
Averaged Train Loss: 1.6549
Averaged Test Accurancy: 0.3756
Averaged Test AUC: 0.8244
Std Test Accurancy: 0.2304
Std Test AUC: 0.0770
------------------------- time cost ------------------------- 204.45374989509583

-------------Round number: 50---Evaluate global model----------
Averaged Train Loss: 1.6688
Averaged Test Accurancy: 0.3905
Averaged Test AUC: 0.8191
Std Test Accurancy: 0.1728
Std Test AUC: 0.1078
------------------------- time cost ------------------------- 194.45477676391602

-------------Round number: 51---Evaluate global model----------
Averaged Train Loss: 1.8758
Averaged Test Accurancy: 0.3391
Averaged Test AUC: 0.7928
Std Test Accurancy: 0.2398
Std Test AUC: 0.1320
------------------------- time cost ------------------------- 198.52427697181702

-------------Round number: 52---Evaluate global model----------
Averaged Train Loss: 1.7677
Averaged Test Accurancy: 0.3534
Averaged Test AUC: 0.8111
Std Test Accurancy: 0.2099
Std Test AUC: 0.1054
------------------------- time cost ------------------------- 182.68379592895508

-------------Round number: 53---Evaluate global model----------
Averaged Train Loss: 1.8402
Averaged Test Accurancy: 0.3420
Averaged Test AUC: 0.8130
Std Test Accurancy: 0.2418
Std Test AUC: 0.0963
------------------------- time cost ------------------------- 192.53570914268494

-------------Round number: 54---Evaluate global model----------
Averaged Train Loss: 1.6103
Averaged Test Accurancy: 0.4178
Averaged Test AUC: 0.8252
Std Test Accurancy: 0.1610
Std Test AUC: 0.0943
------------------------- time cost ------------------------- 193.9056360721588

-------------Round number: 55---Evaluate global model----------
Averaged Train Loss: 1.6437
Averaged Test Accurancy: 0.3858
Averaged Test AUC: 0.8245
Std Test Accurancy: 0.1891
Std Test AUC: 0.0809
------------------------- time cost ------------------------- 191.67901420593262

-------------Round number: 56---Evaluate global model----------
Averaged Train Loss: 2.0386
Averaged Test Accurancy: 0.2798
Averaged Test AUC: 0.7862
Std Test Accurancy: 0.2496
Std Test AUC: 0.1164
------------------------- time cost ------------------------- 208.71015191078186

-------------Round number: 57---Evaluate global model----------
Averaged Train Loss: 1.6197
Averaged Test Accurancy: 0.3857
Averaged Test AUC: 0.8322
Std Test Accurancy: 0.2155
Std Test AUC: 0.0797
------------------------- time cost ------------------------- 190.6536247730255

-------------Round number: 58---Evaluate global model----------
Averaged Train Loss: 1.8471
Averaged Test Accurancy: 0.3226
Averaged Test AUC: 0.8128
Std Test Accurancy: 0.2312
Std Test AUC: 0.0846
------------------------- time cost ------------------------- 189.14757299423218

-------------Round number: 59---Evaluate global model----------
Averaged Train Loss: 1.5945
Averaged Test Accurancy: 0.4111
Averaged Test AUC: 0.8345
Std Test Accurancy: 0.1952
Std Test AUC: 0.0802
------------------------- time cost ------------------------- 187.4471080303192

-------------Round number: 60---Evaluate global model----------
Averaged Train Loss: 1.7400
Averaged Test Accurancy: 0.3502
Averaged Test AUC: 0.8176
Std Test Accurancy: 0.2407
Std Test AUC: 0.0987
------------------------- time cost ------------------------- 187.12203216552734

-------------Round number: 61---Evaluate global model----------
Averaged Train Loss: 1.7546
Averaged Test Accurancy: 0.3591
Averaged Test AUC: 0.8219
Std Test Accurancy: 0.2408
Std Test AUC: 0.0799
------------------------- time cost ------------------------- 189.11548113822937

-------------Round number: 62---Evaluate global model----------
Averaged Train Loss: 1.8027
Averaged Test Accurancy: 0.3396
Averaged Test AUC: 0.8099
Std Test Accurancy: 0.2234
Std Test AUC: 0.0832
------------------------- time cost ------------------------- 209.42380714416504

-------------Round number: 63---Evaluate global model----------
Averaged Train Loss: 1.7621
Averaged Test Accurancy: 0.3284
Averaged Test AUC: 0.8193
Std Test Accurancy: 0.2412
Std Test AUC: 0.0777
------------------------- time cost ------------------------- 191.26782393455505

-------------Round number: 64---Evaluate global model----------
Averaged Train Loss: 2.0097
Averaged Test Accurancy: 0.2814
Averaged Test AUC: 0.7934
Std Test Accurancy: 0.2609
Std Test AUC: 0.1086
------------------------- time cost ------------------------- 183.43647003173828

-------------Round number: 65---Evaluate global model----------
Averaged Train Loss: 1.7933
Averaged Test Accurancy: 0.3504
Averaged Test AUC: 0.8059
Std Test Accurancy: 0.1726
Std Test AUC: 0.0922
------------------------- time cost ------------------------- 179.37218713760376

-------------Round number: 66---Evaluate global model----------
Averaged Train Loss: 1.7883
Averaged Test Accurancy: 0.3505
Averaged Test AUC: 0.8136
Std Test Accurancy: 0.2696
Std Test AUC: 0.1014
------------------------- time cost ------------------------- 191.84111380577087

-------------Round number: 67---Evaluate global model----------
Averaged Train Loss: 2.0793
Averaged Test Accurancy: 0.2772
Averaged Test AUC: 0.7833
Std Test Accurancy: 0.2686
Std Test AUC: 0.1246
------------------------- time cost ------------------------- 186.2999279499054

-------------Round number: 68---Evaluate global model----------
Averaged Train Loss: 1.8107
Averaged Test Accurancy: 0.3490
Averaged Test AUC: 0.8169
Std Test Accurancy: 0.2305
Std Test AUC: 0.0917
------------------------- time cost ------------------------- 165.5030059814453

-------------Round number: 69---Evaluate global model----------
Averaged Train Loss: 1.9524
Averaged Test Accurancy: 0.3206
Averaged Test AUC: 0.7939
Std Test Accurancy: 0.2283
Std Test AUC: 0.1037
------------------------- time cost ------------------------- 183.97552108764648

-------------Round number: 70---Evaluate global model----------
Averaged Train Loss: 1.5467
Averaged Test Accurancy: 0.4160
Averaged Test AUC: 0.8441
Std Test Accurancy: 0.1782
Std Test AUC: 0.0537
------------------------- time cost ------------------------- 190.06303882598877

-------------Round number: 71---Evaluate global model----------
Averaged Train Loss: 1.7075
Averaged Test Accurancy: 0.3827
Averaged Test AUC: 0.8285
Std Test Accurancy: 0.2429
Std Test AUC: 0.0922
------------------------- time cost ------------------------- 199.7297818660736

-------------Round number: 72---Evaluate global model----------
Averaged Train Loss: 1.6894
Averaged Test Accurancy: 0.4140
Averaged Test AUC: 0.8270
Std Test Accurancy: 0.2242
Std Test AUC: 0.0981
------------------------- time cost ------------------------- 202.1702959537506

-------------Round number: 73---Evaluate global model----------
Averaged Train Loss: 2.0262
Averaged Test Accurancy: 0.2980
Averaged Test AUC: 0.8016
Std Test Accurancy: 0.2661
Std Test AUC: 0.1028
------------------------- time cost ------------------------- 176.83148407936096

-------------Round number: 74---Evaluate global model----------
Averaged Train Loss: 1.8092
Averaged Test Accurancy: 0.3424
Averaged Test AUC: 0.8182
Std Test Accurancy: 0.2405
Std Test AUC: 0.0883
------------------------- time cost ------------------------- 191.06295895576477

-------------Round number: 75---Evaluate global model----------
Averaged Train Loss: 1.5467
Averaged Test Accurancy: 0.4241
Averaged Test AUC: 0.8433
Std Test Accurancy: 0.1761
Std Test AUC: 0.0731
------------------------- time cost ------------------------- 166.5475368499756

-------------Round number: 76---Evaluate global model----------
Averaged Train Loss: 1.9351
Averaged Test Accurancy: 0.3496
Averaged Test AUC: 0.8130
Std Test Accurancy: 0.2349
Std Test AUC: 0.0962
------------------------- time cost ------------------------- 188.36747026443481

-------------Round number: 77---Evaluate global model----------
Averaged Train Loss: 1.6256
Averaged Test Accurancy: 0.3997
Averaged Test AUC: 0.8263
Std Test Accurancy: 0.1665
Std Test AUC: 0.0758
------------------------- time cost ------------------------- 167.00657987594604

-------------Round number: 78---Evaluate global model----------
Averaged Train Loss: 2.2936
Averaged Test Accurancy: 0.2626
Averaged Test AUC: 0.7837
Std Test Accurancy: 0.2153
Std Test AUC: 0.1013
------------------------- time cost ------------------------- 191.79494881629944

-------------Round number: 79---Evaluate global model----------
Averaged Train Loss: 1.8835
Averaged Test Accurancy: 0.3426
Averaged Test AUC: 0.8087
Std Test Accurancy: 0.2279
Std Test AUC: 0.1043
------------------------- time cost ------------------------- 173.26221704483032

-------------Round number: 80---Evaluate global model----------
Averaged Train Loss: 1.9362
Averaged Test Accurancy: 0.3289
Averaged Test AUC: 0.8088
Std Test Accurancy: 0.2453
Std Test AUC: 0.1006
------------------------- time cost ------------------------- 205.68909907341003

-------------Round number: 81---Evaluate global model----------
Averaged Train Loss: 1.6561
Averaged Test Accurancy: 0.3685
Averaged Test AUC: 0.8329
Std Test Accurancy: 0.2123
Std Test AUC: 0.0734
------------------------- time cost ------------------------- 197.93577408790588

-------------Round number: 82---Evaluate global model----------
Averaged Train Loss: 1.6918
Averaged Test Accurancy: 0.3836
Averaged Test AUC: 0.8264
Std Test Accurancy: 0.1981
Std Test AUC: 0.1062
------------------------- time cost ------------------------- 192.32890224456787

-------------Round number: 83---Evaluate global model----------
Averaged Train Loss: 1.6300
Averaged Test Accurancy: 0.3965
Averaged Test AUC: 0.8338
Std Test Accurancy: 0.2077
Std Test AUC: 0.0720
------------------------- time cost ------------------------- 198.3286006450653

-------------Round number: 84---Evaluate global model----------
Averaged Train Loss: 1.5969
Averaged Test Accurancy: 0.4106
Averaged Test AUC: 0.8451
Std Test Accurancy: 0.1990
Std Test AUC: 0.0701
------------------------- time cost ------------------------- 177.20961093902588

-------------Round number: 85---Evaluate global model----------
Averaged Train Loss: 1.8216
Averaged Test Accurancy: 0.3753
Averaged Test AUC: 0.8097
Std Test Accurancy: 0.2021
Std Test AUC: 0.1095
------------------------- time cost ------------------------- 184.8891429901123

-------------Round number: 86---Evaluate global model----------
Averaged Train Loss: 1.5747
Averaged Test Accurancy: 0.4187
Averaged Test AUC: 0.8445
Std Test Accurancy: 0.1699
Std Test AUC: 0.0651
------------------------- time cost ------------------------- 184.76601195335388

-------------Round number: 87---Evaluate global model----------
Averaged Train Loss: 1.6499
Averaged Test Accurancy: 0.3935
Averaged Test AUC: 0.8304
Std Test Accurancy: 0.1801
Std Test AUC: 0.0720
------------------------- time cost ------------------------- 180.8320631980896

-------------Round number: 88---Evaluate global model----------
Averaged Train Loss: 1.5848
Averaged Test Accurancy: 0.4226
Averaged Test AUC: 0.8401
Std Test Accurancy: 0.1937
Std Test AUC: 0.0807
------------------------- time cost ------------------------- 195.6439390182495

-------------Round number: 89---Evaluate global model----------
Averaged Train Loss: 1.5317
Averaged Test Accurancy: 0.4241
Averaged Test AUC: 0.8522
Std Test Accurancy: 0.1900
Std Test AUC: 0.0531
------------------------- time cost ------------------------- 191.777037858963

-------------Round number: 90---Evaluate global model----------
Averaged Train Loss: 1.9635
Averaged Test Accurancy: 0.3067
Averaged Test AUC: 0.8070
Std Test Accurancy: 0.2561
Std Test AUC: 0.1036
------------------------- time cost ------------------------- 192.77045226097107

-------------Round number: 91---Evaluate global model----------
Averaged Train Loss: 1.9062
Averaged Test Accurancy: 0.3216
Averaged Test AUC: 0.8082
Std Test Accurancy: 0.2196
Std Test AUC: 0.0913
------------------------- time cost ------------------------- 181.22214198112488

-------------Round number: 92---Evaluate global model----------
Averaged Train Loss: 1.6903
Averaged Test Accurancy: 0.3906
Averaged Test AUC: 0.8370
Std Test Accurancy: 0.2412
Std Test AUC: 0.0821
------------------------- time cost ------------------------- 181.05440211296082

-------------Round number: 93---Evaluate global model----------
Averaged Train Loss: 1.8813
Averaged Test Accurancy: 0.3468
Averaged Test AUC: 0.8208
Std Test Accurancy: 0.2433
Std Test AUC: 0.0991
------------------------- time cost ------------------------- 184.17628407478333

-------------Round number: 94---Evaluate global model----------
Averaged Train Loss: 1.7299
Averaged Test Accurancy: 0.4001
Averaged Test AUC: 0.8290
Std Test Accurancy: 0.2368
Std Test AUC: 0.1046
------------------------- time cost ------------------------- 184.70035815238953

-------------Round number: 95---Evaluate global model----------
Averaged Train Loss: 1.8657
Averaged Test Accurancy: 0.3783
Averaged Test AUC: 0.8210
Std Test Accurancy: 0.2137
Std Test AUC: 0.0960
------------------------- time cost ------------------------- 193.8784761428833

-------------Round number: 96---Evaluate global model----------
Averaged Train Loss: 1.4597
Averaged Test Accurancy: 0.4597
Averaged Test AUC: 0.8508
Std Test Accurancy: 0.1505
Std Test AUC: 0.0569
------------------------- time cost ------------------------- 187.22287487983704

-------------Round number: 97---Evaluate global model----------
Averaged Train Loss: 1.5948
Averaged Test Accurancy: 0.4267
Averaged Test AUC: 0.8400
Std Test Accurancy: 0.2012
Std Test AUC: 0.0775
------------------------- time cost ------------------------- 168.93785500526428

-------------Round number: 98---Evaluate global model----------
Averaged Train Loss: 1.4569
Averaged Test Accurancy: 0.4680
Averaged Test AUC: 0.8569
Std Test Accurancy: 0.1611
Std Test AUC: 0.0683
------------------------- time cost ------------------------- 125.57518696784973

-------------Round number: 99---Evaluate global model----------
Averaged Train Loss: 1.8031
Averaged Test Accurancy: 0.3678
Averaged Test AUC: 0.8281
Std Test Accurancy: 0.2539
Std Test AUC: 0.0976
------------------------- time cost ------------------------- 124.53887605667114

-------------Round number: 100---Evaluate global model----------
Averaged Train Loss: 1.9232
Averaged Test Accurancy: 0.3434
Averaged Test AUC: 0.8067
Std Test Accurancy: 0.2770
Std Test AUC: 0.1211
------------------------- time cost ------------------------- 129.7128028869629

Best accuracy.
0.4680439853382206

Average time cost per round.
180.3385880112648
write select id list  /Users/alice/Desktop/python/PFL//res/selectids/Cifar10_select_client_ids20_0.5.csv
success training write acc txt /Users/alice/Desktop/python/PFL//res/FedAvg/Cifar10_acc.csv
[['mnist', 'FedAvg', 0, 2.3039326570634455, 0.09370209930023325, 0.4940292791749328, 0.18145544267502495, 0.21821810742021094], ['mnist', 'FedAvg', 1, 2.4403093866132943, 0.10263245584805065, 0.5301661877485382, 0.2128880376665015, 0.24990902325561196], ['mnist', 'FedAvg', 2, 2.560177932415208, 0.14068643785404866, 0.5402042652884091, 0.22330167920366925, 0.25491114824266226], ['mnist', 'FedAvg', 3, 2.453528427899853, 0.1582805731422859, 0.5831187031009011, 0.2409933734253123, 0.25450956602290115], ['mnist', 'FedAvg', 4, 2.4212582769119986, 0.16794401866044653, 0.5876537070721343, 0.2368934323125834, 0.27898658230432694], ['mnist', 'FedAvg', 5, 2.129548234282345, 0.2444518493835388, 0.6832194362530064, 0.19667581084365615, 0.20068209958451635], ['mnist', 'FedAvg', 6, 2.4289730039133417, 0.15428190603132289, 0.6434902665477357, 0.23723080974528418, 0.1926270525245824], ['mnist', 'FedAvg', 7, 2.209093228370728, 0.203998667110963, 0.652808203456934, 0.2163643643053465, 0.18789321304946038], ['mnist', 'FedAvg', 8, 2.4388162175575414, 0.15821392869043652, 0.6508720863231984, 0.23450105001572996, 0.20773926818256044], ['mnist', 'FedAvg', 9, 2.158468598606485, 0.20499833388870375, 0.6767766498006244, 0.2014629522389159, 0.18298205826433253], ['mnist', 'FedAvg', 10, 2.0647046619761205, 0.2485171609463512, 0.7184533212443861, 0.19033819434433508, 0.13456190701651966], ['mnist', 'FedAvg', 11, 2.6001287999224276, 0.19126957680773077, 0.6596449246541967, 0.2365409936471026, 0.19610291900274143], ['mnist', 'FedAvg', 12, 2.0982530253471285, 0.18487170943018993, 0.7285120257443265, 0.23485750453077858, 0.09788090039789651], ['mnist', 'FedAvg', 13, 2.2933053959520215, 0.22452515828057315, 0.673364747329487, 0.22928957889521392, 0.19834742466756772], ['mnist', 'FedAvg', 14, 2.4040339208742845, 0.19866711096301232, 0.6681469708089269, 0.2514330897413038, 0.19237183484059475], ['mnist', 'FedAvg', 15, 2.2260506453187077, 0.22919026991003, 0.6981966136997374, 0.2199342554844396, 0.1875148708181713], ['mnist', 'FedAvg', 16, 2.091736639708619, 0.2344551816061313, 0.7241921139106026, 0.24259020232735787, 0.14893482147559933], ['mnist', 'FedAvg', 17, 2.5015992251556822, 0.2121292902365878, 0.7082403425832106, 0.21712966091126848, 0.16423310039945993], ['mnist', 'FedAvg', 18, 2.2133623592587046, 0.21106297900699766, 0.7149857137774023, 0.24445756483905817, 0.17698190955430332], ['mnist', 'FedAvg', 19, 2.0859506651410755, 0.30729756747750747, 0.713281279216049, 0.21966303830591694, 0.19041816961922228], ['mnist', 'FedAvg', 20, 1.880124606220315, 0.2829056981006331, 0.766617516517968, 0.19892892283221647, 0.12298776957495779], ['mnist', 'FedAvg', 21, 2.0639611543605176, 0.22159280239920026, 0.7554224745794846, 0.24980257010698168, 0.11922231486554362], ['mnist', 'FedAvg', 22, 1.9102152432293278, 0.2667110963012329, 0.7703765859582393, 0.2249594817583086, 0.10070443840554251], ['mnist', 'FedAvg', 23, 2.180977951979961, 0.22685771409530156, 0.7413199732742906, 0.268641874035143, 0.16577819045294165], ['mnist', 'FedAvg', 24, 1.9243932455426414, 0.2842385871376208, 0.7651447061632636, 0.18110064489066405, 0.14229832788539118], ['mnist', 'FedAvg', 25, 1.9534846759139761, 0.29663445518160614, 0.7669343374037958, 0.2401513584659785, 0.11328473905226491], ['mnist', 'FedAvg', 26, 2.0509421104074614, 0.28270576474508496, 0.7726240757837831, 0.2379315323274811, 0.10992171407229553], ['mnist', 'FedAvg', 27, 2.1918077235019067, 0.25071642785738085, 0.7419886027910453, 0.2623982311477101, 0.1445283360037208], ['mnist', 'FedAvg', 28, 1.9528290303293354, 0.30503165611462846, 0.7746572172519626, 0.2524834302725418, 0.13403792642263193], ['mnist', 'FedAvg', 29, 1.8888672429797007, 0.3258913695434855, 0.7823776397329336, 0.23556867545049692, 0.11340502247888386], ['mnist', 'FedAvg', 30, 1.8416809057624004, 0.29976674441852713, 0.7975584362101581, 0.22403461428287177, 0.09016403558733892], ['mnist', 'FedAvg', 31, 1.9605498191734858, 0.2514495168277241, 0.7758455427292119, 0.26793656068477384, 0.11520732472404939], ['mnist', 'FedAvg', 32, 1.811205928441385, 0.32475841386204596, 0.8025324297119824, 0.21916294314955853, 0.08943686267779614], ['mnist', 'FedAvg', 33, 2.134869873032647, 0.3140953015661446, 0.7608891596185338, 0.25416720018739086, 0.14596298193551224], ['mnist', 'FedAvg', 34, 1.921743665969709, 0.3045651449516828, 0.7839395676358892, 0.24641519328532577, 0.12661364162906813], ['mnist', 'FedAvg', 35, 2.321543102891109, 0.2716427857380873, 0.7536352698356191, 0.2508483658914212, 0.1415891534976668], ['mnist', 'FedAvg', 36, 1.8325603098121843, 0.32009330223258914, 0.8007343164198233, 0.24322079113589334, 0.09699534736661572], ['mnist', 'FedAvg', 37, 2.0713885558080207, 0.26171276241252917, 0.7636962291518521, 0.2477360612563062, 0.12407362269544461], ['mnist', 'FedAvg', 38, 2.0412383052984766, 0.3040319893368877, 0.7734021866887971, 0.2312512071331364, 0.12259113730208226], ['mnist', 'FedAvg', 39, 2.056041041810909, 0.3230923025658114, 0.7649695981335077, 0.23947024062337502, 0.14180586443959564], ['mnist', 'FedAvg', 40, 2.0765610557539746, 0.26124625124958345, 0.7784400423914339, 0.25117931422548767, 0.1082694816341377], ['mnist', 'FedAvg', 41, 1.939353938491327, 0.3173608797067644, 0.7875158587266268, 0.22170806964600112, 0.1056408678711985], ['mnist', 'FedAvg', 42, 1.9265507917857017, 0.3359546817727424, 0.7850562679230536, 0.2561964436840511, 0.12455912258369875], ['mnist', 'FedAvg', 43, 2.0771010526534948, 0.32142619126957683, 0.7649370598928023, 0.2752529575541973, 0.1489618802865486], ['mnist', 'FedAvg', 44, 2.047404776561024, 0.27464178607130957, 0.78077832279179, 0.2540948393546173, 0.11006994998534822], ['mnist', 'FedAvg', 45, 1.8092608886568298, 0.3622792402532489, 0.805114070477806, 0.24426135354764172, 0.11271235593936572], ['mnist', 'FedAvg', 46, 1.8175922671303508, 0.3295568143952016, 0.8090490702122297, 0.24841998720098668, 0.08746651910052732], ['mnist', 'FedAvg', 47, 1.7375173046537933, 0.35574808397200935, 0.8148521352742389, 0.19067529624635582, 0.07612730446062914], ['mnist', 'FedAvg', 48, 1.9660956134670855, 0.3053648783738754, 0.7881770215034685, 0.2054088475230534, 0.09256488583154057], ['mnist', 'FedAvg', 49, 1.6548901210713032, 0.37560813062312565, 0.8243876884347563, 0.2303567730066285, 0.07703245404296538], ['mnist', 'FedAvg', 50, 1.6688022350606662, 0.39046984338553814, 0.8191223710390507, 0.1727579733421416, 0.10776128954122714], ['mnist', 'FedAvg', 51, 1.875815260247063, 0.33908697100966345, 0.7927875737694464, 0.23976510212283036, 0.1320130129926777], ['mnist', 'FedAvg', 52, 1.767686507585611, 0.3534155281572809, 0.8111498436322351, 0.20989935487734687, 0.1054140574100954], ['mnist', 'FedAvg', 53, 1.8402023276277226, 0.3420193268910363, 0.8130219393089566, 0.24180487115280122, 0.0963011432414451], ['mnist', 'FedAvg', 54, 1.6103182825498554, 0.41779406864378543, 0.8252283611531587, 0.16099344741642257, 0.09431857591437726], ['mnist', 'FedAvg', 55, 1.6437175133875446, 0.3858047317560813, 0.8244571918781572, 0.18912977208726744, 0.08090557548451877], ['mnist', 'FedAvg', 56, 2.0386111020802975, 0.2797734088637121, 0.7861573102420324, 0.24957567135796466, 0.11642818250762747], ['mnist', 'FedAvg', 57, 1.6196707159287413, 0.3857380873042319, 0.8322385874930273, 0.21549332493625784, 0.07970284230419548], ['mnist', 'FedAvg', 58, 1.8470703607424679, 0.32255914695101634, 0.812817271991597, 0.23118062705735126, 0.0845950872554434], ['mnist', 'FedAvg', 59, 1.594538987990186, 0.41112962345884707, 0.8344985850168919, 0.19522440451829653, 0.08023705985335092], ['mnist', 'FedAvg', 60, 1.7400239611476283, 0.3502165944685105, 0.8175978252199877, 0.24071306246130586, 0.09867584448265572], ['mnist', 'FedAvg', 61, 1.7546267149058727, 0.3590803065644785, 0.8218607157562032, 0.24075023122044376, 0.07990761304464854], ['mnist', 'FedAvg', 62, 1.802732993157025, 0.3395534821726091, 0.8098910314327369, 0.22342561585860546, 0.08324283715895582], ['mnist', 'FedAvg', 63, 1.7621423689301363, 0.32842385871376206, 0.8192666252960672, 0.24122963366190983, 0.077725162335863], ['mnist', 'FedAvg', 64, 2.0096560803892562, 0.28143952015994667, 0.7934033636636812, 0.2608768756129456, 0.10859208035084199], ['mnist', 'FedAvg', 65, 1.7933306060358136, 0.35041652782405863, 0.8058893394241852, 0.17260742338477772, 0.09224544044840767], ['mnist', 'FedAvg', 66, 1.7883007374101267, 0.3505498167277574, 0.8136397258053654, 0.2695696221806337, 0.10139884053481811], ['mnist', 'FedAvg', 67, 2.079333423619227, 0.27717427524158617, 0.7832952305009935, 0.26860912305900664, 0.12462971616207728], ['mnist', 'FedAvg', 68, 1.810745339713737, 0.3490169943352216, 0.8169057293946387, 0.2304635342218116, 0.09168967444600185], ['mnist', 'FedAvg', 69, 1.9523821253270621, 0.3205598133955348, 0.7938968537537063, 0.22827179499281738, 0.10373556028111983], ['mnist', 'FedAvg', 70, 1.5466729886174546, 0.415994668443852, 0.8441301139603454, 0.17816612544028232, 0.053726991978692955], ['mnist', 'FedAvg', 71, 1.7075117037174723, 0.38273908697100967, 0.828494079965587, 0.24289950200780683, 0.09224700680709176], ['mnist', 'FedAvg', 72, 1.689369181032118, 0.41399533488837054, 0.8270220644738013, 0.2241978641479023, 0.09805683092717733], ['mnist', 'FedAvg', 73, 2.026229221381262, 0.2980339886704432, 0.8016474431119084, 0.26607082169584145, 0.10282918867149267], ['mnist', 'FedAvg', 74, 1.8091866018790175, 0.34241919360213263, 0.8181768917164518, 0.24051591111616763, 0.08834016926940123], ['mnist', 'FedAvg', 75, 1.5466976279778142, 0.4241252915694768, 0.8432638493454494, 0.17611903368425816, 0.07306205071928068], ['mnist', 'FedAvg', 76, 1.9351289385950026, 0.34955014995001665, 0.812998069124991, 0.23487358768149602, 0.09624538139981736], ['mnist', 'FedAvg', 77, 1.6256141967986852, 0.3996667777407531, 0.8263486348554047, 0.16651804474127893, 0.07580746935111068], ['mnist', 'FedAvg', 78, 2.2935905474194755, 0.26257914028657114, 0.783677094183127, 0.21529805127803048, 0.101256566565188], ['mnist', 'FedAvg', 79, 1.8834647192399716, 0.34255248250583137, 0.808704365676284, 0.2278647345558472, 0.10425264251503898], ['mnist', 'FedAvg', 80, 1.9362369867017237, 0.3288903698767078, 0.8088374983492574, 0.245325680511855, 0.1005547202192169], ['mnist', 'FedAvg', 81, 1.6561329538706442, 0.36847717427524157, 0.8328870131544256, 0.21234636563619985, 0.0733672413867706], ['mnist', 'FedAvg', 82, 1.6918490968032447, 0.38360546484505165, 0.8264455123697034, 0.19812030167833822, 0.10618539485459295], ['mnist', 'FedAvg', 83, 1.6300277472524487, 0.39653448850383205, 0.8338128375271554, 0.20773647973396137, 0.07199294791951416], ['mnist', 'FedAvg', 84, 1.5968503596999815, 0.41059646784405196, 0.8450871480323703, 0.19899262404012868, 0.07007456515957738], ['mnist', 'FedAvg', 85, 1.8216300243870556, 0.3752749083638787, 0.8096790102564105, 0.20206365542037638, 0.10953852137843534], ['mnist', 'FedAvg', 86, 1.5747274424232902, 0.4186604465178274, 0.8445343708996088, 0.1699042727434187, 0.06505989054476051], ['mnist', 'FedAvg', 87, 1.649863310305904, 0.3934688437187604, 0.8304463082440592, 0.18014026681345424, 0.07197660892024946], ['mnist', 'FedAvg', 88, 1.584805882616129, 0.42259246917694104, 0.8401147285849291, 0.19369299709382712, 0.0806825538122548], ['mnist', 'FedAvg', 89, 1.5317485685060241, 0.4240586471176275, 0.8522463636415755, 0.19004603353158125, 0.053060902359783405], ['mnist', 'FedAvg', 90, 1.963457464647569, 0.306697767410863, 0.8070101739296024, 0.25609504424551316, 0.1036329525695193], ['mnist', 'FedAvg', 91, 1.9062437993749906, 0.32162612462512497, 0.8082166589841949, 0.21962560244817458, 0.09131573071215707], ['mnist', 'FedAvg', 92, 1.6903347004245635, 0.39060313228923693, 0.837017446793549, 0.24120052023106242, 0.08205072301553916], ['mnist', 'FedAvg', 93, 1.8813361609547474, 0.34675108297234253, 0.8207813625189536, 0.24330808855883415, 0.09912307520331917], ['mnist', 'FedAvg', 94, 1.7298571808523708, 0.40006664445184936, 0.829040464928717, 0.23684298485374417, 0.10458199222873166], ['mnist', 'FedAvg', 95, 1.8657304008854867, 0.378273908697101, 0.8209882941782883, 0.2136709305374157, 0.09599747095243069], ['mnist', 'FedAvg', 96, 1.4597373246628997, 0.45971342885704763, 0.8507588637952013, 0.1505171570384731, 0.056861754287265746], ['mnist', 'FedAvg', 97, 1.5947823274098427, 0.4266577807397534, 0.8400247971037562, 0.20119504769758276, 0.07747088453503266], ['mnist', 'FedAvg', 98, 1.4568763796801665, 0.4680439853382206, 0.8569357217851337, 0.1610892291098143, 0.06827741723672645], ['mnist', 'FedAvg', 99, 1.8031230218703538, 0.3678107297567478, 0.82812765557429, 0.2538569559897355, 0.09758308945415307], ['mnist', 'FedAvg', 100, 1.9231561637288397, 0.3434188603798734, 0.8066978982617259, 0.2770330543914768, 0.12108255862224848]]
File path: ../results/Cifar10_FedAvg_test_0.h5

Average time cost: 18123.95s.
Length:  101
std for best accurancy: 0.0
mean for best accurancy: 0.4680439853382206
All done!

Storage on cpu
-------------------------------------------------------------------------------
Total Tensors: 423229356 	Used Memory: 844.40M
-------------------------------------------------------------------------------
