/Users/alice/opt/anaconda3/lib/python3.8/site-packages/torchvision/io/image.py:13: UserWarning: Failed to load image Python extension: 'dlopen(/Users/alice/opt/anaconda3/lib/python3.8/site-packages/torchvision/image.so, 6): Library not loaded: @rpath/libpng16.16.dylib
  Referenced from: /Users/alice/opt/anaconda3/lib/python3.8/site-packages/torchvision/image.so
  Reason: Incompatible library version: image.so requires version 56.0.0 or later, but libpng16.16.dylib provides version 54.0.0'If you don't plan on using image functionality from `torchvision.io`, you can ignore this warning. Otherwise, there might be something wrong with your environment. Did you have `libjpeg` or `libpng` installed before building `torchvision` from source?
  warn(
/Users/alice/Desktop/python/PFL/system /Users/alice/Desktop/python/PFL
/Users/alice/Desktop/python/PFL/system /Users/alice/Desktop/python/PFL
2023-06-13 13:34:56.918623: I tensorflow/core/platform/cpu_feature_guard.cc:182] This TensorFlow binary is optimized to use available CPU instructions in performance-critical operations.
To enable the following instructions: AVX2 AVX512F AVX512_VNNI FMA, in other operations, rebuild TensorFlow with the appropriate compiler flags.
/Users/alice/Desktop/python/PFL/system /Users/alice/Desktop/python/PFL

cuda is not avaiable.

==================================================
Algorithm: FedAAW
Local batch size: 10
Local steps: 1
Local learing rate: 0.005
Local learing rate decay: False
Total number of clients: 20
Clients join in each round: 0.5
Clients randomly join: False
Client drop rate: 0.0
Client select regarding time: False
Running times: 1
Dataset: Cifar100
Number of classes: 10
Backbone: cnn
Using device: cpu
Using DP: False
Auto break: False
Global rounds: 500
DLG attack: False
Total number of new clients: 0
Fine tuning epoches on new clients: 0
==================================================

============= Running time: 0th =============
Creating server and clients ...
FedAvgCNN(
  (conv1): Sequential(
    (0): Conv2d(3, 32, kernel_size=(5, 5), stride=(1, 1))
    (1): ReLU(inplace=True)
    (2): MaxPool2d(kernel_size=(2, 2), stride=(2, 2), padding=0, dilation=1, ceil_mode=False)
  )
  (conv2): Sequential(
    (0): Conv2d(32, 64, kernel_size=(5, 5), stride=(1, 1))
    (1): ReLU(inplace=True)
    (2): MaxPool2d(kernel_size=(2, 2), stride=(2, 2), padding=0, dilation=1, ceil_mode=False)
  )
  (fc1): Sequential(
    (0): Linear(in_features=1600, out_features=512, bias=True)
    (1): ReLU(inplace=True)
  )
  (fc): Linear(in_features=512, out_features=10, bias=True)
)
INFO:------------------------args.algorithm is:FedAAW-----------------------
**************************1.INfo,set_clients ,init data********************
client alajs  client 0 label is [0, 1, 368, 0, 0, 0, 19, 0, 0, 19, 36, 9, 221, 41, 0, 0, 0, 402, 0, 11, 52, 71, 0, 87, 98, 0, 0, 13, 19, 0, 0, 2, 5, 7, 244, 0, 0, 345, 308, 0, 0, 0, 5, 0, 0, 77, 142, 0, 1, 0, 20, 6, 1, 0, 12, 0, 0, 1, 0, 0, 64, 0, 0, 0, 313, 0, 0, 0, 0, 0, 0, 0, 0, 0, 0, 0, 0, 0, 0, 0, 0, 0, 0, 0, 0, 0, 0, 0, 0, 0, 0, 0, 0, 0, 0, 0, 0, 0, 0, 0]
client alajs  client 1 label is [0, 3, 0, 0, 10, 138, 0, 1, 3, 0, 1, 79, 3, 0, 148, 0, 0, 107, 3, 8, 15, 162, 2, 86, 0, 181, 0, 6, 22, 0, 2, 1, 0, 2, 58, 0, 3, 42, 0, 33, 0, 0, 0, 567, 1, 0, 2, 0, 5, 4, 1, 0, 4, 34, 0, 0, 143, 309, 2, 45, 0, 0, 169, 119, 0, 8, 0, 59, 0, 0, 12, 12, 0, 1, 0, 0, 0, 0, 0, 0, 319, 0, 0, 118, 0, 0, 0, 0, 0, 0, 0, 0, 0, 0, 0, 0, 0, 0, 0, 0]
client alajs  client 2 label is [8, 10, 0, 0, 189, 5, 0, 2, 0, 1, 0, 5, 0, 0, 0, 1, 0, 0, 78, 0, 118, 0, 9, 3, 1, 12, 0, 7, 0, 0, 3, 77, 0, 0, 110, 14, 3, 10, 0, 2, 0, 12, 11, 2, 0, 110, 0, 0, 13, 0, 0, 73, 454, 37, 3, 0, 217, 0, 3, 0, 0, 32, 0, 14, 12, 1, 30, 92, 113, 0, 20, 50, 0, 0, 0, 0, 74, 0, 7, 1, 0, 3, 0, 0, 0, 0, 0, 184, 92, 0, 5, 6, 2, 0, 397, 12, 0, 3, 0, 0]
client alajs  client 3 label is [8, 258, 139, 0, 170, 0, 7, 1, 143, 3, 0, 7, 221, 1, 0, 0, 16, 0, 12, 0, 8, 87, 0, 0, 1, 11, 0, 121, 0, 1, 0, 27, 0, 0, 3, 121, 0, 0, 0, 0, 0, 0, 47, 1, 0, 0, 26, 0, 5, 0, 12, 1, 4, 0, 46, 0, 1, 0, 0, 3, 0, 0, 0, 268, 2, 0, 0, 16, 55, 525, 0, 24, 0, 5, 0, 0, 124, 83, 14, 22, 6, 144, 0, 5, 0, 224, 0, 0, 0, 0, 0, 0, 0, 0, 0, 0, 0, 0, 0, 0]
client alajs  client 4 label is [0, 31, 0, 0, 27, 57, 0, 4, 10, 0, 211, 0, 8, 0, 99, 3, 1, 6, 0, 36, 0, 0, 6, 5, 0, 0, 238, 0, 0, 26, 0, 3, 44, 0, 2, 1, 0, 49, 0, 134, 8, 14, 0, 1, 1, 0, 0, 23, 0, 0, 167, 24, 0, 21, 114, 14, 127, 26, 0, 0, 1, 9, 107, 0, 13, 43, 0, 181, 123, 2, 220, 0, 83, 15, 3, 0, 0, 8, 24, 0, 50, 27, 0, 7, 61, 0, 0, 94, 0, 0, 0, 0, 9, 1, 3, 15, 0, 0, 0, 0]
client alajs  client 5 label is [1, 1, 0, 0, 59, 1, 1, 0, 0, 0, 0, 111, 0, 0, 0, 0, 241, 0, 0, 94, 0, 0, 27, 0, 0, 21, 0, 222, 20, 0, 0, 224, 2, 59, 1, 0, 0, 4, 0, 23, 0, 102, 0, 0, 0, 0, 0, 0, 1, 43, 31, 0, 8, 0, 53, 63, 6, 1, 0, 178, 0, 1, 0, 0, 0, 0, 0, 220, 0, 0, 188, 0, 0, 2, 0, 0, 0, 0, 0, 115, 7, 20, 69, 0, 0, 0, 19, 0, 0, 11, 71, 183, 0, 0, 60, 0, 0, 0, 313, 0]
client alajs  client 6 label is [0, 0, 0, 168, 0, 0, 0, 85, 0, 0, 132, 268, 12, 10, 8, 0, 0, 0, 0, 0, 0, 162, 105, 0, 0, 194, 1, 105, 47, 8, 0, 0, 0, 0, 63, 0, 4, 1, 29, 0, 1, 0, 0, 4, 0, 14, 23, 0, 0, 7, 1, 0, 0, 0, 6, 0, 0, 13, 27, 40, 303, 60, 151, 0, 2, 1, 0, 8, 1, 0, 3, 234, 52, 0, 0, 0, 11, 258, 498, 0, 0, 0, 0, 0, 0, 0, 0, 0, 0, 0, 0, 0, 0, 0, 0, 0, 0, 0, 0, 0]
client alajs  client 7 label is [0, 0, 7, 187, 0, 0, 65, 0, 419, 0, 64, 0, 111, 12, 2, 3, 0, 0, 0, 354, 0, 9, 0, 216, 259, 0, 0, 1, 3, 64, 0, 38, 354, 0, 0, 116, 22, 0, 0, 3, 0, 0, 0, 2, 336, 314, 1, 0, 1, 0, 0, 0, 0, 3, 0, 2, 3, 0, 0, 0, 0, 0, 0, 0, 1, 3, 72, 0, 0, 0, 0, 0, 0, 0, 0, 0, 0, 0, 0, 0, 0, 0, 0, 0, 0, 0, 0, 0, 0, 0, 0, 0, 0, 0, 0, 0, 0, 0, 0, 0]
client alajs  client 8 label is [0, 1, 0, 0, 0, 0, 0, 22, 0, 7, 0, 0, 0, 434, 0, 0, 111, 0, 0, 0, 0, 0, 2, 31, 0, 122, 0, 0, 0, 18, 0, 48, 0, 14, 0, 0, 7, 1, 5, 4, 0, 0, 0, 2, 1, 0, 0, 0, 0, 0, 1, 0, 0, 0, 8, 414, 0, 0, 0, 0, 0, 3, 0, 1, 0, 2, 75, 0, 3, 1, 0, 0, 0, 0, 348, 129, 136, 17, 0, 0, 10, 318, 108, 0, 0, 0, 1, 0, 0, 0, 0, 0, 2, 0, 7, 301, 91, 1, 0, 0]
client alajs  client 9 label is [0, 292, 0, 0, 0, 0, 1, 103, 0, 15, 0, 99, 0, 0, 2, 0, 0, 65, 6, 0, 0, 15, 1, 0, 0, 0, 0, 13, 11, 192, 0, 0, 0, 0, 68, 16, 94, 0, 0, 162, 94, 0, 0, 1, 8, 2, 262, 106, 0, 0, 354, 5, 16, 25, 0, 0, 61, 37, 2, 4, 109, 0, 153, 73, 2, 0, 0, 0, 9, 5, 0, 1, 0, 160, 131, 19, 0, 0, 0, 1, 0, 3, 0, 130, 0, 0, 27, 256, 0, 0, 0, 0, 0, 0, 0, 0, 0, 0, 0, 0]
client alajs  client 10 label is [0, 0, 8, 0, 2, 0, 0, 0, 0, 0, 2, 0, 13, 28, 0, 47, 35, 0, 274, 2, 1, 0, 0, 12, 1, 1, 3, 0, 6, 9, 3, 0, 0, 0, 0, 0, 0, 0, 247, 6, 0, 52, 7, 13, 0, 40, 0, 24, 5, 0, 0, 0, 13, 1, 13, 0, 0, 0, 0, 0, 0, 0, 1, 108, 52, 0, 169, 0, 4, 0, 0, 0, 1, 201, 0, 0, 0, 212, 0, 0, 0, 0, 308, 0, 43, 47, 1, 0, 1, 461, 0, 17, 0, 1, 0, 0, 0, 60, 60, 146]
client alajs  client 11 label is [54, 0, 0, 2, 134, 0, 29, 0, 0, 0, 4, 2, 0, 6, 303, 42, 6, 0, 0, 17, 30, 0, 0, 0, 38, 0, 0, 0, 1, 76, 0, 86, 0, 0, 0, 0, 0, 0, 0, 0, 200, 0, 9, 5, 31, 18, 0, 164, 0, 329, 0, 128, 0, 305, 10, 0, 0, 7, 88, 70, 0, 0, 1, 0, 0, 0, 2, 1, 0, 2, 110, 0, 0, 65, 0, 38, 4, 0, 1, 254, 0, 0, 0, 0, 17, 1, 1, 53, 0, 122, 0, 36, 63, 394, 0, 0, 0, 0, 0, 0]
client alajs  client 12 label is [0, 0, 0, 111, 0, 11, 0, 0, 0, 155, 1, 19, 0, 0, 0, 0, 189, 14, 0, 4, 0, 0, 10, 3, 44, 0, 7, 0, 139, 0, 0, 0, 9, 0, 0, 0, 138, 6, 0, 102, 0, 0, 18, 0, 0, 0, 0, 0, 0, 1, 0, 340, 0, 0, 182, 62, 0, 1, 0, 97, 2, 0, 8, 0, 0, 0, 0, 0, 56, 0, 0, 141, 2, 0, 0, 0, 0, 0, 0, 1, 0, 0, 4, 0, 1, 0, 154, 2, 20, 0, 2, 0, 6, 203, 0, 0, 508, 64, 0, 453]
client alajs  client 13 label is [2, 1, 1, 95, 2, 0, 0, 70, 0, 0, 0, 0, 0, 0, 0, 354, 0, 0, 2, 6, 0, 49, 0, 0, 0, 2, 6, 0, 1, 0, 0, 86, 61, 0, 49, 0, 0, 4, 0, 1, 169, 0, 0, 0, 60, 20, 126, 12, 8, 107, 0, 2, 1, 4, 0, 21, 0, 34, 0, 0, 0, 441, 0, 0, 0, 0, 9, 0, 0, 1, 0, 18, 0, 0, 90, 7, 0, 1, 0, 0, 0, 0, 0, 0, 120, 3, 0, 4, 0, 0, 0, 300, 0, 0, 0, 246, 0, 288, 87, 0]
client alajs  client 14 label is [501, 0, 13, 4, 0, 108, 36, 293, 0, 325, 0, 0, 0, 65, 1, 1, 0, 0, 0, 0, 178, 0, 104, 0, 0, 0, 4, 0, 0, 0, 0, 0, 1, 8, 0, 91, 0, 0, 0, 0, 46, 0, 0, 0, 52, 0, 0, 0, 0, 60, 1, 0, 0, 8, 0, 0, 0, 0, 0, 3, 38, 41, 5, 0, 30, 285, 0, 20, 0, 43, 3, 117, 3, 0, 0, 0, 8, 0, 0, 136, 0, 45, 85, 1, 109, 0, 26, 0, 403, 0, 0, 0, 0, 0, 0, 0, 0, 0, 0, 0]
client alajs  client 15 label is [7, 1, 11, 18, 3, 0, 1, 7, 0, 27, 1, 0, 0, 0, 0, 148, 0, 0, 0, 0, 182, 0, 326, 154, 10, 0, 226, 0, 0, 114, 433, 0, 52, 0, 1, 0, 323, 0, 0, 0, 0, 1, 0, 0, 0, 0, 16, 232, 17, 0, 0, 0, 0, 32, 0, 0, 1, 0, 77, 0, 0, 0, 0, 0, 0, 226, 1, 0, 0, 3, 0, 0, 167, 76, 1, 0, 1, 0, 0, 38, 1, 1, 0, 0, 0, 196, 0, 0, 0, 0, 0, 0, 0, 0, 0, 0, 0, 0, 0, 0]
client alajs  client 16 label is [0, 0, 21, 0, 0, 18, 292, 0, 20, 0, 98, 0, 3, 0, 0, 0, 0, 0, 224, 66, 1, 1, 0, 0, 0, 0, 0, 111, 122, 0, 0, 7, 71, 0, 0, 0, 0, 0, 0, 16, 1, 245, 13, 1, 82, 4, 0, 7, 543, 14, 0, 19, 1, 0, 0, 0, 0, 123, 0, 10, 59, 0, 4, 0, 3, 0, 0, 2, 0, 17, 2, 1, 291, 0, 0, 198, 0, 20, 0, 0, 13, 0, 7, 0, 203, 1, 0, 6, 0, 0, 0, 0, 384, 0, 0, 0, 0, 0, 0, 0]
client alajs  client 17 label is [0, 0, 0, 0, 0, 0, 1, 0, 0, 23, 0, 0, 0, 0, 0, 0, 0, 0, 0, 1, 0, 43, 0, 0, 23, 9, 113, 0, 14, 0, 144, 0, 0, 56, 0, 0, 0, 0, 0, 0, 0, 0, 0, 0, 27, 0, 1, 0, 0, 29, 11, 1, 97, 0, 152, 22, 29, 5, 399, 0, 0, 0, 0, 1, 164, 0, 238, 0, 111, 0, 41, 1, 0, 0, 6, 32, 0, 0, 54, 0, 0, 0, 3, 323, 2, 0, 105, 0, 44, 0, 0, 0, 133, 0, 1, 0, 0, 183, 0, 0]
client alajs  client 18 label is [18, 0, 0, 3, 3, 0, 146, 0, 0, 17, 49, 0, 0, 2, 36, 0, 0, 5, 0, 0, 14, 0, 7, 0, 4, 0, 1, 0, 107, 0, 14, 0, 0, 453, 0, 1, 0, 67, 10, 113, 80, 0, 489, 0, 1, 0, 0, 0, 0, 0, 0, 0, 0, 0, 0, 1, 11, 37, 0, 149, 23, 1, 0, 3, 0, 14, 3, 0, 0, 0, 0, 0, 0, 74, 20, 0, 227, 0, 1, 29, 193, 0, 15, 0, 21, 1, 7, 0, 39, 5, 521, 0, 0, 0, 0, 0, 0, 0, 0, 0]
client alajs  client 19 label is [1, 1, 32, 12, 1, 262, 2, 12, 5, 8, 1, 1, 8, 1, 1, 1, 1, 1, 1, 1, 1, 1, 1, 3, 121, 47, 1, 1, 88, 92, 1, 1, 1, 1, 1, 240, 6, 71, 1, 1, 1, 174, 1, 1, 0, 1, 1, 32, 1, 6, 1, 1, 1, 130, 1, 1, 1, 6, 2, 1, 1, 12, 1, 13, 6, 17, 1, 1, 125, 1, 1, 1, 1, 1, 1, 177, 15, 1, 1, 3, 1, 39, 1, 16, 23, 127, 259, 1, 1, 1, 1, 58, 1, 1, 132, 26, 1, 1, 140, 1]
INFormation-------------serveralajs----------------------init client 0 JS distance is 61.660927113956966-------------------------------
INFormation-------------serveralajs----------------------init client 1 JS distance is 63.654872009194-------------------------------
INFormation-------------serveralajs----------------------init client 2 JS distance is 61.474392771573726-------------------------------
INFormation-------------serveralajs----------------------init client 3 JS distance is 54.94507807457539-------------------------------
INFormation-------------serveralajs----------------------init client 4 JS distance is 61.196054452453716-------------------------------
INFormation-------------serveralajs----------------------init client 5 JS distance is 64.43889767109928-------------------------------
INFormation-------------serveralajs----------------------init client 6 JS distance is 63.37726758751535-------------------------------
INFormation-------------serveralajs----------------------init client 7 JS distance is 58.52219823688148-------------------------------
INFormation-------------serveralajs----------------------init client 8 JS distance is 64.80205585208951-------------------------------
INFormation-------------serveralajs----------------------init client 9 JS distance is 61.797829445255346-------------------------------
INFormation-------------serveralajs----------------------init client 10 JS distance is 65.39554229109096-------------------------------
INFormation-------------serveralajs----------------------init client 11 JS distance is 63.634903839722554-------------------------------
INFormation-------------serveralajs----------------------init client 12 JS distance is 63.25133077100294-------------------------------
INFormation-------------serveralajs----------------------init client 13 JS distance is 62.6381866739142-------------------------------
INFormation-------------serveralajs----------------------init client 14 JS distance is 51.985782816370794-------------------------------
INFormation-------------serveralajs----------------------init client 15 JS distance is 63.50217579887255-------------------------------
INFormation-------------serveralajs----------------------init client 16 JS distance is 62.675463522119145-------------------------------
INFormation-------------serveralajs----------------------init client 17 JS distance is 64.64543062991739-------------------------------
INFormation-------------serveralajs----------------------init client 18 JS distance is 62.7037169287506-------------------------------
INFormation-------------serveralajs----------------------init client 19 JS distance is 58.022114399508-------------------------------
set clients info : client 0,distance rate is 0.04995521117596108,sizerate:0
set clients info : client 1,distance rate is 0.05157062539330991,sizerate:0
set clients info : client 2,distance rate is 0.04980408852987919,sizerate:0
set clients info : client 3,distance rate is 0.04451429952103004,sizerate:0
set clients info : client 4,distance rate is 0.04957858998224456,sizerate:0
set clients info : client 5,distance rate is 0.05220581155318498,sizerate:0
set clients info : client 6,distance rate is 0.05134572141996049,sizerate:0
set clients info : client 7,distance rate is 0.04741233887064178,sizerate:0
set clients info : client 8,distance rate is 0.05250002775249896,sizerate:0
set clients info : client 9,distance rate is 0.05006612395639743,sizerate:0
set clients info : client 10,distance rate is 0.05298084667264905,sizerate:0
set clients info : client 11,distance rate is 0.05155444798292326,sizerate:0
set clients info : client 12,distance rate is 0.05124369245999888,sizerate:0
set clients info : client 13,distance rate is 0.050746947693337256,sizerate:0
set clients info : client 14,distance rate is 0.042116797140269224,sizerate:0
set clients info : client 15,distance rate is 0.051446917045261886,sizerate:0
set clients info : client 16,distance rate is 0.050777147901333,sizerate:0
set clients info : client 17,distance rate is 0.05237313627656266,sizerate:0
set clients info : client 18,distance rate is 0.05080003767871352,sizerate:0
set clients info : client 19,distance rate is 0.04700719099384279,sizerate:0

Join ratio / total clients: 0.5 / 20
------------------Finished creating server and clients.----------------------
*************************** FedAAW train ***************************
-------------------------------------------------------------------------write exe canshu,txt path is /Users/alice/Desktop/python/PFL//res/FedAAW/Cifar100_canshu.csv
INFO:---------Using fix select id list--------------------------------
/Users/alice/Desktop/python/PFL//res/selectids/Cifar100_select_client_ids20_0.5.csv
       2  global_rounds                               id_list
0      3              0     [9, 6, 1, 3, 2, 7, 13, 0, 17, 12]
1      4              1  [18, 17, 13, 11, 4, 10, 8, 0, 15, 6]
2      5              2   [9, 18, 7, 12, 3, 1, 17, 19, 2, 10]
3      6              3  [8, 13, 16, 3, 2, 10, 15, 11, 17, 7]
4      7              4   [11, 17, 3, 19, 14, 5, 6, 0, 2, 10]
..   ...            ...                                   ...
496  499            496   [3, 7, 1, 12, 15, 11, 4, 18, 6, 16]
497  500            497     [8, 9, 0, 14, 4, 15, 5, 1, 2, 19]
498  501            498  [17, 6, 5, 4, 11, 19, 14, 8, 16, 18]
499  502            499  [8, 13, 18, 2, 0, 16, 19, 17, 9, 14]
500  503            500   [8, 2, 12, 9, 17, 18, 3, 19, 10, 0]

[501 rows x 3 columns]
{0: [9, 6, 1, 3, 2, 7, 13, 0, 17, 12], 1: [18, 17, 13, 11, 4, 10, 8, 0, 15, 6], 2: [9, 18, 7, 12, 3, 1, 17, 19, 2, 10], 3: [8, 13, 16, 3, 2, 10, 15, 11, 17, 7], 4: [11, 17, 3, 19, 14, 5, 6, 0, 2, 10], 5: [11, 5, 2, 1, 3, 18, 4, 13, 10, 19], 6: [9, 1, 6, 3, 8, 11, 4, 2, 12, 13], 7: [8, 3, 19, 18, 13, 1, 12, 0, 15, 7], 8: [12, 4, 0, 11, 6, 5, 8, 17, 7, 15], 9: [10, 6, 5, 13, 3, 1, 8, 14, 11, 15], 10: [9, 4, 0, 10, 15, 14, 3, 1, 12, 16], 11: [19, 6, 17, 5, 8, 15, 3, 7, 11, 1], 12: [15, 6, 14, 9, 3, 7, 19, 18, 4, 0], 13: [8, 11, 4, 17, 13, 5, 1, 2, 3, 19], 14: [4, 7, 18, 19, 10, 5, 14, 12, 9, 11], 15: [19, 12, 1, 10, 16, 15, 17, 13, 5, 2], 16: [11, 17, 12, 15, 5, 10, 6, 14, 13, 16], 17: [13, 15, 6, 16, 4, 1, 3, 0, 17, 11], 18: [8, 4, 19, 1, 15, 6, 0, 16, 12, 17], 19: [3, 16, 15, 2, 13, 17, 10, 18, 1, 6], 20: [5, 4, 16, 14, 8, 7, 17, 3, 19, 1], 21: [3, 0, 10, 1, 19, 14, 17, 16, 15, 13], 22: [1, 6, 5, 8, 17, 19, 0, 16, 7, 13], 23: [10, 16, 2, 1, 18, 19, 9, 17, 13, 7], 24: [2, 13, 10, 8, 12, 17, 19, 5, 15, 16], 25: [1, 0, 16, 11, 7, 5, 12, 6, 3, 10], 26: [10, 2, 3, 16, 15, 0, 8, 5, 18, 12], 27: [2, 6, 3, 14, 15, 5, 9, 18, 0, 8], 28: [12, 18, 11, 5, 8, 3, 10, 2, 14, 15], 29: [5, 0, 2, 16, 10, 13, 8, 4, 3, 9], 30: [16, 11, 3, 6, 10, 19, 8, 15, 18, 12], 31: [4, 8, 18, 12, 14, 5, 15, 16, 17, 9], 32: [15, 14, 4, 12, 8, 5, 19, 13, 1, 3], 33: [14, 9, 16, 15, 18, 17, 3, 5, 10, 7], 34: [18, 4, 14, 13, 10, 7, 3, 0, 2, 11], 35: [16, 5, 0, 19, 17, 1, 2, 9, 14, 4], 36: [3, 9, 19, 13, 14, 7, 0, 11, 12, 15], 37: [0, 9, 2, 4, 1, 17, 10, 19, 16, 12], 38: [6, 4, 17, 5, 0, 11, 18, 14, 2, 16], 39: [18, 9, 17, 10, 1, 12, 4, 16, 6, 0], 40: [2, 0, 7, 17, 9, 4, 3, 18, 15, 10], 41: [11, 16, 1, 7, 8, 14, 5, 19, 10, 0], 42: [1, 5, 13, 4, 8, 19, 12, 15, 17, 9], 43: [11, 9, 7, 6, 10, 19, 2, 13, 16, 3], 44: [6, 14, 0, 5, 2, 1, 15, 4, 10, 3], 45: [11, 17, 6, 9, 2, 13, 19, 8, 7, 10], 46: [7, 9, 1, 18, 13, 17, 6, 14, 16, 19], 47: [8, 4, 16, 2, 13, 1, 12, 6, 17, 7], 48: [7, 2, 19, 4, 13, 12, 10, 11, 17, 8], 49: [5, 19, 14, 2, 4, 15, 12, 16, 3, 11], 50: [14, 2, 15, 8, 3, 4, 1, 7, 19, 6], 51: [13, 5, 9, 8, 1, 2, 17, 3, 12, 11], 52: [17, 13, 12, 1, 15, 16, 7, 6, 19, 4], 53: [9, 18, 15, 16, 3, 7, 13, 10, 1, 11], 54: [14, 0, 19, 4, 6, 12, 5, 18, 7, 11], 55: [11, 6, 1, 2, 4, 7, 15, 3, 14, 5], 56: [7, 6, 3, 13, 10, 2, 4, 12, 8, 9], 57: [19, 7, 13, 6, 14, 18, 8, 11, 1, 9], 58: [10, 17, 1, 5, 3, 0, 11, 16, 7, 2], 59: [16, 12, 6, 14, 3, 11, 18, 0, 13, 4], 60: [3, 10, 9, 16, 8, 13, 6, 15, 7, 4], 61: [3, 5, 17, 10, 4, 14, 9, 11, 18, 7], 62: [18, 14, 19, 0, 3, 2, 6, 17, 9, 8], 63: [18, 19, 17, 10, 16, 4, 0, 3, 11, 2], 64: [14, 4, 11, 5, 13, 6, 10, 2, 7, 17], 65: [16, 13, 10, 7, 5, 8, 18, 2, 1, 17], 66: [3, 4, 5, 17, 18, 1, 6, 11, 2, 9], 67: [14, 12, 6, 8, 18, 0, 9, 13, 5, 7], 68: [4, 1, 13, 0, 3, 15, 16, 2, 12, 14], 69: [6, 1, 5, 12, 10, 3, 16, 7, 9, 13], 70: [13, 0, 3, 2, 14, 8, 16, 7, 18, 19], 71: [2, 17, 19, 9, 11, 0, 6, 15, 13, 16], 72: [19, 15, 12, 7, 9, 3, 14, 1, 6, 5], 73: [18, 4, 2, 16, 14, 7, 1, 13, 9, 5], 74: [15, 13, 17, 11, 5, 3, 14, 8, 19, 16], 75: [17, 18, 16, 13, 1, 11, 8, 0, 15, 9], 76: [3, 16, 10, 5, 15, 13, 6, 8, 9, 4], 77: [3, 13, 6, 5, 17, 10, 9, 11, 2, 18], 78: [8, 16, 6, 17, 2, 14, 3, 11, 19, 9], 79: [7, 8, 19, 1, 5, 13, 16, 10, 11, 4], 80: [5, 18, 13, 16, 14, 3, 12, 11, 8, 19], 81: [10, 1, 13, 17, 18, 5, 15, 16, 12, 19], 82: [14, 9, 1, 6, 10, 15, 5, 18, 16, 13], 83: [3, 18, 17, 19, 4, 13, 16, 2, 0, 8], 84: [1, 3, 18, 15, 10, 4, 17, 9, 13, 14], 85: [10, 0, 3, 16, 13, 8, 11, 9, 1, 17], 86: [16, 12, 19, 3, 0, 7, 6, 14, 5, 13], 87: [19, 12, 1, 5, 15, 17, 4, 10, 2, 18], 88: [15, 2, 6, 18, 19, 5, 0, 14, 17, 10], 89: [3, 14, 4, 19, 16, 17, 2, 6, 10, 1], 90: [10, 14, 8, 18, 5, 4, 12, 17, 11, 9], 91: [7, 16, 5, 3, 11, 4, 19, 0, 8, 18], 92: [17, 18, 5, 12, 9, 11, 19, 1, 2, 4], 93: [0, 12, 13, 19, 3, 5, 4, 7, 18, 9], 94: [17, 13, 7, 14, 3, 19, 1, 9, 12, 15], 95: [7, 13, 0, 1, 6, 11, 5, 17, 3, 2], 96: [15, 2, 12, 17, 5, 1, 0, 14, 18, 9], 97: [6, 11, 0, 19, 2, 16, 12, 5, 8, 3], 98: [4, 6, 1, 0, 19, 13, 17, 8, 12, 3], 99: [0, 17, 5, 10, 3, 7, 11, 9, 18, 16], 100: [12, 3, 1, 15, 18, 13, 8, 11, 5, 0], 101: [10, 4, 5, 11, 8, 14, 6, 2, 16, 12], 102: [14, 3, 18, 2, 16, 0, 19, 4, 5, 13], 103: [11, 15, 18, 4, 16, 1, 7, 14, 3, 10], 104: [17, 4, 0, 18, 7, 2, 16, 10, 6, 5], 105: [8, 3, 15, 4, 18, 6, 19, 12, 9, 17], 106: [5, 16, 2, 15, 17, 9, 7, 13, 12, 18], 107: [1, 8, 13, 0, 11, 9, 5, 10, 2, 16], 108: [11, 14, 1, 5, 12, 17, 13, 0, 4, 2], 109: [17, 8, 15, 1, 14, 19, 0, 6, 18, 3], 110: [2, 16, 17, 3, 0, 14, 10, 8, 13, 7], 111: [11, 10, 18, 1, 7, 3, 5, 6, 8, 13], 112: [8, 1, 5, 9, 10, 12, 16, 19, 4, 7], 113: [12, 18, 8, 1, 10, 5, 7, 16, 0, 4], 114: [10, 17, 15, 14, 8, 13, 9, 7, 18, 6], 115: [16, 2, 15, 19, 14, 9, 17, 5, 10, 6], 116: [11, 13, 16, 12, 4, 2, 17, 15, 18, 7], 117: [14, 8, 17, 19, 18, 16, 5, 0, 3, 7], 118: [5, 7, 11, 16, 3, 10, 18, 12, 15, 17], 119: [17, 2, 15, 16, 4, 19, 13, 14, 6, 3], 120: [4, 11, 0, 6, 15, 2, 10, 18, 5, 14], 121: [9, 11, 1, 18, 8, 15, 17, 0, 19, 14], 122: [0, 5, 4, 8, 19, 9, 16, 15, 7, 17], 123: [13, 6, 15, 12, 11, 8, 18, 9, 3, 5], 124: [8, 18, 1, 5, 0, 12, 15, 6, 9, 7], 125: [0, 16, 9, 18, 1, 8, 13, 2, 14, 6], 126: [13, 2, 10, 9, 8, 19, 14, 4, 11, 18], 127: [14, 4, 3, 0, 2, 11, 18, 6, 10, 13], 128: [9, 10, 2, 8, 19, 1, 5, 11, 15, 16], 129: [17, 12, 14, 6, 1, 4, 7, 8, 0, 2], 130: [16, 7, 9, 14, 8, 1, 3, 0, 6, 19], 131: [0, 1, 2, 3, 13, 12, 19, 17, 10, 11], 132: [18, 8, 10, 16, 13, 4, 7, 1, 17, 19], 133: [13, 15, 12, 18, 8, 3, 11, 19, 1, 7], 134: [18, 12, 1, 2, 11, 0, 8, 14, 13, 3], 135: [13, 14, 10, 11, 6, 3, 0, 8, 1, 12], 136: [10, 19, 1, 3, 17, 12, 9, 8, 16, 11], 137: [12, 6, 9, 3, 13, 17, 10, 2, 19, 0], 138: [5, 18, 7, 8, 12, 16, 0, 15, 2, 10], 139: [1, 10, 7, 5, 19, 4, 3, 18, 17, 11], 140: [11, 7, 4, 6, 15, 5, 18, 1, 8, 9], 141: [6, 0, 2, 1, 15, 8, 3, 13, 10, 19], 142: [9, 12, 1, 11, 7, 6, 2, 3, 13, 17], 143: [15, 19, 13, 16, 17, 4, 9, 2, 3, 10], 144: [6, 5, 8, 15, 3, 0, 18, 2, 4, 1], 145: [7, 19, 6, 4, 18, 5, 10, 3, 1, 2], 146: [7, 19, 1, 8, 15, 0, 2, 13, 11, 17], 147: [14, 16, 9, 18, 15, 6, 7, 19, 12, 5], 148: [0, 11, 18, 1, 8, 16, 12, 4, 13, 17], 149: [17, 12, 1, 8, 4, 6, 15, 16, 19, 7], 150: [4, 1, 9, 3, 13, 18, 8, 16, 2, 0], 151: [5, 1, 7, 19, 4, 9, 3, 14, 18, 2], 152: [13, 14, 10, 18, 6, 7, 4, 5, 3, 1], 153: [6, 18, 16, 1, 3, 17, 7, 2, 13, 9], 154: [0, 19, 3, 1, 13, 9, 7, 15, 11, 17], 155: [7, 13, 10, 6, 15, 8, 9, 17, 12, 11], 156: [5, 10, 11, 1, 16, 18, 12, 4, 6, 7], 157: [5, 15, 9, 14, 10, 2, 0, 8, 13, 1], 158: [11, 0, 17, 18, 10, 14, 15, 4, 16, 9], 159: [7, 11, 17, 4, 13, 0, 10, 19, 6, 3], 160: [5, 15, 18, 11, 9, 3, 8, 7, 19, 2], 161: [13, 4, 8, 9, 18, 1, 0, 15, 7, 19], 162: [13, 3, 1, 19, 12, 9, 7, 6, 2, 8], 163: [15, 11, 5, 12, 16, 1, 10, 13, 2, 8], 164: [12, 17, 19, 3, 16, 1, 10, 4, 15, 9], 165: [11, 1, 17, 6, 19, 10, 14, 15, 4, 13], 166: [13, 15, 3, 14, 16, 0, 5, 4, 2, 6], 167: [2, 7, 11, 3, 0, 5, 4, 16, 6, 10], 168: [6, 19, 15, 5, 3, 13, 18, 0, 7, 12], 169: [15, 1, 6, 7, 5, 11, 8, 18, 10, 9], 170: [12, 13, 11, 5, 10, 0, 4, 1, 14, 6], 171: [5, 3, 17, 13, 15, 9, 19, 1, 10, 11], 172: [12, 2, 3, 5, 4, 18, 14, 8, 10, 16], 173: [14, 3, 19, 4, 18, 16, 10, 15, 5, 0], 174: [3, 19, 18, 8, 17, 7, 14, 15, 4, 6], 175: [2, 6, 15, 19, 5, 11, 18, 16, 3, 0], 176: [6, 3, 16, 4, 1, 11, 9, 0, 19, 15], 177: [4, 8, 10, 18, 17, 2, 1, 14, 12, 13], 178: [11, 15, 1, 8, 13, 19, 18, 17, 9, 7], 179: [10, 4, 12, 19, 7, 17, 3, 15, 0, 1], 180: [8, 13, 19, 17, 9, 0, 12, 11, 3, 1], 181: [19, 7, 14, 11, 13, 3, 6, 17, 18, 1], 182: [19, 10, 3, 14, 13, 15, 12, 4, 9, 7], 183: [4, 6, 19, 12, 16, 1, 14, 18, 7, 8], 184: [17, 9, 2, 12, 4, 14, 18, 13, 3, 6], 185: [8, 14, 19, 2, 18, 7, 16, 17, 3, 11], 186: [4, 19, 14, 18, 1, 9, 10, 3, 0, 11], 187: [13, 18, 11, 10, 0, 16, 9, 1, 3, 17], 188: [10, 1, 2, 8, 16, 17, 15, 3, 11, 5], 189: [8, 18, 19, 3, 12, 4, 2, 10, 0, 5], 190: [14, 5, 11, 13, 15, 1, 17, 10, 16, 18], 191: [16, 8, 19, 6, 17, 12, 13, 3, 7, 18], 192: [3, 19, 14, 9, 8, 4, 12, 2, 13, 5], 193: [4, 9, 5, 2, 0, 19, 18, 6, 7, 15], 194: [18, 4, 1, 14, 16, 7, 8, 15, 3, 13], 195: [2, 19, 18, 17, 6, 14, 10, 3, 4, 0], 196: [16, 14, 3, 11, 10, 6, 9, 8, 17, 4], 197: [19, 10, 4, 3, 1, 15, 17, 5, 11, 2], 198: [18, 10, 14, 4, 17, 6, 11, 1, 15, 7], 199: [6, 4, 5, 10, 0, 16, 2, 7, 8, 12], 200: [12, 5, 15, 3, 18, 2, 0, 10, 16, 14], 201: [0, 10, 11, 18, 15, 5, 13, 2, 1, 16], 202: [16, 5, 4, 6, 12, 3, 1, 13, 11, 15], 203: [0, 16, 6, 8, 11, 7, 13, 1, 3, 18], 204: [5, 15, 3, 18, 2, 17, 1, 19, 4, 8], 205: [7, 13, 6, 19, 16, 8, 14, 11, 1, 5], 206: [16, 5, 2, 4, 19, 14, 18, 13, 17, 15], 207: [16, 0, 3, 7, 14, 15, 1, 10, 13, 6], 208: [4, 7, 8, 12, 15, 5, 1, 10, 3, 9], 209: [2, 6, 14, 8, 12, 10, 19, 9, 3, 11], 210: [1, 5, 8, 6, 13, 10, 12, 11, 3, 19], 211: [8, 19, 5, 4, 10, 13, 1, 15, 2, 7], 212: [18, 5, 17, 12, 4, 19, 11, 10, 1, 15], 213: [3, 0, 18, 5, 19, 1, 10, 12, 17, 16], 214: [8, 10, 7, 14, 1, 3, 9, 5, 17, 12], 215: [5, 1, 8, 7, 18, 2, 11, 16, 17, 6], 216: [12, 13, 11, 5, 1, 8, 0, 2, 7, 3], 217: [10, 14, 16, 7, 1, 18, 0, 15, 6, 9], 218: [10, 6, 4, 5, 16, 14, 9, 13, 2, 8], 219: [18, 4, 5, 10, 13, 7, 19, 17, 6, 12], 220: [1, 19, 7, 15, 16, 8, 6, 2, 9, 10], 221: [17, 12, 16, 2, 8, 13, 14, 18, 11, 7], 222: [18, 6, 4, 0, 16, 11, 10, 12, 7, 2], 223: [18, 5, 14, 11, 16, 7, 2, 1, 15, 12], 224: [16, 13, 5, 11, 2, 18, 1, 14, 10, 0], 225: [9, 4, 10, 16, 14, 12, 19, 18, 6, 13], 226: [12, 1, 4, 11, 0, 6, 13, 18, 10, 8], 227: [4, 9, 2, 7, 11, 18, 8, 6, 17, 1], 228: [10, 7, 15, 5, 17, 3, 2, 13, 18, 9], 229: [6, 15, 16, 17, 11, 5, 4, 9, 2, 3], 230: [10, 4, 6, 16, 17, 18, 14, 15, 19, 11], 231: [16, 11, 7, 2, 4, 5, 6, 14, 0, 13], 232: [15, 14, 11, 10, 1, 13, 2, 17, 0, 16], 233: [16, 14, 7, 9, 15, 4, 0, 6, 19, 17], 234: [7, 4, 0, 10, 2, 14, 5, 9, 15, 13], 235: [6, 14, 18, 8, 3, 5, 12, 9, 17, 2], 236: [3, 6, 0, 4, 5, 11, 1, 13, 18, 12], 237: [17, 16, 5, 18, 4, 12, 1, 2, 10, 11], 238: [15, 9, 12, 8, 16, 6, 19, 2, 1, 5], 239: [1, 9, 7, 0, 11, 5, 18, 6, 12, 2], 240: [4, 6, 8, 10, 0, 18, 5, 12, 9, 7], 241: [16, 3, 11, 17, 7, 8, 0, 6, 13, 18], 242: [14, 12, 18, 10, 2, 8, 0, 9, 4, 11], 243: [15, 8, 5, 7, 9, 11, 0, 19, 10, 4], 244: [4, 5, 1, 12, 16, 14, 0, 13, 8, 3], 245: [17, 12, 1, 0, 4, 5, 10, 7, 19, 13], 246: [3, 15, 1, 17, 11, 19, 5, 8, 7, 2], 247: [18, 3, 6, 13, 15, 17, 10, 4, 5, 1], 248: [2, 1, 7, 18, 0, 15, 14, 19, 16, 3], 249: [10, 13, 4, 8, 18, 0, 1, 9, 11, 5], 250: [9, 3, 0, 10, 12, 6, 1, 17, 19, 14], 251: [10, 2, 9, 18, 4, 1, 0, 19, 8, 15], 252: [11, 10, 18, 19, 17, 2, 1, 7, 9, 16], 253: [1, 10, 14, 2, 3, 13, 16, 12, 6, 4], 254: [14, 18, 16, 1, 0, 9, 2, 10, 6, 13], 255: [12, 7, 17, 6, 13, 4, 19, 8, 16, 5], 256: [12, 19, 3, 9, 11, 6, 8, 13, 14, 15], 257: [8, 15, 7, 6, 17, 10, 18, 1, 4, 11], 258: [7, 4, 13, 6, 17, 18, 16, 14, 10, 11], 259: [9, 19, 14, 0, 10, 4, 3, 15, 17, 2], 260: [2, 6, 14, 17, 10, 12, 13, 1, 9, 16], 261: [9, 16, 13, 19, 2, 7, 10, 5, 17, 18], 262: [5, 12, 13, 15, 2, 16, 6, 10, 19, 0], 263: [5, 1, 14, 18, 6, 0, 19, 2, 13, 10], 264: [19, 7, 6, 8, 2, 5, 9, 14, 12, 1], 265: [15, 18, 0, 2, 1, 17, 9, 4, 14, 5], 266: [17, 18, 4, 16, 8, 15, 5, 11, 6, 19], 267: [6, 3, 8, 12, 9, 11, 0, 10, 1, 16], 268: [12, 14, 11, 1, 3, 19, 4, 5, 6, 13], 269: [6, 0, 7, 12, 15, 8, 16, 1, 13, 11], 270: [14, 11, 0, 7, 2, 3, 4, 13, 8, 5], 271: [12, 11, 14, 6, 18, 3, 10, 0, 1, 8], 272: [10, 3, 1, 15, 0, 16, 14, 6, 18, 12], 273: [19, 6, 12, 0, 1, 9, 17, 11, 7, 5], 274: [10, 12, 1, 4, 7, 13, 16, 6, 11, 0], 275: [7, 17, 0, 12, 8, 18, 13, 6, 9, 1], 276: [1, 17, 16, 18, 9, 14, 19, 13, 8, 6], 277: [9, 1, 11, 6, 0, 17, 5, 10, 4, 2], 278: [0, 17, 1, 18, 10, 9, 12, 7, 16, 13], 279: [8, 13, 6, 1, 19, 14, 11, 12, 16, 18], 280: [18, 3, 14, 19, 10, 5, 15, 13, 11, 2], 281: [10, 12, 8, 15, 1, 4, 3, 16, 17, 19], 282: [15, 16, 2, 19, 13, 18, 10, 12, 8, 14], 283: [4, 18, 11, 10, 5, 2, 9, 1, 16, 7], 284: [7, 12, 6, 2, 1, 4, 5, 17, 19, 10], 285: [4, 10, 18, 2, 7, 12, 8, 9, 11, 3], 286: [15, 12, 19, 1, 9, 18, 13, 11, 8, 7], 287: [5, 9, 1, 2, 11, 16, 18, 12, 14, 10], 288: [5, 15, 19, 16, 18, 1, 8, 9, 4, 14], 289: [1, 13, 18, 19, 7, 8, 9, 10, 11, 0], 290: [10, 14, 18, 6, 7, 8, 19, 5, 3, 0], 291: [1, 16, 6, 12, 4, 7, 18, 11, 2, 0], 292: [4, 5, 16, 15, 18, 7, 17, 1, 9, 11], 293: [5, 9, 18, 1, 13, 7, 6, 8, 4, 3], 294: [10, 12, 16, 4, 1, 8, 18, 11, 6, 9], 295: [7, 2, 19, 4, 5, 8, 9, 11, 6, 3], 296: [9, 3, 19, 16, 18, 7, 14, 8, 1, 17], 297: [4, 10, 13, 9, 19, 0, 18, 12, 17, 6], 298: [11, 9, 1, 8, 18, 5, 3, 15, 14, 19], 299: [19, 6, 11, 3, 4, 10, 8, 2, 18, 14], 300: [13, 2, 15, 12, 7, 6, 14, 19, 8, 11], 301: [7, 4, 2, 8, 18, 16, 11, 5, 17, 6], 302: [9, 19, 18, 5, 0, 7, 15, 16, 14, 1], 303: [6, 17, 10, 13, 8, 12, 15, 4, 11, 9], 304: [1, 15, 8, 2, 3, 12, 9, 0, 13, 7], 305: [14, 1, 13, 16, 10, 5, 9, 18, 2, 3], 306: [1, 4, 6, 10, 9, 3, 16, 12, 11, 7], 307: [1, 14, 4, 18, 8, 3, 9, 13, 12, 15], 308: [15, 6, 18, 12, 13, 0, 1, 10, 3, 16], 309: [13, 1, 5, 15, 10, 16, 4, 17, 9, 14], 310: [18, 11, 6, 13, 9, 10, 8, 17, 1, 19], 311: [4, 5, 19, 1, 9, 14, 16, 8, 17, 0], 312: [12, 16, 17, 0, 1, 10, 11, 19, 15, 2], 313: [18, 5, 19, 0, 6, 4, 1, 7, 12, 15], 314: [2, 1, 4, 18, 17, 0, 6, 5, 16, 10], 315: [13, 3, 11, 6, 2, 19, 12, 7, 16, 18], 316: [3, 11, 15, 19, 18, 0, 8, 5, 17, 9], 317: [14, 17, 9, 13, 6, 5, 0, 8, 2, 10], 318: [18, 17, 12, 2, 14, 10, 1, 11, 4, 16], 319: [14, 5, 4, 15, 8, 16, 10, 3, 6, 18], 320: [1, 14, 15, 16, 11, 12, 6, 19, 9, 13], 321: [9, 18, 7, 14, 8, 3, 13, 15, 0, 1], 322: [10, 1, 5, 19, 17, 11, 12, 15, 6, 3], 323: [13, 0, 6, 8, 5, 19, 16, 10, 7, 1], 324: [7, 15, 13, 19, 11, 9, 0, 1, 16, 18], 325: [1, 4, 2, 10, 14, 15, 16, 8, 13, 11], 326: [1, 14, 19, 7, 2, 12, 9, 18, 15, 5], 327: [13, 11, 3, 5, 15, 19, 12, 16, 17, 10], 328: [1, 14, 16, 8, 0, 11, 12, 13, 10, 19], 329: [18, 0, 11, 16, 17, 14, 4, 6, 9, 1], 330: [5, 10, 1, 6, 9, 13, 8, 15, 18, 3], 331: [0, 6, 3, 19, 1, 13, 14, 11, 18, 5], 332: [7, 3, 0, 15, 8, 9, 1, 11, 6, 19], 333: [1, 9, 19, 3, 12, 8, 14, 18, 16, 13], 334: [12, 14, 3, 18, 8, 16, 2, 13, 5, 17], 335: [16, 12, 11, 19, 1, 8, 0, 6, 2, 13], 336: [10, 4, 13, 6, 16, 0, 18, 1, 9, 5], 337: [12, 18, 14, 8, 11, 7, 10, 13, 3, 0], 338: [7, 2, 8, 18, 14, 11, 5, 6, 3, 12], 339: [0, 12, 19, 13, 15, 4, 18, 11, 2, 9], 340: [16, 17, 0, 18, 7, 1, 13, 3, 9, 14], 341: [8, 7, 0, 17, 15, 11, 19, 13, 5, 16], 342: [12, 7, 13, 11, 3, 17, 8, 19, 14, 9], 343: [10, 17, 18, 8, 15, 16, 3, 11, 9, 13], 344: [13, 8, 14, 19, 6, 15, 9, 4, 17, 16], 345: [17, 8, 7, 4, 3, 15, 2, 18, 10, 13], 346: [17, 5, 13, 16, 2, 9, 18, 15, 7, 0], 347: [6, 8, 11, 12, 10, 1, 17, 4, 2, 16], 348: [0, 8, 16, 18, 12, 17, 2, 14, 6, 5], 349: [6, 0, 8, 1, 9, 15, 12, 7, 16, 10], 350: [13, 1, 8, 16, 14, 18, 3, 17, 12, 15], 351: [11, 9, 17, 6, 4, 12, 16, 5, 0, 8], 352: [15, 14, 1, 8, 12, 10, 6, 16, 9, 19], 353: [15, 8, 3, 6, 7, 13, 14, 12, 1, 10], 354: [9, 7, 11, 3, 8, 6, 2, 15, 0, 5], 355: [14, 19, 5, 13, 10, 7, 16, 8, 6, 3], 356: [1, 14, 4, 8, 2, 10, 0, 12, 7, 16], 357: [18, 16, 5, 8, 6, 2, 3, 13, 11, 15], 358: [15, 10, 14, 12, 3, 9, 0, 2, 8, 17], 359: [15, 2, 5, 4, 19, 3, 13, 7, 0, 17], 360: [14, 13, 5, 8, 2, 4, 17, 3, 10, 7], 361: [16, 14, 5, 19, 1, 4, 13, 10, 12, 11], 362: [16, 11, 7, 12, 2, 4, 0, 9, 17, 1], 363: [1, 8, 4, 6, 12, 13, 16, 15, 19, 5], 364: [16, 14, 13, 8, 2, 9, 1, 4, 15, 5], 365: [19, 3, 5, 12, 15, 11, 18, 2, 8, 14], 366: [8, 6, 10, 18, 12, 2, 15, 0, 7, 3], 367: [16, 3, 1, 10, 4, 18, 14, 0, 8, 17], 368: [9, 15, 5, 12, 17, 1, 19, 14, 16, 18], 369: [6, 13, 8, 9, 17, 10, 18, 19, 0, 5], 370: [14, 10, 4, 6, 7, 11, 18, 1, 13, 9], 371: [18, 3, 9, 7, 4, 15, 6, 13, 11, 0], 372: [8, 2, 1, 0, 6, 19, 11, 16, 4, 3], 373: [15, 0, 8, 11, 1, 9, 5, 10, 13, 17], 374: [14, 18, 13, 0, 12, 17, 8, 9, 19, 10], 375: [5, 18, 4, 12, 9, 2, 15, 19, 6, 17], 376: [9, 8, 13, 2, 0, 7, 15, 18, 19, 11], 377: [1, 15, 13, 19, 3, 6, 12, 5, 0, 8], 378: [18, 3, 8, 14, 0, 16, 5, 1, 15, 7], 379: [10, 2, 15, 1, 0, 7, 12, 19, 8, 3], 380: [6, 19, 13, 9, 18, 17, 14, 3, 15, 5], 381: [4, 12, 19, 16, 13, 8, 3, 17, 5, 2], 382: [1, 12, 19, 3, 10, 2, 15, 16, 4, 11], 383: [8, 9, 11, 1, 4, 10, 16, 7, 14, 18], 384: [17, 1, 5, 12, 3, 19, 0, 6, 16, 4], 385: [2, 12, 16, 17, 0, 5, 18, 8, 3, 9], 386: [4, 19, 1, 7, 8, 16, 12, 17, 13, 10], 387: [0, 5, 2, 19, 7, 3, 13, 4, 14, 8], 388: [10, 6, 16, 9, 17, 3, 18, 15, 1, 8], 389: [12, 1, 18, 17, 15, 0, 5, 6, 11, 19], 390: [9, 5, 19, 14, 10, 8, 18, 4, 17, 6], 391: [14, 1, 13, 3, 7, 5, 11, 4, 18, 9], 392: [12, 0, 10, 14, 16, 6, 13, 4, 17, 8], 393: [17, 4, 6, 3, 18, 15, 14, 11, 13, 19], 394: [4, 16, 5, 1, 17, 6, 14, 3, 11, 18], 395: [11, 15, 19, 10, 12, 13, 1, 16, 8, 5], 396: [17, 3, 8, 7, 2, 18, 16, 13, 11, 5], 397: [11, 7, 1, 14, 19, 6, 10, 18, 2, 13], 398: [13, 4, 2, 10, 3, 0, 5, 14, 1, 17], 399: [11, 12, 14, 7, 9, 3, 4, 0, 1, 2], 400: [4, 5, 8, 3, 15, 19, 18, 0, 11, 14], 401: [0, 8, 3, 16, 19, 5, 15, 17, 11, 1], 402: [8, 9, 2, 13, 12, 0, 17, 16, 6, 14], 403: [18, 2, 19, 9, 5, 7, 13, 12, 10, 15], 404: [10, 9, 12, 6, 7, 2, 1, 11, 3, 18], 405: [0, 19, 3, 8, 14, 4, 5, 18, 6, 17], 406: [12, 3, 5, 13, 9, 6, 14, 19, 1, 16], 407: [17, 4, 9, 7, 3, 16, 0, 13, 11, 5], 408: [7, 13, 4, 6, 2, 19, 17, 5, 8, 14], 409: [11, 13, 12, 6, 15, 19, 17, 4, 16, 0], 410: [9, 15, 11, 10, 12, 13, 1, 3, 8, 18], 411: [16, 4, 7, 0, 8, 2, 11, 18, 19, 6], 412: [18, 0, 19, 3, 9, 8, 13, 14, 5, 15], 413: [4, 3, 17, 12, 1, 11, 9, 7, 15, 10], 414: [0, 4, 5, 12, 13, 17, 3, 19, 16, 10], 415: [5, 0, 18, 13, 3, 14, 12, 9, 6, 15], 416: [10, 15, 1, 18, 17, 3, 9, 8, 5, 16], 417: [17, 6, 3, 16, 14, 7, 8, 9, 0, 5], 418: [15, 4, 16, 6, 8, 5, 9, 11, 14, 17], 419: [3, 5, 0, 2, 11, 19, 4, 12, 10, 1], 420: [1, 10, 0, 9, 2, 19, 8, 6, 12, 7], 421: [4, 15, 12, 0, 1, 18, 2, 5, 10, 8], 422: [7, 1, 13, 16, 6, 0, 4, 17, 5, 12], 423: [11, 9, 8, 12, 19, 18, 16, 0, 15, 10], 424: [2, 14, 10, 18, 12, 7, 9, 6, 5, 16], 425: [11, 1, 4, 16, 3, 0, 19, 15, 12, 6], 426: [13, 12, 11, 7, 3, 16, 2, 6, 10, 14], 427: [8, 3, 12, 14, 7, 5, 16, 4, 2, 17], 428: [16, 18, 7, 1, 14, 10, 3, 17, 2, 12], 429: [18, 2, 13, 19, 0, 15, 7, 8, 5, 16], 430: [7, 14, 18, 3, 19, 17, 11, 5, 13, 0], 431: [2, 11, 14, 0, 12, 19, 1, 9, 10, 6], 432: [10, 6, 15, 17, 12, 5, 2, 14, 7, 13], 433: [15, 18, 11, 9, 1, 14, 10, 16, 13, 19], 434: [1, 12, 10, 8, 13, 7, 14, 16, 3, 6], 435: [19, 6, 8, 15, 9, 1, 17, 14, 13, 12], 436: [16, 2, 7, 5, 1, 4, 19, 12, 3, 9], 437: [2, 0, 14, 16, 15, 11, 5, 10, 8, 6], 438: [9, 14, 6, 10, 0, 17, 15, 7, 3, 4], 439: [4, 15, 16, 0, 11, 7, 9, 18, 8, 12], 440: [16, 0, 15, 2, 18, 4, 12, 19, 17, 6], 441: [16, 13, 2, 3, 12, 4, 0, 15, 7, 14], 442: [15, 19, 2, 16, 17, 14, 0, 8, 5, 6], 443: [6, 19, 9, 18, 7, 17, 8, 12, 1, 2], 444: [17, 8, 4, 19, 13, 2, 5, 10, 16, 9], 445: [14, 4, 17, 10, 11, 16, 8, 18, 1, 7], 446: [0, 10, 5, 11, 8, 3, 12, 14, 1, 19], 447: [5, 11, 1, 14, 8, 7, 18, 3, 13, 16], 448: [10, 13, 18, 8, 9, 19, 16, 17, 5, 14], 449: [8, 18, 19, 14, 11, 13, 15, 0, 16, 4], 450: [16, 8, 2, 9, 11, 13, 1, 6, 3, 14], 451: [3, 0, 16, 10, 9, 13, 12, 1, 5, 11], 452: [8, 15, 19, 4, 17, 3, 0, 2, 9, 6], 453: [14, 16, 8, 5, 0, 9, 4, 13, 6, 10], 454: [0, 12, 4, 15, 16, 14, 2, 10, 7, 1], 455: [10, 15, 2, 4, 1, 8, 6, 3, 5, 13], 456: [14, 12, 15, 10, 0, 6, 11, 8, 13, 1], 457: [3, 18, 4, 8, 0, 14, 9, 2, 17, 10], 458: [1, 17, 6, 15, 12, 14, 8, 7, 13, 5], 459: [10, 12, 15, 1, 17, 13, 8, 14, 16, 7], 460: [19, 1, 15, 11, 17, 16, 10, 2, 8, 6], 461: [19, 15, 17, 3, 9, 2, 6, 13, 7, 0], 462: [12, 19, 3, 6, 0, 15, 18, 9, 4, 2], 463: [8, 5, 14, 19, 1, 6, 18, 15, 0, 2], 464: [8, 19, 4, 2, 10, 17, 11, 1, 0, 7], 465: [8, 7, 10, 18, 1, 15, 19, 13, 11, 12], 466: [5, 4, 6, 18, 16, 13, 19, 11, 10, 0], 467: [14, 8, 5, 18, 11, 2, 9, 10, 7, 6], 468: [0, 8, 6, 17, 12, 16, 10, 15, 1, 11], 469: [10, 9, 1, 2, 16, 12, 6, 0, 5, 17], 470: [9, 10, 13, 1, 6, 4, 7, 15, 3, 2], 471: [7, 19, 12, 3, 15, 8, 14, 17, 6, 9], 472: [10, 7, 1, 4, 13, 17, 12, 15, 11, 5], 473: [17, 12, 19, 16, 2, 4, 1, 18, 3, 8], 474: [15, 10, 14, 5, 18, 19, 6, 0, 13, 4], 475: [6, 5, 18, 12, 9, 19, 17, 2, 0, 1], 476: [16, 8, 10, 15, 11, 5, 1, 9, 12, 2], 477: [12, 19, 5, 6, 14, 10, 17, 3, 7, 4], 478: [2, 10, 6, 9, 4, 13, 16, 7, 18, 14], 479: [5, 1, 8, 12, 18, 11, 14, 9, 3, 0], 480: [8, 6, 19, 9, 1, 5, 17, 15, 0, 14], 481: [7, 12, 13, 8, 5, 4, 2, 14, 3, 15], 482: [6, 5, 1, 13, 4, 19, 14, 3, 12, 10], 483: [5, 14, 8, 13, 9, 1, 7, 2, 11, 6], 484: [17, 5, 1, 19, 0, 4, 9, 15, 12, 7], 485: [5, 19, 11, 14, 2, 6, 16, 7, 12, 8], 486: [0, 14, 15, 10, 1, 6, 11, 12, 2, 5], 487: [1, 9, 15, 5, 2, 11, 3, 7, 16, 6], 488: [14, 2, 11, 8, 3, 4, 16, 1, 7, 15], 489: [2, 11, 0, 15, 7, 5, 9, 18, 1, 16], 490: [2, 12, 13, 8, 16, 17, 6, 5, 0, 18], 491: [6, 4, 11, 12, 10, 14, 5, 17, 2, 1], 492: [16, 19, 2, 13, 1, 3, 18, 5, 7, 12], 493: [13, 14, 4, 17, 5, 19, 18, 7, 15, 8], 494: [18, 4, 1, 17, 15, 2, 6, 3, 9, 10], 495: [1, 15, 5, 11, 7, 14, 16, 9, 0, 4], 496: [3, 7, 1, 12, 15, 11, 4, 18, 6, 16], 497: [8, 9, 0, 14, 4, 15, 5, 1, 2, 19], 498: [17, 6, 5, 4, 11, 19, 14, 8, 16, 18], 499: [8, 13, 18, 2, 0, 16, 19, 17, 9, 14], 500: [8, 2, 12, 9, 17, 18, 3, 19, 10, 0]}
*************************** 2.server FedAAW select_clients ***************************

INFO:----------fix client id is :group is 0 select id list is: [0, 1, 2, 3, 6, 7, 9, 12, 13, 17] <class 'flcore.clients.client_aaw.clientAAW'>
**************************round is 0* 3.FedAAW init_weight_vector ***************************

*************************** 4.FedAAW send_models,client.local_initialization ***************************

Traceback (most recent call last):
  File "/Users/alice/Desktop/python/PFL/system/main.py", line 477, in <module>
    run(args)
  File "/Users/alice/Desktop/python/PFL/system/main.py", line 296, in run
    server.train()
  File "/Users/alice/Desktop/python/PFL/system/flcore/servers/server_aaw.py", line 78, in train
    self.send_models(i)
  File "/Users/alice/Desktop/python/PFL/system/flcore/servers/server_aaw.py", line 180, in send_models
    client.local_initialization(self.global_model,round)
  File "/Users/alice/Desktop/python/PFL/system/flcore/clients/client_aaw.py", line 100, in local_initialization
    self.AAW.adaptive_aggregation_weight(received_global_model, self.model,round)
  File "/Users/alice/Desktop/python/PFL/system/utils/AAW.py", line 152, in adaptive_aggregation_weight
    loss_value = self.loss(output, y)  # 计算损失值
  File "/Users/alice/opt/anaconda3/lib/python3.8/site-packages/torch/nn/modules/module.py", line 1501, in _call_impl
    return forward_call(*args, **kwargs)
  File "/Users/alice/opt/anaconda3/lib/python3.8/site-packages/torch/nn/modules/loss.py", line 1174, in forward
    return F.cross_entropy(input, target, weight=self.weight,
  File "/Users/alice/opt/anaconda3/lib/python3.8/site-packages/torch/nn/functional.py", line 3029, in cross_entropy
    return torch._C._nn.cross_entropy_loss(input, target, weight, _Reduction.get_enum(reduction), ignore_index, label_smoothing)
IndexError: Target 12 is out of bounds.
