/Users/alice/opt/anaconda3/lib/python3.8/site-packages/torchvision/io/image.py:13: UserWarning: Failed to load image Python extension: 'dlopen(/Users/alice/opt/anaconda3/lib/python3.8/site-packages/torchvision/image.so, 6): Library not loaded: @rpath/libpng16.16.dylib
  Referenced from: /Users/alice/opt/anaconda3/lib/python3.8/site-packages/torchvision/image.so
  Reason: Incompatible library version: image.so requires version 56.0.0 or later, but libpng16.16.dylib provides version 54.0.0'If you don't plan on using image functionality from `torchvision.io`, you can ignore this warning. Otherwise, there might be something wrong with your environment. Did you have `libjpeg` or `libpng` installed before building `torchvision` from source?
  warn(
/Users/alice/Desktop/python/PFL/system /Users/alice/Desktop/python/PFL
/Users/alice/Desktop/python/PFL/system /Users/alice/Desktop/python/PFL

cuda is not avaiable.

==================================================
Algorithm: FedProto
Local batch size: 10
Local steps: 1
Local learing rate: 0.005
Local learing rate decay: False
Total number of clients: 20
Clients join in each round: 0.5
Clients randomly join: False
Client drop rate: 0.0
Client select regarding time: False
Running times: 1
Dataset: Cifar10
Number of classes: 10
Backbone: cnn
Using device: cpu
Using DP: False
Auto break: False
Global rounds: 100
DLG attack: False
Total number of new clients: 0
Fine tuning epoches on new clients: 0
==================================================

============= Running time: 0th =============
Creating server and clients ...
FedAvgCNN(
  (conv1): Sequential(
    (0): Conv2d(3, 32, kernel_size=(5, 5), stride=(1, 1))
    (1): ReLU(inplace=True)
    (2): MaxPool2d(kernel_size=(2, 2), stride=(2, 2), padding=0, dilation=1, ceil_mode=False)
  )
  (conv2): Sequential(
    (0): Conv2d(32, 64, kernel_size=(5, 5), stride=(1, 1))
    (1): ReLU(inplace=True)
    (2): MaxPool2d(kernel_size=(2, 2), stride=(2, 2), padding=0, dilation=1, ceil_mode=False)
  )
  (fc1): Sequential(
    (0): Linear(in_features=1600, out_features=512, bias=True)
    (1): ReLU(inplace=True)
  )
  (fc): Linear(in_features=512, out_features=10, bias=True)
)
INFO:------------------------args.algorithm is:FedProto-----------------------
**************************1.INfo,set_clients ,init data********************

Join ratio / total clients: 0.5 / 20
Finished creating server and clients.
*************************** FedProto train ***************************
-------------------------------------------------------------------------write exe canshu,txt path is /Users/alice/Desktop/python/PFL//res/FedProto/Cifar10_canshu.csv
INFO:---------Using fix select id list--------------------------------
{0: [1, 13, 4, 12, 2, 3, 15, 9, 16, 7], 1: [19, 3, 9, 16, 14, 18, 1, 2, 4, 17], 2: [11, 15, 8, 1, 7, 10, 0, 17, 5, 6], 3: [7, 12, 4, 2, 10, 16, 8, 14, 15, 9], 4: [17, 14, 18, 10, 6, 0, 16, 19, 15, 2], 5: [0, 7, 17, 8, 11, 10, 5, 3, 18, 2], 6: [8, 0, 1, 4, 12, 15, 14, 9, 2, 10], 7: [4, 17, 7, 6, 16, 13, 18, 9, 0, 2], 8: [7, 1, 15, 16, 14, 13, 19, 10, 11, 4], 9: [14, 9, 8, 15, 11, 17, 2, 10, 6, 5], 10: [16, 13, 11, 4, 8, 3, 17, 5, 0, 15], 11: [11, 2, 15, 8, 18, 0, 6, 5, 12, 1], 12: [10, 17, 8, 13, 15, 0, 6, 4, 18, 2], 13: [9, 13, 17, 16, 14, 15, 4, 12, 0, 7], 14: [19, 15, 17, 7, 5, 3, 10, 14, 0, 9], 15: [11, 4, 2, 8, 13, 10, 6, 15, 14, 16], 16: [12, 1, 14, 0, 16, 9, 13, 19, 5, 8], 17: [7, 5, 8, 14, 3, 15, 10, 4, 0, 2], 18: [3, 9, 15, 8, 2, 1, 12, 11, 4, 16], 19: [5, 10, 18, 14, 9, 3, 1, 16, 8, 12], 20: [5, 9, 7, 14, 13, 0, 12, 19, 2, 18], 21: [19, 7, 8, 5, 12, 0, 1, 17, 6, 18], 22: [12, 5, 10, 11, 6, 17, 7, 9, 19, 2], 23: [0, 2, 6, 12, 15, 11, 9, 18, 8, 16], 24: [11, 15, 4, 6, 13, 3, 1, 17, 0, 2], 25: [13, 14, 12, 4, 18, 19, 1, 15, 7, 6], 26: [8, 5, 16, 0, 17, 19, 15, 18, 1, 3], 27: [14, 5, 0, 1, 12, 4, 16, 17, 8, 13], 28: [10, 3, 13, 0, 8, 19, 14, 7, 18, 15], 29: [8, 2, 12, 17, 10, 14, 16, 9, 5, 3], 30: [11, 6, 17, 18, 1, 12, 16, 7, 0, 8], 31: [4, 3, 9, 19, 14, 11, 10, 18, 15, 17], 32: [11, 0, 2, 10, 15, 3, 6, 18, 4, 19], 33: [9, 2, 14, 13, 16, 7, 17, 11, 8, 15], 34: [13, 11, 16, 14, 2, 9, 19, 4, 1, 8], 35: [3, 18, 2, 19, 16, 1, 13, 5, 4, 12], 36: [2, 6, 19, 8, 4, 16, 5, 18, 1, 13], 37: [15, 12, 8, 16, 2, 10, 3, 14, 13, 6], 38: [18, 1, 4, 2, 10, 14, 5, 9, 16, 3], 39: [14, 6, 1, 2, 11, 15, 12, 8, 5, 16], 40: [4, 12, 15, 16, 7, 18, 10, 11, 2, 19], 41: [9, 17, 8, 14, 12, 13, 11, 6, 4, 7], 42: [2, 18, 7, 9, 13, 16, 15, 0, 10, 5], 43: [14, 9, 11, 17, 2, 15, 6, 7, 18, 0], 44: [16, 8, 0, 19, 13, 4, 1, 18, 14, 17], 45: [19, 14, 9, 15, 17, 0, 4, 10, 11, 7], 46: [15, 18, 17, 11, 12, 14, 13, 8, 0, 1], 47: [3, 17, 2, 4, 9, 10, 8, 18, 15, 12], 48: [16, 1, 5, 9, 7, 18, 4, 0, 2, 10], 49: [2, 7, 5, 9, 3, 12, 10, 19, 0, 8], 50: [14, 13, 16, 4, 2, 6, 1, 11, 17, 12], 51: [12, 13, 10, 3, 5, 2, 18, 0, 4, 1], 52: [1, 14, 3, 5, 18, 4, 7, 13, 11, 6], 53: [6, 14, 19, 16, 11, 10, 5, 13, 18, 15], 54: [9, 12, 3, 6, 8, 17, 19, 14, 18, 16], 55: [7, 2, 14, 6, 5, 4, 1, 12, 19, 3], 56: [9, 18, 0, 15, 2, 5, 10, 14, 1, 7], 57: [8, 13, 15, 9, 12, 11, 5, 14, 17, 2], 58: [9, 4, 16, 7, 10, 1, 5, 11, 12, 17], 59: [0, 5, 6, 19, 3, 13, 17, 10, 8, 11], 60: [16, 8, 0, 4, 15, 1, 13, 3, 6, 10], 61: [5, 10, 1, 2, 18, 14, 6, 0, 3, 9], 62: [13, 17, 2, 0, 7, 12, 10, 5, 19, 8], 63: [4, 18, 17, 16, 8, 9, 2, 12, 11, 5], 64: [1, 2, 19, 10, 12, 15, 0, 18, 13, 8], 65: [4, 14, 8, 11, 6, 19, 1, 13, 12, 7], 66: [6, 10, 1, 15, 16, 0, 14, 12, 8, 7], 67: [12, 17, 2, 8, 16, 11, 5, 6, 7, 13], 68: [6, 17, 13, 19, 14, 4, 10, 12, 11, 18], 69: [19, 0, 3, 1, 12, 8, 6, 14, 10, 16], 70: [6, 13, 17, 10, 7, 16, 14, 11, 8, 4], 71: [5, 15, 16, 17, 1, 18, 2, 0, 14, 10], 72: [6, 7, 9, 19, 2, 18, 11, 5, 4, 3], 73: [16, 2, 13, 10, 1, 14, 0, 6, 4, 7], 74: [16, 0, 18, 9, 3, 10, 7, 4, 11, 6], 75: [13, 10, 9, 12, 8, 0, 17, 7, 1, 14], 76: [15, 19, 17, 18, 11, 10, 7, 1, 8, 5], 77: [17, 3, 8, 15, 18, 2, 12, 10, 9, 7], 78: [18, 5, 7, 3, 9, 14, 13, 0, 4, 12], 79: [9, 12, 10, 0, 11, 1, 8, 16, 14, 2], 80: [3, 16, 17, 15, 9, 13, 19, 0, 7, 6], 81: [8, 1, 17, 9, 11, 3, 16, 4, 15, 0], 82: [16, 18, 15, 12, 14, 8, 9, 2, 13, 17], 83: [16, 17, 10, 2, 8, 7, 15, 6, 3, 1], 84: [9, 10, 5, 8, 0, 1, 6, 13, 14, 16], 85: [7, 4, 13, 18, 0, 1, 8, 16, 5, 15], 86: [19, 2, 16, 1, 8, 11, 12, 4, 0, 9], 87: [10, 5, 11, 8, 14, 7, 17, 9, 6, 18], 88: [15, 4, 9, 6, 8, 19, 17, 18, 16, 11], 89: [19, 12, 2, 18, 3, 7, 6, 13, 16, 17], 90: [4, 3, 13, 15, 0, 12, 14, 9, 16, 8], 91: [2, 4, 18, 1, 8, 10, 6, 15, 13, 19], 92: [7, 5, 10, 0, 8, 9, 15, 3, 19, 11], 93: [3, 11, 0, 10, 13, 2, 19, 1, 12, 4], 94: [18, 6, 12, 3, 9, 10, 13, 15, 19, 11], 95: [6, 3, 11, 0, 17, 9, 13, 19, 8, 7], 96: [4, 19, 15, 2, 8, 6, 3, 11, 12, 10], 97: [10, 4, 1, 19, 11, 12, 16, 14, 13, 8], 98: [3, 19, 10, 13, 8, 0, 5, 4, 14, 18], 99: [0, 17, 6, 7, 11, 1, 15, 14, 5, 3], 100: [11, 2, 13, 9, 14, 12, 4, 18, 19, 0]}
*************************** 2.server FedProto select_clients ***************************

INFO:----------fix client id is :group is 0 select id list is: [1, 2, 3, 4, 7, 9, 12, 13, 15, 16] <class 'flcore.clients.clientproto.clientProto'>

-------------Round number: 0-------------

Evaluate personalized models
Averaged Train Loss: 2.3039
Averaged Test Accurancy: 0.0000
Std Test Accurancy: 0.0000
-------------------------------------------------- 161.1181492805481
*************************** 2.server FedProto select_clients ***************************

INFO:----------fix client id is :group is 1 select id list is: [1, 2, 3, 4, 9, 14, 16, 17, 18, 19] <class 'flcore.clients.clientproto.clientProto'>

-------------Round number: 1-------------

Evaluate personalized models
Averaged Train Loss: 1.4792
Averaged Test Accurancy: 0.2631
Std Test Accurancy: 0.3290
-------------------------------------------------- 176.58037972450256
*************************** 2.server FedProto select_clients ***************************

INFO:----------fix client id is :group is 2 select id list is: [0, 1, 5, 6, 7, 8, 10, 11, 15, 17] <class 'flcore.clients.clientproto.clientProto'>

-------------Round number: 2-------------

Evaluate personalized models
Averaged Train Loss: 0.9265
Averaged Test Accurancy: 0.5640
Std Test Accurancy: 0.3678
-------------------------------------------------- 154.15462708473206
*************************** 2.server FedProto select_clients ***************************

INFO:----------fix client id is :group is 3 select id list is: [2, 4, 7, 8, 9, 10, 12, 14, 15, 16] <class 'flcore.clients.clientproto.clientProto'>

-------------Round number: 3-------------

Evaluate personalized models
Averaged Train Loss: 0.5823
Averaged Test Accurancy: 0.5751
Std Test Accurancy: 0.3011
-------------------------------------------------- 175.86316204071045
*************************** 2.server FedProto select_clients ***************************

INFO:----------fix client id is :group is 4 select id list is: [0, 2, 6, 10, 14, 15, 16, 17, 18, 19] <class 'flcore.clients.clientproto.clientProto'>

-------------Round number: 4-------------

Evaluate personalized models
Averaged Train Loss: 0.5313
Averaged Test Accurancy: 0.6629
Std Test Accurancy: 0.2978
-------------------------------------------------- 160.7444007396698
*************************** 2.server FedProto select_clients ***************************

INFO:----------fix client id is :group is 5 select id list is: [0, 2, 3, 5, 7, 8, 10, 11, 17, 18] <class 'flcore.clients.clientproto.clientProto'>

-------------Round number: 5-------------

Evaluate personalized models
Averaged Train Loss: 0.5229
Averaged Test Accurancy: 0.4688
Std Test Accurancy: 0.3355
-------------------------------------------------- 155.77792310714722
*************************** 2.server FedProto select_clients ***************************

INFO:----------fix client id is :group is 6 select id list is: [0, 1, 2, 4, 8, 9, 10, 12, 14, 15] <class 'flcore.clients.clientproto.clientProto'>

-------------Round number: 6-------------

Evaluate personalized models
Averaged Train Loss: 0.5055
Averaged Test Accurancy: 0.6117
Std Test Accurancy: 0.3074
-------------------------------------------------- 165.56746006011963
*************************** 2.server FedProto select_clients ***************************

INFO:----------fix client id is :group is 7 select id list is: [0, 2, 4, 6, 7, 9, 13, 16, 17, 18] <class 'flcore.clients.clientproto.clientProto'>

-------------Round number: 7-------------

Evaluate personalized models
Averaged Train Loss: 0.4871
Averaged Test Accurancy: 0.6408
Std Test Accurancy: 0.2752
-------------------------------------------------- 164.82486033439636
*************************** 2.server FedProto select_clients ***************************

INFO:----------fix client id is :group is 8 select id list is: [1, 4, 7, 10, 11, 13, 14, 15, 16, 19] <class 'flcore.clients.clientproto.clientProto'>

-------------Round number: 8-------------

Evaluate personalized models
Averaged Train Loss: 0.4884
Averaged Test Accurancy: 0.4315
Std Test Accurancy: 0.3344
-------------------------------------------------- 168.64201593399048
*************************** 2.server FedProto select_clients ***************************

INFO:----------fix client id is :group is 9 select id list is: [2, 5, 6, 8, 9, 10, 11, 14, 15, 17] <class 'flcore.clients.clientproto.clientProto'>

-------------Round number: 9-------------

Evaluate personalized models
Averaged Train Loss: 0.4689
Averaged Test Accurancy: 0.6261
Std Test Accurancy: 0.2249
-------------------------------------------------- 188.2620940208435
*************************** 2.server FedProto select_clients ***************************

INFO:----------fix client id is :group is 10 select id list is: [0, 3, 4, 5, 8, 11, 13, 15, 16, 17] <class 'flcore.clients.clientproto.clientProto'>

-------------Round number: 10-------------

Evaluate personalized models
Averaged Train Loss: 0.4561
Averaged Test Accurancy: 0.7557
Std Test Accurancy: 0.1970
-------------------------------------------------- 205.06227803230286
*************************** 2.server FedProto select_clients ***************************

INFO:----------fix client id is :group is 11 select id list is: [0, 1, 2, 5, 6, 8, 11, 12, 15, 18] <class 'flcore.clients.clientproto.clientProto'>

-------------Round number: 11-------------

Evaluate personalized models
Averaged Train Loss: 0.4481
Averaged Test Accurancy: 0.6234
Std Test Accurancy: 0.2397
-------------------------------------------------- 203.78027987480164
*************************** 2.server FedProto select_clients ***************************

INFO:----------fix client id is :group is 12 select id list is: [0, 2, 4, 6, 8, 10, 13, 15, 17, 18] <class 'flcore.clients.clientproto.clientProto'>

-------------Round number: 12-------------

Evaluate personalized models
Averaged Train Loss: 0.4336
Averaged Test Accurancy: 0.7761
Std Test Accurancy: 0.1867
-------------------------------------------------- 194.81353282928467
*************************** 2.server FedProto select_clients ***************************

INFO:----------fix client id is :group is 13 select id list is: [0, 4, 7, 9, 12, 13, 14, 15, 16, 17] <class 'flcore.clients.clientproto.clientProto'>

-------------Round number: 13-------------

Evaluate personalized models
Averaged Train Loss: 0.4301
Averaged Test Accurancy: 0.7082
Std Test Accurancy: 0.2098
-------------------------------------------------- 215.3723759651184
*************************** 2.server FedProto select_clients ***************************

INFO:----------fix client id is :group is 14 select id list is: [0, 3, 5, 7, 9, 10, 14, 15, 17, 19] <class 'flcore.clients.clientproto.clientProto'>

-------------Round number: 14-------------

Evaluate personalized models
Averaged Train Loss: 0.4207
Averaged Test Accurancy: 0.6654
Std Test Accurancy: 0.1875
-------------------------------------------------- 196.31079292297363
*************************** 2.server FedProto select_clients ***************************

INFO:----------fix client id is :group is 15 select id list is: [2, 4, 6, 8, 10, 11, 13, 14, 15, 16] <class 'flcore.clients.clientproto.clientProto'>

-------------Round number: 15-------------

Evaluate personalized models
Averaged Train Loss: 0.4165
Averaged Test Accurancy: 0.6770
Std Test Accurancy: 0.1918
-------------------------------------------------- 187.99629712104797
*************************** 2.server FedProto select_clients ***************************

INFO:----------fix client id is :group is 16 select id list is: [0, 1, 5, 8, 9, 12, 13, 14, 16, 19] <class 'flcore.clients.clientproto.clientProto'>

-------------Round number: 16-------------

Evaluate personalized models
Averaged Train Loss: 0.4094
Averaged Test Accurancy: 0.7014
Std Test Accurancy: 0.2078
-------------------------------------------------- 202.43350791931152
*************************** 2.server FedProto select_clients ***************************

INFO:----------fix client id is :group is 17 select id list is: [0, 2, 3, 4, 5, 7, 8, 10, 14, 15] <class 'flcore.clients.clientproto.clientProto'>

-------------Round number: 17-------------

Evaluate personalized models
Averaged Train Loss: 0.4064
Averaged Test Accurancy: 0.5704
Std Test Accurancy: 0.2239
-------------------------------------------------- 196.1257290840149
*************************** 2.server FedProto select_clients ***************************

INFO:----------fix client id is :group is 18 select id list is: [1, 2, 3, 4, 8, 9, 11, 12, 15, 16] <class 'flcore.clients.clientproto.clientProto'>

-------------Round number: 18-------------

Evaluate personalized models
Averaged Train Loss: 0.3985
Averaged Test Accurancy: 0.7262
Std Test Accurancy: 0.1922
-------------------------------------------------- 207.9896261692047
*************************** 2.server FedProto select_clients ***************************

INFO:----------fix client id is :group is 19 select id list is: [1, 3, 5, 8, 9, 10, 12, 14, 16, 18] <class 'flcore.clients.clientproto.clientProto'>

-------------Round number: 19-------------

Evaluate personalized models
Averaged Train Loss: 0.3917
Averaged Test Accurancy: 0.7760
Std Test Accurancy: 0.1813
-------------------------------------------------- 218.64653277397156
*************************** 2.server FedProto select_clients ***************************

INFO:----------fix client id is :group is 20 select id list is: [0, 2, 5, 7, 9, 12, 13, 14, 18, 19] <class 'flcore.clients.clientproto.clientProto'>

-------------Round number: 20-------------

Evaluate personalized models
Averaged Train Loss: 0.3863
Averaged Test Accurancy: 0.7853
Std Test Accurancy: 0.1721
-------------------------------------------------- 203.54193687438965
*************************** 2.server FedProto select_clients ***************************

INFO:----------fix client id is :group is 21 select id list is: [0, 1, 5, 6, 7, 8, 12, 17, 18, 19] <class 'flcore.clients.clientproto.clientProto'>

-------------Round number: 21-------------

Evaluate personalized models
Averaged Train Loss: 0.3860
Averaged Test Accurancy: 0.5244
Std Test Accurancy: 0.2307
-------------------------------------------------- 204.97955298423767
*************************** 2.server FedProto select_clients ***************************

INFO:----------fix client id is :group is 22 select id list is: [2, 5, 6, 7, 9, 10, 11, 12, 17, 19] <class 'flcore.clients.clientproto.clientProto'>

-------------Round number: 22-------------

Evaluate personalized models
Averaged Train Loss: 0.3781
Averaged Test Accurancy: 0.7044
Std Test Accurancy: 0.1610
-------------------------------------------------- 192.22655296325684
*************************** 2.server FedProto select_clients ***************************

INFO:----------fix client id is :group is 23 select id list is: [0, 2, 6, 8, 9, 11, 12, 15, 16, 18] <class 'flcore.clients.clientproto.clientProto'>

-------------Round number: 23-------------

Evaluate personalized models
Averaged Train Loss: 0.3734
Averaged Test Accurancy: 0.6982
Std Test Accurancy: 0.1797
-------------------------------------------------- 206.39101696014404
*************************** 2.server FedProto select_clients ***************************

INFO:----------fix client id is :group is 24 select id list is: [0, 1, 2, 3, 4, 6, 11, 13, 15, 17] <class 'flcore.clients.clientproto.clientProto'>

-------------Round number: 24-------------

Evaluate personalized models
Averaged Train Loss: 0.3665
Averaged Test Accurancy: 0.7913
Std Test Accurancy: 0.1462
-------------------------------------------------- 181.40041303634644
*************************** 2.server FedProto select_clients ***************************

INFO:----------fix client id is :group is 25 select id list is: [1, 4, 6, 7, 12, 13, 14, 15, 18, 19] <class 'flcore.clients.clientproto.clientProto'>

-------------Round number: 25-------------

Evaluate personalized models
Averaged Train Loss: 0.3630
Averaged Test Accurancy: 0.7121
Std Test Accurancy: 0.1756
-------------------------------------------------- 211.53893780708313
*************************** 2.server FedProto select_clients ***************************

INFO:----------fix client id is :group is 26 select id list is: [0, 1, 3, 5, 8, 15, 16, 17, 18, 19] <class 'flcore.clients.clientproto.clientProto'>

-------------Round number: 26-------------

Evaluate personalized models
Averaged Train Loss: 0.3589
Averaged Test Accurancy: 0.6765
Std Test Accurancy: 0.1235
-------------------------------------------------- 206.39873385429382
*************************** 2.server FedProto select_clients ***************************

INFO:----------fix client id is :group is 27 select id list is: [0, 1, 4, 5, 8, 12, 13, 14, 16, 17] <class 'flcore.clients.clientproto.clientProto'>

-------------Round number: 27-------------

Evaluate personalized models
Averaged Train Loss: 0.3540
Averaged Test Accurancy: 0.7438
Std Test Accurancy: 0.1573
-------------------------------------------------- 209.2076380252838
*************************** 2.server FedProto select_clients ***************************

INFO:----------fix client id is :group is 28 select id list is: [0, 3, 7, 8, 10, 13, 14, 15, 18, 19] <class 'flcore.clients.clientproto.clientProto'>

-------------Round number: 28-------------

Evaluate personalized models
Averaged Train Loss: 0.3501
Averaged Test Accurancy: 0.7178
Std Test Accurancy: 0.1775
-------------------------------------------------- 193.4414577484131
*************************** 2.server FedProto select_clients ***************************

INFO:----------fix client id is :group is 29 select id list is: [2, 3, 5, 8, 9, 10, 12, 14, 16, 17] <class 'flcore.clients.clientproto.clientProto'>

-------------Round number: 29-------------

Evaluate personalized models
Averaged Train Loss: 0.3470
Averaged Test Accurancy: 0.7482
Std Test Accurancy: 0.1351
-------------------------------------------------- 205.40351796150208
*************************** 2.server FedProto select_clients ***************************

INFO:----------fix client id is :group is 30 select id list is: [0, 1, 6, 7, 8, 11, 12, 16, 17, 18] <class 'flcore.clients.clientproto.clientProto'>

-------------Round number: 30-------------

Evaluate personalized models
Averaged Train Loss: 0.3425
Averaged Test Accurancy: 0.7290
Std Test Accurancy: 0.1615
-------------------------------------------------- 202.0675630569458
*************************** 2.server FedProto select_clients ***************************

INFO:----------fix client id is :group is 31 select id list is: [3, 4, 9, 10, 11, 14, 15, 17, 18, 19] <class 'flcore.clients.clientproto.clientProto'>

-------------Round number: 31-------------

Evaluate personalized models
Averaged Train Loss: 0.3384
Averaged Test Accurancy: 0.7793
Std Test Accurancy: 0.1487
-------------------------------------------------- 203.7751340866089
*************************** 2.server FedProto select_clients ***************************

INFO:----------fix client id is :group is 32 select id list is: [0, 2, 3, 4, 6, 10, 11, 15, 18, 19] <class 'flcore.clients.clientproto.clientProto'>

-------------Round number: 32-------------

Evaluate personalized models
Averaged Train Loss: 0.3354
Averaged Test Accurancy: 0.7796
Std Test Accurancy: 0.1434
-------------------------------------------------- 185.7721710205078
*************************** 2.server FedProto select_clients ***************************

INFO:----------fix client id is :group is 33 select id list is: [2, 7, 8, 9, 11, 13, 14, 15, 16, 17] <class 'flcore.clients.clientproto.clientProto'>

-------------Round number: 33-------------

Evaluate personalized models
Averaged Train Loss: 0.3310
Averaged Test Accurancy: 0.8251
Std Test Accurancy: 0.1439
-------------------------------------------------- 191.31156086921692
*************************** 2.server FedProto select_clients ***************************

INFO:----------fix client id is :group is 34 select id list is: [1, 2, 4, 8, 9, 11, 13, 14, 16, 19] <class 'flcore.clients.clientproto.clientProto'>

-------------Round number: 34-------------

Evaluate personalized models
Averaged Train Loss: 0.3284
Averaged Test Accurancy: 0.6124
Std Test Accurancy: 0.2099
-------------------------------------------------- 192.5528039932251
*************************** 2.server FedProto select_clients ***************************

INFO:----------fix client id is :group is 35 select id list is: [1, 2, 3, 4, 5, 12, 13, 16, 18, 19] <class 'flcore.clients.clientproto.clientProto'>

-------------Round number: 35-------------

Evaluate personalized models
Averaged Train Loss: 0.3250
Averaged Test Accurancy: 0.6394
Std Test Accurancy: 0.1912
-------------------------------------------------- 213.66501712799072
*************************** 2.server FedProto select_clients ***************************

INFO:----------fix client id is :group is 36 select id list is: [1, 2, 4, 5, 6, 8, 13, 16, 18, 19] <class 'flcore.clients.clientproto.clientProto'>

-------------Round number: 36-------------

Evaluate personalized models
Averaged Train Loss: 0.3214
Averaged Test Accurancy: 0.6867
Std Test Accurancy: 0.1512
-------------------------------------------------- 194.5866301059723
*************************** 2.server FedProto select_clients ***************************

INFO:----------fix client id is :group is 37 select id list is: [2, 3, 6, 8, 10, 12, 13, 14, 15, 16] <class 'flcore.clients.clientproto.clientProto'>

-------------Round number: 37-------------

Evaluate personalized models
Averaged Train Loss: 0.3195
Averaged Test Accurancy: 0.7324
Std Test Accurancy: 0.1450
-------------------------------------------------- 192.5511109828949
*************************** 2.server FedProto select_clients ***************************

INFO:----------fix client id is :group is 38 select id list is: [1, 2, 3, 4, 5, 9, 10, 14, 16, 18] <class 'flcore.clients.clientproto.clientProto'>

-------------Round number: 38-------------

Evaluate personalized models
Averaged Train Loss: 0.3137
Averaged Test Accurancy: 0.7562
Std Test Accurancy: 0.1384
-------------------------------------------------- 201.74107813835144
*************************** 2.server FedProto select_clients ***************************

INFO:----------fix client id is :group is 39 select id list is: [1, 2, 5, 6, 8, 11, 12, 14, 15, 16] <class 'flcore.clients.clientproto.clientProto'>

-------------Round number: 39-------------

Evaluate personalized models
Averaged Train Loss: 0.3118
Averaged Test Accurancy: 0.7684
Std Test Accurancy: 0.1691
-------------------------------------------------- 203.42010712623596
*************************** 2.server FedProto select_clients ***************************

INFO:----------fix client id is :group is 40 select id list is: [2, 4, 7, 10, 11, 12, 15, 16, 18, 19] <class 'flcore.clients.clientproto.clientProto'>

-------------Round number: 40-------------

Evaluate personalized models
Averaged Train Loss: 0.3061
Averaged Test Accurancy: 0.7927
Std Test Accurancy: 0.1376
-------------------------------------------------- 215.89757895469666
*************************** 2.server FedProto select_clients ***************************

INFO:----------fix client id is :group is 41 select id list is: [4, 6, 7, 8, 9, 11, 12, 13, 14, 17] <class 'flcore.clients.clientproto.clientProto'>

-------------Round number: 41-------------

Evaluate personalized models
Averaged Train Loss: 0.3018
Averaged Test Accurancy: 0.8105
Std Test Accurancy: 0.1494
-------------------------------------------------- 204.5418519973755
*************************** 2.server FedProto select_clients ***************************

INFO:----------fix client id is :group is 42 select id list is: [0, 2, 5, 7, 9, 10, 13, 15, 16, 18] <class 'flcore.clients.clientproto.clientProto'>

-------------Round number: 42-------------

Evaluate personalized models
Averaged Train Loss: 0.2990
Averaged Test Accurancy: 0.7042
Std Test Accurancy: 0.1995
-------------------------------------------------- 196.26843857765198
*************************** 2.server FedProto select_clients ***************************

INFO:----------fix client id is :group is 43 select id list is: [0, 2, 6, 7, 9, 11, 14, 15, 17, 18] <class 'flcore.clients.clientproto.clientProto'>

-------------Round number: 43-------------

Evaluate personalized models
Averaged Train Loss: 0.2944
Averaged Test Accurancy: 0.8131
Std Test Accurancy: 0.1462
-------------------------------------------------- 189.09661412239075
*************************** 2.server FedProto select_clients ***************************

INFO:----------fix client id is :group is 44 select id list is: [0, 1, 4, 8, 13, 14, 16, 17, 18, 19] <class 'flcore.clients.clientproto.clientProto'>

-------------Round number: 44-------------

Evaluate personalized models
Averaged Train Loss: 0.2910
Averaged Test Accurancy: 0.8105
Std Test Accurancy: 0.1285
-------------------------------------------------- 199.6902048587799
*************************** 2.server FedProto select_clients ***************************

INFO:----------fix client id is :group is 45 select id list is: [0, 4, 7, 9, 10, 11, 14, 15, 17, 19] <class 'flcore.clients.clientproto.clientProto'>

-------------Round number: 45-------------

Evaluate personalized models
Averaged Train Loss: 0.2906
Averaged Test Accurancy: 0.7778
Std Test Accurancy: 0.1570
-------------------------------------------------- 197.36782789230347
*************************** 2.server FedProto select_clients ***************************

INFO:----------fix client id is :group is 46 select id list is: [0, 1, 8, 11, 12, 13, 14, 15, 17, 18] <class 'flcore.clients.clientproto.clientProto'>

-------------Round number: 46-------------

Evaluate personalized models
Averaged Train Loss: 0.2857
Averaged Test Accurancy: 0.8129
Std Test Accurancy: 0.1437
-------------------------------------------------- 204.72043228149414
*************************** 2.server FedProto select_clients ***************************

INFO:----------fix client id is :group is 47 select id list is: [2, 3, 4, 8, 9, 10, 12, 15, 17, 18] <class 'flcore.clients.clientproto.clientProto'>

-------------Round number: 47-------------

Evaluate personalized models
Averaged Train Loss: 0.2810
Averaged Test Accurancy: 0.8011
Std Test Accurancy: 0.1221
-------------------------------------------------- 212.82296109199524
*************************** 2.server FedProto select_clients ***************************

INFO:----------fix client id is :group is 48 select id list is: [0, 1, 2, 4, 5, 7, 9, 10, 16, 18] <class 'flcore.clients.clientproto.clientProto'>

-------------Round number: 48-------------

Evaluate personalized models
Averaged Train Loss: 0.2778
Averaged Test Accurancy: 0.8237
Std Test Accurancy: 0.1364
-------------------------------------------------- 201.69913792610168
*************************** 2.server FedProto select_clients ***************************

INFO:----------fix client id is :group is 49 select id list is: [0, 2, 3, 5, 7, 8, 9, 10, 12, 19] <class 'flcore.clients.clientproto.clientProto'>

-------------Round number: 49-------------

Evaluate personalized models
Averaged Train Loss: 0.2755
Averaged Test Accurancy: 0.8121
Std Test Accurancy: 0.1636
-------------------------------------------------- 188.94339895248413
*************************** 2.server FedProto select_clients ***************************

INFO:----------fix client id is :group is 50 select id list is: [1, 2, 4, 6, 11, 12, 13, 14, 16, 17] <class 'flcore.clients.clientproto.clientProto'>

-------------Round number: 50-------------

Evaluate personalized models
Averaged Train Loss: 0.2721
Averaged Test Accurancy: 0.8085
Std Test Accurancy: 0.1376
-------------------------------------------------- 192.15461683273315
*************************** 2.server FedProto select_clients ***************************

INFO:----------fix client id is :group is 51 select id list is: [0, 1, 2, 3, 4, 5, 10, 12, 13, 18] <class 'flcore.clients.clientproto.clientProto'>

-------------Round number: 51-------------

Evaluate personalized models
Averaged Train Loss: 0.2695
Averaged Test Accurancy: 0.7010
Std Test Accurancy: 0.2165
-------------------------------------------------- 199.28196096420288
*************************** 2.server FedProto select_clients ***************************

INFO:----------fix client id is :group is 52 select id list is: [1, 3, 4, 5, 6, 7, 11, 13, 14, 18] <class 'flcore.clients.clientproto.clientProto'>

-------------Round number: 52-------------

Evaluate personalized models
Averaged Train Loss: 0.2660
Averaged Test Accurancy: 0.8261
Std Test Accurancy: 0.1439
-------------------------------------------------- 197.3775668144226
*************************** 2.server FedProto select_clients ***************************

INFO:----------fix client id is :group is 53 select id list is: [5, 6, 10, 11, 13, 14, 15, 16, 18, 19] <class 'flcore.clients.clientproto.clientProto'>

-------------Round number: 53-------------

Evaluate personalized models
Averaged Train Loss: 0.2634
Averaged Test Accurancy: 0.8078
Std Test Accurancy: 0.1372
-------------------------------------------------- 196.94861102104187
*************************** 2.server FedProto select_clients ***************************

INFO:----------fix client id is :group is 54 select id list is: [3, 6, 8, 9, 12, 14, 16, 17, 18, 19] <class 'flcore.clients.clientproto.clientProto'>

-------------Round number: 54-------------

Evaluate personalized models
Averaged Train Loss: 0.2597
Averaged Test Accurancy: 0.8260
Std Test Accurancy: 0.1359
-------------------------------------------------- 212.05953788757324
*************************** 2.server FedProto select_clients ***************************

INFO:----------fix client id is :group is 55 select id list is: [1, 2, 3, 4, 5, 6, 7, 12, 14, 19] <class 'flcore.clients.clientproto.clientProto'>

-------------Round number: 55-------------

Evaluate personalized models
Averaged Train Loss: 0.2574
Averaged Test Accurancy: 0.8121
Std Test Accurancy: 0.1440
-------------------------------------------------- 197.00869989395142
*************************** 2.server FedProto select_clients ***************************

INFO:----------fix client id is :group is 56 select id list is: [0, 1, 2, 5, 7, 9, 10, 14, 15, 18] <class 'flcore.clients.clientproto.clientProto'>

-------------Round number: 56-------------

Evaluate personalized models
Averaged Train Loss: 0.2544
Averaged Test Accurancy: 0.7802
Std Test Accurancy: 0.1431
-------------------------------------------------- 189.0836820602417
*************************** 2.server FedProto select_clients ***************************

INFO:----------fix client id is :group is 57 select id list is: [2, 5, 8, 9, 11, 12, 13, 14, 15, 17] <class 'flcore.clients.clientproto.clientProto'>

-------------Round number: 57-------------

Evaluate personalized models
Averaged Train Loss: 0.2504
Averaged Test Accurancy: 0.8116
Std Test Accurancy: 0.1382
-------------------------------------------------- 198.9509608745575
*************************** 2.server FedProto select_clients ***************************

INFO:----------fix client id is :group is 58 select id list is: [1, 4, 5, 7, 9, 10, 11, 12, 16, 17] <class 'flcore.clients.clientproto.clientProto'>

-------------Round number: 58-------------

Evaluate personalized models
Averaged Train Loss: 0.2466
Averaged Test Accurancy: 0.7627
Std Test Accurancy: 0.1693
-------------------------------------------------- 210.3028919696808
*************************** 2.server FedProto select_clients ***************************

INFO:----------fix client id is :group is 59 select id list is: [0, 3, 5, 6, 8, 10, 11, 13, 17, 19] <class 'flcore.clients.clientproto.clientProto'>

-------------Round number: 59-------------

Evaluate personalized models
Averaged Train Loss: 0.2436
Averaged Test Accurancy: 0.7277
Std Test Accurancy: 0.2172
-------------------------------------------------- 174.04608583450317
*************************** 2.server FedProto select_clients ***************************

INFO:----------fix client id is :group is 60 select id list is: [0, 1, 3, 4, 6, 8, 10, 13, 15, 16] <class 'flcore.clients.clientproto.clientProto'>

-------------Round number: 60-------------

Evaluate personalized models
Averaged Train Loss: 0.2409
Averaged Test Accurancy: 0.8109
Std Test Accurancy: 0.1358
-------------------------------------------------- 187.35899591445923
*************************** 2.server FedProto select_clients ***************************

INFO:----------fix client id is :group is 61 select id list is: [0, 1, 2, 3, 5, 6, 9, 10, 14, 18] <class 'flcore.clients.clientproto.clientProto'>

-------------Round number: 61-------------

Evaluate personalized models
Averaged Train Loss: 0.2369
Averaged Test Accurancy: 0.8109
Std Test Accurancy: 0.1318
-------------------------------------------------- 186.48802399635315
*************************** 2.server FedProto select_clients ***************************

INFO:----------fix client id is :group is 62 select id list is: [0, 2, 5, 7, 8, 10, 12, 13, 17, 19] <class 'flcore.clients.clientproto.clientProto'>

-------------Round number: 62-------------

Evaluate personalized models
Averaged Train Loss: 0.2350
Averaged Test Accurancy: 0.8335
Std Test Accurancy: 0.1512
-------------------------------------------------- 181.34856009483337
*************************** 2.server FedProto select_clients ***************************

INFO:----------fix client id is :group is 63 select id list is: [2, 4, 5, 8, 9, 11, 12, 16, 17, 18] <class 'flcore.clients.clientproto.clientProto'>

-------------Round number: 63-------------

Evaluate personalized models
Averaged Train Loss: 0.2319
Averaged Test Accurancy: 0.7983
Std Test Accurancy: 0.1387
-------------------------------------------------- 224.25523710250854
*************************** 2.server FedProto select_clients ***************************

INFO:----------fix client id is :group is 64 select id list is: [0, 1, 2, 8, 10, 12, 13, 15, 18, 19] <class 'flcore.clients.clientproto.clientProto'>

-------------Round number: 64-------------

Evaluate personalized models
Averaged Train Loss: 0.2280
Averaged Test Accurancy: 0.8197
Std Test Accurancy: 0.1355
-------------------------------------------------- 190.09749388694763
*************************** 2.server FedProto select_clients ***************************

INFO:----------fix client id is :group is 65 select id list is: [1, 4, 6, 7, 8, 11, 12, 13, 14, 19] <class 'flcore.clients.clientproto.clientProto'>

-------------Round number: 65-------------

Evaluate personalized models
Averaged Train Loss: 0.2251
Averaged Test Accurancy: 0.8374
Std Test Accurancy: 0.1447
-------------------------------------------------- 190.54411792755127
*************************** 2.server FedProto select_clients ***************************

INFO:----------fix client id is :group is 66 select id list is: [0, 1, 6, 7, 8, 10, 12, 14, 15, 16] <class 'flcore.clients.clientproto.clientProto'>

-------------Round number: 66-------------

Evaluate personalized models
Averaged Train Loss: 0.2225
Averaged Test Accurancy: 0.8001
Std Test Accurancy: 0.1349
-------------------------------------------------- 191.29698204994202
*************************** 2.server FedProto select_clients ***************************

INFO:----------fix client id is :group is 67 select id list is: [2, 5, 6, 7, 8, 11, 12, 13, 16, 17] <class 'flcore.clients.clientproto.clientProto'>

-------------Round number: 67-------------

Evaluate personalized models
Averaged Train Loss: 0.2176
Averaged Test Accurancy: 0.8346
Std Test Accurancy: 0.1327
-------------------------------------------------- 193.94214487075806
*************************** 2.server FedProto select_clients ***************************

INFO:----------fix client id is :group is 68 select id list is: [4, 6, 10, 11, 12, 13, 14, 17, 18, 19] <class 'flcore.clients.clientproto.clientProto'>

-------------Round number: 68-------------

Evaluate personalized models
Averaged Train Loss: 0.2151
Averaged Test Accurancy: 0.7438
Std Test Accurancy: 0.2124
-------------------------------------------------- 201.97671008110046
*************************** 2.server FedProto select_clients ***************************

INFO:----------fix client id is :group is 69 select id list is: [0, 1, 3, 6, 8, 10, 12, 14, 16, 19] <class 'flcore.clients.clientproto.clientProto'>

-------------Round number: 69-------------

Evaluate personalized models
Averaged Train Loss: 0.2131
Averaged Test Accurancy: 0.8313
Std Test Accurancy: 0.1473
-------------------------------------------------- 184.68634390830994
*************************** 2.server FedProto select_clients ***************************

INFO:----------fix client id is :group is 70 select id list is: [4, 6, 7, 8, 10, 11, 13, 14, 16, 17] <class 'flcore.clients.clientproto.clientProto'>

-------------Round number: 70-------------

Evaluate personalized models
Averaged Train Loss: 0.2104
Averaged Test Accurancy: 0.8237
Std Test Accurancy: 0.1430
-------------------------------------------------- 188.15029287338257
*************************** 2.server FedProto select_clients ***************************

INFO:----------fix client id is :group is 71 select id list is: [0, 1, 2, 5, 10, 14, 15, 16, 17, 18] <class 'flcore.clients.clientproto.clientProto'>

-------------Round number: 71-------------

Evaluate personalized models
Averaged Train Loss: 0.2061
Averaged Test Accurancy: 0.7525
Std Test Accurancy: 0.2184
-------------------------------------------------- 198.3915729522705
*************************** 2.server FedProto select_clients ***************************

INFO:----------fix client id is :group is 72 select id list is: [2, 3, 4, 5, 6, 7, 9, 11, 18, 19] <class 'flcore.clients.clientproto.clientProto'>

-------------Round number: 72-------------

Evaluate personalized models
Averaged Train Loss: 0.2039
Averaged Test Accurancy: 0.8209
Std Test Accurancy: 0.1448
-------------------------------------------------- 194.9423213005066
*************************** 2.server FedProto select_clients ***************************

INFO:----------fix client id is :group is 73 select id list is: [0, 1, 2, 4, 6, 7, 10, 13, 14, 16] <class 'flcore.clients.clientproto.clientProto'>

-------------Round number: 73-------------

Evaluate personalized models
Averaged Train Loss: 0.2027
Averaged Test Accurancy: 0.8122
Std Test Accurancy: 0.1780
-------------------------------------------------- 173.81476092338562
*************************** 2.server FedProto select_clients ***************************

INFO:----------fix client id is :group is 74 select id list is: [0, 3, 4, 6, 7, 9, 10, 11, 16, 18] <class 'flcore.clients.clientproto.clientProto'>

-------------Round number: 74-------------

Evaluate personalized models
Averaged Train Loss: 0.1997
Averaged Test Accurancy: 0.8001
Std Test Accurancy: 0.1588
-------------------------------------------------- 192.4351201057434
*************************** 2.server FedProto select_clients ***************************

INFO:----------fix client id is :group is 75 select id list is: [0, 1, 7, 8, 9, 10, 12, 13, 14, 17] <class 'flcore.clients.clientproto.clientProto'>

-------------Round number: 75-------------

Evaluate personalized models
Averaged Train Loss: 0.1960
Averaged Test Accurancy: 0.8406
Std Test Accurancy: 0.1377
-------------------------------------------------- 189.35380721092224
*************************** 2.server FedProto select_clients ***************************

INFO:----------fix client id is :group is 76 select id list is: [1, 5, 7, 8, 10, 11, 15, 17, 18, 19] <class 'flcore.clients.clientproto.clientProto'>

-------------Round number: 76-------------

Evaluate personalized models
Averaged Train Loss: 0.1932
Averaged Test Accurancy: 0.8119
Std Test Accurancy: 0.1294
-------------------------------------------------- 193.57562685012817
*************************** 2.server FedProto select_clients ***************************

INFO:----------fix client id is :group is 77 select id list is: [2, 3, 7, 8, 9, 10, 12, 15, 17, 18] <class 'flcore.clients.clientproto.clientProto'>

-------------Round number: 77-------------

Evaluate personalized models
Averaged Train Loss: 0.1902
Averaged Test Accurancy: 0.8423
Std Test Accurancy: 0.1302
-------------------------------------------------- 209.277193069458
*************************** 2.server FedProto select_clients ***************************

INFO:----------fix client id is :group is 78 select id list is: [0, 3, 4, 5, 7, 9, 12, 13, 14, 18] <class 'flcore.clients.clientproto.clientProto'>

-------------Round number: 78-------------

Evaluate personalized models
Averaged Train Loss: 0.1865
Averaged Test Accurancy: 0.8424
Std Test Accurancy: 0.1304
-------------------------------------------------- 211.70818519592285
*************************** 2.server FedProto select_clients ***************************

INFO:----------fix client id is :group is 79 select id list is: [0, 1, 2, 8, 9, 10, 11, 12, 14, 16] <class 'flcore.clients.clientproto.clientProto'>

-------------Round number: 79-------------

Evaluate personalized models
Averaged Train Loss: 0.1844
Averaged Test Accurancy: 0.8362
Std Test Accurancy: 0.1373
-------------------------------------------------- 183.18761587142944
*************************** 2.server FedProto select_clients ***************************

INFO:----------fix client id is :group is 80 select id list is: [0, 3, 6, 7, 9, 13, 15, 16, 17, 19] <class 'flcore.clients.clientproto.clientProto'>

-------------Round number: 80-------------

Evaluate personalized models
Averaged Train Loss: 0.1807
Averaged Test Accurancy: 0.8160
Std Test Accurancy: 0.1352
-------------------------------------------------- 189.8182830810547
*************************** 2.server FedProto select_clients ***************************

INFO:----------fix client id is :group is 81 select id list is: [0, 1, 3, 4, 8, 9, 11, 15, 16, 17] <class 'flcore.clients.clientproto.clientProto'>

-------------Round number: 81-------------

Evaluate personalized models
Averaged Train Loss: 0.1790
Averaged Test Accurancy: 0.8061
Std Test Accurancy: 0.1557
-------------------------------------------------- 205.11972498893738
*************************** 2.server FedProto select_clients ***************************

INFO:----------fix client id is :group is 82 select id list is: [2, 8, 9, 12, 13, 14, 15, 16, 17, 18] <class 'flcore.clients.clientproto.clientProto'>

-------------Round number: 82-------------

Evaluate personalized models
Averaged Train Loss: 0.1743
Averaged Test Accurancy: 0.8024
Std Test Accurancy: 0.1376
-------------------------------------------------- 215.27944111824036
*************************** 2.server FedProto select_clients ***************************

INFO:----------fix client id is :group is 83 select id list is: [1, 2, 3, 6, 7, 8, 10, 15, 16, 17] <class 'flcore.clients.clientproto.clientProto'>

-------------Round number: 83-------------

Evaluate personalized models
Averaged Train Loss: 0.1710
Averaged Test Accurancy: 0.8327
Std Test Accurancy: 0.1490
-------------------------------------------------- 181.48140501976013
*************************** 2.server FedProto select_clients ***************************

INFO:----------fix client id is :group is 84 select id list is: [0, 1, 5, 6, 8, 9, 10, 13, 14, 16] <class 'flcore.clients.clientproto.clientProto'>

-------------Round number: 84-------------

Evaluate personalized models
Averaged Train Loss: 0.1689
Averaged Test Accurancy: 0.7791
Std Test Accurancy: 0.2156
-------------------------------------------------- 185.01885175704956
*************************** 2.server FedProto select_clients ***************************

INFO:----------fix client id is :group is 85 select id list is: [0, 1, 4, 5, 7, 8, 13, 15, 16, 18] <class 'flcore.clients.clientproto.clientProto'>

-------------Round number: 85-------------

Evaluate personalized models
Averaged Train Loss: 0.1665
Averaged Test Accurancy: 0.8304
Std Test Accurancy: 0.1395
-------------------------------------------------- 184.42597723007202
*************************** 2.server FedProto select_clients ***************************

INFO:----------fix client id is :group is 86 select id list is: [0, 1, 2, 4, 8, 9, 11, 12, 16, 19] <class 'flcore.clients.clientproto.clientProto'>

-------------Round number: 86-------------

Evaluate personalized models
Averaged Train Loss: 0.1628
Averaged Test Accurancy: 0.8455
Std Test Accurancy: 0.1352
-------------------------------------------------- 150.38078784942627
*************************** 2.server FedProto select_clients ***************************

INFO:----------fix client id is :group is 87 select id list is: [5, 6, 7, 8, 9, 10, 11, 14, 17, 18] <class 'flcore.clients.clientproto.clientProto'>

-------------Round number: 87-------------

Evaluate personalized models
Averaged Train Loss: 0.1608
Averaged Test Accurancy: 0.8378
Std Test Accurancy: 0.1408
-------------------------------------------------- 143.96140599250793
*************************** 2.server FedProto select_clients ***************************

INFO:----------fix client id is :group is 88 select id list is: [4, 6, 8, 9, 11, 15, 16, 17, 18, 19] <class 'flcore.clients.clientproto.clientProto'>

-------------Round number: 88-------------

Evaluate personalized models
Averaged Train Loss: 0.1576
Averaged Test Accurancy: 0.8412
Std Test Accurancy: 0.1666
-------------------------------------------------- 144.52218174934387
*************************** 2.server FedProto select_clients ***************************

INFO:----------fix client id is :group is 89 select id list is: [2, 3, 6, 7, 12, 13, 16, 17, 18, 19] <class 'flcore.clients.clientproto.clientProto'>

-------------Round number: 89-------------

Evaluate personalized models
Averaged Train Loss: 0.1556
Averaged Test Accurancy: 0.8473
Std Test Accurancy: 0.1447
-------------------------------------------------- 124.72533702850342
*************************** 2.server FedProto select_clients ***************************

INFO:----------fix client id is :group is 90 select id list is: [0, 3, 4, 8, 9, 12, 13, 14, 15, 16] <class 'flcore.clients.clientproto.clientProto'>

-------------Round number: 90-------------

Evaluate personalized models
Averaged Train Loss: 0.1547
Averaged Test Accurancy: 0.8141
Std Test Accurancy: 0.1372
-------------------------------------------------- 134.40744185447693
*************************** 2.server FedProto select_clients ***************************

INFO:----------fix client id is :group is 91 select id list is: [1, 2, 4, 6, 8, 10, 13, 15, 18, 19] <class 'flcore.clients.clientproto.clientProto'>

-------------Round number: 91-------------

Evaluate personalized models
Averaged Train Loss: 0.1502
Averaged Test Accurancy: 0.8340
Std Test Accurancy: 0.1347
-------------------------------------------------- 123.82180213928223
*************************** 2.server FedProto select_clients ***************************

INFO:----------fix client id is :group is 92 select id list is: [0, 3, 5, 7, 8, 9, 10, 11, 15, 19] <class 'flcore.clients.clientproto.clientProto'>

-------------Round number: 92-------------

Evaluate personalized models
Averaged Train Loss: 0.1483
Averaged Test Accurancy: 0.8534
Std Test Accurancy: 0.1322
-------------------------------------------------- 120.79721784591675
*************************** 2.server FedProto select_clients ***************************

INFO:----------fix client id is :group is 93 select id list is: [0, 1, 2, 3, 4, 10, 11, 12, 13, 19] <class 'flcore.clients.clientproto.clientProto'>

-------------Round number: 93-------------

Evaluate personalized models
Averaged Train Loss: 0.1450
Averaged Test Accurancy: 0.8559
Std Test Accurancy: 0.1334
-------------------------------------------------- 115.78653216362
*************************** 2.server FedProto select_clients ***************************

INFO:----------fix client id is :group is 94 select id list is: [3, 6, 9, 10, 11, 12, 13, 15, 18, 19] <class 'flcore.clients.clientproto.clientProto'>

-------------Round number: 94-------------

Evaluate personalized models
Averaged Train Loss: 0.1428
Averaged Test Accurancy: 0.8379
Std Test Accurancy: 0.1310
-------------------------------------------------- 125.40571594238281
*************************** 2.server FedProto select_clients ***************************

INFO:----------fix client id is :group is 95 select id list is: [0, 3, 6, 7, 8, 9, 11, 13, 17, 19] <class 'flcore.clients.clientproto.clientProto'>

-------------Round number: 95-------------

Evaluate personalized models
Averaged Train Loss: 0.1395
Averaged Test Accurancy: 0.8529
Std Test Accurancy: 0.1284
-------------------------------------------------- 112.12078833580017
*************************** 2.server FedProto select_clients ***************************

INFO:----------fix client id is :group is 96 select id list is: [2, 3, 4, 6, 8, 10, 11, 12, 15, 19] <class 'flcore.clients.clientproto.clientProto'>

-------------Round number: 96-------------

Evaluate personalized models
Averaged Train Loss: 0.1378
Averaged Test Accurancy: 0.8408
Std Test Accurancy: 0.1331
-------------------------------------------------- 123.36603593826294
*************************** 2.server FedProto select_clients ***************************

INFO:----------fix client id is :group is 97 select id list is: [1, 4, 8, 10, 11, 12, 13, 14, 16, 19] <class 'flcore.clients.clientproto.clientProto'>

-------------Round number: 97-------------

Evaluate personalized models
Averaged Train Loss: 0.1341
Averaged Test Accurancy: 0.8536
Std Test Accurancy: 0.1293
-------------------------------------------------- 119.91625189781189
*************************** 2.server FedProto select_clients ***************************

INFO:----------fix client id is :group is 98 select id list is: [0, 3, 4, 5, 8, 10, 13, 14, 18, 19] <class 'flcore.clients.clientproto.clientProto'>

-------------Round number: 98-------------

Evaluate personalized models
Averaged Train Loss: 0.1333
Averaged Test Accurancy: 0.7964
Std Test Accurancy: 0.1530
-------------------------------------------------- 103.57384896278381
*************************** 2.server FedProto select_clients ***************************

INFO:----------fix client id is :group is 99 select id list is: [0, 1, 3, 5, 6, 7, 11, 14, 15, 17] <class 'flcore.clients.clientproto.clientProto'>

-------------Round number: 99-------------

Evaluate personalized models
Averaged Train Loss: 0.1319
Averaged Test Accurancy: 0.8443
Std Test Accurancy: 0.1361
-------------------------------------------------- 101.0759699344635
*************************** 2.server FedProto select_clients ***************************

INFO:----------fix client id is :group is 100 select id list is: [0, 2, 4, 9, 11, 12, 13, 14, 18, 19] <class 'flcore.clients.clientproto.clientProto'>

-------------Round number: 100-------------

Evaluate personalized models
Averaged Train Loss: 0.1281
Averaged Test Accurancy: 0.8151
Std Test Accurancy: 0.1505
-------------------------------------------------- 106.95322108268738

Best accuracy.
0.8559146951016328
183.91973199367524
File path: ../results/Cifar10_FedProto_test_0.h5

Average time cost: 18560.28s.
Length:  101
std for best accurancy: 0.0
mean for best accurancy: 0.8559146951016328
All done!

Storage on cpu
-------------------------------------------------------------------------------
Total Tensors: 423388588 	Used Memory: 845.32M
-------------------------------------------------------------------------------
