/Users/alice/opt/anaconda3/lib/python3.8/site-packages/torchvision/io/image.py:13: UserWarning: Failed to load image Python extension: 'dlopen(/Users/alice/opt/anaconda3/lib/python3.8/site-packages/torchvision/image.so, 6): Library not loaded: @rpath/libpng16.16.dylib
  Referenced from: /Users/alice/opt/anaconda3/lib/python3.8/site-packages/torchvision/image.so
  Reason: Incompatible library version: image.so requires version 56.0.0 or later, but libpng16.16.dylib provides version 54.0.0'If you don't plan on using image functionality from `torchvision.io`, you can ignore this warning. Otherwise, there might be something wrong with your environment. Did you have `libjpeg` or `libpng` installed before building `torchvision` from source?
  warn(
/Users/alice/Desktop/python/PFL/system /Users/alice/Desktop/python/PFL
/Users/alice/Desktop/python/PFL/system /Users/alice/Desktop/python/PFL
2023-06-08 10:26:01.097979: I tensorflow/core/platform/cpu_feature_guard.cc:182] This TensorFlow binary is optimized to use available CPU instructions in performance-critical operations.
To enable the following instructions: AVX2 AVX512F AVX512_VNNI FMA, in other operations, rebuild TensorFlow with the appropriate compiler flags.
/Users/alice/Desktop/python/PFL/system /Users/alice/Desktop/python/PFL

cuda is not avaiable.

==================================================
Algorithm: NewAAW
Local batch size: 10
Local steps: 1
Local learing rate: 0.005
Local learing rate decay: False
Total number of clients: 20
Clients join in each round: 0.5
Clients randomly join: False
Client drop rate: 0.0
Client select regarding time: False
Running times: 1
Dataset: mnist
Number of classes: 10
Backbone: cnn
Using device: cpu
Using DP: False
Auto break: False
Global rounds: 20
DLG attack: False
Total number of new clients: 0
Fine tuning epoches on new clients: 0
==================================================

============= Running time: 0th =============
Creating server and clients ...
FedAvgCNN(
  (conv1): Sequential(
    (0): Conv2d(1, 32, kernel_size=(5, 5), stride=(1, 1))
    (1): ReLU(inplace=True)
    (2): MaxPool2d(kernel_size=(2, 2), stride=(2, 2), padding=0, dilation=1, ceil_mode=False)
  )
  (conv2): Sequential(
    (0): Conv2d(32, 64, kernel_size=(5, 5), stride=(1, 1))
    (1): ReLU(inplace=True)
    (2): MaxPool2d(kernel_size=(2, 2), stride=(2, 2), padding=0, dilation=1, ceil_mode=False)
  )
  (fc1): Sequential(
    (0): Linear(in_features=1024, out_features=512, bias=True)
    (1): ReLU(inplace=True)
  )
  (fc): Linear(in_features=512, out_features=10, bias=True)
)
INFO:------------------------args.algorithm is:NewAAW-----------------------
**************************1.INfo,set_clients ,init data********************

Join ratio / total clients: 0.5 / 20
Finished creating server and clients.
-------------------------------------------------------------------------write exe canshu,txt path is /Users/alice/Desktop/python/PFL//res/NewAAW/mnist_canshu.csv
INFO:---------Using fix select id list--------------------------------
/Users/alice/Desktop/python/PFL//res/selectids/mnist_select_client_ids20_0.5.csv
       2  global_rounds                               id_list
0      3              0   [15, 5, 8, 13, 12, 9, 3, 0, 19, 10]
1      4              1  [13, 1, 15, 14, 6, 2, 16, 10, 8, 18]
2      5              2    [18, 6, 8, 4, 10, 14, 5, 15, 1, 9]
3      6              3  [9, 19, 5, 4, 15, 7, 10, 11, 16, 13]
4      7              4    [3, 14, 16, 9, 6, 8, 5, 0, 13, 15]
..   ...            ...                                   ...
496  499            496   [9, 3, 12, 2, 15, 13, 7, 16, 10, 1]
497  500            497   [16, 0, 10, 6, 3, 11, 7, 13, 1, 15]
498  501            498    [0, 12, 2, 9, 5, 10, 16, 6, 17, 7]
499  502            499   [14, 19, 8, 9, 2, 6, 17, 1, 11, 15]
500  503            500  [10, 6, 16, 17, 18, 2, 14, 9, 5, 19]

[501 rows x 3 columns]
{0: [15, 5, 8, 13, 12, 9, 3, 0, 19, 10], 1: [13, 1, 15, 14, 6, 2, 16, 10, 8, 18], 2: [18, 6, 8, 4, 10, 14, 5, 15, 1, 9], 3: [9, 19, 5, 4, 15, 7, 10, 11, 16, 13], 4: [3, 14, 16, 9, 6, 8, 5, 0, 13, 15], 5: [13, 12, 6, 16, 1, 18, 0, 5, 2, 3], 6: [2, 8, 14, 5, 9, 1, 10, 0, 4, 17], 7: [16, 6, 7, 1, 4, 2, 18, 17, 0, 3], 8: [2, 0, 3, 7, 18, 10, 16, 8, 5, 9], 9: [8, 5, 7, 0, 13, 12, 1, 4, 16, 14], 10: [15, 10, 8, 18, 6, 11, 2, 7, 14, 9], 11: [4, 1, 8, 5, 3, 7, 19, 12, 10, 15], 12: [16, 1, 19, 7, 12, 17, 18, 4, 15, 6], 13: [10, 7, 16, 11, 18, 15, 12, 0, 3, 4], 14: [19, 14, 8, 2, 9, 16, 13, 11, 6, 7], 15: [6, 10, 3, 1, 16, 8, 19, 2, 15, 4], 16: [16, 18, 15, 1, 8, 4, 0, 14, 10, 19], 17: [13, 0, 1, 10, 2, 3, 6, 8, 14, 19], 18: [10, 8, 5, 0, 1, 11, 12, 18, 7, 13], 19: [18, 16, 0, 7, 10, 19, 9, 8, 14, 15], 20: [4, 2, 1, 0, 6, 15, 9, 10, 13, 12], 21: [0, 3, 14, 5, 2, 6, 12, 10, 4, 11], 22: [7, 6, 12, 9, 8, 1, 2, 15, 19, 0], 23: [7, 19, 15, 2, 4, 10, 16, 13, 8, 18], 24: [11, 12, 2, 0, 3, 6, 10, 4, 1, 15], 25: [15, 9, 3, 18, 10, 17, 4, 2, 1, 19], 26: [15, 14, 3, 2, 4, 11, 19, 17, 16, 6], 27: [10, 14, 2, 5, 3, 19, 18, 1, 16, 4], 28: [1, 9, 7, 12, 13, 3, 15, 18, 16, 6], 29: [4, 18, 14, 6, 8, 17, 10, 1, 7, 9], 30: [4, 9, 14, 3, 17, 0, 15, 6, 8, 18], 31: [0, 14, 5, 18, 3, 2, 17, 1, 9, 8], 32: [16, 5, 18, 6, 12, 11, 17, 14, 15, 13], 33: [9, 5, 19, 1, 2, 0, 3, 4, 11, 10], 34: [3, 5, 13, 2, 10, 18, 7, 12, 17, 19], 35: [16, 2, 18, 8, 3, 19, 17, 0, 10, 6], 36: [1, 13, 14, 4, 2, 10, 15, 0, 18, 16], 37: [0, 7, 4, 6, 15, 17, 18, 5, 8, 3], 38: [11, 17, 13, 5, 14, 10, 19, 7, 0, 4], 39: [0, 5, 12, 7, 4, 8, 16, 10, 17, 11], 40: [19, 8, 17, 0, 18, 14, 16, 1, 6, 13], 41: [8, 13, 4, 11, 5, 17, 1, 9, 10, 6], 42: [8, 5, 17, 14, 6, 15, 2, 3, 16, 19], 43: [9, 19, 6, 13, 11, 1, 8, 17, 7, 10], 44: [9, 12, 4, 3, 16, 2, 13, 15, 0, 6], 45: [0, 11, 4, 17, 12, 8, 19, 5, 15, 18], 46: [2, 9, 10, 18, 19, 1, 5, 0, 13, 6], 47: [0, 16, 3, 7, 13, 8, 11, 10, 9, 1], 48: [13, 6, 12, 3, 1, 18, 0, 7, 19, 10], 49: [13, 14, 8, 5, 15, 4, 16, 1, 19, 11], 50: [12, 7, 10, 2, 19, 5, 15, 3, 1, 11], 51: [7, 1, 0, 15, 16, 11, 19, 3, 4, 8], 52: [11, 5, 18, 17, 3, 14, 7, 19, 10, 15], 53: [8, 4, 12, 18, 17, 9, 5, 3, 13, 1], 54: [18, 15, 3, 0, 6, 16, 8, 11, 13, 7], 55: [0, 11, 2, 18, 19, 13, 16, 6, 5, 1], 56: [19, 2, 11, 9, 17, 4, 7, 10, 14, 3], 57: [0, 11, 3, 4, 15, 17, 2, 6, 12, 8], 58: [19, 18, 1, 16, 0, 10, 9, 5, 4, 12], 59: [12, 14, 5, 16, 2, 4, 19, 17, 8, 10], 60: [14, 7, 5, 13, 0, 6, 3, 8, 18, 19], 61: [9, 1, 14, 7, 6, 4, 12, 11, 5, 2], 62: [8, 12, 17, 1, 7, 3, 2, 13, 11, 5], 63: [18, 15, 0, 1, 19, 9, 17, 6, 2, 16], 64: [6, 14, 0, 2, 5, 11, 8, 10, 15, 18], 65: [5, 0, 4, 16, 18, 19, 12, 7, 9, 10], 66: [2, 1, 13, 19, 8, 5, 18, 15, 9, 10], 67: [16, 18, 7, 19, 13, 8, 9, 10, 1, 12], 68: [18, 2, 5, 10, 0, 11, 9, 14, 7, 8], 69: [10, 17, 3, 4, 2, 0, 14, 16, 13, 8], 70: [8, 9, 6, 15, 2, 10, 0, 14, 16, 17], 71: [3, 9, 18, 0, 19, 16, 6, 12, 13, 5], 72: [9, 5, 0, 15, 4, 17, 7, 13, 8, 2], 73: [12, 6, 3, 0, 19, 4, 18, 16, 11, 5], 74: [14, 6, 9, 0, 1, 8, 11, 4, 15, 18], 75: [11, 9, 15, 0, 8, 16, 7, 1, 13, 17], 76: [16, 15, 12, 0, 19, 9, 2, 4, 8, 11], 77: [10, 11, 5, 13, 14, 3, 19, 18, 9, 15], 78: [10, 1, 5, 18, 4, 12, 15, 14, 17, 0], 79: [9, 3, 10, 18, 7, 4, 6, 14, 5, 19], 80: [2, 3, 18, 19, 7, 15, 14, 6, 17, 4], 81: [3, 16, 4, 13, 1, 14, 6, 0, 2, 12], 82: [1, 7, 19, 17, 9, 16, 13, 15, 14, 6], 83: [6, 13, 1, 0, 2, 19, 16, 9, 4, 8], 84: [0, 1, 9, 5, 11, 19, 2, 12, 14, 7], 85: [7, 16, 14, 13, 8, 0, 15, 19, 9, 3], 86: [16, 12, 19, 3, 15, 0, 13, 18, 11, 4], 87: [11, 15, 7, 12, 4, 14, 0, 17, 8, 2], 88: [13, 14, 12, 5, 3, 17, 2, 7, 10, 8], 89: [8, 16, 12, 17, 10, 0, 14, 1, 2, 9], 90: [7, 6, 17, 15, 8, 0, 3, 12, 16, 10], 91: [11, 8, 3, 0, 6, 12, 16, 10, 1, 13], 92: [4, 6, 10, 13, 12, 18, 5, 15, 19, 11], 93: [3, 14, 18, 2, 19, 0, 1, 10, 9, 11], 94: [0, 17, 4, 10, 8, 12, 15, 16, 3, 19], 95: [13, 6, 0, 7, 4, 2, 19, 8, 17, 5], 96: [4, 10, 17, 8, 11, 14, 13, 0, 9, 6], 97: [13, 7, 8, 9, 17, 2, 15, 5, 16, 11], 98: [1, 3, 15, 12, 7, 0, 5, 16, 17, 4], 99: [12, 19, 7, 0, 10, 15, 2, 14, 18, 6], 100: [13, 16, 14, 4, 15, 19, 17, 11, 10, 1], 101: [1, 5, 11, 15, 3, 6, 8, 4, 14, 2], 102: [16, 4, 12, 18, 7, 6, 9, 14, 5, 19], 103: [17, 2, 14, 6, 0, 5, 11, 9, 10, 18], 104: [18, 9, 14, 2, 10, 12, 1, 5, 19, 4], 105: [6, 7, 19, 12, 2, 17, 13, 14, 8, 4], 106: [17, 2, 16, 5, 4, 6, 15, 1, 12, 14], 107: [12, 0, 9, 19, 3, 15, 5, 16, 2, 1], 108: [3, 9, 8, 16, 2, 6, 1, 4, 5, 13], 109: [8, 19, 0, 1, 5, 4, 15, 2, 6, 9], 110: [3, 12, 16, 9, 1, 13, 2, 14, 6, 7], 111: [16, 13, 17, 3, 8, 12, 4, 9, 0, 14], 112: [15, 9, 3, 6, 2, 5, 0, 16, 8, 11], 113: [0, 13, 10, 8, 12, 9, 1, 18, 19, 11], 114: [18, 15, 0, 17, 12, 1, 8, 14, 7, 10], 115: [17, 9, 11, 19, 0, 13, 5, 3, 15, 8], 116: [8, 4, 11, 12, 16, 13, 3, 7, 19, 6], 117: [11, 16, 17, 2, 15, 1, 14, 13, 19, 12], 118: [0, 17, 7, 11, 3, 8, 19, 2, 10, 1], 119: [13, 17, 4, 18, 3, 1, 9, 19, 10, 0], 120: [15, 12, 5, 1, 14, 16, 13, 8, 19, 7], 121: [4, 5, 8, 18, 12, 14, 16, 0, 17, 6], 122: [5, 17, 2, 16, 0, 11, 9, 6, 18, 15], 123: [5, 19, 13, 12, 6, 1, 15, 16, 11, 10], 124: [14, 1, 0, 12, 7, 13, 10, 8, 18, 9], 125: [2, 17, 12, 4, 9, 16, 5, 3, 0, 10], 126: [3, 8, 5, 2, 0, 9, 13, 1, 17, 15], 127: [8, 13, 18, 15, 3, 12, 5, 2, 6, 11], 128: [0, 16, 13, 2, 18, 7, 6, 10, 12, 8], 129: [11, 16, 3, 2, 4, 10, 13, 14, 12, 8], 130: [7, 5, 14, 6, 3, 0, 8, 12, 15, 4], 131: [19, 5, 18, 0, 9, 4, 7, 6, 8, 14], 132: [18, 13, 1, 14, 5, 2, 10, 15, 4, 19], 133: [4, 12, 11, 18, 16, 6, 17, 2, 15, 1], 134: [1, 17, 16, 6, 3, 8, 5, 0, 2, 13], 135: [17, 4, 2, 7, 9, 5, 16, 18, 15, 6], 136: [9, 4, 14, 0, 13, 15, 3, 12, 1, 5], 137: [7, 1, 13, 18, 17, 3, 11, 8, 0, 16], 138: [16, 6, 8, 3, 11, 14, 15, 9, 2, 10], 139: [6, 8, 5, 14, 7, 9, 16, 3, 10, 11], 140: [19, 12, 15, 0, 5, 18, 16, 1, 3, 6], 141: [0, 8, 14, 2, 4, 1, 12, 5, 19, 15], 142: [2, 17, 18, 10, 8, 15, 0, 13, 12, 3], 143: [3, 19, 11, 16, 7, 10, 15, 8, 2, 0], 144: [10, 15, 3, 17, 2, 19, 12, 11, 0, 7], 145: [5, 0, 4, 1, 11, 3, 7, 17, 14, 15], 146: [0, 4, 11, 8, 5, 10, 7, 6, 12, 18], 147: [5, 16, 12, 2, 8, 0, 11, 7, 18, 10], 148: [0, 18, 14, 19, 11, 7, 10, 9, 5, 8], 149: [14, 3, 5, 18, 10, 4, 15, 8, 9, 0], 150: [17, 9, 15, 6, 14, 19, 12, 5, 11, 1], 151: [5, 1, 3, 10, 9, 15, 19, 8, 0, 12], 152: [6, 7, 10, 13, 17, 3, 9, 0, 14, 11], 153: [6, 9, 2, 4, 8, 17, 3, 16, 0, 13], 154: [3, 0, 16, 9, 19, 12, 5, 2, 14, 11], 155: [10, 14, 5, 17, 9, 13, 15, 19, 7, 6], 156: [3, 14, 8, 5, 7, 12, 9, 13, 18, 19], 157: [2, 8, 13, 9, 19, 16, 0, 14, 7, 12], 158: [7, 5, 2, 15, 13, 1, 0, 8, 17, 19], 159: [7, 3, 17, 8, 18, 10, 2, 11, 15, 12], 160: [17, 12, 5, 4, 16, 9, 6, 7, 15, 19], 161: [5, 8, 16, 14, 0, 18, 11, 12, 15, 3], 162: [16, 5, 11, 6, 3, 9, 17, 19, 8, 10], 163: [6, 5, 17, 7, 18, 16, 1, 10, 2, 8], 164: [2, 14, 18, 13, 11, 7, 16, 12, 1, 15], 165: [0, 11, 1, 7, 9, 5, 14, 16, 2, 10], 166: [3, 16, 11, 4, 7, 15, 14, 17, 8, 13], 167: [10, 5, 11, 17, 7, 1, 3, 16, 14, 0], 168: [12, 17, 18, 3, 6, 16, 15, 11, 13, 9], 169: [9, 1, 13, 0, 19, 15, 4, 14, 10, 8], 170: [13, 4, 0, 8, 10, 14, 6, 1, 3, 18], 171: [7, 14, 3, 9, 19, 1, 0, 16, 11, 15], 172: [18, 9, 1, 6, 8, 14, 12, 4, 2, 5], 173: [15, 16, 4, 1, 9, 2, 7, 19, 10, 8], 174: [8, 13, 12, 16, 0, 3, 7, 17, 4, 14], 175: [0, 8, 19, 2, 13, 7, 9, 17, 10, 15], 176: [5, 2, 12, 16, 11, 6, 10, 18, 14, 4], 177: [4, 2, 1, 19, 0, 3, 10, 14, 18, 5], 178: [0, 10, 13, 9, 7, 1, 5, 14, 4, 16], 179: [12, 3, 19, 8, 9, 17, 4, 14, 13, 0], 180: [2, 4, 13, 1, 10, 7, 12, 16, 17, 18], 181: [14, 7, 17, 18, 5, 15, 1, 10, 3, 16], 182: [18, 3, 0, 19, 5, 8, 11, 17, 12, 6], 183: [1, 12, 4, 9, 5, 11, 15, 16, 2, 13], 184: [9, 16, 19, 8, 6, 3, 10, 7, 14, 11], 185: [0, 3, 17, 5, 18, 2, 15, 11, 14, 16], 186: [15, 8, 17, 7, 2, 6, 18, 11, 4, 12], 187: [5, 14, 1, 15, 12, 10, 13, 17, 18, 6], 188: [8, 2, 10, 3, 6, 7, 11, 13, 18, 16], 189: [0, 13, 11, 7, 1, 19, 9, 15, 14, 16], 190: [16, 3, 15, 5, 19, 18, 11, 2, 12, 9], 191: [1, 3, 13, 18, 15, 4, 10, 5, 8, 11], 192: [12, 17, 19, 4, 8, 18, 16, 13, 14, 1], 193: [0, 2, 3, 6, 5, 16, 1, 12, 8, 15], 194: [15, 7, 1, 9, 13, 12, 18, 17, 0, 5], 195: [14, 11, 3, 5, 13, 16, 12, 9, 4, 6], 196: [11, 6, 8, 16, 0, 13, 10, 3, 18, 2], 197: [1, 11, 12, 8, 3, 0, 16, 2, 14, 9], 198: [4, 10, 2, 14, 1, 8, 16, 9, 7, 17], 199: [11, 6, 1, 2, 14, 12, 0, 18, 3, 15], 200: [10, 3, 2, 15, 0, 18, 14, 12, 9, 1], 201: [15, 14, 7, 12, 6, 9, 4, 13, 10, 18], 202: [0, 17, 9, 1, 8, 12, 11, 4, 10, 16], 203: [13, 17, 14, 9, 16, 0, 15, 7, 8, 12], 204: [15, 17, 18, 4, 12, 9, 3, 10, 16, 7], 205: [2, 7, 19, 14, 8, 12, 18, 6, 3, 15], 206: [14, 0, 17, 8, 10, 3, 16, 2, 5, 19], 207: [7, 1, 18, 14, 2, 17, 0, 6, 16, 19], 208: [19, 15, 0, 13, 6, 16, 10, 9, 18, 11], 209: [17, 6, 15, 10, 9, 3, 12, 5, 4, 18], 210: [2, 8, 4, 19, 17, 11, 5, 15, 14, 12], 211: [0, 19, 15, 10, 13, 4, 14, 8, 12, 7], 212: [18, 2, 13, 5, 4, 10, 17, 6, 0, 19], 213: [6, 9, 17, 4, 3, 7, 11, 16, 5, 1], 214: [10, 9, 3, 14, 8, 19, 5, 6, 11, 13], 215: [14, 10, 11, 19, 12, 7, 0, 6, 4, 5], 216: [13, 6, 5, 18, 3, 11, 14, 16, 1, 8], 217: [6, 18, 16, 14, 12, 4, 8, 5, 17, 1], 218: [5, 8, 12, 11, 19, 4, 15, 0, 17, 13], 219: [19, 13, 3, 11, 17, 18, 8, 14, 1, 12], 220: [12, 2, 6, 18, 7, 14, 9, 4, 16, 5], 221: [13, 8, 2, 7, 12, 1, 4, 10, 3, 14], 222: [12, 8, 13, 9, 16, 14, 10, 0, 4, 5], 223: [6, 12, 8, 2, 0, 19, 16, 14, 10, 9], 224: [13, 18, 14, 15, 2, 12, 16, 3, 10, 5], 225: [0, 1, 8, 9, 13, 10, 4, 16, 17, 3], 226: [14, 4, 3, 13, 16, 0, 5, 11, 7, 18], 227: [7, 4, 16, 19, 0, 6, 12, 5, 9, 11], 228: [18, 13, 11, 10, 4, 15, 1, 19, 5, 8], 229: [13, 12, 5, 15, 17, 19, 6, 2, 4, 8], 230: [13, 2, 7, 5, 8, 14, 6, 16, 0, 19], 231: [10, 9, 15, 7, 4, 11, 14, 8, 2, 19], 232: [14, 1, 5, 2, 18, 0, 3, 8, 6, 7], 233: [19, 7, 12, 10, 14, 9, 16, 0, 17, 13], 234: [3, 17, 2, 1, 13, 7, 11, 6, 12, 4], 235: [12, 17, 13, 4, 15, 5, 6, 2, 11, 16], 236: [0, 2, 8, 9, 14, 5, 4, 16, 15, 19], 237: [11, 12, 14, 19, 1, 16, 0, 18, 2, 13], 238: [6, 10, 16, 12, 3, 1, 11, 8, 19, 7], 239: [11, 2, 9, 15, 10, 4, 14, 6, 18, 8], 240: [12, 2, 6, 8, 10, 7, 9, 14, 19, 18], 241: [1, 19, 12, 14, 6, 7, 15, 10, 16, 5], 242: [11, 12, 8, 9, 16, 15, 0, 6, 17, 10], 243: [1, 13, 19, 14, 15, 11, 9, 16, 17, 0], 244: [1, 2, 7, 0, 16, 4, 19, 9, 10, 5], 245: [4, 14, 6, 5, 7, 1, 16, 0, 12, 3], 246: [0, 13, 11, 1, 16, 2, 7, 9, 15, 8], 247: [9, 13, 0, 3, 8, 7, 4, 19, 17, 1], 248: [8, 11, 3, 4, 1, 18, 10, 0, 6, 9], 249: [18, 17, 19, 1, 10, 6, 9, 16, 12, 5], 250: [10, 17, 6, 11, 3, 4, 12, 15, 9, 19], 251: [13, 19, 14, 10, 18, 8, 12, 0, 16, 5], 252: [1, 6, 12, 7, 17, 8, 16, 11, 5, 13], 253: [19, 14, 1, 8, 6, 18, 5, 4, 2, 15], 254: [5, 8, 17, 13, 10, 19, 4, 7, 11, 6], 255: [10, 1, 15, 16, 2, 4, 5, 3, 11, 8], 256: [0, 15, 11, 1, 7, 13, 9, 16, 8, 5], 257: [15, 8, 16, 0, 3, 10, 2, 13, 7, 12], 258: [4, 1, 17, 16, 0, 12, 7, 8, 3, 5], 259: [13, 10, 18, 9, 2, 7, 4, 0, 14, 1], 260: [6, 4, 14, 2, 11, 16, 0, 7, 17, 8], 261: [9, 12, 14, 10, 5, 11, 1, 7, 17, 15], 262: [17, 10, 15, 6, 12, 14, 9, 16, 13, 18], 263: [17, 3, 14, 11, 19, 7, 18, 6, 8, 0], 264: [15, 10, 0, 6, 7, 2, 9, 8, 13, 14], 265: [15, 10, 9, 19, 18, 8, 12, 7, 4, 11], 266: [4, 6, 15, 8, 12, 9, 11, 7, 17, 2], 267: [1, 2, 12, 18, 5, 7, 17, 3, 4, 11], 268: [8, 4, 13, 10, 17, 7, 16, 3, 6, 19], 269: [14, 11, 9, 0, 1, 2, 13, 12, 16, 6], 270: [19, 17, 10, 14, 7, 5, 3, 15, 8, 9], 271: [10, 5, 1, 0, 14, 4, 9, 15, 7, 12], 272: [5, 14, 17, 1, 6, 12, 18, 19, 10, 8], 273: [6, 11, 15, 18, 19, 3, 7, 4, 16, 8], 274: [10, 15, 5, 17, 6, 19, 4, 2, 13, 12], 275: [4, 8, 16, 1, 2, 12, 9, 5, 3, 14], 276: [15, 9, 16, 14, 10, 13, 5, 12, 4, 8], 277: [13, 3, 10, 8, 5, 11, 7, 0, 4, 17], 278: [15, 6, 0, 16, 1, 17, 13, 19, 9, 10], 279: [6, 9, 19, 5, 15, 13, 14, 10, 8, 0], 280: [17, 7, 15, 16, 3, 10, 12, 2, 0, 19], 281: [6, 7, 17, 14, 2, 5, 13, 16, 9, 19], 282: [9, 2, 7, 18, 15, 14, 10, 16, 11, 4], 283: [17, 6, 16, 19, 15, 10, 11, 4, 12, 2], 284: [4, 9, 12, 5, 13, 16, 14, 15, 8, 3], 285: [0, 1, 17, 8, 3, 4, 12, 19, 10, 11], 286: [6, 10, 5, 2, 14, 0, 3, 15, 7, 16], 287: [17, 18, 5, 0, 8, 11, 13, 12, 1, 6], 288: [13, 5, 19, 3, 2, 6, 1, 0, 9, 10], 289: [1, 12, 6, 3, 15, 10, 7, 17, 18, 11], 290: [2, 15, 3, 8, 7, 18, 9, 12, 4, 5], 291: [1, 9, 11, 14, 12, 6, 17, 0, 4, 10], 292: [12, 7, 14, 0, 5, 11, 10, 16, 1, 13], 293: [12, 16, 6, 10, 18, 15, 7, 11, 14, 9], 294: [13, 17, 0, 9, 6, 5, 14, 10, 8, 16], 295: [2, 8, 14, 12, 9, 16, 5, 13, 0, 15], 296: [16, 13, 0, 1, 15, 2, 8, 18, 5, 3], 297: [16, 6, 5, 13, 18, 12, 4, 3, 11, 10], 298: [18, 9, 15, 7, 1, 0, 12, 4, 14, 8], 299: [19, 2, 5, 14, 9, 6, 0, 11, 7, 13], 300: [8, 16, 15, 14, 7, 9, 19, 6, 10, 5], 301: [9, 16, 18, 19, 6, 10, 11, 13, 7, 5], 302: [15, 1, 5, 8, 10, 7, 9, 4, 13, 11], 303: [4, 5, 12, 3, 6, 2, 19, 13, 7, 16], 304: [14, 8, 2, 9, 5, 17, 10, 1, 3, 18], 305: [6, 19, 10, 1, 9, 17, 2, 13, 4, 8], 306: [2, 14, 7, 13, 1, 19, 17, 9, 15, 6], 307: [19, 16, 0, 7, 2, 14, 15, 3, 13, 11], 308: [3, 4, 5, 15, 8, 9, 10, 13, 2, 0], 309: [2, 8, 6, 7, 10, 16, 4, 13, 12, 3], 310: [7, 8, 19, 9, 10, 0, 1, 18, 6, 16], 311: [16, 12, 4, 19, 1, 2, 11, 13, 0, 8], 312: [12, 9, 18, 11, 4, 8, 1, 2, 6, 7], 313: [19, 4, 14, 8, 3, 16, 17, 13, 12, 2], 314: [17, 0, 1, 14, 18, 9, 15, 6, 4, 5], 315: [16, 2, 15, 12, 18, 4, 1, 13, 6, 9], 316: [4, 15, 10, 19, 12, 18, 13, 14, 6, 7], 317: [13, 5, 10, 6, 0, 19, 15, 11, 2, 17], 318: [12, 8, 0, 4, 7, 11, 16, 15, 2, 19], 319: [8, 5, 12, 6, 3, 14, 2, 4, 16, 17], 320: [19, 14, 6, 0, 11, 10, 15, 5, 3, 9], 321: [6, 4, 10, 17, 18, 8, 19, 11, 15, 13], 322: [17, 0, 1, 16, 2, 4, 7, 19, 8, 10], 323: [16, 13, 15, 19, 14, 10, 6, 8, 0, 11], 324: [12, 16, 8, 0, 1, 5, 19, 15, 11, 10], 325: [3, 11, 17, 18, 9, 4, 16, 13, 2, 15], 326: [15, 10, 17, 6, 18, 19, 14, 1, 7, 0], 327: [13, 10, 15, 11, 2, 6, 19, 12, 3, 16], 328: [13, 7, 2, 3, 12, 15, 1, 9, 10, 19], 329: [18, 9, 10, 14, 16, 3, 15, 8, 7, 6], 330: [3, 4, 10, 8, 16, 1, 17, 18, 2, 12], 331: [3, 7, 17, 16, 0, 5, 12, 1, 11, 13], 332: [16, 11, 7, 4, 3, 8, 19, 1, 10, 5], 333: [3, 9, 6, 0, 13, 16, 19, 4, 8, 1], 334: [2, 0, 14, 3, 10, 5, 15, 7, 8, 19], 335: [12, 0, 5, 1, 18, 6, 16, 13, 10, 14], 336: [3, 17, 19, 2, 14, 4, 0, 10, 7, 9], 337: [17, 4, 5, 0, 11, 19, 14, 2, 16, 8], 338: [3, 14, 15, 0, 19, 1, 2, 10, 16, 9], 339: [5, 1, 17, 12, 9, 18, 19, 11, 6, 3], 340: [4, 9, 18, 2, 12, 17, 3, 8, 5, 10], 341: [17, 6, 12, 13, 11, 9, 8, 15, 4, 3], 342: [10, 4, 3, 11, 1, 9, 2, 0, 16, 18], 343: [5, 17, 14, 1, 7, 10, 9, 12, 2, 3], 344: [9, 1, 18, 15, 12, 19, 10, 3, 11, 6], 345: [4, 15, 12, 8, 7, 6, 11, 17, 0, 1], 346: [14, 9, 6, 8, 11, 16, 5, 17, 19, 15], 347: [3, 16, 8, 9, 2, 5, 17, 12, 4, 0], 348: [10, 8, 15, 0, 18, 17, 16, 2, 1, 13], 349: [10, 18, 14, 9, 11, 19, 3, 17, 15, 1], 350: [2, 11, 8, 3, 5, 14, 4, 0, 1, 9], 351: [19, 17, 18, 14, 13, 11, 4, 7, 12, 15], 352: [14, 4, 10, 13, 17, 2, 15, 1, 19, 16], 353: [0, 15, 14, 1, 3, 10, 2, 11, 12, 13], 354: [10, 8, 18, 2, 0, 17, 3, 9, 4, 1], 355: [10, 1, 12, 18, 16, 14, 19, 13, 6, 7], 356: [11, 19, 7, 3, 14, 6, 1, 8, 17, 18], 357: [5, 14, 11, 13, 17, 9, 19, 3, 15, 0], 358: [7, 0, 15, 8, 6, 19, 13, 14, 2, 4], 359: [10, 13, 7, 15, 0, 12, 4, 2, 6, 3], 360: [2, 10, 19, 18, 8, 15, 1, 5, 12, 16], 361: [7, 6, 13, 11, 15, 3, 8, 0, 19, 4], 362: [17, 18, 8, 0, 14, 7, 19, 6, 15, 10], 363: [15, 2, 12, 19, 6, 5, 8, 14, 13, 1], 364: [3, 15, 2, 16, 14, 0, 19, 18, 9, 1], 365: [8, 11, 6, 15, 17, 0, 4, 18, 14, 7], 366: [12, 0, 11, 7, 18, 2, 14, 1, 6, 17], 367: [10, 11, 9, 14, 5, 7, 13, 17, 15, 18], 368: [6, 10, 12, 3, 13, 19, 18, 7, 17, 16], 369: [1, 10, 14, 13, 0, 7, 5, 19, 3, 12], 370: [8, 3, 10, 1, 16, 9, 14, 17, 0, 13], 371: [9, 0, 13, 11, 7, 18, 5, 12, 8, 3], 372: [9, 8, 14, 0, 4, 10, 19, 15, 7, 2], 373: [15, 1, 12, 14, 2, 3, 6, 19, 7, 4], 374: [0, 11, 12, 16, 6, 3, 4, 13, 8, 15], 375: [11, 3, 6, 10, 9, 18, 1, 7, 13, 12], 376: [15, 5, 19, 12, 1, 10, 6, 17, 14, 16], 377: [10, 8, 11, 15, 2, 9, 0, 6, 19, 7], 378: [12, 5, 14, 6, 8, 10, 16, 2, 15, 18], 379: [10, 12, 14, 17, 2, 16, 4, 18, 13, 1], 380: [3, 12, 18, 19, 14, 4, 6, 5, 1, 2], 381: [15, 13, 19, 10, 11, 9, 0, 3, 4, 14], 382: [4, 6, 12, 7, 1, 10, 5, 2, 19, 8], 383: [17, 0, 18, 12, 2, 3, 8, 5, 7, 13], 384: [16, 1, 17, 10, 13, 6, 15, 9, 11, 19], 385: [4, 16, 1, 7, 11, 9, 17, 19, 13, 2], 386: [15, 16, 13, 2, 9, 12, 18, 5, 0, 11], 387: [7, 10, 17, 11, 8, 18, 6, 4, 14, 12], 388: [12, 15, 19, 14, 2, 8, 11, 5, 7, 18], 389: [6, 1, 8, 0, 14, 15, 11, 13, 10, 3], 390: [19, 1, 16, 13, 6, 17, 11, 4, 15, 12], 391: [7, 3, 14, 19, 10, 4, 1, 15, 13, 12], 392: [15, 10, 18, 2, 16, 3, 11, 12, 0, 1], 393: [11, 3, 13, 1, 17, 16, 0, 14, 5, 19], 394: [9, 11, 15, 16, 2, 18, 1, 10, 13, 14], 395: [6, 13, 17, 9, 19, 4, 16, 3, 0, 1], 396: [9, 2, 11, 13, 6, 15, 3, 7, 17, 16], 397: [2, 18, 15, 7, 8, 0, 13, 9, 3, 11], 398: [14, 1, 12, 17, 3, 13, 4, 6, 5, 19], 399: [15, 0, 5, 16, 12, 8, 4, 18, 9, 3], 400: [5, 3, 19, 1, 11, 16, 6, 15, 0, 9], 401: [19, 12, 17, 2, 3, 13, 7, 11, 9, 16], 402: [5, 18, 14, 8, 7, 1, 15, 4, 13, 11], 403: [13, 16, 14, 11, 0, 19, 18, 5, 8, 1], 404: [13, 14, 6, 7, 10, 0, 11, 8, 4, 5], 405: [18, 7, 13, 14, 8, 16, 5, 11, 17, 9], 406: [14, 5, 18, 17, 16, 6, 7, 4, 12, 2], 407: [4, 15, 11, 14, 3, 16, 17, 0, 5, 10], 408: [18, 10, 6, 14, 7, 12, 19, 8, 16, 9], 409: [13, 3, 6, 15, 12, 14, 17, 8, 4, 16], 410: [15, 11, 13, 17, 14, 8, 10, 2, 5, 9], 411: [10, 14, 8, 4, 3, 16, 11, 1, 9, 15], 412: [15, 0, 1, 10, 7, 14, 6, 2, 12, 16], 413: [14, 7, 2, 10, 1, 9, 6, 18, 11, 0], 414: [16, 6, 2, 15, 5, 7, 4, 18, 1, 9], 415: [1, 14, 15, 8, 7, 6, 3, 12, 9, 16], 416: [10, 5, 18, 17, 15, 14, 8, 3, 9, 2], 417: [17, 13, 14, 9, 3, 1, 19, 8, 5, 7], 418: [3, 6, 8, 9, 0, 16, 14, 13, 17, 12], 419: [13, 9, 14, 19, 12, 15, 16, 3, 18, 10], 420: [17, 10, 0, 16, 8, 6, 7, 4, 2, 15], 421: [11, 13, 18, 4, 1, 8, 15, 0, 2, 5], 422: [12, 9, 2, 6, 15, 0, 16, 19, 8, 18], 423: [0, 2, 7, 9, 12, 15, 4, 1, 14, 5], 424: [10, 9, 8, 5, 18, 15, 2, 11, 0, 1], 425: [3, 11, 19, 10, 7, 0, 13, 1, 4, 8], 426: [17, 18, 1, 15, 8, 5, 7, 6, 0, 9], 427: [4, 18, 5, 12, 19, 0, 11, 15, 10, 17], 428: [10, 1, 14, 16, 3, 17, 12, 8, 15, 7], 429: [10, 14, 17, 4, 9, 8, 5, 1, 12, 15], 430: [17, 0, 6, 18, 16, 14, 5, 10, 2, 19], 431: [10, 16, 2, 8, 9, 6, 1, 0, 11, 15], 432: [17, 16, 18, 5, 9, 2, 10, 12, 1, 11], 433: [12, 15, 3, 9, 19, 10, 16, 13, 5, 11], 434: [0, 19, 5, 14, 17, 13, 3, 6, 10, 18], 435: [15, 18, 17, 19, 6, 2, 16, 8, 1, 3], 436: [8, 15, 6, 18, 5, 7, 16, 13, 0, 4], 437: [14, 4, 1, 11, 15, 5, 7, 10, 2, 18], 438: [9, 19, 11, 10, 2, 4, 14, 1, 17, 18], 439: [0, 2, 16, 15, 10, 9, 18, 7, 17, 14], 440: [3, 15, 6, 9, 2, 17, 8, 14, 10, 4], 441: [9, 11, 1, 5, 14, 4, 10, 2, 6, 3], 442: [12, 11, 9, 16, 15, 10, 8, 4, 7, 6], 443: [13, 10, 18, 12, 6, 9, 16, 5, 8, 17], 444: [4, 6, 18, 9, 14, 16, 19, 15, 5, 11], 445: [3, 13, 19, 16, 17, 8, 1, 7, 6, 10], 446: [16, 13, 15, 12, 3, 14, 17, 9, 4, 8], 447: [9, 18, 3, 8, 6, 4, 0, 1, 15, 16], 448: [12, 19, 2, 4, 7, 13, 10, 3, 15, 8], 449: [19, 7, 11, 6, 17, 16, 2, 5, 13, 1], 450: [18, 0, 10, 13, 6, 11, 16, 2, 9, 7], 451: [6, 18, 16, 1, 4, 19, 17, 3, 10, 12], 452: [8, 1, 19, 0, 18, 3, 17, 12, 4, 15], 453: [8, 3, 15, 9, 17, 11, 2, 0, 13, 10], 454: [1, 9, 4, 6, 5, 15, 2, 8, 10, 13], 455: [2, 10, 17, 5, 13, 12, 11, 6, 16, 4], 456: [1, 5, 13, 18, 19, 8, 6, 4, 14, 15], 457: [14, 7, 9, 16, 3, 19, 17, 8, 18, 12], 458: [10, 19, 16, 18, 13, 15, 2, 12, 3, 17], 459: [0, 19, 15, 4, 9, 6, 8, 12, 18, 17], 460: [1, 2, 6, 0, 4, 3, 17, 11, 8, 5], 461: [7, 4, 1, 14, 6, 10, 15, 2, 0, 12], 462: [7, 1, 15, 13, 6, 17, 16, 12, 5, 11], 463: [2, 9, 12, 8, 14, 19, 17, 4, 18, 1], 464: [17, 8, 13, 19, 7, 14, 16, 6, 3, 5], 465: [18, 13, 3, 14, 10, 11, 17, 19, 1, 5], 466: [14, 13, 10, 5, 4, 9, 1, 2, 12, 3], 467: [10, 6, 2, 18, 17, 7, 4, 12, 0, 19], 468: [15, 17, 8, 10, 5, 18, 16, 4, 2, 9], 469: [8, 9, 11, 5, 18, 0, 17, 15, 14, 2], 470: [17, 4, 9, 10, 13, 11, 12, 6, 18, 7], 471: [3, 17, 12, 6, 14, 11, 15, 8, 7, 0], 472: [15, 13, 19, 4, 0, 7, 8, 1, 3, 14], 473: [1, 11, 15, 5, 4, 6, 16, 13, 2, 17], 474: [0, 19, 2, 5, 3, 14, 18, 9, 16, 12], 475: [18, 14, 15, 17, 10, 1, 16, 0, 2, 12], 476: [13, 3, 10, 8, 0, 14, 17, 9, 19, 6], 477: [7, 6, 2, 3, 15, 4, 5, 0, 10, 18], 478: [18, 4, 15, 1, 17, 16, 0, 3, 13, 5], 479: [12, 19, 7, 5, 4, 1, 0, 6, 17, 8], 480: [11, 18, 19, 6, 10, 13, 16, 2, 8, 1], 481: [15, 6, 8, 18, 14, 11, 4, 3, 13, 10], 482: [18, 6, 8, 1, 2, 19, 3, 14, 0, 4], 483: [15, 14, 3, 13, 6, 10, 9, 16, 1, 4], 484: [15, 18, 19, 7, 2, 6, 10, 4, 12, 3], 485: [13, 9, 4, 10, 16, 7, 5, 8, 2, 19], 486: [7, 10, 11, 19, 4, 1, 9, 0, 6, 5], 487: [4, 17, 14, 5, 13, 12, 19, 18, 6, 11], 488: [10, 3, 11, 8, 19, 17, 12, 5, 1, 4], 489: [14, 13, 9, 1, 0, 10, 15, 4, 7, 3], 490: [13, 10, 17, 5, 18, 1, 16, 3, 19, 2], 491: [11, 13, 8, 16, 12, 2, 19, 6, 4, 15], 492: [6, 19, 18, 5, 14, 1, 2, 8, 0, 10], 493: [9, 18, 7, 10, 19, 1, 8, 0, 12, 13], 494: [2, 1, 5, 17, 3, 4, 12, 9, 18, 11], 495: [8, 9, 14, 17, 6, 4, 7, 15, 12, 3], 496: [9, 3, 12, 2, 15, 13, 7, 16, 10, 1], 497: [16, 0, 10, 6, 3, 11, 7, 13, 1, 15], 498: [0, 12, 2, 9, 5, 10, 16, 6, 17, 7], 499: [14, 19, 8, 9, 2, 6, 17, 1, 11, 15], 500: [10, 6, 16, 17, 18, 2, 14, 9, 5, 19]}
INFO:----------fix client id is :group is 0 select id list is: [0, 3, 5, 8, 9, 10, 12, 13, 15, 19] <class 'flcore.clients.client_newaaw.clientNewAAW'>

-------------Round number: 0---Evaluate global model----------
Averaged Train Loss: 2.3127
Averaged Test Accurancy: 0.0608
Averaged Test AUC: 0.4337
Std Test Accurancy: 0.0671
Std Test AUC: 0.1842
envaluate: 0 [['mnist', 'NewAAW', 0, 2.3126724922475015, 0.060829335161069226, 0.4336906327316577, 0.06708057149762552, 0.18417894575936128, 0.5]]
<class 'list'>
<class 'list'>
<class 'list'>
<class 'list'>
<class 'list'>
<class 'list'>
<class 'list'>
<class 'list'>
<class 'list'>
<class 'list'>
------------------------- time cost ------------------------- 422.84711599349976
INFO:----------fix client id is :group is 1 select id list is: [1, 2, 6, 8, 10, 13, 14, 15, 16, 18] <class 'flcore.clients.client_newaaw.clientNewAAW'>

-------------Round number: 1---Evaluate global model----------
Averaged Train Loss: 2.2576
Averaged Test Accurancy: 0.2279
Averaged Test AUC: 0.5698
Std Test Accurancy: 0.3202
Std Test AUC: 0.2849
envaluate: 1 [['mnist', 'NewAAW', 0, 2.3126724922475015, 0.060829335161069226, 0.4336906327316577, 0.06708057149762552, 0.18417894575936128, 0.5], ['mnist', 'NewAAW', 1, 2.2575879744218508, 0.2278958190541467, 0.5697938933670308, 0.3201551121131638, 0.28494082774638796, 0.5]]
<class 'list'>
<class 'list'>
<class 'list'>
<class 'list'>
<class 'list'>
<class 'list'>
<class 'list'>
<class 'list'>
<class 'list'>
<class 'list'>
------------------------- time cost ------------------------- 385.10371589660645
INFO:----------fix client id is :group is 2 select id list is: [1, 4, 5, 6, 8, 9, 10, 14, 15, 18] <class 'flcore.clients.client_newaaw.clientNewAAW'>

-------------Round number: 2---Evaluate global model----------
Averaged Train Loss: 2.1687
Averaged Test Accurancy: 0.2103
Averaged Test AUC: 0.6362
Std Test Accurancy: 0.2647
Std Test AUC: 0.2294
envaluate: 2 [['mnist', 'NewAAW', 0, 2.3126724922475015, 0.060829335161069226, 0.4336906327316577, 0.06708057149762552, 0.18417894575936128, 0.5], ['mnist', 'NewAAW', 1, 2.2575879744218508, 0.2278958190541467, 0.5697938933670308, 0.3201551121131638, 0.28494082774638796, 0.5], ['mnist', 'NewAAW', 2, 2.1687420444406627, 0.2103038610920722, 0.6362194948481222, 0.2646593333303623, 0.22937342016983045, 0.5]]
<class 'list'>
<class 'list'>
<class 'list'>
<class 'list'>
<class 'list'>
<class 'list'>
<class 'list'>
<class 'list'>
<class 'list'>
<class 'list'>
------------------------- time cost ------------------------- 430.52712082862854
INFO:----------fix client id is :group is 3 select id list is: [4, 5, 7, 9, 10, 11, 13, 15, 16, 19] <class 'flcore.clients.client_newaaw.clientNewAAW'>

-------------Round number: 3---Evaluate global model----------
Averaged Train Loss: 1.6349
Averaged Test Accurancy: 0.4367
Averaged Test AUC: 0.8016
Std Test Accurancy: 0.2973
Std Test AUC: 0.1525
envaluate: 3 [['mnist', 'NewAAW', 0, 2.3126724922475015, 0.060829335161069226, 0.4336906327316577, 0.06708057149762552, 0.18417894575936128, 0.5], ['mnist', 'NewAAW', 1, 2.2575879744218508, 0.2278958190541467, 0.5697938933670308, 0.3201551121131638, 0.28494082774638796, 0.5], ['mnist', 'NewAAW', 2, 2.1687420444406627, 0.2103038610920722, 0.6362194948481222, 0.2646593333303623, 0.22937342016983045, 0.5], ['mnist', 'NewAAW', 3, 1.634854440706718, 0.436714644733836, 0.8016460546289859, 0.29726078685401514, 0.1525349516959106, 0.5]]
<class 'list'>
<class 'list'>
<class 'list'>
<class 'list'>
<class 'list'>
<class 'list'>
<class 'list'>
<class 'list'>
<class 'list'>
<class 'list'>
------------------------- time cost ------------------------- 413.3024799823761
INFO:----------fix client id is :group is 4 select id list is: [0, 3, 5, 6, 8, 9, 13, 14, 15, 16] <class 'flcore.clients.client_newaaw.clientNewAAW'>

-------------Round number: 4---Evaluate global model----------
Averaged Train Loss: 1.3853
Averaged Test Accurancy: 0.5599
Averaged Test AUC: 0.8756
Std Test Accurancy: 0.2792
Std Test AUC: 0.1269
envaluate: 4 [['mnist', 'NewAAW', 0, 2.3126724922475015, 0.060829335161069226, 0.4336906327316577, 0.06708057149762552, 0.18417894575936128, 0.5], ['mnist', 'NewAAW', 1, 2.2575879744218508, 0.2278958190541467, 0.5697938933670308, 0.3201551121131638, 0.28494082774638796, 0.5], ['mnist', 'NewAAW', 2, 2.1687420444406627, 0.2103038610920722, 0.6362194948481222, 0.2646593333303623, 0.22937342016983045, 0.5], ['mnist', 'NewAAW', 3, 1.634854440706718, 0.436714644733836, 0.8016460546289859, 0.29726078685401514, 0.1525349516959106, 0.5], ['mnist', 'NewAAW', 4, 1.3852750030797658, 0.5599154672149874, 0.8755768170781605, 0.2791890229309725, 0.12688837819412166, 0.5]]
<class 'list'>
<class 'list'>
<class 'list'>
<class 'list'>
<class 'list'>
<class 'list'>
<class 'list'>
<class 'list'>
<class 'list'>
<class 'list'>
------------------------- time cost ------------------------- 437.6117980480194
INFO:----------fix client id is :group is 5 select id list is: [0, 1, 2, 3, 5, 6, 12, 13, 16, 18] <class 'flcore.clients.client_newaaw.clientNewAAW'>

-------------Round number: 5---Evaluate global model----------
Averaged Train Loss: 1.2943
Averaged Test Accurancy: 0.5185
Averaged Test AUC: 0.8937
Std Test Accurancy: 0.3243
Std Test AUC: 0.0986
envaluate: 5 [['mnist', 'NewAAW', 0, 2.3126724922475015, 0.060829335161069226, 0.4336906327316577, 0.06708057149762552, 0.18417894575936128, 0.5], ['mnist', 'NewAAW', 1, 2.2575879744218508, 0.2278958190541467, 0.5697938933670308, 0.3201551121131638, 0.28494082774638796, 0.5], ['mnist', 'NewAAW', 2, 2.1687420444406627, 0.2103038610920722, 0.6362194948481222, 0.2646593333303623, 0.22937342016983045, 0.5], ['mnist', 'NewAAW', 3, 1.634854440706718, 0.436714644733836, 0.8016460546289859, 0.29726078685401514, 0.1525349516959106, 0.5], ['mnist', 'NewAAW', 4, 1.3852750030797658, 0.5599154672149874, 0.8755768170781605, 0.2791890229309725, 0.12688837819412166, 0.5], ['mnist', 'NewAAW', 5, 1.2943054350093006, 0.5185058259081563, 0.8937048708758071, 0.32434646086445656, 0.09862446604600893, 0.5]]
<class 'list'>
<class 'list'>
<class 'list'>
<class 'list'>
<class 'list'>
<class 'list'>
<class 'list'>
<class 'list'>
<class 'list'>
<class 'list'>
------------------------- time cost ------------------------- 391.82590889930725
INFO:----------fix client id is :group is 6 select id list is: [0, 1, 2, 4, 5, 8, 9, 10, 14, 17] <class 'flcore.clients.client_newaaw.clientNewAAW'>

-------------Round number: 6---Evaluate global model----------
Averaged Train Loss: 1.0815
Averaged Test Accurancy: 0.6313
Averaged Test AUC: 0.9203
Std Test Accurancy: 0.2147
Std Test AUC: 0.0551
envaluate: 6 [['mnist', 'NewAAW', 0, 2.3126724922475015, 0.060829335161069226, 0.4336906327316577, 0.06708057149762552, 0.18417894575936128, 0.5], ['mnist', 'NewAAW', 1, 2.2575879744218508, 0.2278958190541467, 0.5697938933670308, 0.3201551121131638, 0.28494082774638796, 0.5], ['mnist', 'NewAAW', 2, 2.1687420444406627, 0.2103038610920722, 0.6362194948481222, 0.2646593333303623, 0.22937342016983045, 0.5], ['mnist', 'NewAAW', 3, 1.634854440706718, 0.436714644733836, 0.8016460546289859, 0.29726078685401514, 0.1525349516959106, 0.5], ['mnist', 'NewAAW', 4, 1.3852750030797658, 0.5599154672149874, 0.8755768170781605, 0.2791890229309725, 0.12688837819412166, 0.5], ['mnist', 'NewAAW', 5, 1.2943054350093006, 0.5185058259081563, 0.8937048708758071, 0.32434646086445656, 0.09862446604600893, 0.5], ['mnist', 'NewAAW', 6, 1.0815416365799686, 0.6312542837559972, 0.9203169263253748, 0.21465793320439808, 0.05513839400457394, 0.5]]
<class 'list'>
<class 'list'>
<class 'list'>
<class 'list'>
<class 'list'>
<class 'list'>
<class 'list'>
<class 'list'>
<class 'list'>
<class 'list'>
------------------------- time cost ------------------------- 389.8152871131897
INFO:----------fix client id is :group is 7 select id list is: [0, 1, 2, 3, 4, 6, 7, 16, 17, 18] <class 'flcore.clients.client_newaaw.clientNewAAW'>

-------------Round number: 7---Evaluate global model----------
Averaged Train Loss: 0.7703
Averaged Test Accurancy: 0.7575
Averaged Test AUC: 0.9529
Std Test Accurancy: 0.2023
Std Test AUC: 0.0437
envaluate: 7 [['mnist', 'NewAAW', 0, 2.3126724922475015, 0.060829335161069226, 0.4336906327316577, 0.06708057149762552, 0.18417894575936128, 0.5], ['mnist', 'NewAAW', 1, 2.2575879744218508, 0.2278958190541467, 0.5697938933670308, 0.3201551121131638, 0.28494082774638796, 0.5], ['mnist', 'NewAAW', 2, 2.1687420444406627, 0.2103038610920722, 0.6362194948481222, 0.2646593333303623, 0.22937342016983045, 0.5], ['mnist', 'NewAAW', 3, 1.634854440706718, 0.436714644733836, 0.8016460546289859, 0.29726078685401514, 0.1525349516959106, 0.5], ['mnist', 'NewAAW', 4, 1.3852750030797658, 0.5599154672149874, 0.8755768170781605, 0.2791890229309725, 0.12688837819412166, 0.5], ['mnist', 'NewAAW', 5, 1.2943054350093006, 0.5185058259081563, 0.8937048708758071, 0.32434646086445656, 0.09862446604600893, 0.5], ['mnist', 'NewAAW', 6, 1.0815416365799686, 0.6312542837559972, 0.9203169263253748, 0.21465793320439808, 0.05513839400457394, 0.5], ['mnist', 'NewAAW', 7, 0.770291077639936, 0.7574822938085447, 0.9528957639914212, 0.20230892182359259, 0.04370927871606692, 0.5]]
<class 'list'>
<class 'list'>
<class 'list'>
<class 'list'>
<class 'list'>
<class 'list'>
<class 'list'>
<class 'list'>
<class 'list'>
<class 'list'>
------------------------- time cost ------------------------- 349.27082324028015
INFO:----------fix client id is :group is 8 select id list is: [0, 2, 3, 5, 7, 8, 9, 10, 16, 18] <class 'flcore.clients.client_newaaw.clientNewAAW'>

-------------Round number: 8---Evaluate global model----------
Averaged Train Loss: 0.6587
Averaged Test Accurancy: 0.8191
Averaged Test AUC: 0.9628
Std Test Accurancy: 0.0808
Std Test AUC: 0.0206
envaluate: 8 [['mnist', 'NewAAW', 0, 2.3126724922475015, 0.060829335161069226, 0.4336906327316577, 0.06708057149762552, 0.18417894575936128, 0.5], ['mnist', 'NewAAW', 1, 2.2575879744218508, 0.2278958190541467, 0.5697938933670308, 0.3201551121131638, 0.28494082774638796, 0.5], ['mnist', 'NewAAW', 2, 2.1687420444406627, 0.2103038610920722, 0.6362194948481222, 0.2646593333303623, 0.22937342016983045, 0.5], ['mnist', 'NewAAW', 3, 1.634854440706718, 0.436714644733836, 0.8016460546289859, 0.29726078685401514, 0.1525349516959106, 0.5], ['mnist', 'NewAAW', 4, 1.3852750030797658, 0.5599154672149874, 0.8755768170781605, 0.2791890229309725, 0.12688837819412166, 0.5], ['mnist', 'NewAAW', 5, 1.2943054350093006, 0.5185058259081563, 0.8937048708758071, 0.32434646086445656, 0.09862446604600893, 0.5], ['mnist', 'NewAAW', 6, 1.0815416365799686, 0.6312542837559972, 0.9203169263253748, 0.21465793320439808, 0.05513839400457394, 0.5], ['mnist', 'NewAAW', 7, 0.770291077639936, 0.7574822938085447, 0.9528957639914212, 0.20230892182359259, 0.04370927871606692, 0.5], ['mnist', 'NewAAW', 8, 0.6586746478475495, 0.8191112634224355, 0.9628093850850838, 0.08080336770639156, 0.020615500676901696, 0.5]]
<class 'list'>
<class 'list'>
<class 'list'>
<class 'list'>
<class 'list'>
<class 'list'>
<class 'list'>
<class 'list'>
<class 'list'>
<class 'list'>
------------------------- time cost ------------------------- 405.6102557182312
INFO:----------fix client id is :group is 9 select id list is: [0, 1, 4, 5, 7, 8, 12, 13, 14, 16] <class 'flcore.clients.client_newaaw.clientNewAAW'>

-------------Round number: 9---Evaluate global model----------
Averaged Train Loss: 0.6961
Averaged Test Accurancy: 0.7801
Averaged Test AUC: 0.9580
Std Test Accurancy: 0.1243
Std Test AUC: 0.0249
envaluate: 9 [['mnist', 'NewAAW', 0, 2.3126724922475015, 0.060829335161069226, 0.4336906327316577, 0.06708057149762552, 0.18417894575936128, 0.5], ['mnist', 'NewAAW', 1, 2.2575879744218508, 0.2278958190541467, 0.5697938933670308, 0.3201551121131638, 0.28494082774638796, 0.5], ['mnist', 'NewAAW', 2, 2.1687420444406627, 0.2103038610920722, 0.6362194948481222, 0.2646593333303623, 0.22937342016983045, 0.5], ['mnist', 'NewAAW', 3, 1.634854440706718, 0.436714644733836, 0.8016460546289859, 0.29726078685401514, 0.1525349516959106, 0.5], ['mnist', 'NewAAW', 4, 1.3852750030797658, 0.5599154672149874, 0.8755768170781605, 0.2791890229309725, 0.12688837819412166, 0.5], ['mnist', 'NewAAW', 5, 1.2943054350093006, 0.5185058259081563, 0.8937048708758071, 0.32434646086445656, 0.09862446604600893, 0.5], ['mnist', 'NewAAW', 6, 1.0815416365799686, 0.6312542837559972, 0.9203169263253748, 0.21465793320439808, 0.05513839400457394, 0.5], ['mnist', 'NewAAW', 7, 0.770291077639936, 0.7574822938085447, 0.9528957639914212, 0.20230892182359259, 0.04370927871606692, 0.5], ['mnist', 'NewAAW', 8, 0.6586746478475495, 0.8191112634224355, 0.9628093850850838, 0.08080336770639156, 0.020615500676901696, 0.5], ['mnist', 'NewAAW', 9, 0.6960540989388531, 0.780100525474069, 0.9579706728509575, 0.12430618968252145, 0.024893613151390822, 0.5]]
<class 'list'>
<class 'list'>
<class 'list'>
<class 'list'>
<class 'list'>
<class 'list'>
<class 'list'>
<class 'list'>
<class 'list'>
<class 'list'>
------------------------- time cost ------------------------- 361.96103978157043
INFO:----------fix client id is :group is 10 select id list is: [2, 6, 7, 8, 9, 10, 11, 14, 15, 18] <class 'flcore.clients.client_newaaw.clientNewAAW'>

-------------Round number: 10---Evaluate global model----------
Averaged Train Loss: 0.7602
Averaged Test Accurancy: 0.7069
Averaged Test AUC: 0.9502
Std Test Accurancy: 0.1966
Std Test AUC: 0.0360
envaluate: 10 [['mnist', 'NewAAW', 0, 2.3126724922475015, 0.060829335161069226, 0.4336906327316577, 0.06708057149762552, 0.18417894575936128, 0.5], ['mnist', 'NewAAW', 1, 2.2575879744218508, 0.2278958190541467, 0.5697938933670308, 0.3201551121131638, 0.28494082774638796, 0.5], ['mnist', 'NewAAW', 2, 2.1687420444406627, 0.2103038610920722, 0.6362194948481222, 0.2646593333303623, 0.22937342016983045, 0.5], ['mnist', 'NewAAW', 3, 1.634854440706718, 0.436714644733836, 0.8016460546289859, 0.29726078685401514, 0.1525349516959106, 0.5], ['mnist', 'NewAAW', 4, 1.3852750030797658, 0.5599154672149874, 0.8755768170781605, 0.2791890229309725, 0.12688837819412166, 0.5], ['mnist', 'NewAAW', 5, 1.2943054350093006, 0.5185058259081563, 0.8937048708758071, 0.32434646086445656, 0.09862446604600893, 0.5], ['mnist', 'NewAAW', 6, 1.0815416365799686, 0.6312542837559972, 0.9203169263253748, 0.21465793320439808, 0.05513839400457394, 0.5], ['mnist', 'NewAAW', 7, 0.770291077639936, 0.7574822938085447, 0.9528957639914212, 0.20230892182359259, 0.04370927871606692, 0.5], ['mnist', 'NewAAW', 8, 0.6586746478475495, 0.8191112634224355, 0.9628093850850838, 0.08080336770639156, 0.020615500676901696, 0.5], ['mnist', 'NewAAW', 9, 0.6960540989388531, 0.780100525474069, 0.9579706728509575, 0.12430618968252145, 0.024893613151390822, 0.5], ['mnist', 'NewAAW', 10, 0.7602496878339958, 0.7069339730408956, 0.9502470728189946, 0.19664821171203378, 0.03600923557937252, 0.5]]
<class 'list'>
<class 'list'>
<class 'list'>
<class 'list'>
<class 'list'>
<class 'list'>
<class 'list'>
<class 'list'>
<class 'list'>
<class 'list'>
------------------------- time cost ------------------------- 395.905846118927
INFO:----------fix client id is :group is 11 select id list is: [1, 3, 4, 5, 7, 8, 10, 12, 15, 19] <class 'flcore.clients.client_newaaw.clientNewAAW'>

-------------Round number: 11---Evaluate global model----------
Averaged Train Loss: 0.6188
Averaged Test Accurancy: 0.7760
Averaged Test AUC: 0.9587
Std Test Accurancy: 0.1794
Std Test AUC: 0.0334
envaluate: 11 [['mnist', 'NewAAW', 0, 2.3126724922475015, 0.060829335161069226, 0.4336906327316577, 0.06708057149762552, 0.18417894575936128, 0.5], ['mnist', 'NewAAW', 1, 2.2575879744218508, 0.2278958190541467, 0.5697938933670308, 0.3201551121131638, 0.28494082774638796, 0.5], ['mnist', 'NewAAW', 2, 2.1687420444406627, 0.2103038610920722, 0.6362194948481222, 0.2646593333303623, 0.22937342016983045, 0.5], ['mnist', 'NewAAW', 3, 1.634854440706718, 0.436714644733836, 0.8016460546289859, 0.29726078685401514, 0.1525349516959106, 0.5], ['mnist', 'NewAAW', 4, 1.3852750030797658, 0.5599154672149874, 0.8755768170781605, 0.2791890229309725, 0.12688837819412166, 0.5], ['mnist', 'NewAAW', 5, 1.2943054350093006, 0.5185058259081563, 0.8937048708758071, 0.32434646086445656, 0.09862446604600893, 0.5], ['mnist', 'NewAAW', 6, 1.0815416365799686, 0.6312542837559972, 0.9203169263253748, 0.21465793320439808, 0.05513839400457394, 0.5], ['mnist', 'NewAAW', 7, 0.770291077639936, 0.7574822938085447, 0.9528957639914212, 0.20230892182359259, 0.04370927871606692, 0.5], ['mnist', 'NewAAW', 8, 0.6586746478475495, 0.8191112634224355, 0.9628093850850838, 0.08080336770639156, 0.020615500676901696, 0.5], ['mnist', 'NewAAW', 9, 0.6960540989388531, 0.780100525474069, 0.9579706728509575, 0.12430618968252145, 0.024893613151390822, 0.5], ['mnist', 'NewAAW', 10, 0.7602496878339958, 0.7069339730408956, 0.9502470728189946, 0.19664821171203378, 0.03600923557937252, 0.5], ['mnist', 'NewAAW', 11, 0.618844747563952, 0.7759881197167009, 0.9586576279208554, 0.1793965263443918, 0.033368639650341606, 0.5]]
<class 'list'>
<class 'list'>
<class 'list'>
<class 'list'>
<class 'list'>
<class 'list'>
<class 'list'>
<class 'list'>
<class 'list'>
<class 'list'>
------------------------- time cost ------------------------- 541.1485371589661
INFO:----------fix client id is :group is 12 select id list is: [1, 4, 6, 7, 12, 15, 16, 17, 18, 19] <class 'flcore.clients.client_newaaw.clientNewAAW'>

-------------Round number: 12---Evaluate global model----------
Averaged Train Loss: 0.5103
Averaged Test Accurancy: 0.8285
Averaged Test AUC: 0.9688
Std Test Accurancy: 0.1281
Std Test AUC: 0.0259
envaluate: 12 [['mnist', 'NewAAW', 0, 2.3126724922475015, 0.060829335161069226, 0.4336906327316577, 0.06708057149762552, 0.18417894575936128, 0.5], ['mnist', 'NewAAW', 1, 2.2575879744218508, 0.2278958190541467, 0.5697938933670308, 0.3201551121131638, 0.28494082774638796, 0.5], ['mnist', 'NewAAW', 2, 2.1687420444406627, 0.2103038610920722, 0.6362194948481222, 0.2646593333303623, 0.22937342016983045, 0.5], ['mnist', 'NewAAW', 3, 1.634854440706718, 0.436714644733836, 0.8016460546289859, 0.29726078685401514, 0.1525349516959106, 0.5], ['mnist', 'NewAAW', 4, 1.3852750030797658, 0.5599154672149874, 0.8755768170781605, 0.2791890229309725, 0.12688837819412166, 0.5], ['mnist', 'NewAAW', 5, 1.2943054350093006, 0.5185058259081563, 0.8937048708758071, 0.32434646086445656, 0.09862446604600893, 0.5], ['mnist', 'NewAAW', 6, 1.0815416365799686, 0.6312542837559972, 0.9203169263253748, 0.21465793320439808, 0.05513839400457394, 0.5], ['mnist', 'NewAAW', 7, 0.770291077639936, 0.7574822938085447, 0.9528957639914212, 0.20230892182359259, 0.04370927871606692, 0.5], ['mnist', 'NewAAW', 8, 0.6586746478475495, 0.8191112634224355, 0.9628093850850838, 0.08080336770639156, 0.020615500676901696, 0.5], ['mnist', 'NewAAW', 9, 0.6960540989388531, 0.780100525474069, 0.9579706728509575, 0.12430618968252145, 0.024893613151390822, 0.5], ['mnist', 'NewAAW', 10, 0.7602496878339958, 0.7069339730408956, 0.9502470728189946, 0.19664821171203378, 0.03600923557937252, 0.5], ['mnist', 'NewAAW', 11, 0.618844747563952, 0.7759881197167009, 0.9586576279208554, 0.1793965263443918, 0.033368639650341606, 0.5], ['mnist', 'NewAAW', 12, 0.5102898400171593, 0.828535526616404, 0.968827091049727, 0.1280883092579993, 0.025863266599541797, 0.5]]
<class 'list'>
<class 'list'>
<class 'list'>
<class 'list'>
<class 'list'>
<class 'list'>
<class 'list'>
<class 'list'>
<class 'list'>
<class 'list'>
------------------------- time cost ------------------------- 426.87531328201294
INFO:----------fix client id is :group is 13 select id list is: [0, 3, 4, 7, 10, 11, 12, 15, 16, 18] <class 'flcore.clients.client_newaaw.clientNewAAW'>

-------------Round number: 13---Evaluate global model----------
Averaged Train Loss: 0.5280
Averaged Test Accurancy: 0.8063
Averaged Test AUC: 0.9668
Std Test Accurancy: 0.1897
Std Test AUC: 0.0324
envaluate: 13 [['mnist', 'NewAAW', 0, 2.3126724922475015, 0.060829335161069226, 0.4336906327316577, 0.06708057149762552, 0.18417894575936128, 0.5], ['mnist', 'NewAAW', 1, 2.2575879744218508, 0.2278958190541467, 0.5697938933670308, 0.3201551121131638, 0.28494082774638796, 0.5], ['mnist', 'NewAAW', 2, 2.1687420444406627, 0.2103038610920722, 0.6362194948481222, 0.2646593333303623, 0.22937342016983045, 0.5], ['mnist', 'NewAAW', 3, 1.634854440706718, 0.436714644733836, 0.8016460546289859, 0.29726078685401514, 0.1525349516959106, 0.5], ['mnist', 'NewAAW', 4, 1.3852750030797658, 0.5599154672149874, 0.8755768170781605, 0.2791890229309725, 0.12688837819412166, 0.5], ['mnist', 'NewAAW', 5, 1.2943054350093006, 0.5185058259081563, 0.8937048708758071, 0.32434646086445656, 0.09862446604600893, 0.5], ['mnist', 'NewAAW', 6, 1.0815416365799686, 0.6312542837559972, 0.9203169263253748, 0.21465793320439808, 0.05513839400457394, 0.5], ['mnist', 'NewAAW', 7, 0.770291077639936, 0.7574822938085447, 0.9528957639914212, 0.20230892182359259, 0.04370927871606692, 0.5], ['mnist', 'NewAAW', 8, 0.6586746478475495, 0.8191112634224355, 0.9628093850850838, 0.08080336770639156, 0.020615500676901696, 0.5], ['mnist', 'NewAAW', 9, 0.6960540989388531, 0.780100525474069, 0.9579706728509575, 0.12430618968252145, 0.024893613151390822, 0.5], ['mnist', 'NewAAW', 10, 0.7602496878339958, 0.7069339730408956, 0.9502470728189946, 0.19664821171203378, 0.03600923557937252, 0.5], ['mnist', 'NewAAW', 11, 0.618844747563952, 0.7759881197167009, 0.9586576279208554, 0.1793965263443918, 0.033368639650341606, 0.5], ['mnist', 'NewAAW', 12, 0.5102898400171593, 0.828535526616404, 0.968827091049727, 0.1280883092579993, 0.025863266599541797, 0.5], ['mnist', 'NewAAW', 13, 0.5279970697144833, 0.8062599954306603, 0.9667916226568715, 0.18969849926742877, 0.032402056216795976, 0.5]]
<class 'list'>
<class 'list'>
<class 'list'>
<class 'list'>
<class 'list'>
<class 'list'>
<class 'list'>
<class 'list'>
<class 'list'>
<class 'list'>
------------------------- time cost ------------------------- 477.2216362953186
INFO:----------fix client id is :group is 14 select id list is: [2, 6, 7, 8, 9, 11, 13, 14, 16, 19] <class 'flcore.clients.client_newaaw.clientNewAAW'>

-------------Round number: 14---Evaluate global model----------
Averaged Train Loss: 0.5282
Averaged Test Accurancy: 0.8290
Averaged Test AUC: 0.9650
Std Test Accurancy: 0.1344
Std Test AUC: 0.0297
envaluate: 14 [['mnist', 'NewAAW', 0, 2.3126724922475015, 0.060829335161069226, 0.4336906327316577, 0.06708057149762552, 0.18417894575936128, 0.5], ['mnist', 'NewAAW', 1, 2.2575879744218508, 0.2278958190541467, 0.5697938933670308, 0.3201551121131638, 0.28494082774638796, 0.5], ['mnist', 'NewAAW', 2, 2.1687420444406627, 0.2103038610920722, 0.6362194948481222, 0.2646593333303623, 0.22937342016983045, 0.5], ['mnist', 'NewAAW', 3, 1.634854440706718, 0.436714644733836, 0.8016460546289859, 0.29726078685401514, 0.1525349516959106, 0.5], ['mnist', 'NewAAW', 4, 1.3852750030797658, 0.5599154672149874, 0.8755768170781605, 0.2791890229309725, 0.12688837819412166, 0.5], ['mnist', 'NewAAW', 5, 1.2943054350093006, 0.5185058259081563, 0.8937048708758071, 0.32434646086445656, 0.09862446604600893, 0.5], ['mnist', 'NewAAW', 6, 1.0815416365799686, 0.6312542837559972, 0.9203169263253748, 0.21465793320439808, 0.05513839400457394, 0.5], ['mnist', 'NewAAW', 7, 0.770291077639936, 0.7574822938085447, 0.9528957639914212, 0.20230892182359259, 0.04370927871606692, 0.5], ['mnist', 'NewAAW', 8, 0.6586746478475495, 0.8191112634224355, 0.9628093850850838, 0.08080336770639156, 0.020615500676901696, 0.5], ['mnist', 'NewAAW', 9, 0.6960540989388531, 0.780100525474069, 0.9579706728509575, 0.12430618968252145, 0.024893613151390822, 0.5], ['mnist', 'NewAAW', 10, 0.7602496878339958, 0.7069339730408956, 0.9502470728189946, 0.19664821171203378, 0.03600923557937252, 0.5], ['mnist', 'NewAAW', 11, 0.618844747563952, 0.7759881197167009, 0.9586576279208554, 0.1793965263443918, 0.033368639650341606, 0.5], ['mnist', 'NewAAW', 12, 0.5102898400171593, 0.828535526616404, 0.968827091049727, 0.1280883092579993, 0.025863266599541797, 0.5], ['mnist', 'NewAAW', 13, 0.5279970697144833, 0.8062599954306603, 0.9667916226568715, 0.18969849926742877, 0.032402056216795976, 0.5], ['mnist', 'NewAAW', 14, 0.52817216401674, 0.829049577336075, 0.9649769344559187, 0.13439370675690673, 0.029746343107539833, 0.5]]
<class 'list'>
<class 'list'>
<class 'list'>
<class 'list'>
<class 'list'>
<class 'list'>
<class 'list'>
<class 'list'>
<class 'list'>
<class 'list'>
------------------------- time cost ------------------------- 416.76068687438965
INFO:----------fix client id is :group is 15 select id list is: [1, 2, 3, 4, 6, 8, 10, 15, 16, 19] <class 'flcore.clients.client_newaaw.clientNewAAW'>

-------------Round number: 15---Evaluate global model----------
Averaged Train Loss: 0.5743
Averaged Test Accurancy: 0.7877
Averaged Test AUC: 0.9609
Std Test Accurancy: 0.2058
Std Test AUC: 0.0392
envaluate: 15 [['mnist', 'NewAAW', 0, 2.3126724922475015, 0.060829335161069226, 0.4336906327316577, 0.06708057149762552, 0.18417894575936128, 0.5], ['mnist', 'NewAAW', 1, 2.2575879744218508, 0.2278958190541467, 0.5697938933670308, 0.3201551121131638, 0.28494082774638796, 0.5], ['mnist', 'NewAAW', 2, 2.1687420444406627, 0.2103038610920722, 0.6362194948481222, 0.2646593333303623, 0.22937342016983045, 0.5], ['mnist', 'NewAAW', 3, 1.634854440706718, 0.436714644733836, 0.8016460546289859, 0.29726078685401514, 0.1525349516959106, 0.5], ['mnist', 'NewAAW', 4, 1.3852750030797658, 0.5599154672149874, 0.8755768170781605, 0.2791890229309725, 0.12688837819412166, 0.5], ['mnist', 'NewAAW', 5, 1.2943054350093006, 0.5185058259081563, 0.8937048708758071, 0.32434646086445656, 0.09862446604600893, 0.5], ['mnist', 'NewAAW', 6, 1.0815416365799686, 0.6312542837559972, 0.9203169263253748, 0.21465793320439808, 0.05513839400457394, 0.5], ['mnist', 'NewAAW', 7, 0.770291077639936, 0.7574822938085447, 0.9528957639914212, 0.20230892182359259, 0.04370927871606692, 0.5], ['mnist', 'NewAAW', 8, 0.6586746478475495, 0.8191112634224355, 0.9628093850850838, 0.08080336770639156, 0.020615500676901696, 0.5], ['mnist', 'NewAAW', 9, 0.6960540989388531, 0.780100525474069, 0.9579706728509575, 0.12430618968252145, 0.024893613151390822, 0.5], ['mnist', 'NewAAW', 10, 0.7602496878339958, 0.7069339730408956, 0.9502470728189946, 0.19664821171203378, 0.03600923557937252, 0.5], ['mnist', 'NewAAW', 11, 0.618844747563952, 0.7759881197167009, 0.9586576279208554, 0.1793965263443918, 0.033368639650341606, 0.5], ['mnist', 'NewAAW', 12, 0.5102898400171593, 0.828535526616404, 0.968827091049727, 0.1280883092579993, 0.025863266599541797, 0.5], ['mnist', 'NewAAW', 13, 0.5279970697144833, 0.8062599954306603, 0.9667916226568715, 0.18969849926742877, 0.032402056216795976, 0.5], ['mnist', 'NewAAW', 14, 0.52817216401674, 0.829049577336075, 0.9649769344559187, 0.13439370675690673, 0.029746343107539833, 0.5], ['mnist', 'NewAAW', 15, 0.5742804138962968, 0.7876970527758739, 0.9609047654535164, 0.20584373197712863, 0.03922497053128245, 0.5]]
<class 'list'>
<class 'list'>
<class 'list'>
<class 'list'>
<class 'list'>
<class 'list'>
<class 'list'>
<class 'list'>
<class 'list'>
<class 'list'>
------------------------- time cost ------------------------- 558.346745967865
INFO:----------fix client id is :group is 16 select id list is: [0, 1, 4, 8, 10, 14, 15, 16, 18, 19] <class 'flcore.clients.client_newaaw.clientNewAAW'>

-------------Round number: 16---Evaluate global model----------
Averaged Train Loss: 0.5088
Averaged Test Accurancy: 0.8091
Averaged Test AUC: 0.9677
Std Test Accurancy: 0.1929
Std Test AUC: 0.0316
envaluate: 16 [['mnist', 'NewAAW', 0, 2.3126724922475015, 0.060829335161069226, 0.4336906327316577, 0.06708057149762552, 0.18417894575936128, 0.5], ['mnist', 'NewAAW', 1, 2.2575879744218508, 0.2278958190541467, 0.5697938933670308, 0.3201551121131638, 0.28494082774638796, 0.5], ['mnist', 'NewAAW', 2, 2.1687420444406627, 0.2103038610920722, 0.6362194948481222, 0.2646593333303623, 0.22937342016983045, 0.5], ['mnist', 'NewAAW', 3, 1.634854440706718, 0.436714644733836, 0.8016460546289859, 0.29726078685401514, 0.1525349516959106, 0.5], ['mnist', 'NewAAW', 4, 1.3852750030797658, 0.5599154672149874, 0.8755768170781605, 0.2791890229309725, 0.12688837819412166, 0.5], ['mnist', 'NewAAW', 5, 1.2943054350093006, 0.5185058259081563, 0.8937048708758071, 0.32434646086445656, 0.09862446604600893, 0.5], ['mnist', 'NewAAW', 6, 1.0815416365799686, 0.6312542837559972, 0.9203169263253748, 0.21465793320439808, 0.05513839400457394, 0.5], ['mnist', 'NewAAW', 7, 0.770291077639936, 0.7574822938085447, 0.9528957639914212, 0.20230892182359259, 0.04370927871606692, 0.5], ['mnist', 'NewAAW', 8, 0.6586746478475495, 0.8191112634224355, 0.9628093850850838, 0.08080336770639156, 0.020615500676901696, 0.5], ['mnist', 'NewAAW', 9, 0.6960540989388531, 0.780100525474069, 0.9579706728509575, 0.12430618968252145, 0.024893613151390822, 0.5], ['mnist', 'NewAAW', 10, 0.7602496878339958, 0.7069339730408956, 0.9502470728189946, 0.19664821171203378, 0.03600923557937252, 0.5], ['mnist', 'NewAAW', 11, 0.618844747563952, 0.7759881197167009, 0.9586576279208554, 0.1793965263443918, 0.033368639650341606, 0.5], ['mnist', 'NewAAW', 12, 0.5102898400171593, 0.828535526616404, 0.968827091049727, 0.1280883092579993, 0.025863266599541797, 0.5], ['mnist', 'NewAAW', 13, 0.5279970697144833, 0.8062599954306603, 0.9667916226568715, 0.18969849926742877, 0.032402056216795976, 0.5], ['mnist', 'NewAAW', 14, 0.52817216401674, 0.829049577336075, 0.9649769344559187, 0.13439370675690673, 0.029746343107539833, 0.5], ['mnist', 'NewAAW', 15, 0.5742804138962968, 0.7876970527758739, 0.9609047654535164, 0.20584373197712863, 0.03922497053128245, 0.5], ['mnist', 'NewAAW', 16, 0.5088381617421992, 0.8090587160155358, 0.9677154644543612, 0.1929391781029686, 0.031626827318035684, 0.5]]
<class 'list'>
<class 'list'>
<class 'list'>
<class 'list'>
<class 'list'>
<class 'list'>
<class 'list'>
<class 'list'>
<class 'list'>
<class 'list'>
------------------------- time cost ------------------------- 517.1872251033783
INFO:----------fix client id is :group is 17 select id list is: [0, 1, 2, 3, 6, 8, 10, 13, 14, 19] <class 'flcore.clients.client_newaaw.clientNewAAW'>

-------------Round number: 17---Evaluate global model----------
Averaged Train Loss: 0.5269
Averaged Test Accurancy: 0.8080
Averaged Test AUC: 0.9654
Std Test Accurancy: 0.1863
Std Test AUC: 0.0325
envaluate: 17 [['mnist', 'NewAAW', 0, 2.3126724922475015, 0.060829335161069226, 0.4336906327316577, 0.06708057149762552, 0.18417894575936128, 0.5], ['mnist', 'NewAAW', 1, 2.2575879744218508, 0.2278958190541467, 0.5697938933670308, 0.3201551121131638, 0.28494082774638796, 0.5], ['mnist', 'NewAAW', 2, 2.1687420444406627, 0.2103038610920722, 0.6362194948481222, 0.2646593333303623, 0.22937342016983045, 0.5], ['mnist', 'NewAAW', 3, 1.634854440706718, 0.436714644733836, 0.8016460546289859, 0.29726078685401514, 0.1525349516959106, 0.5], ['mnist', 'NewAAW', 4, 1.3852750030797658, 0.5599154672149874, 0.8755768170781605, 0.2791890229309725, 0.12688837819412166, 0.5], ['mnist', 'NewAAW', 5, 1.2943054350093006, 0.5185058259081563, 0.8937048708758071, 0.32434646086445656, 0.09862446604600893, 0.5], ['mnist', 'NewAAW', 6, 1.0815416365799686, 0.6312542837559972, 0.9203169263253748, 0.21465793320439808, 0.05513839400457394, 0.5], ['mnist', 'NewAAW', 7, 0.770291077639936, 0.7574822938085447, 0.9528957639914212, 0.20230892182359259, 0.04370927871606692, 0.5], ['mnist', 'NewAAW', 8, 0.6586746478475495, 0.8191112634224355, 0.9628093850850838, 0.08080336770639156, 0.020615500676901696, 0.5], ['mnist', 'NewAAW', 9, 0.6960540989388531, 0.780100525474069, 0.9579706728509575, 0.12430618968252145, 0.024893613151390822, 0.5], ['mnist', 'NewAAW', 10, 0.7602496878339958, 0.7069339730408956, 0.9502470728189946, 0.19664821171203378, 0.03600923557937252, 0.5], ['mnist', 'NewAAW', 11, 0.618844747563952, 0.7759881197167009, 0.9586576279208554, 0.1793965263443918, 0.033368639650341606, 0.5], ['mnist', 'NewAAW', 12, 0.5102898400171593, 0.828535526616404, 0.968827091049727, 0.1280883092579993, 0.025863266599541797, 0.5], ['mnist', 'NewAAW', 13, 0.5279970697144833, 0.8062599954306603, 0.9667916226568715, 0.18969849926742877, 0.032402056216795976, 0.5], ['mnist', 'NewAAW', 14, 0.52817216401674, 0.829049577336075, 0.9649769344559187, 0.13439370675690673, 0.029746343107539833, 0.5], ['mnist', 'NewAAW', 15, 0.5742804138962968, 0.7876970527758739, 0.9609047654535164, 0.20584373197712863, 0.03922497053128245, 0.5], ['mnist', 'NewAAW', 16, 0.5088381617421992, 0.8090587160155358, 0.9677154644543612, 0.1929391781029686, 0.031626827318035684, 0.5], ['mnist', 'NewAAW', 17, 0.5268553091637224, 0.8079734978295636, 0.9654393886237069, 0.1863470758641764, 0.03249292828271024, 0.5]]
<class 'list'>
<class 'list'>
<class 'list'>
<class 'list'>
<class 'list'>
<class 'list'>
<class 'list'>
<class 'list'>
<class 'list'>
<class 'list'>
------------------------- time cost ------------------------- 398.40229296684265
INFO:----------fix client id is :group is 18 select id list is: [0, 1, 5, 7, 8, 10, 11, 12, 13, 18] <class 'flcore.clients.client_newaaw.clientNewAAW'>

-------------Round number: 18---Evaluate global model----------
Averaged Train Loss: 0.5640
Averaged Test Accurancy: 0.7877
Averaged Test AUC: 0.9634
Std Test Accurancy: 0.2049
Std Test AUC: 0.0333
envaluate: 18 [['mnist', 'NewAAW', 0, 2.3126724922475015, 0.060829335161069226, 0.4336906327316577, 0.06708057149762552, 0.18417894575936128, 0.5], ['mnist', 'NewAAW', 1, 2.2575879744218508, 0.2278958190541467, 0.5697938933670308, 0.3201551121131638, 0.28494082774638796, 0.5], ['mnist', 'NewAAW', 2, 2.1687420444406627, 0.2103038610920722, 0.6362194948481222, 0.2646593333303623, 0.22937342016983045, 0.5], ['mnist', 'NewAAW', 3, 1.634854440706718, 0.436714644733836, 0.8016460546289859, 0.29726078685401514, 0.1525349516959106, 0.5], ['mnist', 'NewAAW', 4, 1.3852750030797658, 0.5599154672149874, 0.8755768170781605, 0.2791890229309725, 0.12688837819412166, 0.5], ['mnist', 'NewAAW', 5, 1.2943054350093006, 0.5185058259081563, 0.8937048708758071, 0.32434646086445656, 0.09862446604600893, 0.5], ['mnist', 'NewAAW', 6, 1.0815416365799686, 0.6312542837559972, 0.9203169263253748, 0.21465793320439808, 0.05513839400457394, 0.5], ['mnist', 'NewAAW', 7, 0.770291077639936, 0.7574822938085447, 0.9528957639914212, 0.20230892182359259, 0.04370927871606692, 0.5], ['mnist', 'NewAAW', 8, 0.6586746478475495, 0.8191112634224355, 0.9628093850850838, 0.08080336770639156, 0.020615500676901696, 0.5], ['mnist', 'NewAAW', 9, 0.6960540989388531, 0.780100525474069, 0.9579706728509575, 0.12430618968252145, 0.024893613151390822, 0.5], ['mnist', 'NewAAW', 10, 0.7602496878339958, 0.7069339730408956, 0.9502470728189946, 0.19664821171203378, 0.03600923557937252, 0.5], ['mnist', 'NewAAW', 11, 0.618844747563952, 0.7759881197167009, 0.9586576279208554, 0.1793965263443918, 0.033368639650341606, 0.5], ['mnist', 'NewAAW', 12, 0.5102898400171593, 0.828535526616404, 0.968827091049727, 0.1280883092579993, 0.025863266599541797, 0.5], ['mnist', 'NewAAW', 13, 0.5279970697144833, 0.8062599954306603, 0.9667916226568715, 0.18969849926742877, 0.032402056216795976, 0.5], ['mnist', 'NewAAW', 14, 0.52817216401674, 0.829049577336075, 0.9649769344559187, 0.13439370675690673, 0.029746343107539833, 0.5], ['mnist', 'NewAAW', 15, 0.5742804138962968, 0.7876970527758739, 0.9609047654535164, 0.20584373197712863, 0.03922497053128245, 0.5], ['mnist', 'NewAAW', 16, 0.5088381617421992, 0.8090587160155358, 0.9677154644543612, 0.1929391781029686, 0.031626827318035684, 0.5], ['mnist', 'NewAAW', 17, 0.5268553091637224, 0.8079734978295636, 0.9654393886237069, 0.1863470758641764, 0.03249292828271024, 0.5], ['mnist', 'NewAAW', 18, 0.5640377394522661, 0.7876970527758739, 0.963361135815347, 0.20487447151260385, 0.033271996321785895, 0.5]]
<class 'list'>
<class 'list'>
<class 'list'>
<class 'list'>
<class 'list'>
<class 'list'>
<class 'list'>
<class 'list'>
<class 'list'>
<class 'list'>
------------------------- time cost ------------------------- 395.0017306804657
INFO:----------fix client id is :group is 19 select id list is: [0, 7, 8, 9, 10, 14, 15, 16, 18, 19] <class 'flcore.clients.client_newaaw.clientNewAAW'>

-------------Round number: 19---Evaluate global model----------
Averaged Train Loss: 0.3678
Averaged Test Accurancy: 0.8842
Averaged Test AUC: 0.9791
Std Test Accurancy: 0.0460
Std Test AUC: 0.0099
envaluate: 19 [['mnist', 'NewAAW', 0, 2.3126724922475015, 0.060829335161069226, 0.4336906327316577, 0.06708057149762552, 0.18417894575936128, 0.5], ['mnist', 'NewAAW', 1, 2.2575879744218508, 0.2278958190541467, 0.5697938933670308, 0.3201551121131638, 0.28494082774638796, 0.5], ['mnist', 'NewAAW', 2, 2.1687420444406627, 0.2103038610920722, 0.6362194948481222, 0.2646593333303623, 0.22937342016983045, 0.5], ['mnist', 'NewAAW', 3, 1.634854440706718, 0.436714644733836, 0.8016460546289859, 0.29726078685401514, 0.1525349516959106, 0.5], ['mnist', 'NewAAW', 4, 1.3852750030797658, 0.5599154672149874, 0.8755768170781605, 0.2791890229309725, 0.12688837819412166, 0.5], ['mnist', 'NewAAW', 5, 1.2943054350093006, 0.5185058259081563, 0.8937048708758071, 0.32434646086445656, 0.09862446604600893, 0.5], ['mnist', 'NewAAW', 6, 1.0815416365799686, 0.6312542837559972, 0.9203169263253748, 0.21465793320439808, 0.05513839400457394, 0.5], ['mnist', 'NewAAW', 7, 0.770291077639936, 0.7574822938085447, 0.9528957639914212, 0.20230892182359259, 0.04370927871606692, 0.5], ['mnist', 'NewAAW', 8, 0.6586746478475495, 0.8191112634224355, 0.9628093850850838, 0.08080336770639156, 0.020615500676901696, 0.5], ['mnist', 'NewAAW', 9, 0.6960540989388531, 0.780100525474069, 0.9579706728509575, 0.12430618968252145, 0.024893613151390822, 0.5], ['mnist', 'NewAAW', 10, 0.7602496878339958, 0.7069339730408956, 0.9502470728189946, 0.19664821171203378, 0.03600923557937252, 0.5], ['mnist', 'NewAAW', 11, 0.618844747563952, 0.7759881197167009, 0.9586576279208554, 0.1793965263443918, 0.033368639650341606, 0.5], ['mnist', 'NewAAW', 12, 0.5102898400171593, 0.828535526616404, 0.968827091049727, 0.1280883092579993, 0.025863266599541797, 0.5], ['mnist', 'NewAAW', 13, 0.5279970697144833, 0.8062599954306603, 0.9667916226568715, 0.18969849926742877, 0.032402056216795976, 0.5], ['mnist', 'NewAAW', 14, 0.52817216401674, 0.829049577336075, 0.9649769344559187, 0.13439370675690673, 0.029746343107539833, 0.5], ['mnist', 'NewAAW', 15, 0.5742804138962968, 0.7876970527758739, 0.9609047654535164, 0.20584373197712863, 0.03922497053128245, 0.5], ['mnist', 'NewAAW', 16, 0.5088381617421992, 0.8090587160155358, 0.9677154644543612, 0.1929391781029686, 0.031626827318035684, 0.5], ['mnist', 'NewAAW', 17, 0.5268553091637224, 0.8079734978295636, 0.9654393886237069, 0.1863470758641764, 0.03249292828271024, 0.5], ['mnist', 'NewAAW', 18, 0.5640377394522661, 0.7876970527758739, 0.963361135815347, 0.20487447151260385, 0.033271996321785895, 0.5], ['mnist', 'NewAAW', 19, 0.3678350627390785, 0.8842243545807631, 0.9791365212981676, 0.045980914772527, 0.009907830963631728, 0.5]]
<class 'list'>
<class 'list'>
<class 'list'>
<class 'list'>
<class 'list'>
<class 'list'>
<class 'list'>
<class 'list'>
<class 'list'>
<class 'list'>
------------------------- time cost ------------------------- 386.7369918823242
INFO:----------fix client id is :group is 20 select id list is: [0, 1, 2, 4, 6, 9, 10, 12, 13, 15] <class 'flcore.clients.client_newaaw.clientNewAAW'>

-------------Round number: 20---Evaluate global model----------
Averaged Train Loss: 0.4324
Averaged Test Accurancy: 0.8360
Averaged Test AUC: 0.9730
Std Test Accurancy: 0.1659
Std Test AUC: 0.0271
envaluate: 20 [['mnist', 'NewAAW', 0, 2.3126724922475015, 0.060829335161069226, 0.4336906327316577, 0.06708057149762552, 0.18417894575936128, 0.5], ['mnist', 'NewAAW', 1, 2.2575879744218508, 0.2278958190541467, 0.5697938933670308, 0.3201551121131638, 0.28494082774638796, 0.5], ['mnist', 'NewAAW', 2, 2.1687420444406627, 0.2103038610920722, 0.6362194948481222, 0.2646593333303623, 0.22937342016983045, 0.5], ['mnist', 'NewAAW', 3, 1.634854440706718, 0.436714644733836, 0.8016460546289859, 0.29726078685401514, 0.1525349516959106, 0.5], ['mnist', 'NewAAW', 4, 1.3852750030797658, 0.5599154672149874, 0.8755768170781605, 0.2791890229309725, 0.12688837819412166, 0.5], ['mnist', 'NewAAW', 5, 1.2943054350093006, 0.5185058259081563, 0.8937048708758071, 0.32434646086445656, 0.09862446604600893, 0.5], ['mnist', 'NewAAW', 6, 1.0815416365799686, 0.6312542837559972, 0.9203169263253748, 0.21465793320439808, 0.05513839400457394, 0.5], ['mnist', 'NewAAW', 7, 0.770291077639936, 0.7574822938085447, 0.9528957639914212, 0.20230892182359259, 0.04370927871606692, 0.5], ['mnist', 'NewAAW', 8, 0.6586746478475495, 0.8191112634224355, 0.9628093850850838, 0.08080336770639156, 0.020615500676901696, 0.5], ['mnist', 'NewAAW', 9, 0.6960540989388531, 0.780100525474069, 0.9579706728509575, 0.12430618968252145, 0.024893613151390822, 0.5], ['mnist', 'NewAAW', 10, 0.7602496878339958, 0.7069339730408956, 0.9502470728189946, 0.19664821171203378, 0.03600923557937252, 0.5], ['mnist', 'NewAAW', 11, 0.618844747563952, 0.7759881197167009, 0.9586576279208554, 0.1793965263443918, 0.033368639650341606, 0.5], ['mnist', 'NewAAW', 12, 0.5102898400171593, 0.828535526616404, 0.968827091049727, 0.1280883092579993, 0.025863266599541797, 0.5], ['mnist', 'NewAAW', 13, 0.5279970697144833, 0.8062599954306603, 0.9667916226568715, 0.18969849926742877, 0.032402056216795976, 0.5], ['mnist', 'NewAAW', 14, 0.52817216401674, 0.829049577336075, 0.9649769344559187, 0.13439370675690673, 0.029746343107539833, 0.5], ['mnist', 'NewAAW', 15, 0.5742804138962968, 0.7876970527758739, 0.9609047654535164, 0.20584373197712863, 0.03922497053128245, 0.5], ['mnist', 'NewAAW', 16, 0.5088381617421992, 0.8090587160155358, 0.9677154644543612, 0.1929391781029686, 0.031626827318035684, 0.5], ['mnist', 'NewAAW', 17, 0.5268553091637224, 0.8079734978295636, 0.9654393886237069, 0.1863470758641764, 0.03249292828271024, 0.5], ['mnist', 'NewAAW', 18, 0.5640377394522661, 0.7876970527758739, 0.963361135815347, 0.20487447151260385, 0.033271996321785895, 0.5], ['mnist', 'NewAAW', 19, 0.3678350627390785, 0.8842243545807631, 0.9791365212981676, 0.045980914772527, 0.009907830963631728, 0.5], ['mnist', 'NewAAW', 20, 0.43235126209673796, 0.8359607036783184, 0.9729828615643505, 0.1659428486670695, 0.02706027138768533, 0.5]]
<class 'list'>
<class 'list'>
<class 'list'>
<class 'list'>
<class 'list'>
<class 'list'>
<class 'list'>
<class 'list'>
<class 'list'>
<class 'list'>
------------------------- time cost ------------------------- 307.4796950817108

Best accuracy.
0.8842243545807631

Average time cost per round.
419.3047565460205
success training write acc txt /Users/alice/Desktop/python/PFL//res/NewAAW/mnist_acc.csv
[['mnist', 'NewAAW', 0, 2.3126724922475015, 0.060829335161069226, 0.4336906327316577, 0.06708057149762552, 0.18417894575936128, 0.5], ['mnist', 'NewAAW', 1, 2.2575879744218508, 0.2278958190541467, 0.5697938933670308, 0.3201551121131638, 0.28494082774638796, 0.5], ['mnist', 'NewAAW', 2, 2.1687420444406627, 0.2103038610920722, 0.6362194948481222, 0.2646593333303623, 0.22937342016983045, 0.5], ['mnist', 'NewAAW', 3, 1.634854440706718, 0.436714644733836, 0.8016460546289859, 0.29726078685401514, 0.1525349516959106, 0.5], ['mnist', 'NewAAW', 4, 1.3852750030797658, 0.5599154672149874, 0.8755768170781605, 0.2791890229309725, 0.12688837819412166, 0.5], ['mnist', 'NewAAW', 5, 1.2943054350093006, 0.5185058259081563, 0.8937048708758071, 0.32434646086445656, 0.09862446604600893, 0.5], ['mnist', 'NewAAW', 6, 1.0815416365799686, 0.6312542837559972, 0.9203169263253748, 0.21465793320439808, 0.05513839400457394, 0.5], ['mnist', 'NewAAW', 7, 0.770291077639936, 0.7574822938085447, 0.9528957639914212, 0.20230892182359259, 0.04370927871606692, 0.5], ['mnist', 'NewAAW', 8, 0.6586746478475495, 0.8191112634224355, 0.9628093850850838, 0.08080336770639156, 0.020615500676901696, 0.5], ['mnist', 'NewAAW', 9, 0.6960540989388531, 0.780100525474069, 0.9579706728509575, 0.12430618968252145, 0.024893613151390822, 0.5], ['mnist', 'NewAAW', 10, 0.7602496878339958, 0.7069339730408956, 0.9502470728189946, 0.19664821171203378, 0.03600923557937252, 0.5], ['mnist', 'NewAAW', 11, 0.618844747563952, 0.7759881197167009, 0.9586576279208554, 0.1793965263443918, 0.033368639650341606, 0.5], ['mnist', 'NewAAW', 12, 0.5102898400171593, 0.828535526616404, 0.968827091049727, 0.1280883092579993, 0.025863266599541797, 0.5], ['mnist', 'NewAAW', 13, 0.5279970697144833, 0.8062599954306603, 0.9667916226568715, 0.18969849926742877, 0.032402056216795976, 0.5], ['mnist', 'NewAAW', 14, 0.52817216401674, 0.829049577336075, 0.9649769344559187, 0.13439370675690673, 0.029746343107539833, 0.5], ['mnist', 'NewAAW', 15, 0.5742804138962968, 0.7876970527758739, 0.9609047654535164, 0.20584373197712863, 0.03922497053128245, 0.5], ['mnist', 'NewAAW', 16, 0.5088381617421992, 0.8090587160155358, 0.9677154644543612, 0.1929391781029686, 0.031626827318035684, 0.5], ['mnist', 'NewAAW', 17, 0.5268553091637224, 0.8079734978295636, 0.9654393886237069, 0.1863470758641764, 0.03249292828271024, 0.5], ['mnist', 'NewAAW', 18, 0.5640377394522661, 0.7876970527758739, 0.963361135815347, 0.20487447151260385, 0.033271996321785895, 0.5], ['mnist', 'NewAAW', 19, 0.3678350627390785, 0.8842243545807631, 0.9791365212981676, 0.045980914772527, 0.009907830963631728, 0.5], ['mnist', 'NewAAW', 20, 0.43235126209673796, 0.8359607036783184, 0.9729828615643505, 0.1659428486670695, 0.02706027138768533, 0.5]]
File path: ../results/mnist_NewAAW_test_0.h5

Average time cost: 8813.78s.
Length:  21
std for best accurancy: 0.0
mean for best accurancy: 0.8842243545807631
All done!

Storage on cpu
-------------------------------------------------------------------------------
Total Tensors: 210008472 	Used Memory: 547.60M
-------------------------------------------------------------------------------
