/Users/alice/opt/anaconda3/lib/python3.8/site-packages/torchvision/io/image.py:13: UserWarning: Failed to load image Python extension: 'dlopen(/Users/alice/opt/anaconda3/lib/python3.8/site-packages/torchvision/image.so, 6): Library not loaded: @rpath/libpng16.16.dylib
  Referenced from: /Users/alice/opt/anaconda3/lib/python3.8/site-packages/torchvision/image.so
  Reason: Incompatible library version: image.so requires version 56.0.0 or later, but libpng16.16.dylib provides version 54.0.0'If you don't plan on using image functionality from `torchvision.io`, you can ignore this warning. Otherwise, there might be something wrong with your environment. Did you have `libjpeg` or `libpng` installed before building `torchvision` from source?
  warn(
/Users/alice/Desktop/python/PFL/system /Users/alice/Desktop/python/PFL
/Users/alice/Desktop/python/PFL/system /Users/alice/Desktop/python/PFL
/Users/alice/Desktop/python/PFL/system /Users/alice/Desktop/python/PFL

cuda is not avaiable.

==================================================
Algorithm: MOON
Local batch size: 10
Local steps: 1
Local learing rate: 0.005
Local learing rate decay: False
Total number of clients: 20
Clients join in each round: 0.5
Clients randomly join: False
Client drop rate: 0.0
Client select regarding time: False
Running times: 1
Dataset: Cifar10
Number of classes: 10
Backbone: cnn
Using device: cpu
Using DP: False
Auto break: False
Global rounds: 100
DLG attack: False
Total number of new clients: 0
Fine tuning epoches on new clients: 0
==================================================

============= Running time: 0th =============
Creating server and clients ...
FedAvgCNN(
  (conv1): Sequential(
    (0): Conv2d(3, 32, kernel_size=(5, 5), stride=(1, 1))
    (1): ReLU(inplace=True)
    (2): MaxPool2d(kernel_size=(2, 2), stride=(2, 2), padding=0, dilation=1, ceil_mode=False)
  )
  (conv2): Sequential(
    (0): Conv2d(32, 64, kernel_size=(5, 5), stride=(1, 1))
    (1): ReLU(inplace=True)
    (2): MaxPool2d(kernel_size=(2, 2), stride=(2, 2), padding=0, dilation=1, ceil_mode=False)
  )
  (fc1): Sequential(
    (0): Linear(in_features=1600, out_features=512, bias=True)
    (1): ReLU(inplace=True)
  )
  (fc): Linear(in_features=512, out_features=10, bias=True)
)
INFO:------------------------args.algorithm is:MOON-----------------------
**************************1.INfo,set_clients ,init data********************

Join ratio / total clients: 0.5 / 20
Finished creating server and clients.
*************************** MOON train ***************************
-------------------------------------------------------------------------write exe canshu,txt path is /Users/alice/Desktop/python/PFL//res/MOON/Cifar10_canshu.csv
INFO:---------Using fix select id list--------------------------------
/Users/alice/Desktop/python/PFL//res/selectids/Cifar10_select_client_ids20_0.5.csv
       2  global_rounds                                id_list
0      3              0    [10, 8, 14, 11, 9, 5, 7, 13, 12, 3]
1      4              1   [2, 0, 6, 13, 10, 16, 18, 1, 17, 19]
2      5              2   [11, 15, 17, 16, 4, 18, 9, 12, 2, 1]
3      6              3     [4, 14, 6, 2, 11, 18, 3, 12, 5, 1]
4      7              4   [8, 11, 12, 2, 17, 18, 4, 19, 15, 7]
..   ...            ...                                    ...
96    99             96    [13, 4, 11, 6, 12, 3, 10, 9, 7, 15]
97   100             97  [12, 18, 3, 10, 0, 19, 5, 15, 11, 14]
98   101             98    [16, 14, 15, 7, 11, 0, 3, 9, 1, 10]
99   102             99   [11, 2, 8, 3, 13, 17, 15, 7, 10, 16]
100  103            100    [1, 6, 11, 14, 5, 9, 16, 17, 7, 13]

[101 rows x 3 columns]
{0: [10, 8, 14, 11, 9, 5, 7, 13, 12, 3], 1: [2, 0, 6, 13, 10, 16, 18, 1, 17, 19], 2: [11, 15, 17, 16, 4, 18, 9, 12, 2, 1], 3: [4, 14, 6, 2, 11, 18, 3, 12, 5, 1], 4: [8, 11, 12, 2, 17, 18, 4, 19, 15, 7], 5: [1, 19, 5, 18, 8, 11, 10, 14, 2, 9], 6: [3, 7, 19, 1, 2, 0, 5, 17, 14, 15], 7: [13, 9, 7, 0, 5, 18, 19, 4, 17, 3], 8: [19, 18, 14, 15, 4, 0, 1, 17, 6, 7], 9: [18, 13, 12, 11, 1, 9, 0, 3, 14, 15], 10: [0, 5, 19, 12, 6, 14, 7, 2, 1, 9], 11: [8, 13, 0, 1, 5, 17, 11, 4, 7, 18], 12: [17, 11, 10, 9, 15, 14, 5, 2, 16, 4], 13: [10, 19, 3, 1, 11, 4, 17, 2, 15, 7], 14: [8, 9, 3, 6, 18, 5, 15, 17, 14, 7], 15: [10, 17, 8, 2, 5, 12, 0, 19, 18, 14], 16: [17, 13, 14, 11, 16, 8, 12, 7, 6, 9], 17: [15, 7, 3, 4, 10, 9, 5, 11, 16, 12], 18: [5, 12, 7, 1, 11, 2, 13, 3, 8, 17], 19: [0, 11, 4, 18, 7, 19, 10, 15, 1, 16], 20: [6, 12, 11, 5, 0, 18, 14, 16, 17, 8], 21: [18, 10, 4, 9, 7, 1, 14, 6, 3, 12], 22: [5, 2, 13, 15, 10, 18, 7, 16, 12, 9], 23: [11, 18, 3, 0, 4, 2, 1, 16, 10, 15], 24: [15, 10, 3, 7, 14, 4, 16, 8, 11, 12], 25: [0, 1, 6, 2, 3, 11, 18, 13, 9, 7], 26: [13, 16, 19, 7, 5, 0, 11, 4, 2, 6], 27: [11, 9, 3, 14, 5, 7, 0, 4, 18, 15], 28: [12, 0, 9, 13, 4, 7, 11, 17, 8, 10], 29: [9, 5, 8, 11, 15, 4, 18, 3, 19, 10], 30: [5, 9, 17, 18, 14, 1, 2, 6, 12, 4], 31: [3, 11, 8, 6, 18, 19, 9, 10, 2, 15], 32: [14, 3, 7, 13, 5, 0, 9, 11, 17, 8], 33: [5, 13, 0, 16, 18, 7, 15, 4, 19, 6], 34: [14, 8, 0, 6, 10, 9, 2, 17, 7, 16], 35: [7, 18, 13, 9, 12, 15, 8, 6, 0, 14], 36: [6, 4, 13, 17, 10, 11, 16, 5, 0, 1], 37: [14, 2, 16, 7, 1, 19, 3, 8, 0, 6], 38: [19, 14, 2, 11, 8, 16, 0, 6, 5, 3], 39: [13, 10, 11, 5, 19, 14, 6, 1, 9, 18], 40: [4, 2, 11, 13, 7, 6, 16, 3, 12, 15], 41: [16, 13, 3, 14, 11, 7, 5, 6, 19, 8], 42: [7, 14, 11, 15, 2, 5, 17, 3, 16, 6], 43: [6, 5, 16, 13, 1, 8, 10, 18, 4, 7], 44: [6, 3, 10, 9, 17, 2, 11, 15, 1, 18], 45: [9, 2, 6, 8, 18, 17, 19, 16, 14, 10], 46: [1, 16, 19, 2, 18, 13, 3, 0, 14, 11], 47: [9, 13, 6, 4, 12, 7, 8, 14, 1, 2], 48: [8, 7, 18, 3, 4, 10, 11, 16, 17, 0], 49: [13, 4, 2, 3, 12, 18, 19, 5, 15, 7], 50: [13, 7, 2, 11, 12, 5, 3, 4, 17, 9], 51: [4, 18, 13, 11, 10, 8, 5, 3, 16, 15], 52: [14, 13, 18, 15, 5, 0, 10, 9, 11, 17], 53: [2, 6, 18, 19, 12, 17, 4, 15, 10, 1], 54: [12, 13, 5, 19, 4, 15, 7, 14, 3, 2], 55: [12, 0, 8, 5, 11, 6, 2, 18, 13, 16], 56: [17, 4, 8, 6, 15, 0, 9, 7, 12, 18], 57: [3, 1, 2, 5, 6, 14, 4, 9, 18, 17], 58: [7, 5, 3, 14, 12, 18, 2, 10, 11, 15], 59: [19, 13, 17, 9, 11, 4, 6, 16, 7, 18], 60: [6, 15, 1, 8, 12, 17, 5, 9, 2, 14], 61: [14, 16, 2, 15, 1, 19, 17, 9, 4, 0], 62: [9, 6, 17, 18, 5, 7, 12, 11, 4, 14], 63: [12, 0, 3, 16, 9, 10, 5, 1, 8, 18], 64: [4, 15, 13, 19, 1, 16, 12, 3, 10, 6], 65: [11, 9, 19, 13, 15, 5, 3, 10, 17, 7], 66: [7, 4, 9, 2, 16, 1, 19, 5, 6, 18], 67: [0, 2, 7, 12, 16, 19, 8, 15, 11, 5], 68: [0, 13, 2, 17, 16, 6, 4, 10, 14, 11], 69: [10, 8, 6, 19, 17, 18, 7, 1, 3, 4], 70: [13, 18, 9, 14, 3, 17, 8, 15, 16, 2], 71: [17, 4, 15, 13, 14, 7, 5, 11, 18, 3], 72: [16, 7, 8, 6, 12, 18, 9, 2, 5, 17], 73: [6, 15, 10, 5, 14, 9, 13, 12, 3, 0], 74: [14, 8, 18, 6, 1, 12, 11, 5, 15, 13], 75: [6, 11, 5, 13, 19, 1, 17, 8, 2, 9], 76: [1, 15, 12, 5, 2, 0, 14, 10, 4, 19], 77: [6, 0, 14, 19, 9, 2, 7, 13, 16, 1], 78: [18, 2, 0, 3, 5, 8, 19, 12, 9, 7], 79: [0, 15, 2, 10, 17, 5, 13, 9, 4, 6], 80: [9, 14, 3, 12, 5, 4, 19, 18, 11, 7], 81: [12, 15, 18, 19, 16, 17, 2, 5, 10, 3], 82: [13, 5, 16, 19, 8, 15, 11, 14, 2, 4], 83: [11, 10, 14, 0, 8, 18, 15, 16, 7, 12], 84: [14, 9, 18, 6, 0, 2, 19, 11, 12, 10], 85: [18, 12, 6, 0, 14, 8, 16, 13, 15, 1], 86: [6, 17, 16, 15, 0, 10, 1, 4, 3, 12], 87: [17, 15, 0, 18, 9, 11, 1, 6, 4, 13], 88: [8, 0, 16, 14, 2, 15, 18, 3, 6, 12], 89: [3, 12, 5, 6, 1, 18, 0, 16, 11, 9], 90: [17, 4, 2, 14, 11, 5, 1, 0, 12, 16], 91: [9, 10, 18, 13, 17, 15, 7, 0, 6, 8], 92: [18, 19, 5, 0, 17, 6, 9, 3, 2, 15], 93: [18, 3, 0, 5, 10, 14, 17, 8, 2, 7], 94: [1, 16, 17, 3, 7, 12, 0, 13, 19, 14], 95: [8, 10, 17, 4, 5, 15, 0, 1, 3, 12], 96: [13, 4, 11, 6, 12, 3, 10, 9, 7, 15], 97: [12, 18, 3, 10, 0, 19, 5, 15, 11, 14], 98: [16, 14, 15, 7, 11, 0, 3, 9, 1, 10], 99: [11, 2, 8, 3, 13, 17, 15, 7, 10, 16], 100: [1, 6, 11, 14, 5, 9, 16, 17, 7, 13]}
*************************** 2.server MOON select_clients ***************************

INFO:----------fix client id is :group is 0 select id list is: [3, 5, 7, 8, 9, 10, 11, 12, 13, 14] <class 'flcore.clients.clientmoon.clientMOON'>

-------------Round number: 0-------------

Evaluate global model
Averaged Train Loss: 2.3039
Averaged Test Accurancy: 0.0937
Averaged Test AUC: 0.4940
Std Test Accurancy: 0.1815
Std Test AUC: 0.2182
-------------------------------------------------- 121.09777307510376
*************************** 2.server MOON select_clients ***************************

INFO:----------fix client id is :group is 1 select id list is: [0, 1, 2, 6, 10, 13, 16, 17, 18, 19] <class 'flcore.clients.clientmoon.clientMOON'>

-------------Round number: 1-------------

Evaluate global model
Averaged Train Loss: 2.4403
Averaged Test Accurancy: 0.1026
Averaged Test AUC: 0.5302
Std Test Accurancy: 0.2129
Std Test AUC: 0.2499
-------------------------------------------------- 120.46819710731506
*************************** 2.server MOON select_clients ***************************

INFO:----------fix client id is :group is 2 select id list is: [1, 2, 4, 9, 11, 12, 15, 16, 17, 18] <class 'flcore.clients.clientmoon.clientMOON'>

-------------Round number: 2-------------

Evaluate global model
Averaged Train Loss: 2.5602
Averaged Test Accurancy: 0.1407
Averaged Test AUC: 0.5402
Std Test Accurancy: 0.2233
Std Test AUC: 0.2549
-------------------------------------------------- 120.3454236984253
*************************** 2.server MOON select_clients ***************************

INFO:----------fix client id is :group is 3 select id list is: [1, 2, 3, 4, 5, 6, 11, 12, 14, 18] <class 'flcore.clients.clientmoon.clientMOON'>

-------------Round number: 3-------------

Evaluate global model
Averaged Train Loss: 2.4535
Averaged Test Accurancy: 0.1583
Averaged Test AUC: 0.5831
Std Test Accurancy: 0.2410
Std Test AUC: 0.2546
-------------------------------------------------- 114.15434694290161
*************************** 2.server MOON select_clients ***************************

INFO:----------fix client id is :group is 4 select id list is: [2, 4, 7, 8, 11, 12, 15, 17, 18, 19] <class 'flcore.clients.clientmoon.clientMOON'>

-------------Round number: 4-------------

Evaluate global model
Averaged Train Loss: 2.4210
Averaged Test Accurancy: 0.1679
Averaged Test AUC: 0.5877
Std Test Accurancy: 0.2369
Std Test AUC: 0.2789
-------------------------------------------------- 118.30525302886963
*************************** 2.server MOON select_clients ***************************

INFO:----------fix client id is :group is 5 select id list is: [1, 2, 5, 8, 9, 10, 11, 14, 18, 19] <class 'flcore.clients.clientmoon.clientMOON'>

-------------Round number: 5-------------

Evaluate global model
Averaged Train Loss: 2.1297
Averaged Test Accurancy: 0.2448
Averaged Test AUC: 0.6831
Std Test Accurancy: 0.1965
Std Test AUC: 0.2006
-------------------------------------------------- 111.49158716201782
*************************** 2.server MOON select_clients ***************************

INFO:----------fix client id is :group is 6 select id list is: [0, 1, 2, 3, 5, 7, 14, 15, 17, 19] <class 'flcore.clients.clientmoon.clientMOON'>

-------------Round number: 6-------------

Evaluate global model
Averaged Train Loss: 2.4294
Averaged Test Accurancy: 0.1543
Averaged Test AUC: 0.6434
Std Test Accurancy: 0.2373
Std Test AUC: 0.1928
-------------------------------------------------- 105.70616888999939
*************************** 2.server MOON select_clients ***************************

INFO:----------fix client id is :group is 7 select id list is: [0, 3, 4, 5, 7, 9, 13, 17, 18, 19] <class 'flcore.clients.clientmoon.clientMOON'>

-------------Round number: 7-------------

Evaluate global model
Averaged Train Loss: 2.2096
Averaged Test Accurancy: 0.2032
Averaged Test AUC: 0.6527
Std Test Accurancy: 0.2166
Std Test AUC: 0.1879
-------------------------------------------------- 106.62072491645813
*************************** 2.server MOON select_clients ***************************

INFO:----------fix client id is :group is 8 select id list is: [0, 1, 4, 6, 7, 14, 15, 17, 18, 19] <class 'flcore.clients.clientmoon.clientMOON'>

-------------Round number: 8-------------

Evaluate global model
Averaged Train Loss: 2.4386
Averaged Test Accurancy: 0.1581
Averaged Test AUC: 0.6509
Std Test Accurancy: 0.2344
Std Test AUC: 0.2077
-------------------------------------------------- 104.76483201980591
*************************** 2.server MOON select_clients ***************************

INFO:----------fix client id is :group is 9 select id list is: [0, 1, 3, 9, 11, 12, 13, 14, 15, 18] <class 'flcore.clients.clientmoon.clientMOON'>

-------------Round number: 9-------------

Evaluate global model
Averaged Train Loss: 2.1584
Averaged Test Accurancy: 0.2057
Averaged Test AUC: 0.6768
Std Test Accurancy: 0.2016
Std Test AUC: 0.1831
-------------------------------------------------- 104.44368004798889
*************************** 2.server MOON select_clients ***************************

INFO:----------fix client id is :group is 10 select id list is: [0, 1, 2, 5, 6, 7, 9, 12, 14, 19] <class 'flcore.clients.clientmoon.clientMOON'>

-------------Round number: 10-------------

Evaluate global model
Averaged Train Loss: 2.0651
Averaged Test Accurancy: 0.2487
Averaged Test AUC: 0.7184
Std Test Accurancy: 0.1900
Std Test AUC: 0.1346
-------------------------------------------------- 99.46441507339478
*************************** 2.server MOON select_clients ***************************

INFO:----------fix client id is :group is 11 select id list is: [0, 1, 4, 5, 7, 8, 11, 13, 17, 18] <class 'flcore.clients.clientmoon.clientMOON'>

-------------Round number: 11-------------

Evaluate global model
Averaged Train Loss: 2.6001
Averaged Test Accurancy: 0.1909
Averaged Test AUC: 0.6596
Std Test Accurancy: 0.2355
Std Test AUC: 0.1962
-------------------------------------------------- 103.14886713027954
*************************** 2.server MOON select_clients ***************************

INFO:----------fix client id is :group is 12 select id list is: [2, 4, 5, 9, 10, 11, 14, 15, 16, 17] <class 'flcore.clients.clientmoon.clientMOON'>

-------------Round number: 12-------------

Evaluate global model
Averaged Train Loss: 2.0976
Averaged Test Accurancy: 0.1851
Averaged Test AUC: 0.7287
Std Test Accurancy: 0.2349
Std Test AUC: 0.0977
-------------------------------------------------- 102.45092606544495
*************************** 2.server MOON select_clients ***************************

INFO:----------fix client id is :group is 13 select id list is: [1, 2, 3, 4, 7, 10, 11, 15, 17, 19] <class 'flcore.clients.clientmoon.clientMOON'>

-------------Round number: 13-------------

Evaluate global model
Averaged Train Loss: 2.2933
Averaged Test Accurancy: 0.2245
Averaged Test AUC: 0.6734
Std Test Accurancy: 0.2293
Std Test AUC: 0.1983
-------------------------------------------------- 95.23436188697815
*************************** 2.server MOON select_clients ***************************

INFO:----------fix client id is :group is 14 select id list is: [3, 5, 6, 7, 8, 9, 14, 15, 17, 18] <class 'flcore.clients.clientmoon.clientMOON'>

-------------Round number: 14-------------

Evaluate global model
Averaged Train Loss: 2.4047
Averaged Test Accurancy: 0.1983
Averaged Test AUC: 0.6681
Std Test Accurancy: 0.2508
Std Test AUC: 0.1923
-------------------------------------------------- 104.84438681602478
*************************** 2.server MOON select_clients ***************************

INFO:----------fix client id is :group is 15 select id list is: [0, 2, 5, 8, 10, 12, 14, 17, 18, 19] <class 'flcore.clients.clientmoon.clientMOON'>

-------------Round number: 15-------------

Evaluate global model
Averaged Train Loss: 2.2258
Averaged Test Accurancy: 0.2290
Averaged Test AUC: 0.6982
Std Test Accurancy: 0.2198
Std Test AUC: 0.1874
-------------------------------------------------- 108.27724981307983
*************************** 2.server MOON select_clients ***************************

INFO:----------fix client id is :group is 16 select id list is: [6, 7, 8, 9, 11, 12, 13, 14, 16, 17] <class 'flcore.clients.clientmoon.clientMOON'>

-------------Round number: 16-------------

Evaluate global model
Averaged Train Loss: 2.0917
Averaged Test Accurancy: 0.2349
Averaged Test AUC: 0.7242
Std Test Accurancy: 0.2429
Std Test AUC: 0.1489
-------------------------------------------------- 120.44067287445068
*************************** 2.server MOON select_clients ***************************

INFO:----------fix client id is :group is 17 select id list is: [3, 4, 5, 7, 9, 10, 11, 12, 15, 16] <class 'flcore.clients.clientmoon.clientMOON'>

-------------Round number: 17-------------

Evaluate global model
Averaged Train Loss: 2.5026
Averaged Test Accurancy: 0.2121
Averaged Test AUC: 0.7083
Std Test Accurancy: 0.2170
Std Test AUC: 0.1642
-------------------------------------------------- 128.2842698097229
*************************** 2.server MOON select_clients ***************************

INFO:----------fix client id is :group is 18 select id list is: [1, 2, 3, 5, 7, 8, 11, 12, 13, 17] <class 'flcore.clients.clientmoon.clientMOON'>

-------------Round number: 18-------------

Evaluate global model
Averaged Train Loss: 2.2127
Averaged Test Accurancy: 0.2113
Averaged Test AUC: 0.7150
Std Test Accurancy: 0.2442
Std Test AUC: 0.1771
-------------------------------------------------- 121.92796587944031
*************************** 2.server MOON select_clients ***************************

INFO:----------fix client id is :group is 19 select id list is: [0, 1, 4, 7, 10, 11, 15, 16, 18, 19] <class 'flcore.clients.clientmoon.clientMOON'>

-------------Round number: 19-------------

Evaluate global model
Averaged Train Loss: 2.0864
Averaged Test Accurancy: 0.3072
Averaged Test AUC: 0.7134
Std Test Accurancy: 0.2196
Std Test AUC: 0.1902
-------------------------------------------------- 145.53969883918762
*************************** 2.server MOON select_clients ***************************

INFO:----------fix client id is :group is 20 select id list is: [0, 5, 6, 8, 11, 12, 14, 16, 17, 18] <class 'flcore.clients.clientmoon.clientMOON'>

-------------Round number: 20-------------

Evaluate global model
Averaged Train Loss: 1.8806
Averaged Test Accurancy: 0.2824
Averaged Test AUC: 0.7666
Std Test Accurancy: 0.1986
Std Test AUC: 0.1230
-------------------------------------------------- 121.36783981323242
*************************** 2.server MOON select_clients ***************************

INFO:----------fix client id is :group is 21 select id list is: [1, 3, 4, 6, 7, 9, 10, 12, 14, 18] <class 'flcore.clients.clientmoon.clientMOON'>

-------------Round number: 21-------------

Evaluate global model
Averaged Train Loss: 2.0631
Averaged Test Accurancy: 0.2215
Averaged Test AUC: 0.7555
Std Test Accurancy: 0.2499
Std Test AUC: 0.1192
-------------------------------------------------- 104.50527715682983
*************************** 2.server MOON select_clients ***************************

INFO:----------fix client id is :group is 22 select id list is: [2, 5, 7, 9, 10, 12, 13, 15, 16, 18] <class 'flcore.clients.clientmoon.clientMOON'>

-------------Round number: 22-------------

Evaluate global model
Averaged Train Loss: 1.9103
Averaged Test Accurancy: 0.2671
Averaged Test AUC: 0.7704
Std Test Accurancy: 0.2244
Std Test AUC: 0.1008
-------------------------------------------------- 104.47653198242188
*************************** 2.server MOON select_clients ***************************

INFO:----------fix client id is :group is 23 select id list is: [0, 1, 2, 3, 4, 10, 11, 15, 16, 18] <class 'flcore.clients.clientmoon.clientMOON'>

-------------Round number: 23-------------

Evaluate global model
Averaged Train Loss: 2.1809
Averaged Test Accurancy: 0.2264
Averaged Test AUC: 0.7413
Std Test Accurancy: 0.2684
Std Test AUC: 0.1660
-------------------------------------------------- 98.47255992889404
*************************** 2.server MOON select_clients ***************************

INFO:----------fix client id is :group is 24 select id list is: [3, 4, 7, 8, 10, 11, 12, 14, 15, 16] <class 'flcore.clients.clientmoon.clientMOON'>

-------------Round number: 24-------------

Evaluate global model
Averaged Train Loss: 1.9238
Averaged Test Accurancy: 0.2850
Averaged Test AUC: 0.7652
Std Test Accurancy: 0.1812
Std Test AUC: 0.1425
-------------------------------------------------- 103.92334413528442
*************************** 2.server MOON select_clients ***************************

INFO:----------fix client id is :group is 25 select id list is: [0, 1, 2, 3, 6, 7, 9, 11, 13, 18] <class 'flcore.clients.clientmoon.clientMOON'>

-------------Round number: 25-------------

Evaluate global model
Averaged Train Loss: 1.9528
Averaged Test Accurancy: 0.2970
Averaged Test AUC: 0.7670
Std Test Accurancy: 0.2401
Std Test AUC: 0.1134
-------------------------------------------------- 90.12020897865295
*************************** 2.server MOON select_clients ***************************

INFO:----------fix client id is :group is 26 select id list is: [0, 2, 4, 5, 6, 7, 11, 13, 16, 19] <class 'flcore.clients.clientmoon.clientMOON'>

-------------Round number: 26-------------

Evaluate global model
Averaged Train Loss: 2.0516
Averaged Test Accurancy: 0.2821
Averaged Test AUC: 0.7725
Std Test Accurancy: 0.2376
Std Test AUC: 0.1099
-------------------------------------------------- 95.77482795715332
*************************** 2.server MOON select_clients ***************************

INFO:----------fix client id is :group is 27 select id list is: [0, 3, 4, 5, 7, 9, 11, 14, 15, 18] <class 'flcore.clients.clientmoon.clientMOON'>

-------------Round number: 27-------------

Evaluate global model
Averaged Train Loss: 2.1906
Averaged Test Accurancy: 0.2510
Averaged Test AUC: 0.7421
Std Test Accurancy: 0.2622
Std Test AUC: 0.1446
-------------------------------------------------- 104.78934907913208
*************************** 2.server MOON select_clients ***************************

INFO:----------fix client id is :group is 28 select id list is: [0, 4, 7, 8, 9, 10, 11, 12, 13, 17] <class 'flcore.clients.clientmoon.clientMOON'>

-------------Round number: 28-------------

Evaluate global model
Averaged Train Loss: 1.9525
Averaged Test Accurancy: 0.3049
Averaged Test AUC: 0.7747
Std Test Accurancy: 0.2525
Std Test AUC: 0.1340
-------------------------------------------------- 97.45958113670349
*************************** 2.server MOON select_clients ***************************

INFO:----------fix client id is :group is 29 select id list is: [3, 4, 5, 8, 9, 10, 11, 15, 18, 19] <class 'flcore.clients.clientmoon.clientMOON'>

-------------Round number: 29-------------

Evaluate global model
Averaged Train Loss: 1.8894
Averaged Test Accurancy: 0.3256
Averaged Test AUC: 0.7824
Std Test Accurancy: 0.2350
Std Test AUC: 0.1133
-------------------------------------------------- 103.75913333892822
*************************** 2.server MOON select_clients ***************************

INFO:----------fix client id is :group is 30 select id list is: [1, 2, 4, 5, 6, 9, 12, 14, 17, 18] <class 'flcore.clients.clientmoon.clientMOON'>

-------------Round number: 30-------------

Evaluate global model
Averaged Train Loss: 1.8414
Averaged Test Accurancy: 0.3000
Averaged Test AUC: 0.7976
Std Test Accurancy: 0.2241
Std Test AUC: 0.0901
-------------------------------------------------- 138.92018795013428
*************************** 2.server MOON select_clients ***************************

INFO:----------fix client id is :group is 31 select id list is: [2, 3, 6, 8, 9, 10, 11, 15, 18, 19] <class 'flcore.clients.clientmoon.clientMOON'>

-------------Round number: 31-------------

Evaluate global model
Averaged Train Loss: 1.9608
Averaged Test Accurancy: 0.2516
Averaged Test AUC: 0.7757
Std Test Accurancy: 0.2679
Std Test AUC: 0.1154
-------------------------------------------------- 139.05451583862305
*************************** 2.server MOON select_clients ***************************

INFO:----------fix client id is :group is 32 select id list is: [0, 3, 5, 7, 8, 9, 11, 13, 14, 17] <class 'flcore.clients.clientmoon.clientMOON'>

-------------Round number: 32-------------

Evaluate global model
Averaged Train Loss: 1.8109
Averaged Test Accurancy: 0.3252
Averaged Test AUC: 0.8025
Std Test Accurancy: 0.2193
Std Test AUC: 0.0893
-------------------------------------------------- 136.24176406860352
*************************** 2.server MOON select_clients ***************************

INFO:----------fix client id is :group is 33 select id list is: [0, 4, 5, 6, 7, 13, 15, 16, 18, 19] <class 'flcore.clients.clientmoon.clientMOON'>

-------------Round number: 33-------------

Evaluate global model
Averaged Train Loss: 2.1337
Averaged Test Accurancy: 0.3146
Averaged Test AUC: 0.7611
Std Test Accurancy: 0.2540
Std Test AUC: 0.1457
-------------------------------------------------- 157.83965611457825
*************************** 2.server MOON select_clients ***************************

INFO:----------fix client id is :group is 34 select id list is: [0, 2, 6, 7, 8, 9, 10, 14, 16, 17] <class 'flcore.clients.clientmoon.clientMOON'>

-------------Round number: 34-------------

Evaluate global model
Averaged Train Loss: 1.9222
Averaged Test Accurancy: 0.3040
Averaged Test AUC: 0.7839
Std Test Accurancy: 0.2466
Std Test AUC: 0.1265
-------------------------------------------------- 135.18759489059448
*************************** 2.server MOON select_clients ***************************

INFO:----------fix client id is :group is 35 select id list is: [0, 6, 7, 8, 9, 12, 13, 14, 15, 18] <class 'flcore.clients.clientmoon.clientMOON'>

-------------Round number: 35-------------

Evaluate global model
Averaged Train Loss: 2.3214
Averaged Test Accurancy: 0.2715
Averaged Test AUC: 0.7538
Std Test Accurancy: 0.2505
Std Test AUC: 0.1414
-------------------------------------------------- 146.46346306800842
*************************** 2.server MOON select_clients ***************************

INFO:----------fix client id is :group is 36 select id list is: [0, 1, 4, 5, 6, 10, 11, 13, 16, 17] <class 'flcore.clients.clientmoon.clientMOON'>

-------------Round number: 36-------------

Evaluate global model
Averaged Train Loss: 1.8311
Averaged Test Accurancy: 0.3205
Averaged Test AUC: 0.8009
Std Test Accurancy: 0.2432
Std Test AUC: 0.0968
-------------------------------------------------- 141.82121205329895
*************************** 2.server MOON select_clients ***************************

INFO:----------fix client id is :group is 37 select id list is: [0, 1, 2, 3, 6, 7, 8, 14, 16, 19] <class 'flcore.clients.clientmoon.clientMOON'>

-------------Round number: 37-------------

Evaluate global model
Averaged Train Loss: 2.0701
Averaged Test Accurancy: 0.2620
Averaged Test AUC: 0.7638
Std Test Accurancy: 0.2480
Std Test AUC: 0.1240
-------------------------------------------------- 138.74934482574463
*************************** 2.server MOON select_clients ***************************

INFO:----------fix client id is :group is 38 select id list is: [0, 2, 3, 5, 6, 8, 11, 14, 16, 19] <class 'flcore.clients.clientmoon.clientMOON'>

-------------Round number: 38-------------

Evaluate global model
Averaged Train Loss: 2.0416
Averaged Test Accurancy: 0.3038
Averaged Test AUC: 0.7734
Std Test Accurancy: 0.2315
Std Test AUC: 0.1225
-------------------------------------------------- 127.0897421836853
*************************** 2.server MOON select_clients ***************************

INFO:----------fix client id is :group is 39 select id list is: [1, 5, 6, 9, 10, 11, 13, 14, 18, 19] <class 'flcore.clients.clientmoon.clientMOON'>

-------------Round number: 39-------------

Evaluate global model
Averaged Train Loss: 2.0544
Averaged Test Accurancy: 0.3230
Averaged Test AUC: 0.7651
Std Test Accurancy: 0.2394
Std Test AUC: 0.1418
-------------------------------------------------- 118.01005697250366
*************************** 2.server MOON select_clients ***************************

INFO:----------fix client id is :group is 40 select id list is: [2, 3, 4, 6, 7, 11, 12, 13, 15, 16] <class 'flcore.clients.clientmoon.clientMOON'>

-------------Round number: 40-------------

Evaluate global model
Averaged Train Loss: 2.0764
Averaged Test Accurancy: 0.2614
Averaged Test AUC: 0.7784
Std Test Accurancy: 0.2512
Std Test AUC: 0.1083
-------------------------------------------------- 99.86782693862915
*************************** 2.server MOON select_clients ***************************

INFO:----------fix client id is :group is 41 select id list is: [3, 5, 6, 7, 8, 11, 13, 14, 16, 19] <class 'flcore.clients.clientmoon.clientMOON'>

-------------Round number: 41-------------

Evaluate global model
Averaged Train Loss: 1.9398
Averaged Test Accurancy: 0.3176
Averaged Test AUC: 0.7875
Std Test Accurancy: 0.2215
Std Test AUC: 0.1055
-------------------------------------------------- 98.11442589759827
*************************** 2.server MOON select_clients ***************************

INFO:----------fix client id is :group is 42 select id list is: [2, 3, 5, 6, 7, 11, 14, 15, 16, 17] <class 'flcore.clients.clientmoon.clientMOON'>

-------------Round number: 42-------------

Evaluate global model
Averaged Train Loss: 1.9254
Averaged Test Accurancy: 0.3366
Averaged Test AUC: 0.7851
Std Test Accurancy: 0.2565
Std Test AUC: 0.1245
-------------------------------------------------- 97.83261108398438
*************************** 2.server MOON select_clients ***************************

INFO:----------fix client id is :group is 43 select id list is: [1, 4, 5, 6, 7, 8, 10, 13, 16, 18] <class 'flcore.clients.clientmoon.clientMOON'>

-------------Round number: 43-------------

Evaluate global model
Averaged Train Loss: 2.0762
Averaged Test Accurancy: 0.3216
Averaged Test AUC: 0.7650
Std Test Accurancy: 0.2751
Std Test AUC: 0.1489
-------------------------------------------------- 98.76060581207275
*************************** 2.server MOON select_clients ***************************

INFO:----------fix client id is :group is 44 select id list is: [1, 2, 3, 6, 9, 10, 11, 15, 17, 18] <class 'flcore.clients.clientmoon.clientMOON'>

-------------Round number: 44-------------

Evaluate global model
Averaged Train Loss: 2.0459
Averaged Test Accurancy: 0.2748
Averaged Test AUC: 0.7809
Std Test Accurancy: 0.2542
Std Test AUC: 0.1100
-------------------------------------------------- 94.64392113685608
*************************** 2.server MOON select_clients ***************************

INFO:----------fix client id is :group is 45 select id list is: [2, 6, 8, 9, 10, 14, 16, 17, 18, 19] <class 'flcore.clients.clientmoon.clientMOON'>

-------------Round number: 45-------------

Evaluate global model
Averaged Train Loss: 1.8075
Averaged Test Accurancy: 0.3628
Averaged Test AUC: 0.8053
Std Test Accurancy: 0.2440
Std Test AUC: 0.1123
-------------------------------------------------- 95.94313597679138
*************************** 2.server MOON select_clients ***************************

INFO:----------fix client id is :group is 46 select id list is: [0, 1, 2, 3, 11, 13, 14, 16, 18, 19] <class 'flcore.clients.clientmoon.clientMOON'>

-------------Round number: 46-------------

Evaluate global model
Averaged Train Loss: 1.8172
Averaged Test Accurancy: 0.3296
Averaged Test AUC: 0.8091
Std Test Accurancy: 0.2480
Std Test AUC: 0.0874
-------------------------------------------------- 93.70623707771301
*************************** 2.server MOON select_clients ***************************

INFO:----------fix client id is :group is 47 select id list is: [1, 2, 4, 6, 7, 8, 9, 12, 13, 14] <class 'flcore.clients.clientmoon.clientMOON'>

-------------Round number: 47-------------

Evaluate global model
Averaged Train Loss: 1.7368
Averaged Test Accurancy: 0.3556
Averaged Test AUC: 0.8149
Std Test Accurancy: 0.1899
Std Test AUC: 0.0758
-------------------------------------------------- 97.96400904655457
*************************** 2.server MOON select_clients ***************************

INFO:----------fix client id is :group is 48 select id list is: [0, 3, 4, 7, 8, 10, 11, 16, 17, 18] <class 'flcore.clients.clientmoon.clientMOON'>

-------------Round number: 48-------------

Evaluate global model
Averaged Train Loss: 1.9651
Averaged Test Accurancy: 0.3047
Averaged Test AUC: 0.7883
Std Test Accurancy: 0.2054
Std Test AUC: 0.0922
-------------------------------------------------- 99.45566725730896
*************************** 2.server MOON select_clients ***************************

INFO:----------fix client id is :group is 49 select id list is: [2, 3, 4, 5, 7, 12, 13, 15, 18, 19] <class 'flcore.clients.clientmoon.clientMOON'>

-------------Round number: 49-------------

Evaluate global model
Averaged Train Loss: 1.6546
Averaged Test Accurancy: 0.3757
Averaged Test AUC: 0.8244
Std Test Accurancy: 0.2301
Std Test AUC: 0.0770
-------------------------------------------------- 107.15129590034485
*************************** 2.server MOON select_clients ***************************

INFO:----------fix client id is :group is 50 select id list is: [2, 3, 4, 5, 7, 9, 11, 12, 13, 17] <class 'flcore.clients.clientmoon.clientMOON'>

-------------Round number: 50-------------

Evaluate global model
Averaged Train Loss: 1.6687
Averaged Test Accurancy: 0.3905
Averaged Test AUC: 0.8191
Std Test Accurancy: 0.1726
Std Test AUC: 0.1076
-------------------------------------------------- 100.53394889831543
*************************** 2.server MOON select_clients ***************************

INFO:----------fix client id is :group is 51 select id list is: [3, 4, 5, 8, 10, 11, 13, 15, 16, 18] <class 'flcore.clients.clientmoon.clientMOON'>

-------------Round number: 51-------------

Evaluate global model
Averaged Train Loss: 1.8757
Averaged Test Accurancy: 0.3400
Averaged Test AUC: 0.7928
Std Test Accurancy: 0.2401
Std Test AUC: 0.1318
-------------------------------------------------- 132.03650093078613
*************************** 2.server MOON select_clients ***************************

INFO:----------fix client id is :group is 52 select id list is: [0, 5, 9, 10, 11, 13, 14, 15, 17, 18] <class 'flcore.clients.clientmoon.clientMOON'>

-------------Round number: 52-------------

Evaluate global model
Averaged Train Loss: 1.7675
Averaged Test Accurancy: 0.3539
Averaged Test AUC: 0.8111
Std Test Accurancy: 0.2107
Std Test AUC: 0.1053
-------------------------------------------------- 152.00539207458496
*************************** 2.server MOON select_clients ***************************

INFO:----------fix client id is :group is 53 select id list is: [1, 2, 4, 6, 10, 12, 15, 17, 18, 19] <class 'flcore.clients.clientmoon.clientMOON'>

-------------Round number: 53-------------

Evaluate global model
Averaged Train Loss: 1.8395
Averaged Test Accurancy: 0.3422
Averaged Test AUC: 0.8131
Std Test Accurancy: 0.2417
Std Test AUC: 0.0961
-------------------------------------------------- 147.75582695007324
*************************** 2.server MOON select_clients ***************************

INFO:----------fix client id is :group is 54 select id list is: [2, 3, 4, 5, 7, 12, 13, 14, 15, 19] <class 'flcore.clients.clientmoon.clientMOON'>

-------------Round number: 54-------------

Evaluate global model
Averaged Train Loss: 1.6093
Averaged Test Accurancy: 0.4187
Averaged Test AUC: 0.8254
Std Test Accurancy: 0.1608
Std Test AUC: 0.0939
-------------------------------------------------- 149.97797298431396
*************************** 2.server MOON select_clients ***************************

INFO:----------fix client id is :group is 55 select id list is: [0, 2, 5, 6, 8, 11, 12, 13, 16, 18] <class 'flcore.clients.clientmoon.clientMOON'>

-------------Round number: 55-------------

Evaluate global model
Averaged Train Loss: 1.6433
Averaged Test Accurancy: 0.3861
Averaged Test AUC: 0.8245
Std Test Accurancy: 0.1884
Std Test AUC: 0.0806
-------------------------------------------------- 146.7204511165619
*************************** 2.server MOON select_clients ***************************

INFO:----------fix client id is :group is 56 select id list is: [0, 4, 6, 7, 8, 9, 12, 15, 17, 18] <class 'flcore.clients.clientmoon.clientMOON'>

-------------Round number: 56-------------

Evaluate global model
Averaged Train Loss: 2.0400
Averaged Test Accurancy: 0.2797
Averaged Test AUC: 0.7859
Std Test Accurancy: 0.2502
Std Test AUC: 0.1165
-------------------------------------------------- 149.5905261039734
*************************** 2.server MOON select_clients ***************************

INFO:----------fix client id is :group is 57 select id list is: [1, 2, 3, 4, 5, 6, 9, 14, 17, 18] <class 'flcore.clients.clientmoon.clientMOON'>

-------------Round number: 57-------------

Evaluate global model
Averaged Train Loss: 1.6196
Averaged Test Accurancy: 0.3863
Averaged Test AUC: 0.8322
Std Test Accurancy: 0.2148
Std Test AUC: 0.0796
-------------------------------------------------- 149.33860206604004
*************************** 2.server MOON select_clients ***************************

INFO:----------fix client id is :group is 58 select id list is: [2, 3, 5, 7, 10, 11, 12, 14, 15, 18] <class 'flcore.clients.clientmoon.clientMOON'>

-------------Round number: 58-------------

Evaluate global model
Averaged Train Loss: 1.8467
Averaged Test Accurancy: 0.3228
Averaged Test AUC: 0.8129
Std Test Accurancy: 0.2312
Std Test AUC: 0.0844
-------------------------------------------------- 151.2191550731659
*************************** 2.server MOON select_clients ***************************

INFO:----------fix client id is :group is 59 select id list is: [4, 6, 7, 9, 11, 13, 16, 17, 18, 19] <class 'flcore.clients.clientmoon.clientMOON'>

-------------Round number: 59-------------

Evaluate global model
Averaged Train Loss: 1.5940
Averaged Test Accurancy: 0.4114
Averaged Test AUC: 0.8345
Std Test Accurancy: 0.1948
Std Test AUC: 0.0801
-------------------------------------------------- 147.80865621566772
*************************** 2.server MOON select_clients ***************************

INFO:----------fix client id is :group is 60 select id list is: [1, 2, 5, 6, 8, 9, 12, 14, 15, 17] <class 'flcore.clients.clientmoon.clientMOON'>

-------------Round number: 60-------------

Evaluate global model
Averaged Train Loss: 1.7391
Averaged Test Accurancy: 0.3502
Averaged Test AUC: 0.8176
Std Test Accurancy: 0.2400
Std Test AUC: 0.0986
-------------------------------------------------- 122.41689276695251
*************************** 2.server MOON select_clients ***************************

INFO:----------fix client id is :group is 61 select id list is: [0, 1, 2, 4, 9, 14, 15, 16, 17, 19] <class 'flcore.clients.clientmoon.clientMOON'>

-------------Round number: 61-------------

Evaluate global model
Averaged Train Loss: 1.7522
Averaged Test Accurancy: 0.3589
Averaged Test AUC: 0.8221
Std Test Accurancy: 0.2406
Std Test AUC: 0.0795
-------------------------------------------------- 88.2066240310669
*************************** 2.server MOON select_clients ***************************

INFO:----------fix client id is :group is 62 select id list is: [4, 5, 6, 7, 9, 11, 12, 14, 17, 18] <class 'flcore.clients.clientmoon.clientMOON'>

-------------Round number: 62-------------

Evaluate global model
Averaged Train Loss: 1.8027
Averaged Test Accurancy: 0.3397
Averaged Test AUC: 0.8098
Std Test Accurancy: 0.2231
Std Test AUC: 0.0831
-------------------------------------------------- 102.76704502105713
*************************** 2.server MOON select_clients ***************************

INFO:----------fix client id is :group is 63 select id list is: [0, 1, 3, 5, 8, 9, 10, 12, 16, 18] <class 'flcore.clients.clientmoon.clientMOON'>

-------------Round number: 63-------------

Evaluate global model
Averaged Train Loss: 1.7610
Averaged Test Accurancy: 0.3286
Averaged Test AUC: 0.8193
Std Test Accurancy: 0.2414
Std Test AUC: 0.0776
-------------------------------------------------- 89.55647492408752
*************************** 2.server MOON select_clients ***************************

INFO:----------fix client id is :group is 64 select id list is: [1, 3, 4, 6, 10, 12, 13, 15, 16, 19] <class 'flcore.clients.clientmoon.clientMOON'>

-------------Round number: 64-------------

Evaluate global model
Averaged Train Loss: 2.0094
Averaged Test Accurancy: 0.2813
Averaged Test AUC: 0.7934
Std Test Accurancy: 0.2609
Std Test AUC: 0.1086
-------------------------------------------------- 84.9269790649414
*************************** 2.server MOON select_clients ***************************

INFO:----------fix client id is :group is 65 select id list is: [3, 5, 7, 9, 10, 11, 13, 15, 17, 19] <class 'flcore.clients.clientmoon.clientMOON'>

-------------Round number: 65-------------

Evaluate global model
Averaged Train Loss: 1.7934
Averaged Test Accurancy: 0.3507
Averaged Test AUC: 0.8058
Std Test Accurancy: 0.1736
Std Test AUC: 0.0924
-------------------------------------------------- 84.70849990844727
*************************** 2.server MOON select_clients ***************************

INFO:----------fix client id is :group is 66 select id list is: [1, 2, 4, 5, 6, 7, 9, 16, 18, 19] <class 'flcore.clients.clientmoon.clientMOON'>

-------------Round number: 66-------------

Evaluate global model
Averaged Train Loss: 1.7888
Averaged Test Accurancy: 0.3503
Averaged Test AUC: 0.8136
Std Test Accurancy: 0.2695
Std Test AUC: 0.1014
-------------------------------------------------- 86.90578985214233
*************************** 2.server MOON select_clients ***************************

INFO:----------fix client id is :group is 67 select id list is: [0, 2, 5, 7, 8, 11, 12, 15, 16, 19] <class 'flcore.clients.clientmoon.clientMOON'>

-------------Round number: 67-------------

Evaluate global model
Averaged Train Loss: 2.0801
Averaged Test Accurancy: 0.2774
Averaged Test AUC: 0.7831
Std Test Accurancy: 0.2687
Std Test AUC: 0.1249
-------------------------------------------------- 90.74349093437195
*************************** 2.server MOON select_clients ***************************

INFO:----------fix client id is :group is 68 select id list is: [0, 2, 4, 6, 10, 11, 13, 14, 16, 17] <class 'flcore.clients.clientmoon.clientMOON'>

-------------Round number: 68-------------

Evaluate global model
Averaged Train Loss: 1.8112
Averaged Test Accurancy: 0.3490
Averaged Test AUC: 0.8168
Std Test Accurancy: 0.2306
Std Test AUC: 0.0917
-------------------------------------------------- 89.08143877983093
*************************** 2.server MOON select_clients ***************************

INFO:----------fix client id is :group is 69 select id list is: [1, 3, 4, 6, 7, 8, 10, 17, 18, 19] <class 'flcore.clients.clientmoon.clientMOON'>

-------------Round number: 69-------------

Evaluate global model
Averaged Train Loss: 1.9518
Averaged Test Accurancy: 0.3206
Averaged Test AUC: 0.7939
Std Test Accurancy: 0.2286
Std Test AUC: 0.1037
-------------------------------------------------- 89.74284791946411
*************************** 2.server MOON select_clients ***************************

INFO:----------fix client id is :group is 70 select id list is: [2, 3, 8, 9, 13, 14, 15, 16, 17, 18] <class 'flcore.clients.clientmoon.clientMOON'>

-------------Round number: 70-------------

Evaluate global model
Averaged Train Loss: 1.5462
Averaged Test Accurancy: 0.4163
Averaged Test AUC: 0.8441
Std Test Accurancy: 0.1773
Std Test AUC: 0.0536
-------------------------------------------------- 90.77188014984131
*************************** 2.server MOON select_clients ***************************

INFO:----------fix client id is :group is 71 select id list is: [3, 4, 5, 7, 11, 13, 14, 15, 17, 18] <class 'flcore.clients.clientmoon.clientMOON'>

-------------Round number: 71-------------

Evaluate global model
Averaged Train Loss: 1.7068
Averaged Test Accurancy: 0.3825
Averaged Test AUC: 0.8285
Std Test Accurancy: 0.2424
Std Test AUC: 0.0921
-------------------------------------------------- 91.09359908103943
*************************** 2.server MOON select_clients ***************************

INFO:----------fix client id is :group is 72 select id list is: [2, 5, 6, 7, 8, 9, 12, 16, 17, 18] <class 'flcore.clients.clientmoon.clientMOON'>

-------------Round number: 72-------------

Evaluate global model
Averaged Train Loss: 1.6888
Averaged Test Accurancy: 0.4151
Averaged Test AUC: 0.8270
Std Test Accurancy: 0.2241
Std Test AUC: 0.0980
-------------------------------------------------- 89.93202424049377
*************************** 2.server MOON select_clients ***************************

INFO:----------fix client id is :group is 73 select id list is: [0, 3, 5, 6, 9, 10, 12, 13, 14, 15] <class 'flcore.clients.clientmoon.clientMOON'>

-------------Round number: 73-------------

Evaluate global model
Averaged Train Loss: 2.0270
Averaged Test Accurancy: 0.2976
Averaged Test AUC: 0.8014
Std Test Accurancy: 0.2660
Std Test AUC: 0.1031
-------------------------------------------------- 83.61326003074646
*************************** 2.server MOON select_clients ***************************

INFO:----------fix client id is :group is 74 select id list is: [1, 5, 6, 8, 11, 12, 13, 14, 15, 18] <class 'flcore.clients.clientmoon.clientMOON'>

-------------Round number: 74-------------

Evaluate global model
Averaged Train Loss: 1.8105
Averaged Test Accurancy: 0.3422
Averaged Test AUC: 0.8180
Std Test Accurancy: 0.2409
Std Test AUC: 0.0884
-------------------------------------------------- 89.46934413909912
*************************** 2.server MOON select_clients ***************************

INFO:----------fix client id is :group is 75 select id list is: [1, 2, 5, 6, 8, 9, 11, 13, 17, 19] <class 'flcore.clients.clientmoon.clientMOON'>

-------------Round number: 75-------------

Evaluate global model
Averaged Train Loss: 1.5482
Averaged Test Accurancy: 0.4238
Averaged Test AUC: 0.8431
Std Test Accurancy: 0.1767
Std Test AUC: 0.0730
-------------------------------------------------- 77.9015679359436
*************************** 2.server MOON select_clients ***************************

INFO:----------fix client id is :group is 76 select id list is: [0, 1, 2, 4, 5, 10, 12, 14, 15, 19] <class 'flcore.clients.clientmoon.clientMOON'>

-------------Round number: 76-------------

Evaluate global model
Averaged Train Loss: 1.9362
Averaged Test Accurancy: 0.3492
Averaged Test AUC: 0.8129
Std Test Accurancy: 0.2346
Std Test AUC: 0.0963
-------------------------------------------------- 86.62777400016785
*************************** 2.server MOON select_clients ***************************

INFO:----------fix client id is :group is 77 select id list is: [0, 1, 2, 6, 7, 9, 13, 14, 16, 19] <class 'flcore.clients.clientmoon.clientMOON'>

-------------Round number: 77-------------

Evaluate global model
Averaged Train Loss: 1.6271
Averaged Test Accurancy: 0.3991
Averaged Test AUC: 0.8260
Std Test Accurancy: 0.1659
Std Test AUC: 0.0763
-------------------------------------------------- 80.50375294685364
*************************** 2.server MOON select_clients ***************************

INFO:----------fix client id is :group is 78 select id list is: [0, 2, 3, 5, 7, 8, 9, 12, 18, 19] <class 'flcore.clients.clientmoon.clientMOON'>

-------------Round number: 78-------------

Evaluate global model
Averaged Train Loss: 2.2920
Averaged Test Accurancy: 0.2626
Averaged Test AUC: 0.7837
Std Test Accurancy: 0.2154
Std Test AUC: 0.1012
-------------------------------------------------- 87.48417615890503
*************************** 2.server MOON select_clients ***************************

INFO:----------fix client id is :group is 79 select id list is: [0, 2, 4, 5, 6, 9, 10, 13, 15, 17] <class 'flcore.clients.clientmoon.clientMOON'>

-------------Round number: 79-------------

Evaluate global model
Averaged Train Loss: 1.8842
Averaged Test Accurancy: 0.3424
Averaged Test AUC: 0.8086
Std Test Accurancy: 0.2278
Std Test AUC: 0.1043
-------------------------------------------------- 80.41148281097412
*************************** 2.server MOON select_clients ***************************

INFO:----------fix client id is :group is 80 select id list is: [3, 4, 5, 7, 9, 11, 12, 14, 18, 19] <class 'flcore.clients.clientmoon.clientMOON'>

-------------Round number: 80-------------

Evaluate global model
Averaged Train Loss: 1.9358
Averaged Test Accurancy: 0.3287
Averaged Test AUC: 0.8088
Std Test Accurancy: 0.2452
Std Test AUC: 0.1005
-------------------------------------------------- 98.38758778572083
*************************** 2.server MOON select_clients ***************************

INFO:----------fix client id is :group is 81 select id list is: [2, 3, 5, 10, 12, 15, 16, 17, 18, 19] <class 'flcore.clients.clientmoon.clientMOON'>

-------------Round number: 81-------------

Evaluate global model
Averaged Train Loss: 1.6557
Averaged Test Accurancy: 0.3689
Averaged Test AUC: 0.8329
Std Test Accurancy: 0.2124
Std Test AUC: 0.0737
-------------------------------------------------- 104.04292011260986
*************************** 2.server MOON select_clients ***************************

INFO:----------fix client id is :group is 82 select id list is: [2, 4, 5, 8, 11, 13, 14, 15, 16, 19] <class 'flcore.clients.clientmoon.clientMOON'>

-------------Round number: 82-------------

Evaluate global model
Averaged Train Loss: 1.6922
Averaged Test Accurancy: 0.3831
Averaged Test AUC: 0.8262
Std Test Accurancy: 0.1985
Std Test AUC: 0.1067
-------------------------------------------------- 103.34243202209473
*************************** 2.server MOON select_clients ***************************

INFO:----------fix client id is :group is 83 select id list is: [0, 7, 8, 10, 11, 12, 14, 15, 16, 18] <class 'flcore.clients.clientmoon.clientMOON'>

-------------Round number: 83-------------

Evaluate global model
Averaged Train Loss: 1.6285
Averaged Test Accurancy: 0.3972
Averaged Test AUC: 0.8340
Std Test Accurancy: 0.2076
Std Test AUC: 0.0717
-------------------------------------------------- 106.39201307296753
*************************** 2.server MOON select_clients ***************************

INFO:----------fix client id is :group is 84 select id list is: [0, 2, 6, 9, 10, 11, 12, 14, 18, 19] <class 'flcore.clients.clientmoon.clientMOON'>

-------------Round number: 84-------------

Evaluate global model
Averaged Train Loss: 1.5977
Averaged Test Accurancy: 0.4111
Averaged Test AUC: 0.8451
Std Test Accurancy: 0.1988
Std Test AUC: 0.0702
-------------------------------------------------- 103.63836097717285
*************************** 2.server MOON select_clients ***************************

INFO:----------fix client id is :group is 85 select id list is: [0, 1, 6, 8, 12, 13, 14, 15, 16, 18] <class 'flcore.clients.clientmoon.clientMOON'>

-------------Round number: 85-------------

Evaluate global model
Averaged Train Loss: 1.8230
Averaged Test Accurancy: 0.3757
Averaged Test AUC: 0.8095
Std Test Accurancy: 0.2025
Std Test AUC: 0.1097
-------------------------------------------------- 117.2081458568573
*************************** 2.server MOON select_clients ***************************

INFO:----------fix client id is :group is 86 select id list is: [0, 1, 3, 4, 6, 10, 12, 15, 16, 17] <class 'flcore.clients.clientmoon.clientMOON'>

-------------Round number: 86-------------

Evaluate global model
Averaged Train Loss: 1.5735
Averaged Test Accurancy: 0.4195
Averaged Test AUC: 0.8447
Std Test Accurancy: 0.1692
Std Test AUC: 0.0649
-------------------------------------------------- 101.69254994392395
*************************** 2.server MOON select_clients ***************************

INFO:----------fix client id is :group is 87 select id list is: [0, 1, 4, 6, 9, 11, 13, 15, 17, 18] <class 'flcore.clients.clientmoon.clientMOON'>

-------------Round number: 87-------------

Evaluate global model
Averaged Train Loss: 1.6498
Averaged Test Accurancy: 0.3932
Averaged Test AUC: 0.8304
Std Test Accurancy: 0.1800
Std Test AUC: 0.0722
-------------------------------------------------- 101.30998301506042
*************************** 2.server MOON select_clients ***************************

INFO:----------fix client id is :group is 88 select id list is: [0, 2, 3, 6, 8, 12, 14, 15, 16, 18] <class 'flcore.clients.clientmoon.clientMOON'>

-------------Round number: 88-------------

Evaluate global model
Averaged Train Loss: 1.5837
Averaged Test Accurancy: 0.4238
Averaged Test AUC: 0.8402
Std Test Accurancy: 0.1936
Std Test AUC: 0.0808
-------------------------------------------------- 277.0832140445709
*************************** 2.server MOON select_clients ***************************

INFO:----------fix client id is :group is 89 select id list is: [0, 1, 3, 5, 6, 9, 11, 12, 16, 18] <class 'flcore.clients.clientmoon.clientMOON'>

-------------Round number: 89-------------

Evaluate global model
Averaged Train Loss: 1.5312
Averaged Test Accurancy: 0.4240
Averaged Test AUC: 0.8523
Std Test Accurancy: 0.1906
Std Test AUC: 0.0533
-------------------------------------------------- 321.82569909095764
*************************** 2.server MOON select_clients ***************************

INFO:----------fix client id is :group is 90 select id list is: [0, 1, 2, 4, 5, 11, 12, 14, 16, 17] <class 'flcore.clients.clientmoon.clientMOON'>

-------------Round number: 90-------------

Evaluate global model
Averaged Train Loss: 1.9656
Averaged Test Accurancy: 0.3067
Averaged Test AUC: 0.8066
Std Test Accurancy: 0.2568
Std Test AUC: 0.1041
-------------------------------------------------- 278.34042167663574
*************************** 2.server MOON select_clients ***************************

INFO:----------fix client id is :group is 91 select id list is: [0, 6, 7, 8, 9, 10, 13, 15, 17, 18] <class 'flcore.clients.clientmoon.clientMOON'>

-------------Round number: 91-------------

Evaluate global model
Averaged Train Loss: 1.9052
Averaged Test Accurancy: 0.3216
Averaged Test AUC: 0.8083
Std Test Accurancy: 0.2195
Std Test AUC: 0.0913
-------------------------------------------------- 254.9547402858734
*************************** 2.server MOON select_clients ***************************

INFO:----------fix client id is :group is 92 select id list is: [0, 2, 3, 5, 6, 9, 15, 17, 18, 19] <class 'flcore.clients.clientmoon.clientMOON'>

-------------Round number: 92-------------

Evaluate global model
Averaged Train Loss: 1.6909
Averaged Test Accurancy: 0.3916
Averaged Test AUC: 0.8369
Std Test Accurancy: 0.2415
Std Test AUC: 0.0822
-------------------------------------------------- 257.9519691467285
*************************** 2.server MOON select_clients ***************************

INFO:----------fix client id is :group is 93 select id list is: [0, 2, 3, 5, 7, 8, 10, 14, 17, 18] <class 'flcore.clients.clientmoon.clientMOON'>

-------------Round number: 93-------------

Evaluate global model
Averaged Train Loss: 1.8784
Averaged Test Accurancy: 0.3466
Averaged Test AUC: 0.8210
Std Test Accurancy: 0.2426
Std Test AUC: 0.0990
-------------------------------------------------- 249.38706398010254
*************************** 2.server MOON select_clients ***************************

INFO:----------fix client id is :group is 94 select id list is: [0, 1, 3, 7, 12, 13, 14, 16, 17, 19] <class 'flcore.clients.clientmoon.clientMOON'>

-------------Round number: 94-------------

Evaluate global model
Averaged Train Loss: 1.7286
Averaged Test Accurancy: 0.4003
Averaged Test AUC: 0.8293
Std Test Accurancy: 0.2375
Std Test AUC: 0.1041
-------------------------------------------------- 284.32118010520935
*************************** 2.server MOON select_clients ***************************

INFO:----------fix client id is :group is 95 select id list is: [0, 1, 3, 4, 5, 8, 10, 12, 15, 17] <class 'flcore.clients.clientmoon.clientMOON'>

-------------Round number: 95-------------

Evaluate global model
Averaged Train Loss: 1.8660
Averaged Test Accurancy: 0.3773
Averaged Test AUC: 0.8211
Std Test Accurancy: 0.2140
Std Test AUC: 0.0958
-------------------------------------------------- 328.41828513145447
*************************** 2.server MOON select_clients ***************************

INFO:----------fix client id is :group is 96 select id list is: [3, 4, 6, 7, 9, 10, 11, 12, 13, 15] <class 'flcore.clients.clientmoon.clientMOON'>

-------------Round number: 96-------------

Evaluate global model
Averaged Train Loss: 1.4607
Averaged Test Accurancy: 0.4606
Averaged Test AUC: 0.8507
Std Test Accurancy: 0.1503
Std Test AUC: 0.0570
-------------------------------------------------- 314.6460769176483
*************************** 2.server MOON select_clients ***************************

INFO:----------fix client id is :group is 97 select id list is: [0, 3, 5, 10, 11, 12, 14, 15, 18, 19] <class 'flcore.clients.clientmoon.clientMOON'>

-------------Round number: 97-------------

Evaluate global model
Averaged Train Loss: 1.5947
Averaged Test Accurancy: 0.4259
Averaged Test AUC: 0.8400
Std Test Accurancy: 0.2009
Std Test AUC: 0.0778
-------------------------------------------------- 331.0859410762787
*************************** 2.server MOON select_clients ***************************

INFO:----------fix client id is :group is 98 select id list is: [0, 1, 3, 7, 9, 10, 11, 14, 15, 16] <class 'flcore.clients.clientmoon.clientMOON'>

-------------Round number: 98-------------

Evaluate global model
Averaged Train Loss: 1.4574
Averaged Test Accurancy: 0.4673
Averaged Test AUC: 0.8569
Std Test Accurancy: 0.1613
Std Test AUC: 0.0687
-------------------------------------------------- 294.12660789489746
*************************** 2.server MOON select_clients ***************************

INFO:----------fix client id is :group is 99 select id list is: [2, 3, 7, 8, 10, 11, 13, 15, 16, 17] <class 'flcore.clients.clientmoon.clientMOON'>

-------------Round number: 99-------------

Evaluate global model
Averaged Train Loss: 1.8035
Averaged Test Accurancy: 0.3681
Averaged Test AUC: 0.8282
Std Test Accurancy: 0.2539
Std Test AUC: 0.0976
-------------------------------------------------- 294.9424378871918
*************************** 2.server MOON select_clients ***************************

INFO:----------fix client id is :group is 100 select id list is: [1, 5, 6, 7, 9, 11, 13, 14, 16, 17] <class 'flcore.clients.clientmoon.clientMOON'>

-------------Round number: 100-------------

Evaluate global model
Averaged Train Loss: 1.9245
Averaged Test Accurancy: 0.3430
Averaged Test AUC: 0.8066
Std Test Accurancy: 0.2774
Std Test AUC: 0.1210
-------------------------------------------------- 301.9017779827118

Best accuracy.
0.46731089636787737

Best local accuracy.

Averaged time per iteration.
133.62230340719222
success training write acc txt /Users/alice/Desktop/python/PFL//res/MOON/Cifar10_acc.csv
[['Cifar10', 'MOON', 0, 2.3039326570634455, 0.09370209930023325, 0.4940292791749328, 0.18145544267502495, 0.21821810742021094], ['Cifar10', 'MOON', 1, 2.440309383295289, 0.10263245584805065, 0.5301661906448367, 0.2128880376665015, 0.24990902064346948], ['Cifar10', 'MOON', 2, 2.560182044644633, 0.14068643785404866, 0.5402028036350213, 0.22330167920366925, 0.2549109058268404], ['Cifar10', 'MOON', 3, 2.453458115110098, 0.1582805731422859, 0.5830861087014365, 0.2409933734253123, 0.2545552571419681], ['Cifar10', 'MOON', 4, 2.4210059704772084, 0.16787737420859714, 0.5877216191975102, 0.2368857674137051, 0.2789238627272554], ['Cifar10', 'MOON', 5, 2.129698316733998, 0.24478507164278573, 0.6831225795368628, 0.19649790341435408, 0.20060885354608346], ['Cifar10', 'MOON', 6, 2.4294461935751954, 0.15434855048317228, 0.6433621132065963, 0.23730110044498745, 0.19275155465874183], ['Cifar10', 'MOON', 7, 2.209557021057067, 0.2031989336887704, 0.6527365145343634, 0.216642961104782, 0.18792816093324108], ['Cifar10', 'MOON', 8, 2.43856524924769, 0.15808063978673775, 0.650928911967711, 0.23438255952911088, 0.20774389518006253], ['Cifar10', 'MOON', 9, 2.1584476303135838, 0.2056647784071976, 0.6767760160512863, 0.20159035502007336, 0.1830730704074043], ['Cifar10', 'MOON', 10, 2.0651189290290684, 0.24871709430189937, 0.7184325712158871, 0.19000863063625664, 0.13458727370962772], ['Cifar10', 'MOON', 11, 2.6000717198283336, 0.19093635454848384, 0.6596166743306685, 0.235491419616813, 0.1961790514521672], ['Cifar10', 'MOON', 12, 2.09759422534825, 0.18513828723758746, 0.7286764553150515, 0.23491664812893187, 0.09771890464016127], ['Cifar10', 'MOON', 13, 2.293293311989565, 0.22445851382872375, 0.6734018876191084, 0.22925627104163238, 0.1983001811731041], ['Cifar10', 'MOON', 14, 2.4047047736795517, 0.19833388870376542, 0.6681230674112486, 0.25082643792787934, 0.19230855740526992], ['Cifar10', 'MOON', 15, 2.2258014612329533, 0.22899033655448184, 0.6982257118211262, 0.21984991122583944, 0.18735419333802206], ['Cifar10', 'MOON', 16, 2.0916692572881215, 0.23492169276907698, 0.7242040600768525, 0.24292815628655376, 0.1489174365149769], ['Cifar10', 'MOON', 17, 2.502595151832443, 0.2121292902365878, 0.7082787955777544, 0.21703654139081077, 0.16415140528474947], ['Cifar10', 'MOON', 18, 2.2127089146064294, 0.21126291236254582, 0.7150458078892331, 0.24423484680862112, 0.17710212341111126], ['Cifar10', 'MOON', 19, 2.0863565055093956, 0.30723092302565813, 0.7134063319676284, 0.21963831055828914, 0.19021098585301985], ['Cifar10', 'MOON', 20, 1.8806144353728123, 0.28243918693768744, 0.7666212569252107, 0.19860177412834745, 0.12299893721878503], ['Cifar10', 'MOON', 21, 2.063083948184695, 0.2214595134955015, 0.755523390776122, 0.2499479604806385, 0.11917555980035914], ['Cifar10', 'MOON', 22, 1.910320158745074, 0.26711096301232923, 0.7704190493384169, 0.22438901619031273, 0.10079345872058604], ['Cifar10', 'MOON', 23, 2.1808970118121085, 0.22639120293235587, 0.7413305293272312, 0.26835919500699246, 0.16599251697773992], ['Cifar10', 'MOON', 24, 1.9238130215997553, 0.2850383205598134, 0.7652145977122271, 0.18121848343299818, 0.14245929004928368], ['Cifar10', 'MOON', 25, 1.9527843100301037, 0.29703432189270246, 0.7669594764748374, 0.24009495737219563, 0.11338136662440691], ['Cifar10', 'MOON', 26, 2.0516108632472596, 0.2821059646784405, 0.7725382820331643, 0.23764756661068337, 0.10994346267784386], ['Cifar10', 'MOON', 27, 2.1905518051869777, 0.2509830056647784, 0.7421401742805145, 0.2622381965769988, 0.14457815293511808], ['Cifar10', 'MOON', 28, 1.9524952695221605, 0.30489836721092967, 0.7747131486367133, 0.2525366182167371, 0.13396275322562287], ['Cifar10', 'MOON', 29, 1.8893892556807161, 0.3255581472842386, 0.7823837037963575, 0.23495171329391507, 0.1133306347225266], ['Cifar10', 'MOON', 30, 1.8413866989545158, 0.3000333222259247, 0.7976159758947073, 0.22405419360615483, 0.09008666197565196], ['Cifar10', 'MOON', 31, 1.9607636290340056, 0.25158280573142283, 0.7756519038616506, 0.2678710559595649, 0.11541283525328856], ['Cifar10', 'MOON', 32, 1.8109427993705294, 0.3251582805731423, 0.8025374014070401, 0.21932276873650727, 0.08930464222080299], ['Cifar10', 'MOON', 33, 2.13374811066495, 0.3145618127290903, 0.7611132879074616, 0.2539748992957596, 0.14567593845532723], ['Cifar10', 'MOON', 34, 1.9221572802051408, 0.3040319893368877, 0.7839244447520813, 0.24655688861125252, 0.12652638861960058], ['Cifar10', 'MOON', 35, 2.3213967335725836, 0.2715094968343885, 0.7538188665327513, 0.25050905951582436, 0.14135090048662688], ['Cifar10', 'MOON', 36, 1.8311396469864964, 0.32049316894368546, 0.8008739446395947, 0.24319560587028866, 0.0967561829083262], ['Cifar10', 'MOON', 37, 2.070078426123037, 0.2620459846717761, 0.7637650583303456, 0.24800832909133674, 0.12400157637189121], ['Cifar10', 'MOON', 38, 2.041557615602555, 0.30383205598133955, 0.773441458235023, 0.23147525617147555, 0.12251963563818857], ['Cifar10', 'MOON', 39, 2.0544494463749223, 0.323025658113962, 0.7651355235096792, 0.23937501474038467, 0.14175978061559835], ['Cifar10', 'MOON', 40, 2.0764012790965864, 0.26144618460513164, 0.7784473246694705, 0.25116532466723773, 0.10830243867314292], ['Cifar10', 'MOON', 41, 1.9397905840490952, 0.31762745751416194, 0.7874759435768867, 0.22150967063811114, 0.10553591076837086], ['Cifar10', 'MOON', 42, 1.9254470287333403, 0.33655448183938685, 0.785127121964631, 0.2564973829838261, 0.12453599624132382], ['Cifar10', 'MOON', 43, 2.0762189273259817, 0.32155948017327557, 0.7650053412248253, 0.27508875788178283, 0.14893507279287257], ['Cifar10', 'MOON', 44, 2.0458718365449413, 0.2747750749750083, 0.7809444857139686, 0.2542121627361442, 0.11000443698956337], ['Cifar10', 'MOON', 45, 1.8074753278880098, 0.362812395868044, 0.8053329373060045, 0.24398689331519122, 0.11234768314074046], ['Cifar10', 'MOON', 46, 1.8172285842008937, 0.32962345884705097, 0.8090942124916785, 0.24801783095448812, 0.08735126978820959], ['Cifar10', 'MOON', 47, 1.7368039673008067, 0.35561479506831056, 0.8148576456082411, 0.18993990050871656, 0.07583115918034518], ['Cifar10', 'MOON', 48, 1.9650936473307803, 0.30469843385538153, 0.7883210660127794, 0.20540689366023576, 0.09220962835876262], ['Cifar10', 'MOON', 49, 1.6546305149322469, 0.375674775074975, 0.8243982392300276, 0.23012189398614755, 0.07696565656105583], ['Cifar10', 'MOON', 50, 1.6687053428729322, 0.39053648783738754, 0.819115800924706, 0.1726188737397686, 0.10762570928606005], ['Cifar10', 'MOON', 51, 1.875664114102678, 0.3400199933355548, 0.7928384568096988, 0.2400835759885855, 0.13181788580623133], ['Cifar10', 'MOON', 52, 1.7675164665299359, 0.3538820393202266, 0.8111419422859865, 0.21073680817499477, 0.10527642767338538], ['Cifar10', 'MOON', 53, 1.8394615470274762, 0.3421526157947351, 0.8130965948138774, 0.24174842397191712, 0.09614968241125674], ['Cifar10', 'MOON', 54, 1.6093017078406877, 0.41872709096967675, 0.8254144514466819, 0.16077270584806158, 0.0938791647717406], ['Cifar10', 'MOON', 55, 1.6433088882440343, 0.38613795401532824, 0.8244963610866357, 0.18843645204470147, 0.08061600263366016], ['Cifar10', 'MOON', 56, 2.040045406144304, 0.2797067644118627, 0.785926846973555, 0.2502496798816161, 0.11649494074165422], ['Cifar10', 'MOON', 57, 1.6195984219514667, 0.3863378873708764, 0.8321959549082071, 0.21480249123368703, 0.07957746476215484], ['Cifar10', 'MOON', 58, 1.8467059985244494, 0.32275908030656447, 0.8128509018851827, 0.23119528977891782, 0.08438991012406136], ['Cifar10', 'MOON', 59, 1.5940371835598088, 0.4113962012662446, 0.8345010008806387, 0.19482022700732127, 0.08007713475549777], ['Cifar10', 'MOON', 60, 1.739134868470472, 0.3502165944685105, 0.817623763396378, 0.24004914627418125, 0.09858438412024145], ['Cifar10', 'MOON', 61, 1.7521625096005338, 0.35894701766077974, 0.8221206125809915, 0.24064546464396908, 0.07948317705343151], ['Cifar10', 'MOON', 62, 1.8026799663712203, 0.3396867710763079, 0.8098482496326308, 0.22308963471287013, 0.08307794788786205], ['Cifar10', 'MOON', 63, 1.760953382045807, 0.32855714761746085, 0.819303534060891, 0.24137217129555152, 0.07755934210426783], ['Cifar10', 'MOON', 64, 2.0093610479787367, 0.28130623125624793, 0.7933515095822801, 0.2609361298941127, 0.10860834759023481], ['Cifar10', 'MOON', 65, 1.7933785607994757, 0.35074975008330556, 0.8057729364684161, 0.1735544092514265, 0.09235351120303585], ['Cifar10', 'MOON', 66, 1.7887718019427608, 0.35034988337220924, 0.8136419473273858, 0.26945649246234765, 0.10144214512802321], ['Cifar10', 'MOON', 67, 2.080119083922309, 0.2773742085971343, 0.7830874687890229, 0.26874040112784636, 0.12486507472607725], ['Cifar10', 'MOON', 68, 1.8112456931207312, 0.3489503498833722, 0.8167993301435279, 0.23057045128052056, 0.0917133083652162], ['Cifar10', 'MOON', 69, 1.9518043474640354, 0.3205598133955348, 0.7939095320939713, 0.22857966588009848, 0.10368128801723417], ['Cifar10', 'MOON', 70, 1.5461702984323271, 0.41632789070309895, 0.8441235275558686, 0.17734838061137279, 0.05362668758161339], ['Cifar10', 'MOON', 71, 1.706754499313508, 0.38253915361546154, 0.8285238847145109, 0.24242209119866967, 0.0921220435206549], ['Cifar10', 'MOON', 72, 1.6887831092511219, 0.4150616461179607, 0.8270438088080803, 0.2240888610755579, 0.09800230209951934], ['Cifar10', 'MOON', 73, 2.026962707911215, 0.2975674775074975, 0.8014303666443439, 0.26602485353586686, 0.10309370113448035], ['Cifar10', 'MOON', 74, 1.8104598928442832, 0.3421526157947351, 0.8180270354706032, 0.24085871138017761, 0.08837127378481369], ['Cifar10', 'MOON', 75, 1.5482267367298315, 0.42379206931022995, 0.8430511469801346, 0.17670165887103498, 0.07303672581465111], ['Cifar10', 'MOON', 76, 1.93624283464601, 0.34921692769076973, 0.8128788442493557, 0.23462341768112083, 0.09626760202607731], ['Cifar10', 'MOON', 77, 1.6271307532053645, 0.39906697767410865, 0.8259801740778062, 0.1658665144034375, 0.07633784244996952], ['Cifar10', 'MOON', 78, 2.2920050967963337, 0.26257914028657114, 0.783739957286339, 0.2153701498856101, 0.10117723192079901], ['Cifar10', 'MOON', 79, 1.8841870390169075, 0.34241919360213263, 0.8086237205277129, 0.22783717311437693, 0.10428795010245172], ['Cifar10', 'MOON', 80, 1.935848311595146, 0.3286904365211596, 0.8088190670000339, 0.24522652166782988, 0.10050926652147647], ['Cifar10', 'MOON', 81, 1.6557439864079955, 0.3688770409863379, 0.832863781228014, 0.21243345602474253, 0.07370612681115267], ['Cifar10', 'MOON', 82, 1.692168880377626, 0.383138953682106, 0.8262285404324817, 0.19854206324060156, 0.10667571635998212], ['Cifar10', 'MOON', 83, 1.6285034228382544, 0.3972009330223259, 0.8340284144892778, 0.20761765885943592, 0.07174272281815733], ['Cifar10', 'MOON', 84, 1.5976722438931068, 0.41112962345884707, 0.8450532867681553, 0.19879038770723034, 0.07021945887523995], ['Cifar10', 'MOON', 85, 1.8230048153931833, 0.3757414195268244, 0.809464382515464, 0.20249519932285825, 0.10965452275464813], ['Cifar10', 'MOON', 86, 1.5734606350126523, 0.41946017994002, 0.8446544719901845, 0.1691526279599643, 0.06494262440216195], ['Cifar10', 'MOON', 87, 1.6498227377387522, 0.39320226591136287, 0.8303560333228105, 0.17996446909783279, 0.07215561359061978], ['Cifar10', 'MOON', 88, 1.5837403804933115, 0.42379206931022995, 0.8402037433965313, 0.1935533911685688, 0.08081850412938316], ['Cifar10', 'MOON', 89, 1.531236687479771, 0.4239920026657781, 0.8522732181558372, 0.19056638238839282, 0.05325874350582813], ['Cifar10', 'MOON', 90, 1.9655904567465965, 0.306697767410863, 0.8066232813319371, 0.25683419198661267, 0.10407926075778462], ['Cifar10', 'MOON', 91, 1.9051524853253783, 0.32155948017327557, 0.8082521382168705, 0.21948166920472645, 0.0912567251710283], ['Cifar10', 'MOON', 92, 1.6909401898851535, 0.39160279906697765, 0.8369386665881244, 0.2415281893618509, 0.0821624985723231], ['Cifar10', 'MOON', 93, 1.8784056780094613, 0.3465511496167944, 0.8210450034475906, 0.24262793787182213, 0.09900121612673743], ['Cifar10', 'MOON', 94, 1.7285742377702655, 0.40026657780739755, 0.8292919419548678, 0.2375348635215354, 0.10412636843256946], ['Cifar10', 'MOON', 95, 1.8659816761174517, 0.3773408863712096, 0.8210786421387584, 0.21399031555507075, 0.09576722866496454], ['Cifar10', 'MOON', 96, 1.4606651048622055, 0.4605798067310896, 0.8507002491367238, 0.15027201303038995, 0.05698750018664398], ['Cifar10', 'MOON', 97, 1.5946997009454977, 0.4259246917694102, 0.8400113004556842, 0.20087285835422816, 0.07780585140837072], ['Cifar10', 'MOON', 98, 1.457446874588217, 0.46731089636787737, 0.8568710408851767, 0.16128211945851387, 0.06865130324195146], ['Cifar10', 'MOON', 99, 1.8035467372316742, 0.36814395201599465, 0.828156442191653, 0.25394104471279877, 0.09757529281264431], ['Cifar10', 'MOON', 100, 1.9245207180387058, 0.3429523492169277, 0.8065615153918501, 0.27737248377202095, 0.12095160698925353]]
File path: ../results/Cifar10_MOON_test_0.h5

Average time cost: 13491.66s.
Length:  101
std for best accurancy: 0.0
mean for best accurancy: 0.46731089636787737
All done!

Storage on cpu
-------------------------------------------------------------------------------
Total Tensors: 441678654 	Used Memory: 914.80M
-------------------------------------------------------------------------------
