/Users/alice/opt/anaconda3/lib/python3.8/site-packages/torchvision/io/image.py:13: UserWarning: Failed to load image Python extension: 'dlopen(/Users/alice/opt/anaconda3/lib/python3.8/site-packages/torchvision/image.so, 6): Library not loaded: @rpath/libpng16.16.dylib
  Referenced from: /Users/alice/opt/anaconda3/lib/python3.8/site-packages/torchvision/image.so
  Reason: Incompatible library version: image.so requires version 56.0.0 or later, but libpng16.16.dylib provides version 54.0.0'If you don't plan on using image functionality from `torchvision.io`, you can ignore this warning. Otherwise, there might be something wrong with your environment. Did you have `libjpeg` or `libpng` installed before building `torchvision` from source?
  warn(
/Users/alice/Desktop/python/PFL/system /Users/alice/Desktop/python/PFL
/Users/alice/Desktop/python/PFL/system /Users/alice/Desktop/python/PFL
/Users/alice/Desktop/python/PFL/system /Users/alice/Desktop/python/PFL

cuda is not avaiable.

==================================================
Algorithm: FedProx
Local batch size: 10
Local steps: 1
Local learing rate: 0.005
Local learing rate decay: False
Total number of clients: 20
Clients join in each round: 0.5
Clients randomly join: False
Client drop rate: 0.0
Client select regarding time: False
Running times: 1
Dataset: Cifar10
Number of classes: 10
Backbone: cnn
Using device: cpu
Using DP: False
Auto break: False
Global rounds: 100
DLG attack: False
Total number of new clients: 0
Fine tuning epoches on new clients: 0
==================================================

============= Running time: 0th =============
Creating server and clients ...
FedAvgCNN(
  (conv1): Sequential(
    (0): Conv2d(3, 32, kernel_size=(5, 5), stride=(1, 1))
    (1): ReLU(inplace=True)
    (2): MaxPool2d(kernel_size=(2, 2), stride=(2, 2), padding=0, dilation=1, ceil_mode=False)
  )
  (conv2): Sequential(
    (0): Conv2d(32, 64, kernel_size=(5, 5), stride=(1, 1))
    (1): ReLU(inplace=True)
    (2): MaxPool2d(kernel_size=(2, 2), stride=(2, 2), padding=0, dilation=1, ceil_mode=False)
  )
  (fc1): Sequential(
    (0): Linear(in_features=1600, out_features=512, bias=True)
    (1): ReLU(inplace=True)
  )
  (fc): Linear(in_features=512, out_features=10, bias=True)
)
INFO:------------------------args.algorithm is:FedProx-----------------------
**************************1.INfo,set_clients ,init data********************

Join ratio / total clients: 0.5 / 20
Finished creating server and clients.
*************************** FedProx train ***************************
-------------------------------------------------------------------------write exe canshu,txt path is /Users/alice/Desktop/python/PFL//res/FedProx/Cifar10_canshu.csv
INFO:---------Using fix select id list--------------------------------
/Users/alice/Desktop/python/PFL//res/selectids/Cifar10_select_client_ids20_0.5.csv
       2  global_rounds                                id_list
0      3              0    [10, 8, 14, 11, 9, 5, 7, 13, 12, 3]
1      4              1   [2, 0, 6, 13, 10, 16, 18, 1, 17, 19]
2      5              2   [11, 15, 17, 16, 4, 18, 9, 12, 2, 1]
3      6              3     [4, 14, 6, 2, 11, 18, 3, 12, 5, 1]
4      7              4   [8, 11, 12, 2, 17, 18, 4, 19, 15, 7]
..   ...            ...                                    ...
96    99             96    [13, 4, 11, 6, 12, 3, 10, 9, 7, 15]
97   100             97  [12, 18, 3, 10, 0, 19, 5, 15, 11, 14]
98   101             98    [16, 14, 15, 7, 11, 0, 3, 9, 1, 10]
99   102             99   [11, 2, 8, 3, 13, 17, 15, 7, 10, 16]
100  103            100    [1, 6, 11, 14, 5, 9, 16, 17, 7, 13]

[101 rows x 3 columns]
{0: [10, 8, 14, 11, 9, 5, 7, 13, 12, 3], 1: [2, 0, 6, 13, 10, 16, 18, 1, 17, 19], 2: [11, 15, 17, 16, 4, 18, 9, 12, 2, 1], 3: [4, 14, 6, 2, 11, 18, 3, 12, 5, 1], 4: [8, 11, 12, 2, 17, 18, 4, 19, 15, 7], 5: [1, 19, 5, 18, 8, 11, 10, 14, 2, 9], 6: [3, 7, 19, 1, 2, 0, 5, 17, 14, 15], 7: [13, 9, 7, 0, 5, 18, 19, 4, 17, 3], 8: [19, 18, 14, 15, 4, 0, 1, 17, 6, 7], 9: [18, 13, 12, 11, 1, 9, 0, 3, 14, 15], 10: [0, 5, 19, 12, 6, 14, 7, 2, 1, 9], 11: [8, 13, 0, 1, 5, 17, 11, 4, 7, 18], 12: [17, 11, 10, 9, 15, 14, 5, 2, 16, 4], 13: [10, 19, 3, 1, 11, 4, 17, 2, 15, 7], 14: [8, 9, 3, 6, 18, 5, 15, 17, 14, 7], 15: [10, 17, 8, 2, 5, 12, 0, 19, 18, 14], 16: [17, 13, 14, 11, 16, 8, 12, 7, 6, 9], 17: [15, 7, 3, 4, 10, 9, 5, 11, 16, 12], 18: [5, 12, 7, 1, 11, 2, 13, 3, 8, 17], 19: [0, 11, 4, 18, 7, 19, 10, 15, 1, 16], 20: [6, 12, 11, 5, 0, 18, 14, 16, 17, 8], 21: [18, 10, 4, 9, 7, 1, 14, 6, 3, 12], 22: [5, 2, 13, 15, 10, 18, 7, 16, 12, 9], 23: [11, 18, 3, 0, 4, 2, 1, 16, 10, 15], 24: [15, 10, 3, 7, 14, 4, 16, 8, 11, 12], 25: [0, 1, 6, 2, 3, 11, 18, 13, 9, 7], 26: [13, 16, 19, 7, 5, 0, 11, 4, 2, 6], 27: [11, 9, 3, 14, 5, 7, 0, 4, 18, 15], 28: [12, 0, 9, 13, 4, 7, 11, 17, 8, 10], 29: [9, 5, 8, 11, 15, 4, 18, 3, 19, 10], 30: [5, 9, 17, 18, 14, 1, 2, 6, 12, 4], 31: [3, 11, 8, 6, 18, 19, 9, 10, 2, 15], 32: [14, 3, 7, 13, 5, 0, 9, 11, 17, 8], 33: [5, 13, 0, 16, 18, 7, 15, 4, 19, 6], 34: [14, 8, 0, 6, 10, 9, 2, 17, 7, 16], 35: [7, 18, 13, 9, 12, 15, 8, 6, 0, 14], 36: [6, 4, 13, 17, 10, 11, 16, 5, 0, 1], 37: [14, 2, 16, 7, 1, 19, 3, 8, 0, 6], 38: [19, 14, 2, 11, 8, 16, 0, 6, 5, 3], 39: [13, 10, 11, 5, 19, 14, 6, 1, 9, 18], 40: [4, 2, 11, 13, 7, 6, 16, 3, 12, 15], 41: [16, 13, 3, 14, 11, 7, 5, 6, 19, 8], 42: [7, 14, 11, 15, 2, 5, 17, 3, 16, 6], 43: [6, 5, 16, 13, 1, 8, 10, 18, 4, 7], 44: [6, 3, 10, 9, 17, 2, 11, 15, 1, 18], 45: [9, 2, 6, 8, 18, 17, 19, 16, 14, 10], 46: [1, 16, 19, 2, 18, 13, 3, 0, 14, 11], 47: [9, 13, 6, 4, 12, 7, 8, 14, 1, 2], 48: [8, 7, 18, 3, 4, 10, 11, 16, 17, 0], 49: [13, 4, 2, 3, 12, 18, 19, 5, 15, 7], 50: [13, 7, 2, 11, 12, 5, 3, 4, 17, 9], 51: [4, 18, 13, 11, 10, 8, 5, 3, 16, 15], 52: [14, 13, 18, 15, 5, 0, 10, 9, 11, 17], 53: [2, 6, 18, 19, 12, 17, 4, 15, 10, 1], 54: [12, 13, 5, 19, 4, 15, 7, 14, 3, 2], 55: [12, 0, 8, 5, 11, 6, 2, 18, 13, 16], 56: [17, 4, 8, 6, 15, 0, 9, 7, 12, 18], 57: [3, 1, 2, 5, 6, 14, 4, 9, 18, 17], 58: [7, 5, 3, 14, 12, 18, 2, 10, 11, 15], 59: [19, 13, 17, 9, 11, 4, 6, 16, 7, 18], 60: [6, 15, 1, 8, 12, 17, 5, 9, 2, 14], 61: [14, 16, 2, 15, 1, 19, 17, 9, 4, 0], 62: [9, 6, 17, 18, 5, 7, 12, 11, 4, 14], 63: [12, 0, 3, 16, 9, 10, 5, 1, 8, 18], 64: [4, 15, 13, 19, 1, 16, 12, 3, 10, 6], 65: [11, 9, 19, 13, 15, 5, 3, 10, 17, 7], 66: [7, 4, 9, 2, 16, 1, 19, 5, 6, 18], 67: [0, 2, 7, 12, 16, 19, 8, 15, 11, 5], 68: [0, 13, 2, 17, 16, 6, 4, 10, 14, 11], 69: [10, 8, 6, 19, 17, 18, 7, 1, 3, 4], 70: [13, 18, 9, 14, 3, 17, 8, 15, 16, 2], 71: [17, 4, 15, 13, 14, 7, 5, 11, 18, 3], 72: [16, 7, 8, 6, 12, 18, 9, 2, 5, 17], 73: [6, 15, 10, 5, 14, 9, 13, 12, 3, 0], 74: [14, 8, 18, 6, 1, 12, 11, 5, 15, 13], 75: [6, 11, 5, 13, 19, 1, 17, 8, 2, 9], 76: [1, 15, 12, 5, 2, 0, 14, 10, 4, 19], 77: [6, 0, 14, 19, 9, 2, 7, 13, 16, 1], 78: [18, 2, 0, 3, 5, 8, 19, 12, 9, 7], 79: [0, 15, 2, 10, 17, 5, 13, 9, 4, 6], 80: [9, 14, 3, 12, 5, 4, 19, 18, 11, 7], 81: [12, 15, 18, 19, 16, 17, 2, 5, 10, 3], 82: [13, 5, 16, 19, 8, 15, 11, 14, 2, 4], 83: [11, 10, 14, 0, 8, 18, 15, 16, 7, 12], 84: [14, 9, 18, 6, 0, 2, 19, 11, 12, 10], 85: [18, 12, 6, 0, 14, 8, 16, 13, 15, 1], 86: [6, 17, 16, 15, 0, 10, 1, 4, 3, 12], 87: [17, 15, 0, 18, 9, 11, 1, 6, 4, 13], 88: [8, 0, 16, 14, 2, 15, 18, 3, 6, 12], 89: [3, 12, 5, 6, 1, 18, 0, 16, 11, 9], 90: [17, 4, 2, 14, 11, 5, 1, 0, 12, 16], 91: [9, 10, 18, 13, 17, 15, 7, 0, 6, 8], 92: [18, 19, 5, 0, 17, 6, 9, 3, 2, 15], 93: [18, 3, 0, 5, 10, 14, 17, 8, 2, 7], 94: [1, 16, 17, 3, 7, 12, 0, 13, 19, 14], 95: [8, 10, 17, 4, 5, 15, 0, 1, 3, 12], 96: [13, 4, 11, 6, 12, 3, 10, 9, 7, 15], 97: [12, 18, 3, 10, 0, 19, 5, 15, 11, 14], 98: [16, 14, 15, 7, 11, 0, 3, 9, 1, 10], 99: [11, 2, 8, 3, 13, 17, 15, 7, 10, 16], 100: [1, 6, 11, 14, 5, 9, 16, 17, 7, 13]}
*************************** 2.server FedProx select_clients ***************************

INFO:----------fix client id is :group is 0 select id list is: [3, 5, 7, 8, 9, 10, 11, 12, 13, 14] <class 'flcore.clients.clientprox.clientProx'>

-------------Round number: 0-------------

Evaluate global model
Averaged Train Loss: 2.3039
Averaged Test Accurancy: 0.0937
Averaged Test AUC: 0.4940
Std Test Accurancy: 0.1815
Std Test AUC: 0.2182
*************************** 2.server FedProx select_clients ***************************

INFO:----------fix client id is :group is 1 select id list is: [0, 1, 2, 6, 10, 13, 16, 17, 18, 19] <class 'flcore.clients.clientprox.clientProx'>

-------------Round number: 1-------------

Evaluate global model
Averaged Train Loss: 2.4403
Averaged Test Accurancy: 0.1026
Averaged Test AUC: 0.5302
Std Test Accurancy: 0.2129
Std Test AUC: 0.2499
*************************** 2.server FedProx select_clients ***************************

INFO:----------fix client id is :group is 2 select id list is: [1, 2, 4, 9, 11, 12, 15, 16, 17, 18] <class 'flcore.clients.clientprox.clientProx'>

-------------Round number: 2-------------

Evaluate global model
Averaged Train Loss: 2.5602
Averaged Test Accurancy: 0.1407
Averaged Test AUC: 0.5402
Std Test Accurancy: 0.2233
Std Test AUC: 0.2549
*************************** 2.server FedProx select_clients ***************************

INFO:----------fix client id is :group is 3 select id list is: [1, 2, 3, 4, 5, 6, 11, 12, 14, 18] <class 'flcore.clients.clientprox.clientProx'>

-------------Round number: 3-------------

Evaluate global model
Averaged Train Loss: 2.4535
Averaged Test Accurancy: 0.1583
Averaged Test AUC: 0.5831
Std Test Accurancy: 0.2410
Std Test AUC: 0.2546
*************************** 2.server FedProx select_clients ***************************

INFO:----------fix client id is :group is 4 select id list is: [2, 4, 7, 8, 11, 12, 15, 17, 18, 19] <class 'flcore.clients.clientprox.clientProx'>

-------------Round number: 4-------------

Evaluate global model
Averaged Train Loss: 2.4210
Averaged Test Accurancy: 0.1679
Averaged Test AUC: 0.5877
Std Test Accurancy: 0.2369
Std Test AUC: 0.2789
*************************** 2.server FedProx select_clients ***************************

INFO:----------fix client id is :group is 5 select id list is: [1, 2, 5, 8, 9, 10, 11, 14, 18, 19] <class 'flcore.clients.clientprox.clientProx'>

-------------Round number: 5-------------

Evaluate global model
Averaged Train Loss: 2.1297
Averaged Test Accurancy: 0.2448
Averaged Test AUC: 0.6831
Std Test Accurancy: 0.1965
Std Test AUC: 0.2006
*************************** 2.server FedProx select_clients ***************************

INFO:----------fix client id is :group is 6 select id list is: [0, 1, 2, 3, 5, 7, 14, 15, 17, 19] <class 'flcore.clients.clientprox.clientProx'>

-------------Round number: 6-------------

Evaluate global model
Averaged Train Loss: 2.4294
Averaged Test Accurancy: 0.1543
Averaged Test AUC: 0.6434
Std Test Accurancy: 0.2373
Std Test AUC: 0.1928
*************************** 2.server FedProx select_clients ***************************

INFO:----------fix client id is :group is 7 select id list is: [0, 3, 4, 5, 7, 9, 13, 17, 18, 19] <class 'flcore.clients.clientprox.clientProx'>

-------------Round number: 7-------------

Evaluate global model
Averaged Train Loss: 2.2096
Averaged Test Accurancy: 0.2032
Averaged Test AUC: 0.6527
Std Test Accurancy: 0.2166
Std Test AUC: 0.1879
*************************** 2.server FedProx select_clients ***************************

INFO:----------fix client id is :group is 8 select id list is: [0, 1, 4, 6, 7, 14, 15, 17, 18, 19] <class 'flcore.clients.clientprox.clientProx'>

-------------Round number: 8-------------

Evaluate global model
Averaged Train Loss: 2.4386
Averaged Test Accurancy: 0.1581
Averaged Test AUC: 0.6509
Std Test Accurancy: 0.2344
Std Test AUC: 0.2077
*************************** 2.server FedProx select_clients ***************************

INFO:----------fix client id is :group is 9 select id list is: [0, 1, 3, 9, 11, 12, 13, 14, 15, 18] <class 'flcore.clients.clientprox.clientProx'>

-------------Round number: 9-------------

Evaluate global model
Averaged Train Loss: 2.1584
Averaged Test Accurancy: 0.2057
Averaged Test AUC: 0.6768
Std Test Accurancy: 0.2016
Std Test AUC: 0.1831
*************************** 2.server FedProx select_clients ***************************

INFO:----------fix client id is :group is 10 select id list is: [0, 1, 2, 5, 6, 7, 9, 12, 14, 19] <class 'flcore.clients.clientprox.clientProx'>

-------------Round number: 10-------------

Evaluate global model
Averaged Train Loss: 2.0651
Averaged Test Accurancy: 0.2487
Averaged Test AUC: 0.7184
Std Test Accurancy: 0.1900
Std Test AUC: 0.1346
*************************** 2.server FedProx select_clients ***************************

INFO:----------fix client id is :group is 11 select id list is: [0, 1, 4, 5, 7, 8, 11, 13, 17, 18] <class 'flcore.clients.clientprox.clientProx'>

-------------Round number: 11-------------

Evaluate global model
Averaged Train Loss: 2.6001
Averaged Test Accurancy: 0.1909
Averaged Test AUC: 0.6596
Std Test Accurancy: 0.2355
Std Test AUC: 0.1962
*************************** 2.server FedProx select_clients ***************************

INFO:----------fix client id is :group is 12 select id list is: [2, 4, 5, 9, 10, 11, 14, 15, 16, 17] <class 'flcore.clients.clientprox.clientProx'>

-------------Round number: 12-------------

Evaluate global model
Averaged Train Loss: 2.0976
Averaged Test Accurancy: 0.1851
Averaged Test AUC: 0.7287
Std Test Accurancy: 0.2349
Std Test AUC: 0.0977
*************************** 2.server FedProx select_clients ***************************

INFO:----------fix client id is :group is 13 select id list is: [1, 2, 3, 4, 7, 10, 11, 15, 17, 19] <class 'flcore.clients.clientprox.clientProx'>

-------------Round number: 13-------------

Evaluate global model
Averaged Train Loss: 2.2933
Averaged Test Accurancy: 0.2245
Averaged Test AUC: 0.6734
Std Test Accurancy: 0.2293
Std Test AUC: 0.1983
*************************** 2.server FedProx select_clients ***************************

INFO:----------fix client id is :group is 14 select id list is: [3, 5, 6, 7, 8, 9, 14, 15, 17, 18] <class 'flcore.clients.clientprox.clientProx'>

-------------Round number: 14-------------

Evaluate global model
Averaged Train Loss: 2.4047
Averaged Test Accurancy: 0.1983
Averaged Test AUC: 0.6681
Std Test Accurancy: 0.2508
Std Test AUC: 0.1923
*************************** 2.server FedProx select_clients ***************************

INFO:----------fix client id is :group is 15 select id list is: [0, 2, 5, 8, 10, 12, 14, 17, 18, 19] <class 'flcore.clients.clientprox.clientProx'>

-------------Round number: 15-------------

Evaluate global model
Averaged Train Loss: 2.2258
Averaged Test Accurancy: 0.2290
Averaged Test AUC: 0.6982
Std Test Accurancy: 0.2198
Std Test AUC: 0.1874
*************************** 2.server FedProx select_clients ***************************

INFO:----------fix client id is :group is 16 select id list is: [6, 7, 8, 9, 11, 12, 13, 14, 16, 17] <class 'flcore.clients.clientprox.clientProx'>

-------------Round number: 16-------------

Evaluate global model
Averaged Train Loss: 2.0917
Averaged Test Accurancy: 0.2349
Averaged Test AUC: 0.7242
Std Test Accurancy: 0.2429
Std Test AUC: 0.1489
*************************** 2.server FedProx select_clients ***************************

INFO:----------fix client id is :group is 17 select id list is: [3, 4, 5, 7, 9, 10, 11, 12, 15, 16] <class 'flcore.clients.clientprox.clientProx'>

-------------Round number: 17-------------

Evaluate global model
Averaged Train Loss: 2.5026
Averaged Test Accurancy: 0.2121
Averaged Test AUC: 0.7083
Std Test Accurancy: 0.2170
Std Test AUC: 0.1642
*************************** 2.server FedProx select_clients ***************************

INFO:----------fix client id is :group is 18 select id list is: [1, 2, 3, 5, 7, 8, 11, 12, 13, 17] <class 'flcore.clients.clientprox.clientProx'>

-------------Round number: 18-------------

Evaluate global model
Averaged Train Loss: 2.2127
Averaged Test Accurancy: 0.2113
Averaged Test AUC: 0.7150
Std Test Accurancy: 0.2442
Std Test AUC: 0.1771
*************************** 2.server FedProx select_clients ***************************

INFO:----------fix client id is :group is 19 select id list is: [0, 1, 4, 7, 10, 11, 15, 16, 18, 19] <class 'flcore.clients.clientprox.clientProx'>

-------------Round number: 19-------------

Evaluate global model
Averaged Train Loss: 2.0864
Averaged Test Accurancy: 0.3072
Averaged Test AUC: 0.7134
Std Test Accurancy: 0.2196
Std Test AUC: 0.1902
*************************** 2.server FedProx select_clients ***************************

INFO:----------fix client id is :group is 20 select id list is: [0, 5, 6, 8, 11, 12, 14, 16, 17, 18] <class 'flcore.clients.clientprox.clientProx'>

-------------Round number: 20-------------

Evaluate global model
Averaged Train Loss: 1.8806
Averaged Test Accurancy: 0.2824
Averaged Test AUC: 0.7666
Std Test Accurancy: 0.1986
Std Test AUC: 0.1230
*************************** 2.server FedProx select_clients ***************************

INFO:----------fix client id is :group is 21 select id list is: [1, 3, 4, 6, 7, 9, 10, 12, 14, 18] <class 'flcore.clients.clientprox.clientProx'>

-------------Round number: 21-------------

Evaluate global model
Averaged Train Loss: 2.0631
Averaged Test Accurancy: 0.2215
Averaged Test AUC: 0.7555
Std Test Accurancy: 0.2499
Std Test AUC: 0.1192
*************************** 2.server FedProx select_clients ***************************

INFO:----------fix client id is :group is 22 select id list is: [2, 5, 7, 9, 10, 12, 13, 15, 16, 18] <class 'flcore.clients.clientprox.clientProx'>

-------------Round number: 22-------------

Evaluate global model
Averaged Train Loss: 1.9103
Averaged Test Accurancy: 0.2671
Averaged Test AUC: 0.7704
Std Test Accurancy: 0.2244
Std Test AUC: 0.1008
*************************** 2.server FedProx select_clients ***************************

INFO:----------fix client id is :group is 23 select id list is: [0, 1, 2, 3, 4, 10, 11, 15, 16, 18] <class 'flcore.clients.clientprox.clientProx'>

-------------Round number: 23-------------

Evaluate global model
Averaged Train Loss: 2.1809
Averaged Test Accurancy: 0.2264
Averaged Test AUC: 0.7413
Std Test Accurancy: 0.2684
Std Test AUC: 0.1660
*************************** 2.server FedProx select_clients ***************************

INFO:----------fix client id is :group is 24 select id list is: [3, 4, 7, 8, 10, 11, 12, 14, 15, 16] <class 'flcore.clients.clientprox.clientProx'>

-------------Round number: 24-------------

Evaluate global model
Averaged Train Loss: 1.9238
Averaged Test Accurancy: 0.2850
Averaged Test AUC: 0.7652
Std Test Accurancy: 0.1812
Std Test AUC: 0.1425
*************************** 2.server FedProx select_clients ***************************

INFO:----------fix client id is :group is 25 select id list is: [0, 1, 2, 3, 6, 7, 9, 11, 13, 18] <class 'flcore.clients.clientprox.clientProx'>

-------------Round number: 25-------------

Evaluate global model
Averaged Train Loss: 1.9528
Averaged Test Accurancy: 0.2970
Averaged Test AUC: 0.7670
Std Test Accurancy: 0.2401
Std Test AUC: 0.1134
*************************** 2.server FedProx select_clients ***************************

INFO:----------fix client id is :group is 26 select id list is: [0, 2, 4, 5, 6, 7, 11, 13, 16, 19] <class 'flcore.clients.clientprox.clientProx'>

-------------Round number: 26-------------

Evaluate global model
Averaged Train Loss: 2.0516
Averaged Test Accurancy: 0.2821
Averaged Test AUC: 0.7725
Std Test Accurancy: 0.2376
Std Test AUC: 0.1099
*************************** 2.server FedProx select_clients ***************************

INFO:----------fix client id is :group is 27 select id list is: [0, 3, 4, 5, 7, 9, 11, 14, 15, 18] <class 'flcore.clients.clientprox.clientProx'>

-------------Round number: 27-------------

Evaluate global model
Averaged Train Loss: 2.1906
Averaged Test Accurancy: 0.2510
Averaged Test AUC: 0.7421
Std Test Accurancy: 0.2622
Std Test AUC: 0.1446
*************************** 2.server FedProx select_clients ***************************

INFO:----------fix client id is :group is 28 select id list is: [0, 4, 7, 8, 9, 10, 11, 12, 13, 17] <class 'flcore.clients.clientprox.clientProx'>

-------------Round number: 28-------------

Evaluate global model
Averaged Train Loss: 1.9525
Averaged Test Accurancy: 0.3049
Averaged Test AUC: 0.7747
Std Test Accurancy: 0.2525
Std Test AUC: 0.1340
*************************** 2.server FedProx select_clients ***************************

INFO:----------fix client id is :group is 29 select id list is: [3, 4, 5, 8, 9, 10, 11, 15, 18, 19] <class 'flcore.clients.clientprox.clientProx'>

-------------Round number: 29-------------

Evaluate global model
Averaged Train Loss: 1.8894
Averaged Test Accurancy: 0.3256
Averaged Test AUC: 0.7824
Std Test Accurancy: 0.2350
Std Test AUC: 0.1133
*************************** 2.server FedProx select_clients ***************************

INFO:----------fix client id is :group is 30 select id list is: [1, 2, 4, 5, 6, 9, 12, 14, 17, 18] <class 'flcore.clients.clientprox.clientProx'>

-------------Round number: 30-------------

Evaluate global model
Averaged Train Loss: 1.8414
Averaged Test Accurancy: 0.3000
Averaged Test AUC: 0.7976
Std Test Accurancy: 0.2241
Std Test AUC: 0.0901
*************************** 2.server FedProx select_clients ***************************

INFO:----------fix client id is :group is 31 select id list is: [2, 3, 6, 8, 9, 10, 11, 15, 18, 19] <class 'flcore.clients.clientprox.clientProx'>

-------------Round number: 31-------------

Evaluate global model
Averaged Train Loss: 1.9608
Averaged Test Accurancy: 0.2516
Averaged Test AUC: 0.7757
Std Test Accurancy: 0.2679
Std Test AUC: 0.1154
*************************** 2.server FedProx select_clients ***************************

INFO:----------fix client id is :group is 32 select id list is: [0, 3, 5, 7, 8, 9, 11, 13, 14, 17] <class 'flcore.clients.clientprox.clientProx'>

-------------Round number: 32-------------

Evaluate global model
Averaged Train Loss: 1.8109
Averaged Test Accurancy: 0.3252
Averaged Test AUC: 0.8025
Std Test Accurancy: 0.2193
Std Test AUC: 0.0893
*************************** 2.server FedProx select_clients ***************************

INFO:----------fix client id is :group is 33 select id list is: [0, 4, 5, 6, 7, 13, 15, 16, 18, 19] <class 'flcore.clients.clientprox.clientProx'>

-------------Round number: 33-------------

Evaluate global model
Averaged Train Loss: 2.1337
Averaged Test Accurancy: 0.3146
Averaged Test AUC: 0.7611
Std Test Accurancy: 0.2540
Std Test AUC: 0.1457
*************************** 2.server FedProx select_clients ***************************

INFO:----------fix client id is :group is 34 select id list is: [0, 2, 6, 7, 8, 9, 10, 14, 16, 17] <class 'flcore.clients.clientprox.clientProx'>

-------------Round number: 34-------------

Evaluate global model
Averaged Train Loss: 1.9222
Averaged Test Accurancy: 0.3040
Averaged Test AUC: 0.7839
Std Test Accurancy: 0.2466
Std Test AUC: 0.1265
*************************** 2.server FedProx select_clients ***************************

INFO:----------fix client id is :group is 35 select id list is: [0, 6, 7, 8, 9, 12, 13, 14, 15, 18] <class 'flcore.clients.clientprox.clientProx'>

-------------Round number: 35-------------

Evaluate global model
Averaged Train Loss: 2.3214
Averaged Test Accurancy: 0.2715
Averaged Test AUC: 0.7538
Std Test Accurancy: 0.2505
Std Test AUC: 0.1414
*************************** 2.server FedProx select_clients ***************************

INFO:----------fix client id is :group is 36 select id list is: [0, 1, 4, 5, 6, 10, 11, 13, 16, 17] <class 'flcore.clients.clientprox.clientProx'>

-------------Round number: 36-------------

Evaluate global model
Averaged Train Loss: 1.8311
Averaged Test Accurancy: 0.3205
Averaged Test AUC: 0.8009
Std Test Accurancy: 0.2432
Std Test AUC: 0.0968
*************************** 2.server FedProx select_clients ***************************

INFO:----------fix client id is :group is 37 select id list is: [0, 1, 2, 3, 6, 7, 8, 14, 16, 19] <class 'flcore.clients.clientprox.clientProx'>

-------------Round number: 37-------------

Evaluate global model
Averaged Train Loss: 2.0701
Averaged Test Accurancy: 0.2620
Averaged Test AUC: 0.7638
Std Test Accurancy: 0.2480
Std Test AUC: 0.1240
*************************** 2.server FedProx select_clients ***************************

INFO:----------fix client id is :group is 38 select id list is: [0, 2, 3, 5, 6, 8, 11, 14, 16, 19] <class 'flcore.clients.clientprox.clientProx'>

-------------Round number: 38-------------

Evaluate global model
Averaged Train Loss: 2.0416
Averaged Test Accurancy: 0.3038
Averaged Test AUC: 0.7734
Std Test Accurancy: 0.2315
Std Test AUC: 0.1225
*************************** 2.server FedProx select_clients ***************************

INFO:----------fix client id is :group is 39 select id list is: [1, 5, 6, 9, 10, 11, 13, 14, 18, 19] <class 'flcore.clients.clientprox.clientProx'>

-------------Round number: 39-------------

Evaluate global model
Averaged Train Loss: 2.0544
Averaged Test Accurancy: 0.3230
Averaged Test AUC: 0.7651
Std Test Accurancy: 0.2394
Std Test AUC: 0.1418
*************************** 2.server FedProx select_clients ***************************

INFO:----------fix client id is :group is 40 select id list is: [2, 3, 4, 6, 7, 11, 12, 13, 15, 16] <class 'flcore.clients.clientprox.clientProx'>

-------------Round number: 40-------------

Evaluate global model
Averaged Train Loss: 2.0764
Averaged Test Accurancy: 0.2614
Averaged Test AUC: 0.7784
Std Test Accurancy: 0.2512
Std Test AUC: 0.1083
*************************** 2.server FedProx select_clients ***************************

INFO:----------fix client id is :group is 41 select id list is: [3, 5, 6, 7, 8, 11, 13, 14, 16, 19] <class 'flcore.clients.clientprox.clientProx'>

-------------Round number: 41-------------

Evaluate global model
Averaged Train Loss: 1.9398
Averaged Test Accurancy: 0.3176
Averaged Test AUC: 0.7875
Std Test Accurancy: 0.2215
Std Test AUC: 0.1055
*************************** 2.server FedProx select_clients ***************************

INFO:----------fix client id is :group is 42 select id list is: [2, 3, 5, 6, 7, 11, 14, 15, 16, 17] <class 'flcore.clients.clientprox.clientProx'>

-------------Round number: 42-------------

Evaluate global model
Averaged Train Loss: 1.9254
Averaged Test Accurancy: 0.3366
Averaged Test AUC: 0.7851
Std Test Accurancy: 0.2565
Std Test AUC: 0.1245
*************************** 2.server FedProx select_clients ***************************

INFO:----------fix client id is :group is 43 select id list is: [1, 4, 5, 6, 7, 8, 10, 13, 16, 18] <class 'flcore.clients.clientprox.clientProx'>

-------------Round number: 43-------------

Evaluate global model
Averaged Train Loss: 2.0762
Averaged Test Accurancy: 0.3216
Averaged Test AUC: 0.7650
Std Test Accurancy: 0.2751
Std Test AUC: 0.1489
*************************** 2.server FedProx select_clients ***************************

INFO:----------fix client id is :group is 44 select id list is: [1, 2, 3, 6, 9, 10, 11, 15, 17, 18] <class 'flcore.clients.clientprox.clientProx'>

-------------Round number: 44-------------

Evaluate global model
Averaged Train Loss: 2.0459
Averaged Test Accurancy: 0.2748
Averaged Test AUC: 0.7809
Std Test Accurancy: 0.2542
Std Test AUC: 0.1100
*************************** 2.server FedProx select_clients ***************************

INFO:----------fix client id is :group is 45 select id list is: [2, 6, 8, 9, 10, 14, 16, 17, 18, 19] <class 'flcore.clients.clientprox.clientProx'>

-------------Round number: 45-------------

Evaluate global model
Averaged Train Loss: 1.8075
Averaged Test Accurancy: 0.3628
Averaged Test AUC: 0.8053
Std Test Accurancy: 0.2440
Std Test AUC: 0.1123
*************************** 2.server FedProx select_clients ***************************

INFO:----------fix client id is :group is 46 select id list is: [0, 1, 2, 3, 11, 13, 14, 16, 18, 19] <class 'flcore.clients.clientprox.clientProx'>

-------------Round number: 46-------------

Evaluate global model
Averaged Train Loss: 1.8172
Averaged Test Accurancy: 0.3296
Averaged Test AUC: 0.8091
Std Test Accurancy: 0.2480
Std Test AUC: 0.0874
*************************** 2.server FedProx select_clients ***************************

INFO:----------fix client id is :group is 47 select id list is: [1, 2, 4, 6, 7, 8, 9, 12, 13, 14] <class 'flcore.clients.clientprox.clientProx'>

-------------Round number: 47-------------

Evaluate global model
Averaged Train Loss: 1.7368
Averaged Test Accurancy: 0.3556
Averaged Test AUC: 0.8149
Std Test Accurancy: 0.1899
Std Test AUC: 0.0758
*************************** 2.server FedProx select_clients ***************************

INFO:----------fix client id is :group is 48 select id list is: [0, 3, 4, 7, 8, 10, 11, 16, 17, 18] <class 'flcore.clients.clientprox.clientProx'>

-------------Round number: 48-------------

Evaluate global model
Averaged Train Loss: 1.9651
Averaged Test Accurancy: 0.3047
Averaged Test AUC: 0.7883
Std Test Accurancy: 0.2054
Std Test AUC: 0.0922
*************************** 2.server FedProx select_clients ***************************

INFO:----------fix client id is :group is 49 select id list is: [2, 3, 4, 5, 7, 12, 13, 15, 18, 19] <class 'flcore.clients.clientprox.clientProx'>

-------------Round number: 49-------------

Evaluate global model
Averaged Train Loss: 1.6546
Averaged Test Accurancy: 0.3757
Averaged Test AUC: 0.8244
Std Test Accurancy: 0.2301
Std Test AUC: 0.0770
*************************** 2.server FedProx select_clients ***************************

INFO:----------fix client id is :group is 50 select id list is: [2, 3, 4, 5, 7, 9, 11, 12, 13, 17] <class 'flcore.clients.clientprox.clientProx'>

-------------Round number: 50-------------

Evaluate global model
Averaged Train Loss: 1.6687
Averaged Test Accurancy: 0.3905
Averaged Test AUC: 0.8191
Std Test Accurancy: 0.1726
Std Test AUC: 0.1076
*************************** 2.server FedProx select_clients ***************************

INFO:----------fix client id is :group is 51 select id list is: [3, 4, 5, 8, 10, 11, 13, 15, 16, 18] <class 'flcore.clients.clientprox.clientProx'>

-------------Round number: 51-------------

Evaluate global model
Averaged Train Loss: 1.8757
Averaged Test Accurancy: 0.3400
Averaged Test AUC: 0.7928
Std Test Accurancy: 0.2401
Std Test AUC: 0.1318
*************************** 2.server FedProx select_clients ***************************

INFO:----------fix client id is :group is 52 select id list is: [0, 5, 9, 10, 11, 13, 14, 15, 17, 18] <class 'flcore.clients.clientprox.clientProx'>

-------------Round number: 52-------------

Evaluate global model
Averaged Train Loss: 1.7675
Averaged Test Accurancy: 0.3539
Averaged Test AUC: 0.8111
Std Test Accurancy: 0.2107
Std Test AUC: 0.1053
*************************** 2.server FedProx select_clients ***************************

INFO:----------fix client id is :group is 53 select id list is: [1, 2, 4, 6, 10, 12, 15, 17, 18, 19] <class 'flcore.clients.clientprox.clientProx'>

-------------Round number: 53-------------

Evaluate global model
Averaged Train Loss: 1.8395
Averaged Test Accurancy: 0.3422
Averaged Test AUC: 0.8131
Std Test Accurancy: 0.2417
Std Test AUC: 0.0961
*************************** 2.server FedProx select_clients ***************************

INFO:----------fix client id is :group is 54 select id list is: [2, 3, 4, 5, 7, 12, 13, 14, 15, 19] <class 'flcore.clients.clientprox.clientProx'>

-------------Round number: 54-------------

Evaluate global model
Averaged Train Loss: 1.6093
Averaged Test Accurancy: 0.4187
Averaged Test AUC: 0.8254
Std Test Accurancy: 0.1608
Std Test AUC: 0.0939
*************************** 2.server FedProx select_clients ***************************

INFO:----------fix client id is :group is 55 select id list is: [0, 2, 5, 6, 8, 11, 12, 13, 16, 18] <class 'flcore.clients.clientprox.clientProx'>

-------------Round number: 55-------------

Evaluate global model
Averaged Train Loss: 1.6433
Averaged Test Accurancy: 0.3861
Averaged Test AUC: 0.8245
Std Test Accurancy: 0.1884
Std Test AUC: 0.0806
*************************** 2.server FedProx select_clients ***************************

INFO:----------fix client id is :group is 56 select id list is: [0, 4, 6, 7, 8, 9, 12, 15, 17, 18] <class 'flcore.clients.clientprox.clientProx'>

-------------Round number: 56-------------

Evaluate global model
Averaged Train Loss: 2.0400
Averaged Test Accurancy: 0.2797
Averaged Test AUC: 0.7859
Std Test Accurancy: 0.2502
Std Test AUC: 0.1165
*************************** 2.server FedProx select_clients ***************************

INFO:----------fix client id is :group is 57 select id list is: [1, 2, 3, 4, 5, 6, 9, 14, 17, 18] <class 'flcore.clients.clientprox.clientProx'>

-------------Round number: 57-------------

Evaluate global model
Averaged Train Loss: 1.6196
Averaged Test Accurancy: 0.3863
Averaged Test AUC: 0.8322
Std Test Accurancy: 0.2148
Std Test AUC: 0.0796
*************************** 2.server FedProx select_clients ***************************

INFO:----------fix client id is :group is 58 select id list is: [2, 3, 5, 7, 10, 11, 12, 14, 15, 18] <class 'flcore.clients.clientprox.clientProx'>

-------------Round number: 58-------------

Evaluate global model
Averaged Train Loss: 1.8467
Averaged Test Accurancy: 0.3228
Averaged Test AUC: 0.8129
Std Test Accurancy: 0.2312
Std Test AUC: 0.0844
*************************** 2.server FedProx select_clients ***************************

INFO:----------fix client id is :group is 59 select id list is: [4, 6, 7, 9, 11, 13, 16, 17, 18, 19] <class 'flcore.clients.clientprox.clientProx'>

-------------Round number: 59-------------

Evaluate global model
Averaged Train Loss: 1.5940
Averaged Test Accurancy: 0.4114
Averaged Test AUC: 0.8345
Std Test Accurancy: 0.1948
Std Test AUC: 0.0801
*************************** 2.server FedProx select_clients ***************************

INFO:----------fix client id is :group is 60 select id list is: [1, 2, 5, 6, 8, 9, 12, 14, 15, 17] <class 'flcore.clients.clientprox.clientProx'>

-------------Round number: 60-------------

Evaluate global model
Averaged Train Loss: 1.7391
Averaged Test Accurancy: 0.3502
Averaged Test AUC: 0.8176
Std Test Accurancy: 0.2400
Std Test AUC: 0.0986
*************************** 2.server FedProx select_clients ***************************

INFO:----------fix client id is :group is 61 select id list is: [0, 1, 2, 4, 9, 14, 15, 16, 17, 19] <class 'flcore.clients.clientprox.clientProx'>

-------------Round number: 61-------------

Evaluate global model
Averaged Train Loss: 1.7522
Averaged Test Accurancy: 0.3589
Averaged Test AUC: 0.8221
Std Test Accurancy: 0.2406
Std Test AUC: 0.0795
*************************** 2.server FedProx select_clients ***************************

INFO:----------fix client id is :group is 62 select id list is: [4, 5, 6, 7, 9, 11, 12, 14, 17, 18] <class 'flcore.clients.clientprox.clientProx'>

-------------Round number: 62-------------

Evaluate global model
Averaged Train Loss: 1.8027
Averaged Test Accurancy: 0.3397
Averaged Test AUC: 0.8098
Std Test Accurancy: 0.2231
Std Test AUC: 0.0831
*************************** 2.server FedProx select_clients ***************************

INFO:----------fix client id is :group is 63 select id list is: [0, 1, 3, 5, 8, 9, 10, 12, 16, 18] <class 'flcore.clients.clientprox.clientProx'>

-------------Round number: 63-------------

Evaluate global model
Averaged Train Loss: 1.7610
Averaged Test Accurancy: 0.3286
Averaged Test AUC: 0.8193
Std Test Accurancy: 0.2414
Std Test AUC: 0.0776
*************************** 2.server FedProx select_clients ***************************

INFO:----------fix client id is :group is 64 select id list is: [1, 3, 4, 6, 10, 12, 13, 15, 16, 19] <class 'flcore.clients.clientprox.clientProx'>

-------------Round number: 64-------------

Evaluate global model
Averaged Train Loss: 2.0094
Averaged Test Accurancy: 0.2813
Averaged Test AUC: 0.7934
Std Test Accurancy: 0.2609
Std Test AUC: 0.1086
*************************** 2.server FedProx select_clients ***************************

INFO:----------fix client id is :group is 65 select id list is: [3, 5, 7, 9, 10, 11, 13, 15, 17, 19] <class 'flcore.clients.clientprox.clientProx'>

-------------Round number: 65-------------

Evaluate global model
Averaged Train Loss: 1.7934
Averaged Test Accurancy: 0.3507
Averaged Test AUC: 0.8058
Std Test Accurancy: 0.1736
Std Test AUC: 0.0924
*************************** 2.server FedProx select_clients ***************************

INFO:----------fix client id is :group is 66 select id list is: [1, 2, 4, 5, 6, 7, 9, 16, 18, 19] <class 'flcore.clients.clientprox.clientProx'>

-------------Round number: 66-------------

Evaluate global model
Averaged Train Loss: 1.7888
Averaged Test Accurancy: 0.3503
Averaged Test AUC: 0.8136
Std Test Accurancy: 0.2695
Std Test AUC: 0.1014
*************************** 2.server FedProx select_clients ***************************

INFO:----------fix client id is :group is 67 select id list is: [0, 2, 5, 7, 8, 11, 12, 15, 16, 19] <class 'flcore.clients.clientprox.clientProx'>

-------------Round number: 67-------------

Evaluate global model
Averaged Train Loss: 2.0801
Averaged Test Accurancy: 0.2774
Averaged Test AUC: 0.7831
Std Test Accurancy: 0.2687
Std Test AUC: 0.1249
*************************** 2.server FedProx select_clients ***************************

INFO:----------fix client id is :group is 68 select id list is: [0, 2, 4, 6, 10, 11, 13, 14, 16, 17] <class 'flcore.clients.clientprox.clientProx'>

-------------Round number: 68-------------

Evaluate global model
Averaged Train Loss: 1.8112
Averaged Test Accurancy: 0.3490
Averaged Test AUC: 0.8168
Std Test Accurancy: 0.2306
Std Test AUC: 0.0917
*************************** 2.server FedProx select_clients ***************************

INFO:----------fix client id is :group is 69 select id list is: [1, 3, 4, 6, 7, 8, 10, 17, 18, 19] <class 'flcore.clients.clientprox.clientProx'>

-------------Round number: 69-------------

Evaluate global model
Averaged Train Loss: 1.9518
Averaged Test Accurancy: 0.3206
Averaged Test AUC: 0.7939
Std Test Accurancy: 0.2286
Std Test AUC: 0.1037
*************************** 2.server FedProx select_clients ***************************

INFO:----------fix client id is :group is 70 select id list is: [2, 3, 8, 9, 13, 14, 15, 16, 17, 18] <class 'flcore.clients.clientprox.clientProx'>

-------------Round number: 70-------------

Evaluate global model
Averaged Train Loss: 1.5462
Averaged Test Accurancy: 0.4163
Averaged Test AUC: 0.8441
Std Test Accurancy: 0.1773
Std Test AUC: 0.0536
*************************** 2.server FedProx select_clients ***************************

INFO:----------fix client id is :group is 71 select id list is: [3, 4, 5, 7, 11, 13, 14, 15, 17, 18] <class 'flcore.clients.clientprox.clientProx'>

-------------Round number: 71-------------

Evaluate global model
Averaged Train Loss: 1.7068
Averaged Test Accurancy: 0.3825
Averaged Test AUC: 0.8285
Std Test Accurancy: 0.2424
Std Test AUC: 0.0921
*************************** 2.server FedProx select_clients ***************************

INFO:----------fix client id is :group is 72 select id list is: [2, 5, 6, 7, 8, 9, 12, 16, 17, 18] <class 'flcore.clients.clientprox.clientProx'>

-------------Round number: 72-------------

Evaluate global model
Averaged Train Loss: 1.6888
Averaged Test Accurancy: 0.4151
Averaged Test AUC: 0.8270
Std Test Accurancy: 0.2241
Std Test AUC: 0.0980
*************************** 2.server FedProx select_clients ***************************

INFO:----------fix client id is :group is 73 select id list is: [0, 3, 5, 6, 9, 10, 12, 13, 14, 15] <class 'flcore.clients.clientprox.clientProx'>

-------------Round number: 73-------------

Evaluate global model
Averaged Train Loss: 2.0270
Averaged Test Accurancy: 0.2976
Averaged Test AUC: 0.8014
Std Test Accurancy: 0.2660
Std Test AUC: 0.1031
*************************** 2.server FedProx select_clients ***************************

INFO:----------fix client id is :group is 74 select id list is: [1, 5, 6, 8, 11, 12, 13, 14, 15, 18] <class 'flcore.clients.clientprox.clientProx'>

-------------Round number: 74-------------

Evaluate global model
Averaged Train Loss: 1.8105
Averaged Test Accurancy: 0.3422
Averaged Test AUC: 0.8180
Std Test Accurancy: 0.2409
Std Test AUC: 0.0884
*************************** 2.server FedProx select_clients ***************************

INFO:----------fix client id is :group is 75 select id list is: [1, 2, 5, 6, 8, 9, 11, 13, 17, 19] <class 'flcore.clients.clientprox.clientProx'>

-------------Round number: 75-------------

Evaluate global model
Averaged Train Loss: 1.5482
Averaged Test Accurancy: 0.4238
Averaged Test AUC: 0.8431
Std Test Accurancy: 0.1767
Std Test AUC: 0.0730
*************************** 2.server FedProx select_clients ***************************

INFO:----------fix client id is :group is 76 select id list is: [0, 1, 2, 4, 5, 10, 12, 14, 15, 19] <class 'flcore.clients.clientprox.clientProx'>

-------------Round number: 76-------------

Evaluate global model
Averaged Train Loss: 1.9362
Averaged Test Accurancy: 0.3492
Averaged Test AUC: 0.8129
Std Test Accurancy: 0.2346
Std Test AUC: 0.0963
*************************** 2.server FedProx select_clients ***************************

INFO:----------fix client id is :group is 77 select id list is: [0, 1, 2, 6, 7, 9, 13, 14, 16, 19] <class 'flcore.clients.clientprox.clientProx'>

-------------Round number: 77-------------

Evaluate global model
Averaged Train Loss: 1.6271
Averaged Test Accurancy: 0.3991
Averaged Test AUC: 0.8260
Std Test Accurancy: 0.1659
Std Test AUC: 0.0763
*************************** 2.server FedProx select_clients ***************************

INFO:----------fix client id is :group is 78 select id list is: [0, 2, 3, 5, 7, 8, 9, 12, 18, 19] <class 'flcore.clients.clientprox.clientProx'>

-------------Round number: 78-------------

Evaluate global model
Averaged Train Loss: 2.2920
Averaged Test Accurancy: 0.2626
Averaged Test AUC: 0.7837
Std Test Accurancy: 0.2154
Std Test AUC: 0.1012
*************************** 2.server FedProx select_clients ***************************

INFO:----------fix client id is :group is 79 select id list is: [0, 2, 4, 5, 6, 9, 10, 13, 15, 17] <class 'flcore.clients.clientprox.clientProx'>

-------------Round number: 79-------------

Evaluate global model
Averaged Train Loss: 1.8842
Averaged Test Accurancy: 0.3424
Averaged Test AUC: 0.8086
Std Test Accurancy: 0.2278
Std Test AUC: 0.1043
*************************** 2.server FedProx select_clients ***************************

INFO:----------fix client id is :group is 80 select id list is: [3, 4, 5, 7, 9, 11, 12, 14, 18, 19] <class 'flcore.clients.clientprox.clientProx'>

-------------Round number: 80-------------

Evaluate global model
Averaged Train Loss: 1.9358
Averaged Test Accurancy: 0.3287
Averaged Test AUC: 0.8088
Std Test Accurancy: 0.2452
Std Test AUC: 0.1005
*************************** 2.server FedProx select_clients ***************************

INFO:----------fix client id is :group is 81 select id list is: [2, 3, 5, 10, 12, 15, 16, 17, 18, 19] <class 'flcore.clients.clientprox.clientProx'>

-------------Round number: 81-------------

Evaluate global model
Averaged Train Loss: 1.6557
Averaged Test Accurancy: 0.3689
Averaged Test AUC: 0.8329
Std Test Accurancy: 0.2124
Std Test AUC: 0.0737
*************************** 2.server FedProx select_clients ***************************

INFO:----------fix client id is :group is 82 select id list is: [2, 4, 5, 8, 11, 13, 14, 15, 16, 19] <class 'flcore.clients.clientprox.clientProx'>

-------------Round number: 82-------------

Evaluate global model
Averaged Train Loss: 1.6922
Averaged Test Accurancy: 0.3831
Averaged Test AUC: 0.8262
Std Test Accurancy: 0.1985
Std Test AUC: 0.1067
*************************** 2.server FedProx select_clients ***************************

INFO:----------fix client id is :group is 83 select id list is: [0, 7, 8, 10, 11, 12, 14, 15, 16, 18] <class 'flcore.clients.clientprox.clientProx'>

-------------Round number: 83-------------

Evaluate global model
Averaged Train Loss: 1.6285
Averaged Test Accurancy: 0.3972
Averaged Test AUC: 0.8340
Std Test Accurancy: 0.2076
Std Test AUC: 0.0717
*************************** 2.server FedProx select_clients ***************************

INFO:----------fix client id is :group is 84 select id list is: [0, 2, 6, 9, 10, 11, 12, 14, 18, 19] <class 'flcore.clients.clientprox.clientProx'>

-------------Round number: 84-------------

Evaluate global model
Averaged Train Loss: 1.5977
Averaged Test Accurancy: 0.4111
Averaged Test AUC: 0.8451
Std Test Accurancy: 0.1988
Std Test AUC: 0.0702
*************************** 2.server FedProx select_clients ***************************

INFO:----------fix client id is :group is 85 select id list is: [0, 1, 6, 8, 12, 13, 14, 15, 16, 18] <class 'flcore.clients.clientprox.clientProx'>

-------------Round number: 85-------------

Evaluate global model
Averaged Train Loss: 1.8230
Averaged Test Accurancy: 0.3757
Averaged Test AUC: 0.8095
Std Test Accurancy: 0.2025
Std Test AUC: 0.1097
*************************** 2.server FedProx select_clients ***************************

INFO:----------fix client id is :group is 86 select id list is: [0, 1, 3, 4, 6, 10, 12, 15, 16, 17] <class 'flcore.clients.clientprox.clientProx'>

-------------Round number: 86-------------

Evaluate global model
Averaged Train Loss: 1.5735
Averaged Test Accurancy: 0.4195
Averaged Test AUC: 0.8447
Std Test Accurancy: 0.1692
Std Test AUC: 0.0649
*************************** 2.server FedProx select_clients ***************************

INFO:----------fix client id is :group is 87 select id list is: [0, 1, 4, 6, 9, 11, 13, 15, 17, 18] <class 'flcore.clients.clientprox.clientProx'>

-------------Round number: 87-------------

Evaluate global model
Averaged Train Loss: 1.6498
Averaged Test Accurancy: 0.3932
Averaged Test AUC: 0.8304
Std Test Accurancy: 0.1800
Std Test AUC: 0.0722
*************************** 2.server FedProx select_clients ***************************

INFO:----------fix client id is :group is 88 select id list is: [0, 2, 3, 6, 8, 12, 14, 15, 16, 18] <class 'flcore.clients.clientprox.clientProx'>

-------------Round number: 88-------------

Evaluate global model
Averaged Train Loss: 1.5837
Averaged Test Accurancy: 0.4238
Averaged Test AUC: 0.8402
Std Test Accurancy: 0.1936
Std Test AUC: 0.0808
*************************** 2.server FedProx select_clients ***************************

INFO:----------fix client id is :group is 89 select id list is: [0, 1, 3, 5, 6, 9, 11, 12, 16, 18] <class 'flcore.clients.clientprox.clientProx'>

-------------Round number: 89-------------

Evaluate global model
Averaged Train Loss: 1.5312
Averaged Test Accurancy: 0.4240
Averaged Test AUC: 0.8523
Std Test Accurancy: 0.1906
Std Test AUC: 0.0533
*************************** 2.server FedProx select_clients ***************************

INFO:----------fix client id is :group is 90 select id list is: [0, 1, 2, 4, 5, 11, 12, 14, 16, 17] <class 'flcore.clients.clientprox.clientProx'>

-------------Round number: 90-------------

Evaluate global model
Averaged Train Loss: 1.9656
Averaged Test Accurancy: 0.3067
Averaged Test AUC: 0.8066
Std Test Accurancy: 0.2568
Std Test AUC: 0.1041
*************************** 2.server FedProx select_clients ***************************

INFO:----------fix client id is :group is 91 select id list is: [0, 6, 7, 8, 9, 10, 13, 15, 17, 18] <class 'flcore.clients.clientprox.clientProx'>

-------------Round number: 91-------------

Evaluate global model
Averaged Train Loss: 1.9052
Averaged Test Accurancy: 0.3216
Averaged Test AUC: 0.8083
Std Test Accurancy: 0.2195
Std Test AUC: 0.0913
*************************** 2.server FedProx select_clients ***************************

INFO:----------fix client id is :group is 92 select id list is: [0, 2, 3, 5, 6, 9, 15, 17, 18, 19] <class 'flcore.clients.clientprox.clientProx'>

-------------Round number: 92-------------

Evaluate global model
Averaged Train Loss: 1.6909
Averaged Test Accurancy: 0.3916
Averaged Test AUC: 0.8369
Std Test Accurancy: 0.2415
Std Test AUC: 0.0822
*************************** 2.server FedProx select_clients ***************************

INFO:----------fix client id is :group is 93 select id list is: [0, 2, 3, 5, 7, 8, 10, 14, 17, 18] <class 'flcore.clients.clientprox.clientProx'>

-------------Round number: 93-------------

Evaluate global model
Averaged Train Loss: 1.8784
Averaged Test Accurancy: 0.3466
Averaged Test AUC: 0.8210
Std Test Accurancy: 0.2426
Std Test AUC: 0.0990
*************************** 2.server FedProx select_clients ***************************

INFO:----------fix client id is :group is 94 select id list is: [0, 1, 3, 7, 12, 13, 14, 16, 17, 19] <class 'flcore.clients.clientprox.clientProx'>

-------------Round number: 94-------------

Evaluate global model
Averaged Train Loss: 1.7286
Averaged Test Accurancy: 0.4003
Averaged Test AUC: 0.8293
Std Test Accurancy: 0.2375
Std Test AUC: 0.1041
*************************** 2.server FedProx select_clients ***************************

INFO:----------fix client id is :group is 95 select id list is: [0, 1, 3, 4, 5, 8, 10, 12, 15, 17] <class 'flcore.clients.clientprox.clientProx'>

-------------Round number: 95-------------

Evaluate global model
Averaged Train Loss: 1.8660
Averaged Test Accurancy: 0.3773
Averaged Test AUC: 0.8211
Std Test Accurancy: 0.2140
Std Test AUC: 0.0958
*************************** 2.server FedProx select_clients ***************************

INFO:----------fix client id is :group is 96 select id list is: [3, 4, 6, 7, 9, 10, 11, 12, 13, 15] <class 'flcore.clients.clientprox.clientProx'>

-------------Round number: 96-------------

Evaluate global model
Averaged Train Loss: 1.4607
Averaged Test Accurancy: 0.4606
Averaged Test AUC: 0.8507
Std Test Accurancy: 0.1503
Std Test AUC: 0.0570
*************************** 2.server FedProx select_clients ***************************

INFO:----------fix client id is :group is 97 select id list is: [0, 3, 5, 10, 11, 12, 14, 15, 18, 19] <class 'flcore.clients.clientprox.clientProx'>

-------------Round number: 97-------------

Evaluate global model
Averaged Train Loss: 1.5947
Averaged Test Accurancy: 0.4259
Averaged Test AUC: 0.8400
Std Test Accurancy: 0.2009
Std Test AUC: 0.0778
*************************** 2.server FedProx select_clients ***************************

INFO:----------fix client id is :group is 98 select id list is: [0, 1, 3, 7, 9, 10, 11, 14, 15, 16] <class 'flcore.clients.clientprox.clientProx'>

-------------Round number: 98-------------

Evaluate global model
Averaged Train Loss: 1.4574
Averaged Test Accurancy: 0.4673
Averaged Test AUC: 0.8569
Std Test Accurancy: 0.1613
Std Test AUC: 0.0687
*************************** 2.server FedProx select_clients ***************************

INFO:----------fix client id is :group is 99 select id list is: [2, 3, 7, 8, 10, 11, 13, 15, 16, 17] <class 'flcore.clients.clientprox.clientProx'>

-------------Round number: 99-------------

Evaluate global model
Averaged Train Loss: 1.8035
Averaged Test Accurancy: 0.3681
Averaged Test AUC: 0.8282
Std Test Accurancy: 0.2539
Std Test AUC: 0.0976
*************************** 2.server FedProx select_clients ***************************

INFO:----------fix client id is :group is 100 select id list is: [1, 5, 6, 7, 9, 11, 13, 14, 16, 17] <class 'flcore.clients.clientprox.clientProx'>

-------------Round number: 100-------------

Evaluate global model
Averaged Train Loss: 1.9245
Averaged Test Accurancy: 0.3430
Averaged Test AUC: 0.8066
Std Test Accurancy: 0.2774
Std Test AUC: 0.1210

Best accuracy.
0.46731089636787737
File path: ../results/Cifar10_FedProx_test_0.h5

Average time cost: 7227.55s.
Length:  101
std for best accurancy: 0.0
mean for best accurancy: 0.46731089636787737
All done!

Storage on cpu
-------------------------------------------------------------------------------
Total Tensors: 440800116 	Used Memory: 911.45M
-------------------------------------------------------------------------------
